Command line
python /home/lungyi/anaconda3/envs/uncmoo/bin/chemprop_train --smiles_columns smiles --data_path guacamol_benchmark/guacamol_dataset/guacamol_sample_train.csv --separate_val_path guacamol_benchmark/guacamol_dataset/guacamol_sample_valid.csv --separate_test_path guacamol_benchmark/guacamol_dataset/guacamol_sample_test.csv --dataset_type regression --num_workers 1 --target_columns similarity_Fexofenadine --save_dir chemprop_unc/save_models/guacamol/similarity_Fexofenadine/trial_24 --warmup_epochs 2 --epochs 40 --max_lr 3e-3 --init_lr 1e-4 --batch_size 64 --final_lr 1e-5 --dropout 0 --hidden_size 300 --ffn_num_layers 2 --save_preds --aggregation sum --activation PReLU --gpu 0 --loss_function evidential --evidential_regularization 0.005
Args
{'activation': 'PReLU',
 'adding_h': False,
 'aggregation': 'sum',
 'aggregation_norm': 100,
 'atom_descriptor_scaling': True,
 'atom_descriptors': None,
 'atom_descriptors_path': None,
 'atom_descriptors_size': 0,
 'atom_features_size': 0,
 'atom_messages': False,
 'batch_size': 64,
 'bias': False,
 'bias_solvent': False,
 'bond_feature_scaling': True,
 'bond_features_path': None,
 'bond_features_size': 0,
 'cache_cutoff': 10000,
 'checkpoint_dir': None,
 'checkpoint_frzn': None,
 'checkpoint_path': None,
 'checkpoint_paths': None,
 'class_balance': False,
 'config_path': None,
 'crossval_index_dir': None,
 'crossval_index_file': None,
 'crossval_index_sets': None,
 'cuda': True,
 'data_path': 'guacamol_benchmark/guacamol_dataset/guacamol_sample_train.csv',
 'data_weights_path': None,
 'dataset_type': 'regression',
 'depth': 3,
 'depth_solvent': 3,
 'device': device(type='cuda', index=0),
 'dropout': 0.0,
 'empty_cache': False,
 'ensemble_size': 1,
 'epochs': 40,
 'evidential_regularization': 0.005,
 'explicit_h': False,
 'extra_metrics': [],
 'features_generator': None,
 'features_only': False,
 'features_path': None,
 'features_scaling': True,
 'features_size': None,
 'ffn_hidden_size': 300,
 'ffn_num_layers': 2,
 'final_lr': 1e-05,
 'folds_file': None,
 'freeze_first_only': False,
 'frzn_ffn_layers': 0,
 'gpu': 0,
 'grad_clip': None,
 'hidden_size': 300,
 'hidden_size_solvent': 300,
 'ignore_columns': None,
 'init_lr': 0.0001,
 'log_frequency': 10,
 'loss_function': 'evidential',
 'max_data_size': None,
 'max_lr': 0.003,
 'metric': 'rmse',
 'metrics': ['rmse'],
 'minimize_score': True,
 'mpn_shared': False,
 'multiclass_num_classes': 3,
 'no_atom_descriptor_scaling': False,
 'no_bond_features_scaling': False,
 'no_cache_mol': False,
 'no_cuda': False,
 'no_features_scaling': False,
 'num_folds': 1,
 'num_lrs': 1,
 'num_tasks': 1,
 'num_workers': 1,
 'number_of_molecules': 1,
 'overwrite_default_atom_features': False,
 'overwrite_default_bond_features': False,
 'phase_features_path': None,
 'pytorch_seed': 0,
 'quiet': False,
 'reaction': False,
 'reaction_mode': 'reac_diff',
 'reaction_solvent': False,
 'resume_experiment': False,
 'save_dir': 'chemprop_unc/save_models/guacamol/similarity_Fexofenadine/trial_24',
 'save_preds': True,
 'save_smiles_splits': False,
 'seed': 0,
 'separate_test_atom_descriptors_path': None,
 'separate_test_bond_features_path': None,
 'separate_test_features_path': None,
 'separate_test_path': 'guacamol_benchmark/guacamol_dataset/guacamol_sample_test.csv',
 'separate_test_phase_features_path': None,
 'separate_val_atom_descriptors_path': None,
 'separate_val_bond_features_path': None,
 'separate_val_features_path': None,
 'separate_val_path': 'guacamol_benchmark/guacamol_dataset/guacamol_sample_valid.csv',
 'separate_val_phase_features_path': None,
 'show_individual_scores': False,
 'smiles_columns': ['smiles'],
 'spectra_activation': 'exp',
 'spectra_phase_mask_path': None,
 'spectra_target_floor': 1e-08,
 'split_key_molecule': 0,
 'split_sizes': [1.0, 0.0, 0.0],
 'split_type': 'random',
 'target_columns': ['similarity_Fexofenadine'],
 'target_weights': None,
 'task_names': ['similarity_Fexofenadine'],
 'test': False,
 'test_fold_index': None,
 'train_data_size': None,
 'undirected': False,
 'use_input_features': False,
 'val_fold_index': None,
 'warmup_epochs': 2.0}
Setting molecule featurization parameters to default.
Loading data
Number of tasks = 1
Fold 0
Splitting data with seed 0
Total size = 10,000 | train size = 10,000 | val size = 2,000 | test size = 10,000
Fitting scaler
Building model 0
MoleculeModel(
  (softplus): Softplus(beta=1, threshold=20)
  (encoder): MPN(
    (encoder): ModuleList(
      (0): MPNEncoder(
        (dropout_layer): Dropout(p=0.0, inplace=False)
        (act_func): PReLU(num_parameters=1)
        (W_i): Linear(in_features=147, out_features=300, bias=False)
        (W_h): Linear(in_features=300, out_features=300, bias=False)
        (W_o): Linear(in_features=433, out_features=300, bias=True)
      )
    )
  )
  (ffn): Sequential(
    (0): Dropout(p=0.0, inplace=False)
    (1): Linear(in_features=300, out_features=300, bias=True)
    (2): PReLU(num_parameters=1)
    (3): Dropout(p=0.0, inplace=False)
    (4): Linear(in_features=300, out_features=4, bias=True)
  )
)
Number of parameters = 356,106
Moving model to cuda
Epoch 0
Loss = 1.3201e+01, PNorm = 34.0501, GNorm = 86.9130, lr_0 = 2.0224e-04
Loss = 3.8938e+00, PNorm = 34.0533, GNorm = 65.7223, lr_0 = 2.9519e-04
Loss = 3.6944e+00, PNorm = 34.0528, GNorm = 38.0990, lr_0 = 3.8814e-04
Loss = 3.2719e+00, PNorm = 34.0531, GNorm = 35.5155, lr_0 = 4.8109e-04
Loss = 3.0549e+00, PNorm = 34.0534, GNorm = 24.9319, lr_0 = 5.7404e-04
Loss = 2.8436e+00, PNorm = 34.0546, GNorm = 8.7127, lr_0 = 6.6699e-04
Loss = 2.3636e+00, PNorm = 34.0603, GNorm = 45.4289, lr_0 = 7.5994e-04
Loss = 5.6413e+00, PNorm = 34.0649, GNorm = 61.8637, lr_0 = 8.5288e-04
Loss = 3.9921e+00, PNorm = 34.0756, GNorm = 37.4683, lr_0 = 9.4583e-04
Loss = 3.2609e+00, PNorm = 34.0833, GNorm = 16.9208, lr_0 = 1.0388e-03
Loss = 3.0430e+00, PNorm = 34.0902, GNorm = 9.4113, lr_0 = 1.1317e-03
Loss = 2.7982e+00, PNorm = 34.0987, GNorm = 22.2426, lr_0 = 1.2247e-03
Loss = 2.7603e+00, PNorm = 34.1075, GNorm = 97.7203, lr_0 = 1.3176e-03
Loss = 2.9137e+00, PNorm = 34.1101, GNorm = 20.6692, lr_0 = 1.4106e-03
Loss = 2.8875e+00, PNorm = 34.1227, GNorm = 14.5612, lr_0 = 1.5035e-03
Validation rmse = 0.046359
Epoch 1
Loss = 2.5477e+00, PNorm = 34.1581, GNorm = 6.0326, lr_0 = 1.6058e-03
Loss = 3.7536e+00, PNorm = 34.2024, GNorm = 48.0176, lr_0 = 1.6987e-03
Loss = 4.5025e+00, PNorm = 34.3211, GNorm = 20.4858, lr_0 = 1.7917e-03
Loss = 3.2418e+00, PNorm = 34.4061, GNorm = 26.1566, lr_0 = 1.8846e-03
Loss = 2.8229e+00, PNorm = 34.4773, GNorm = 24.0645, lr_0 = 1.9776e-03
Loss = 3.9158e+00, PNorm = 34.5375, GNorm = 28.8737, lr_0 = 2.0705e-03
Loss = 3.1563e+00, PNorm = 34.6250, GNorm = 7.4163, lr_0 = 2.1635e-03
Loss = 2.9779e+00, PNorm = 34.6776, GNorm = 14.2841, lr_0 = 2.2564e-03
Loss = 2.7720e+00, PNorm = 34.7151, GNorm = 4.0201, lr_0 = 2.3494e-03
Loss = 4.9769e+00, PNorm = 34.7676, GNorm = 21.7396, lr_0 = 2.4423e-03
Loss = 3.4953e+00, PNorm = 35.0249, GNorm = 32.6898, lr_0 = 2.5353e-03
Loss = 3.4446e+00, PNorm = 35.2346, GNorm = 20.0541, lr_0 = 2.6282e-03
Loss = 2.9068e+00, PNorm = 35.3510, GNorm = 4.1886, lr_0 = 2.7212e-03
Loss = 3.0614e+00, PNorm = 35.4881, GNorm = 13.8556, lr_0 = 2.8141e-03
Loss = 2.8098e+00, PNorm = 35.5837, GNorm = 9.7488, lr_0 = 2.9071e-03
Loss = 2.5781e+00, PNorm = 35.6706, GNorm = 25.4894, lr_0 = 3.0000e-03
Validation rmse = 0.224475
Epoch 2
Loss = 2.8682e+00, PNorm = 35.7709, GNorm = 3.3639, lr_0 = 2.9684e-03
Loss = 2.8464e+00, PNorm = 35.8513, GNorm = 6.9828, lr_0 = 2.9400e-03
Loss = 7.4503e+00, PNorm = 36.1415, GNorm = 57.3306, lr_0 = 2.9118e-03
Loss = 3.9271e+00, PNorm = 36.5466, GNorm = 100.5140, lr_0 = 2.8840e-03
Loss = 4.0106e+00, PNorm = 36.7317, GNorm = 47.4146, lr_0 = 2.8563e-03
Loss = 3.9305e+00, PNorm = 36.8063, GNorm = 33.1734, lr_0 = 2.8290e-03
Loss = 3.6994e+00, PNorm = 36.8325, GNorm = 17.3635, lr_0 = 2.8019e-03
Loss = 3.4178e+00, PNorm = 36.8521, GNorm = 28.4103, lr_0 = 2.7751e-03
Loss = 3.1606e+00, PNorm = 36.8886, GNorm = 10.1111, lr_0 = 2.7485e-03
Loss = 4.3664e+00, PNorm = 36.9380, GNorm = 52.2368, lr_0 = 2.7222e-03
Loss = 5.0490e+00, PNorm = 37.0169, GNorm = 5.1974, lr_0 = 2.6961e-03
Loss = 3.5864e+00, PNorm = 37.0631, GNorm = 14.2186, lr_0 = 2.6703e-03
Loss = 3.0863e+00, PNorm = 37.0988, GNorm = 7.7401, lr_0 = 2.6447e-03
Loss = 2.3678e+00, PNorm = 37.1491, GNorm = 188.0676, lr_0 = 2.6194e-03
Loss = 1.4836e+00, PNorm = 37.1674, GNorm = 13.9668, lr_0 = 2.5943e-03
Validation rmse = 0.046909
Epoch 3
Loss = 1.2038e+00, PNorm = 37.1723, GNorm = 41.2468, lr_0 = 2.5670e-03
Loss = 1.1172e+00, PNorm = 37.1878, GNorm = 104.8411, lr_0 = 2.5424e-03
Loss = 9.5835e-01, PNorm = 37.2061, GNorm = 24.5141, lr_0 = 2.5181e-03
Loss = 1.0177e+00, PNorm = 37.2143, GNorm = 41.3498, lr_0 = 2.4940e-03
Loss = 1.0923e+00, PNorm = 37.2345, GNorm = 53.2651, lr_0 = 2.4701e-03
Loss = 7.8387e-01, PNorm = 37.2393, GNorm = 42.9922, lr_0 = 2.4464e-03
Loss = 7.9686e-01, PNorm = 37.2514, GNorm = 65.5612, lr_0 = 2.4230e-03
Loss = 7.1188e-01, PNorm = 37.2648, GNorm = 12.3282, lr_0 = 2.3998e-03
Loss = 6.8680e-01, PNorm = 37.2768, GNorm = 24.7498, lr_0 = 2.3768e-03
Loss = 6.4139e-01, PNorm = 37.2899, GNorm = 20.5416, lr_0 = 2.3541e-03
Loss = 5.6738e-01, PNorm = 37.3061, GNorm = 18.4350, lr_0 = 2.3315e-03
Loss = 5.6868e-01, PNorm = 37.3140, GNorm = 7.9434, lr_0 = 2.3092e-03
Loss = 6.6384e-01, PNorm = 37.3268, GNorm = 34.0208, lr_0 = 2.2871e-03
Loss = 6.7181e-01, PNorm = 37.3376, GNorm = 47.4155, lr_0 = 2.2652e-03
Loss = 6.2432e-01, PNorm = 37.3472, GNorm = 23.7534, lr_0 = 2.2435e-03
Loss = 5.6819e-01, PNorm = 37.3619, GNorm = 27.9681, lr_0 = 2.2220e-03
Validation rmse = 0.039234
Epoch 4
Loss = 9.8826e-01, PNorm = 37.3698, GNorm = 8.7429, lr_0 = 2.2007e-03
Loss = 8.8320e-01, PNorm = 37.3792, GNorm = 8.2056, lr_0 = 2.1797e-03
Loss = 7.0883e-01, PNorm = 37.3964, GNorm = 11.8017, lr_0 = 2.1588e-03
Loss = 6.6898e-01, PNorm = 37.4042, GNorm = 26.2617, lr_0 = 2.1381e-03
Loss = 5.5926e-01, PNorm = 37.4085, GNorm = 51.2798, lr_0 = 2.1176e-03
Loss = 4.8951e-01, PNorm = 37.4159, GNorm = 24.1814, lr_0 = 2.0974e-03
Loss = 5.3903e-01, PNorm = 37.4227, GNorm = 10.5893, lr_0 = 2.0773e-03
Loss = 5.2901e-01, PNorm = 37.4268, GNorm = 26.1158, lr_0 = 2.0574e-03
Loss = 4.4607e-01, PNorm = 37.4322, GNorm = 17.0949, lr_0 = 2.0377e-03
Loss = 5.1410e-01, PNorm = 37.4413, GNorm = 33.4642, lr_0 = 2.0182e-03
Loss = 4.8034e-01, PNorm = 37.4464, GNorm = 9.8270, lr_0 = 1.9989e-03
Loss = 5.1408e-01, PNorm = 37.4527, GNorm = 7.2175, lr_0 = 1.9797e-03
Loss = 4.5700e-01, PNorm = 37.4598, GNorm = 35.3431, lr_0 = 1.9608e-03
Loss = 4.0210e-01, PNorm = 37.4708, GNorm = 6.1844, lr_0 = 1.9420e-03
Loss = 4.6377e-01, PNorm = 37.4789, GNorm = 17.0349, lr_0 = 1.9234e-03
Loss = 4.1338e-01, PNorm = 37.4884, GNorm = 12.2154, lr_0 = 1.9050e-03
Validation rmse = 0.024218
Epoch 5
Loss = 4.6903e-01, PNorm = 37.4999, GNorm = 17.0468, lr_0 = 1.8849e-03
Loss = 3.8760e-01, PNorm = 37.5108, GNorm = 13.6554, lr_0 = 1.8669e-03
Loss = 4.7046e-01, PNorm = 37.5172, GNorm = 69.8220, lr_0 = 1.8490e-03
Loss = 4.9195e-01, PNorm = 37.5243, GNorm = 12.4632, lr_0 = 1.8313e-03
Loss = 4.0239e-01, PNorm = 37.5297, GNorm = 41.7660, lr_0 = 1.8137e-03
Loss = 4.5015e-01, PNorm = 37.5362, GNorm = 16.2636, lr_0 = 1.7964e-03
Loss = 4.0725e-01, PNorm = 37.5465, GNorm = 7.1747, lr_0 = 1.7792e-03
Loss = 4.4390e-01, PNorm = 37.5538, GNorm = 16.1275, lr_0 = 1.7621e-03
Loss = 4.4238e-01, PNorm = 37.5612, GNorm = 17.3944, lr_0 = 1.7453e-03
Loss = 3.7723e-01, PNorm = 37.5709, GNorm = 22.0020, lr_0 = 1.7286e-03
Loss = 3.9038e-01, PNorm = 37.5765, GNorm = 15.3065, lr_0 = 1.7120e-03
Loss = 4.0096e-01, PNorm = 37.5865, GNorm = 4.1897, lr_0 = 1.6956e-03
Loss = 3.4538e-01, PNorm = 37.5912, GNorm = 12.3885, lr_0 = 1.6794e-03
Loss = 3.5623e-01, PNorm = 37.5981, GNorm = 86.7980, lr_0 = 1.6633e-03
Loss = 2.7173e-01, PNorm = 37.6042, GNorm = 17.6228, lr_0 = 1.6474e-03
Validation rmse = 0.023275
Epoch 6
Loss = 4.8668e-01, PNorm = 37.6122, GNorm = 38.5997, lr_0 = 1.6300e-03
Loss = 3.9248e-01, PNorm = 37.6226, GNorm = 38.4419, lr_0 = 1.6144e-03
Loss = 3.9287e-01, PNorm = 37.6315, GNorm = 7.4228, lr_0 = 1.5990e-03
Loss = 2.9267e-01, PNorm = 37.6398, GNorm = 23.0915, lr_0 = 1.5836e-03
Loss = 2.8226e-01, PNorm = 37.6509, GNorm = 11.1957, lr_0 = 1.5685e-03
Loss = 2.9672e-01, PNorm = 37.6605, GNorm = 12.6884, lr_0 = 1.5535e-03
Loss = 2.5503e-01, PNorm = 37.6678, GNorm = 20.2403, lr_0 = 1.5386e-03
Loss = 3.1478e-01, PNorm = 37.6747, GNorm = 12.0345, lr_0 = 1.5238e-03
Loss = 2.6709e-01, PNorm = 37.6810, GNorm = 14.5007, lr_0 = 1.5093e-03
Loss = 2.8568e-01, PNorm = 37.6889, GNorm = 21.7246, lr_0 = 1.4948e-03
Loss = 3.3373e-01, PNorm = 37.6942, GNorm = 54.7830, lr_0 = 1.4805e-03
Loss = 3.6916e-01, PNorm = 37.7019, GNorm = 18.1389, lr_0 = 1.4663e-03
Loss = 3.3393e-01, PNorm = 37.7106, GNorm = 17.9635, lr_0 = 1.4523e-03
Loss = 3.6177e-01, PNorm = 37.7176, GNorm = 38.6160, lr_0 = 1.4384e-03
Loss = 2.5967e-01, PNorm = 37.7202, GNorm = 27.7434, lr_0 = 1.4246e-03
Loss = 2.7272e-01, PNorm = 37.7278, GNorm = 22.1855, lr_0 = 1.4110e-03
Validation rmse = 0.021244
Epoch 7
Loss = 2.8189e-01, PNorm = 37.7349, GNorm = 28.8278, lr_0 = 1.3961e-03
Loss = 2.0093e-01, PNorm = 37.7384, GNorm = 26.6808, lr_0 = 1.3827e-03
Loss = 1.9461e-01, PNorm = 37.7475, GNorm = 28.6830, lr_0 = 1.3695e-03
Loss = 2.3427e-01, PNorm = 37.7562, GNorm = 20.7861, lr_0 = 1.3564e-03
Loss = 2.5623e-01, PNorm = 37.7604, GNorm = 33.9164, lr_0 = 1.3434e-03
Loss = 2.0734e-01, PNorm = 37.7690, GNorm = 66.0039, lr_0 = 1.3305e-03
Loss = 2.4206e-01, PNorm = 37.7790, GNorm = 44.9091, lr_0 = 1.3178e-03
Loss = 2.1344e-01, PNorm = 37.7889, GNorm = 33.3064, lr_0 = 1.3052e-03
Loss = 2.3548e-01, PNorm = 37.7996, GNorm = 33.7323, lr_0 = 1.2927e-03
Loss = 1.9535e-01, PNorm = 37.8076, GNorm = 6.4325, lr_0 = 1.2803e-03
Loss = 1.0536e-01, PNorm = 37.8141, GNorm = 48.2715, lr_0 = 1.2680e-03
Loss = 3.9368e-01, PNorm = 37.8195, GNorm = 14.5386, lr_0 = 1.2559e-03
Loss = 2.5260e-01, PNorm = 37.8241, GNorm = 22.9333, lr_0 = 1.2439e-03
Loss = 1.8337e-01, PNorm = 37.8295, GNorm = 23.2769, lr_0 = 1.2320e-03
Loss = 2.3263e-01, PNorm = 37.8350, GNorm = 65.1362, lr_0 = 1.2202e-03
Loss = 8.1214e-02, PNorm = 37.8407, GNorm = 41.3501, lr_0 = 1.2085e-03
Validation rmse = 0.020393
Epoch 8
Loss = 1.8991e-01, PNorm = 37.8477, GNorm = 53.2356, lr_0 = 1.1969e-03
Loss = 1.5349e-01, PNorm = 37.8511, GNorm = 27.9498, lr_0 = 1.1854e-03
Loss = 1.4709e-01, PNorm = 37.8558, GNorm = 21.1577, lr_0 = 1.1741e-03
Loss = 1.8409e-01, PNorm = 37.8640, GNorm = 45.2553, lr_0 = 1.1628e-03
Loss = 1.4598e-01, PNorm = 37.8699, GNorm = 31.2755, lr_0 = 1.1517e-03
Loss = 1.2195e-01, PNorm = 37.8743, GNorm = 62.9213, lr_0 = 1.1407e-03
Loss = 1.1598e-01, PNorm = 37.8810, GNorm = 24.5540, lr_0 = 1.1298e-03
Loss = 1.0396e-01, PNorm = 37.8890, GNorm = 25.1234, lr_0 = 1.1189e-03
Loss = 1.3537e-02, PNorm = 37.8934, GNorm = 6.1757, lr_0 = 1.1082e-03
Loss = 1.5529e-01, PNorm = 37.9001, GNorm = 37.7654, lr_0 = 1.0976e-03
Loss = 1.6709e-01, PNorm = 37.9082, GNorm = 47.9172, lr_0 = 1.0871e-03
Loss = 1.6064e-01, PNorm = 37.9155, GNorm = 49.1047, lr_0 = 1.0767e-03
Loss = 2.3149e-01, PNorm = 37.9233, GNorm = 38.7610, lr_0 = 1.0664e-03
Loss = 8.4556e-02, PNorm = 37.9277, GNorm = 16.9101, lr_0 = 1.0562e-03
Loss = 1.4418e-01, PNorm = 37.9335, GNorm = 70.8479, lr_0 = 1.0461e-03
Validation rmse = 0.018931
Epoch 9
Loss = 5.2036e-02, PNorm = 37.9405, GNorm = 26.8524, lr_0 = 1.0350e-03
Loss = 9.9971e-02, PNorm = 37.9479, GNorm = 42.9292, lr_0 = 1.0251e-03
Loss = 4.1829e-02, PNorm = 37.9540, GNorm = 31.2233, lr_0 = 1.0153e-03
Loss = 5.5361e-02, PNorm = 37.9609, GNorm = 31.4468, lr_0 = 1.0056e-03
Loss = 6.2108e-02, PNorm = 37.9663, GNorm = 49.7944, lr_0 = 9.9597e-04
Loss = 3.0718e-03, PNorm = 37.9724, GNorm = 45.3409, lr_0 = 9.8643e-04
Loss = 2.9448e-02, PNorm = 37.9768, GNorm = 23.9194, lr_0 = 9.7698e-04
Loss = 1.1818e-01, PNorm = 37.9832, GNorm = 100.5718, lr_0 = 9.6763e-04
Loss = 1.7541e-01, PNorm = 37.9868, GNorm = 22.6290, lr_0 = 9.5836e-04
Loss = 1.2622e-01, PNorm = 37.9907, GNorm = 17.2929, lr_0 = 9.4919e-04
Loss = -8.8989e-03, PNorm = 37.9977, GNorm = 28.4355, lr_0 = 9.4010e-04
Loss = 7.5065e-02, PNorm = 38.0052, GNorm = 21.1322, lr_0 = 9.3109e-04
Loss = 1.0205e-02, PNorm = 38.0093, GNorm = 56.4714, lr_0 = 9.2218e-04
Loss = -5.2770e-03, PNorm = 38.0137, GNorm = 60.0487, lr_0 = 9.1335e-04
Loss = -2.9092e-02, PNorm = 38.0202, GNorm = 34.5224, lr_0 = 9.0460e-04
Loss = 3.0579e-02, PNorm = 38.0257, GNorm = 51.4199, lr_0 = 8.9594e-04
Validation rmse = 0.020082
Epoch 10
Loss = 1.3480e-01, PNorm = 38.0271, GNorm = 37.3297, lr_0 = 8.8651e-04
Loss = -7.5165e-02, PNorm = 38.0313, GNorm = 16.6520, lr_0 = 8.7802e-04
Loss = 6.6978e-02, PNorm = 38.0379, GNorm = 21.8520, lr_0 = 8.6961e-04
Loss = 7.0973e-03, PNorm = 38.0405, GNorm = 38.6923, lr_0 = 8.6128e-04
Loss = -1.2204e-01, PNorm = 38.0446, GNorm = 26.2612, lr_0 = 8.5304e-04
Loss = -1.1315e-01, PNorm = 38.0462, GNorm = 37.5692, lr_0 = 8.4487e-04
Loss = 2.2357e-02, PNorm = 38.0520, GNorm = 43.6508, lr_0 = 8.3678e-04
Loss = 6.4995e-02, PNorm = 38.0558, GNorm = 16.9965, lr_0 = 8.2877e-04
Loss = 5.7922e-02, PNorm = 38.0577, GNorm = 58.7457, lr_0 = 8.2083e-04
Loss = 1.3601e-01, PNorm = 38.0615, GNorm = 34.0376, lr_0 = 8.1297e-04
Loss = 3.3244e-02, PNorm = 38.0648, GNorm = 35.6864, lr_0 = 8.0519e-04
Loss = 2.0560e-02, PNorm = 38.0688, GNorm = 46.4927, lr_0 = 7.9747e-04
Loss = -1.9859e-02, PNorm = 38.0737, GNorm = 39.2988, lr_0 = 7.8984e-04
Loss = 1.6204e-01, PNorm = 38.0762, GNorm = 121.5662, lr_0 = 7.8228e-04
Loss = 5.3042e-03, PNorm = 38.0791, GNorm = 11.2098, lr_0 = 7.7478e-04
Validation rmse = 0.017512
Epoch 11
Loss = -5.6961e-02, PNorm = 38.0853, GNorm = 34.5552, lr_0 = 7.6663e-04
Loss = -5.8049e-02, PNorm = 38.0901, GNorm = 30.0587, lr_0 = 7.5929e-04
Loss = -3.4152e-02, PNorm = 38.0955, GNorm = 41.9665, lr_0 = 7.5202e-04
Loss = -1.2557e-01, PNorm = 38.1007, GNorm = 49.3001, lr_0 = 7.4482e-04
Loss = -1.2401e-01, PNorm = 38.1056, GNorm = 31.7283, lr_0 = 7.3768e-04
Loss = -1.0748e-01, PNorm = 38.1107, GNorm = 25.8219, lr_0 = 7.3062e-04
Loss = -1.1650e-01, PNorm = 38.1140, GNorm = 45.3241, lr_0 = 7.2362e-04
Loss = -5.6371e-02, PNorm = 38.1180, GNorm = 23.2125, lr_0 = 7.1669e-04
Loss = -9.7716e-02, PNorm = 38.1200, GNorm = 23.0078, lr_0 = 7.0983e-04
Loss = -6.7456e-02, PNorm = 38.1229, GNorm = 18.0643, lr_0 = 7.0303e-04
Loss = -1.1467e-01, PNorm = 38.1258, GNorm = 20.1547, lr_0 = 6.9630e-04
Loss = -1.0130e-01, PNorm = 38.1292, GNorm = 17.4223, lr_0 = 6.8963e-04
Loss = -9.8020e-02, PNorm = 38.1331, GNorm = 23.6689, lr_0 = 6.8303e-04
Loss = -9.3334e-02, PNorm = 38.1354, GNorm = 32.5553, lr_0 = 6.7649e-04
Loss = -9.8379e-02, PNorm = 38.1387, GNorm = 42.1946, lr_0 = 6.7001e-04
Loss = -3.3032e-02, PNorm = 38.1423, GNorm = 56.0886, lr_0 = 6.6360e-04
Validation rmse = 0.016557
Epoch 12
Loss = -1.0174e-01, PNorm = 38.1448, GNorm = 20.3309, lr_0 = 6.5724e-04
Loss = -8.1964e-02, PNorm = 38.1469, GNorm = 22.6074, lr_0 = 6.5095e-04
Loss = 4.1112e-03, PNorm = 38.1507, GNorm = 71.4774, lr_0 = 6.4472e-04
Loss = -1.4504e-01, PNorm = 38.1530, GNorm = 15.8278, lr_0 = 6.3854e-04
Loss = -4.7849e-02, PNorm = 38.1550, GNorm = 13.8003, lr_0 = 6.3243e-04
Loss = 5.8413e-03, PNorm = 38.1574, GNorm = 89.0330, lr_0 = 6.2637e-04
Loss = -7.0827e-02, PNorm = 38.1613, GNorm = 18.1152, lr_0 = 6.2037e-04
Loss = -1.1581e-01, PNorm = 38.1653, GNorm = 23.9151, lr_0 = 6.1443e-04
Loss = -1.4731e-01, PNorm = 38.1695, GNorm = 15.2711, lr_0 = 6.0855e-04
Loss = -1.4644e-01, PNorm = 38.1712, GNorm = 32.0048, lr_0 = 6.0272e-04
Loss = -1.2148e-01, PNorm = 38.1748, GNorm = 34.4195, lr_0 = 5.9695e-04
Loss = -1.7816e-01, PNorm = 38.1776, GNorm = 49.0866, lr_0 = 5.9124e-04
Loss = -1.2764e-01, PNorm = 38.1803, GNorm = 34.6334, lr_0 = 5.8557e-04
Loss = -1.2928e-01, PNorm = 38.1840, GNorm = 41.5686, lr_0 = 5.7997e-04
Loss = -1.1069e-01, PNorm = 38.1891, GNorm = 34.6449, lr_0 = 5.7441e-04
Loss = -1.6151e-01, PNorm = 38.1927, GNorm = 37.8191, lr_0 = 5.6891e-04
Validation rmse = 0.016293
Epoch 13
Loss = -2.0444e-01, PNorm = 38.1958, GNorm = 38.4101, lr_0 = 5.6292e-04
Loss = -1.8592e-01, PNorm = 38.1988, GNorm = 45.0439, lr_0 = 5.5753e-04
Loss = -1.6603e-01, PNorm = 38.2016, GNorm = 14.8568, lr_0 = 5.5219e-04
Loss = -1.6962e-01, PNorm = 38.2054, GNorm = 22.2845, lr_0 = 5.4691e-04
Loss = -2.0513e-01, PNorm = 38.2078, GNorm = 20.2125, lr_0 = 5.4167e-04
Loss = -2.1929e-01, PNorm = 38.2095, GNorm = 27.3607, lr_0 = 5.3648e-04
Loss = -1.1808e-01, PNorm = 38.2114, GNorm = 41.5431, lr_0 = 5.3135e-04
Loss = -1.2179e-01, PNorm = 38.2145, GNorm = 43.6127, lr_0 = 5.2626e-04
Loss = -1.5257e-01, PNorm = 38.2187, GNorm = 12.0084, lr_0 = 5.2122e-04
Loss = -1.5488e-01, PNorm = 38.2234, GNorm = 19.1347, lr_0 = 5.1623e-04
Loss = -1.5194e-01, PNorm = 38.2260, GNorm = 25.9020, lr_0 = 5.1128e-04
Loss = -1.7931e-01, PNorm = 38.2281, GNorm = 20.5928, lr_0 = 5.0639e-04
Loss = -1.9640e-01, PNorm = 38.2299, GNorm = 30.5476, lr_0 = 5.0154e-04
Loss = -1.6426e-01, PNorm = 38.2319, GNorm = 36.7090, lr_0 = 4.9674e-04
Loss = -2.3589e-01, PNorm = 38.2337, GNorm = 27.9858, lr_0 = 4.9198e-04
Validation rmse = 0.015826
Epoch 14
Loss = -1.4220e-01, PNorm = 38.2367, GNorm = 16.7413, lr_0 = 4.8680e-04
Loss = -2.1290e-01, PNorm = 38.2388, GNorm = 16.9585, lr_0 = 4.8214e-04
Loss = -2.2071e-01, PNorm = 38.2421, GNorm = 16.9577, lr_0 = 4.7752e-04
Loss = -2.1737e-01, PNorm = 38.2453, GNorm = 32.2884, lr_0 = 4.7295e-04
Loss = -2.4742e-01, PNorm = 38.2490, GNorm = 29.3100, lr_0 = 4.6842e-04
Loss = -2.1460e-01, PNorm = 38.2512, GNorm = 21.4408, lr_0 = 4.6394e-04
Loss = -2.1240e-01, PNorm = 38.2536, GNorm = 22.1218, lr_0 = 4.5949e-04
Loss = -1.7822e-01, PNorm = 38.2563, GNorm = 15.3743, lr_0 = 4.5509e-04
Loss = -2.3320e-01, PNorm = 38.2595, GNorm = 36.9796, lr_0 = 4.5074e-04
Loss = -2.1040e-01, PNorm = 38.2611, GNorm = 43.8074, lr_0 = 4.4642e-04
Loss = -1.9062e-01, PNorm = 38.2639, GNorm = 29.8169, lr_0 = 4.4214e-04
Loss = -1.2599e-01, PNorm = 38.2657, GNorm = 54.7767, lr_0 = 4.3791e-04
Loss = -2.0128e-01, PNorm = 38.2680, GNorm = 32.7161, lr_0 = 4.3372e-04
Loss = -2.4171e-01, PNorm = 38.2707, GNorm = 49.1935, lr_0 = 4.2956e-04
Loss = -1.2020e-01, PNorm = 38.2742, GNorm = 39.1940, lr_0 = 4.2545e-04
Loss = -1.9725e-01, PNorm = 38.2777, GNorm = 29.9875, lr_0 = 4.2138e-04
Validation rmse = 0.015403
Epoch 15
Loss = -2.4086e-01, PNorm = 38.2816, GNorm = 47.3722, lr_0 = 4.1694e-04
Loss = -2.3725e-01, PNorm = 38.2852, GNorm = 35.2939, lr_0 = 4.1295e-04
Loss = -2.7182e-01, PNorm = 38.2884, GNorm = 20.8260, lr_0 = 4.0899e-04
Loss = -2.3813e-01, PNorm = 38.2905, GNorm = 63.3089, lr_0 = 4.0508e-04
Loss = -2.0601e-01, PNorm = 38.2924, GNorm = 46.4242, lr_0 = 4.0120e-04
Loss = -2.6319e-01, PNorm = 38.2934, GNorm = 32.6745, lr_0 = 3.9736e-04
Loss = -2.1120e-01, PNorm = 38.2966, GNorm = 7.3616, lr_0 = 3.9355e-04
Loss = -2.7849e-01, PNorm = 38.2999, GNorm = 21.6897, lr_0 = 3.8978e-04
Loss = -2.1163e-01, PNorm = 38.3029, GNorm = 19.7599, lr_0 = 3.8605e-04
Loss = -2.6348e-01, PNorm = 38.3037, GNorm = 17.3402, lr_0 = 3.8235e-04
Loss = -2.8440e-01, PNorm = 38.3054, GNorm = 32.2556, lr_0 = 3.7869e-04
Loss = -2.7739e-01, PNorm = 38.3077, GNorm = 18.0558, lr_0 = 3.7507e-04
Loss = -2.4599e-01, PNorm = 38.3100, GNorm = 52.3823, lr_0 = 3.7148e-04
Loss = -2.1948e-01, PNorm = 38.3122, GNorm = 35.3355, lr_0 = 3.6792e-04
Loss = -3.0175e-01, PNorm = 38.3140, GNorm = 28.7183, lr_0 = 3.6440e-04
Loss = -2.0673e-01, PNorm = 38.3168, GNorm = 64.3135, lr_0 = 3.6091e-04
Validation rmse = 0.015157
Epoch 16
Loss = -2.3722e-01, PNorm = 38.3194, GNorm = 21.0001, lr_0 = 3.5745e-04
Loss = -2.3874e-01, PNorm = 38.3220, GNorm = 53.8149, lr_0 = 3.5403e-04
Loss = -2.7175e-01, PNorm = 38.3248, GNorm = 20.6204, lr_0 = 3.5064e-04
Loss = -3.3499e-01, PNorm = 38.3269, GNorm = 55.5559, lr_0 = 3.4728e-04
Loss = -2.2603e-01, PNorm = 38.3288, GNorm = 30.1121, lr_0 = 3.4395e-04
Loss = -2.3467e-01, PNorm = 38.3316, GNorm = 35.9755, lr_0 = 3.4066e-04
Loss = -2.4588e-01, PNorm = 38.3336, GNorm = 44.7515, lr_0 = 3.3740e-04
Loss = -3.3078e-01, PNorm = 38.3353, GNorm = 29.2763, lr_0 = 3.3417e-04
Loss = -2.3330e-01, PNorm = 38.3362, GNorm = 25.7887, lr_0 = 3.3097e-04
Loss = -2.2468e-01, PNorm = 38.3373, GNorm = 19.1281, lr_0 = 3.2780e-04
Loss = -2.5650e-01, PNorm = 38.3390, GNorm = 23.9480, lr_0 = 3.2466e-04
Loss = -2.6581e-01, PNorm = 38.3402, GNorm = 27.1995, lr_0 = 3.2155e-04
Loss = -3.1847e-01, PNorm = 38.3422, GNorm = 35.8907, lr_0 = 3.1847e-04
Loss = -1.5269e-01, PNorm = 38.3438, GNorm = 61.1858, lr_0 = 3.1542e-04
Loss = -2.4106e-01, PNorm = 38.3443, GNorm = 29.1897, lr_0 = 3.1240e-04
Validation rmse = 0.015000
Epoch 17
Loss = -3.0677e-01, PNorm = 38.3453, GNorm = 39.8335, lr_0 = 3.0911e-04
Loss = -3.1721e-01, PNorm = 38.3476, GNorm = 17.1999, lr_0 = 3.0615e-04
Loss = -2.9357e-01, PNorm = 38.3505, GNorm = 42.4913, lr_0 = 3.0322e-04
Loss = -2.4522e-01, PNorm = 38.3530, GNorm = 52.3379, lr_0 = 3.0032e-04
Loss = -2.9110e-01, PNorm = 38.3544, GNorm = 16.5710, lr_0 = 2.9744e-04
Loss = -3.5348e-01, PNorm = 38.3554, GNorm = 34.1677, lr_0 = 2.9459e-04
Loss = -3.1550e-01, PNorm = 38.3565, GNorm = 31.5579, lr_0 = 2.9177e-04
Loss = -3.4758e-01, PNorm = 38.3586, GNorm = 24.4708, lr_0 = 2.8898e-04
Loss = -2.7045e-01, PNorm = 38.3609, GNorm = 36.2931, lr_0 = 2.8621e-04
Loss = -3.3244e-01, PNorm = 38.3639, GNorm = 43.6253, lr_0 = 2.8347e-04
Loss = -2.7843e-01, PNorm = 38.3658, GNorm = 24.7102, lr_0 = 2.8076e-04
Loss = -3.3047e-01, PNorm = 38.3675, GNorm = 18.2553, lr_0 = 2.7807e-04
Loss = -3.1623e-01, PNorm = 38.3695, GNorm = 26.1439, lr_0 = 2.7541e-04
Loss = -2.6451e-01, PNorm = 38.3711, GNorm = 92.5393, lr_0 = 2.7277e-04
Loss = -2.2078e-01, PNorm = 38.3726, GNorm = 32.3898, lr_0 = 2.7016e-04
Loss = -2.8208e-01, PNorm = 38.3746, GNorm = 28.3716, lr_0 = 2.6757e-04
Validation rmse = 0.014569
Epoch 18
Loss = -3.4381e-01, PNorm = 38.3757, GNorm = 60.4690, lr_0 = 2.6475e-04
Loss = -2.8625e-01, PNorm = 38.3769, GNorm = 30.5161, lr_0 = 2.6222e-04
Loss = -3.6752e-01, PNorm = 38.3787, GNorm = 25.2811, lr_0 = 2.5971e-04
Loss = -3.2157e-01, PNorm = 38.3822, GNorm = 19.3607, lr_0 = 2.5722e-04
Loss = -3.9920e-01, PNorm = 38.3845, GNorm = 33.6919, lr_0 = 2.5476e-04
Loss = -2.4920e-01, PNorm = 38.3869, GNorm = 19.8213, lr_0 = 2.5232e-04
Loss = -3.3497e-01, PNorm = 38.3892, GNorm = 16.2914, lr_0 = 2.4990e-04
Loss = -3.2577e-01, PNorm = 38.3904, GNorm = 38.8176, lr_0 = 2.4751e-04
Loss = -3.2470e-01, PNorm = 38.3916, GNorm = 28.5295, lr_0 = 2.4514e-04
Loss = -3.6177e-01, PNorm = 38.3924, GNorm = 29.1467, lr_0 = 2.4279e-04
Loss = -3.4232e-01, PNorm = 38.3935, GNorm = 59.5478, lr_0 = 2.4047e-04
Loss = -3.1302e-01, PNorm = 38.3943, GNorm = 65.8190, lr_0 = 2.3816e-04
Loss = -3.1414e-01, PNorm = 38.3954, GNorm = 60.5036, lr_0 = 2.3588e-04
Loss = -3.2914e-01, PNorm = 38.3967, GNorm = 52.0237, lr_0 = 2.3362e-04
Loss = -3.1774e-01, PNorm = 38.3989, GNorm = 18.0761, lr_0 = 2.3139e-04
Validation rmse = 0.014579
Epoch 19
Loss = -3.0267e-01, PNorm = 38.4002, GNorm = 34.0417, lr_0 = 2.2895e-04
Loss = -3.8040e-01, PNorm = 38.4015, GNorm = 31.4296, lr_0 = 2.2676e-04
Loss = -3.2101e-01, PNorm = 38.4028, GNorm = 54.4581, lr_0 = 2.2459e-04
Loss = -3.6878e-01, PNorm = 38.4039, GNorm = 36.9296, lr_0 = 2.2244e-04
Loss = -3.0308e-01, PNorm = 38.4054, GNorm = 27.9114, lr_0 = 2.2031e-04
Loss = -3.3910e-01, PNorm = 38.4069, GNorm = 25.8002, lr_0 = 2.1820e-04
Loss = -3.8440e-01, PNorm = 38.4085, GNorm = 15.0052, lr_0 = 2.1611e-04
Loss = -3.0016e-01, PNorm = 38.4107, GNorm = 21.2722, lr_0 = 2.1404e-04
Loss = -3.4365e-01, PNorm = 38.4134, GNorm = 23.1711, lr_0 = 2.1199e-04
Loss = -3.6469e-01, PNorm = 38.4150, GNorm = 29.3129, lr_0 = 2.0996e-04
Loss = -3.5896e-01, PNorm = 38.4159, GNorm = 47.4224, lr_0 = 2.0795e-04
Loss = -3.5102e-01, PNorm = 38.4176, GNorm = 22.7960, lr_0 = 2.0596e-04
Loss = -3.7321e-01, PNorm = 38.4194, GNorm = 19.7255, lr_0 = 2.0398e-04
Loss = -3.9872e-01, PNorm = 38.4206, GNorm = 37.3175, lr_0 = 2.0203e-04
Loss = -4.3145e-01, PNorm = 38.4217, GNorm = 34.9109, lr_0 = 2.0010e-04
Loss = -3.1578e-01, PNorm = 38.4223, GNorm = 19.0404, lr_0 = 1.9818e-04
Validation rmse = 0.014702
Epoch 20
Loss = -2.5650e-01, PNorm = 38.4225, GNorm = 46.0633, lr_0 = 1.9628e-04
Loss = -2.7572e-01, PNorm = 38.4241, GNorm = 65.6466, lr_0 = 1.9440e-04
Loss = -3.2777e-01, PNorm = 38.4261, GNorm = 30.7313, lr_0 = 1.9254e-04
Loss = -3.5846e-01, PNorm = 38.4279, GNorm = 59.9164, lr_0 = 1.9070e-04
Loss = -3.6792e-01, PNorm = 38.4294, GNorm = 31.5515, lr_0 = 1.8887e-04
Loss = -4.0776e-01, PNorm = 38.4308, GNorm = 46.6562, lr_0 = 1.8706e-04
Loss = -4.0732e-01, PNorm = 38.4319, GNorm = 23.1064, lr_0 = 1.8527e-04
Loss = -3.6104e-01, PNorm = 38.4334, GNorm = 35.5430, lr_0 = 1.8350e-04
Loss = -3.4388e-01, PNorm = 38.4342, GNorm = 56.5183, lr_0 = 1.8174e-04
Loss = -3.8691e-01, PNorm = 38.4357, GNorm = 50.3951, lr_0 = 1.8000e-04
Loss = -3.8041e-01, PNorm = 38.4375, GNorm = 27.7420, lr_0 = 1.7828e-04
Loss = -3.9665e-01, PNorm = 38.4387, GNorm = 44.1345, lr_0 = 1.7657e-04
Loss = -3.3747e-01, PNorm = 38.4393, GNorm = 37.3270, lr_0 = 1.7488e-04
Loss = -3.7274e-01, PNorm = 38.4404, GNorm = 49.4964, lr_0 = 1.7321e-04
Loss = -4.0695e-01, PNorm = 38.4413, GNorm = 20.1651, lr_0 = 1.7155e-04
Loss = -3.6694e-01, PNorm = 38.4419, GNorm = 31.1239, lr_0 = 1.6990e-04
Validation rmse = 0.014355
Epoch 21
Loss = -3.5540e-01, PNorm = 38.4431, GNorm = 20.0788, lr_0 = 1.6812e-04
Loss = -3.9995e-01, PNorm = 38.4446, GNorm = 37.4968, lr_0 = 1.6651e-04
Loss = -4.4761e-01, PNorm = 38.4456, GNorm = 24.9879, lr_0 = 1.6491e-04
Loss = -4.0814e-01, PNorm = 38.4465, GNorm = 42.6506, lr_0 = 1.6333e-04
Loss = -3.6849e-01, PNorm = 38.4475, GNorm = 13.9718, lr_0 = 1.6177e-04
Loss = -3.9145e-01, PNorm = 38.4489, GNorm = 24.3189, lr_0 = 1.6022e-04
Loss = -3.7747e-01, PNorm = 38.4501, GNorm = 47.0670, lr_0 = 1.5868e-04
Loss = -4.4078e-01, PNorm = 38.4517, GNorm = 14.3948, lr_0 = 1.5717e-04
Loss = -3.8481e-01, PNorm = 38.4534, GNorm = 8.7653, lr_0 = 1.5566e-04
Loss = -3.8665e-01, PNorm = 38.4548, GNorm = 43.8814, lr_0 = 1.5417e-04
Loss = -4.1212e-01, PNorm = 38.4560, GNorm = 47.0124, lr_0 = 1.5269e-04
Loss = -3.8196e-01, PNorm = 38.4576, GNorm = 23.9065, lr_0 = 1.5123e-04
Loss = -4.5101e-01, PNorm = 38.4588, GNorm = 17.2919, lr_0 = 1.4978e-04
Loss = -4.5201e-01, PNorm = 38.4598, GNorm = 63.7937, lr_0 = 1.4835e-04
Loss = -3.5377e-01, PNorm = 38.4609, GNorm = 36.0909, lr_0 = 1.4693e-04
Validation rmse = 0.014411
Epoch 22
Loss = -3.8435e-01, PNorm = 38.4619, GNorm = 24.8140, lr_0 = 1.4538e-04
Loss = -4.1499e-01, PNorm = 38.4627, GNorm = 22.4837, lr_0 = 1.4399e-04
Loss = -4.2243e-01, PNorm = 38.4638, GNorm = 18.8222, lr_0 = 1.4261e-04
Loss = -4.0331e-01, PNorm = 38.4650, GNorm = 56.8271, lr_0 = 1.4124e-04
Loss = -4.4330e-01, PNorm = 38.4664, GNorm = 39.8943, lr_0 = 1.3989e-04
Loss = -4.2589e-01, PNorm = 38.4676, GNorm = 17.6042, lr_0 = 1.3855e-04
Loss = -4.1430e-01, PNorm = 38.4688, GNorm = 50.4032, lr_0 = 1.3723e-04
Loss = -4.2312e-01, PNorm = 38.4699, GNorm = 38.8039, lr_0 = 1.3591e-04
Loss = -3.9311e-01, PNorm = 38.4708, GNorm = 16.1336, lr_0 = 1.3461e-04
Loss = -4.3975e-01, PNorm = 38.4721, GNorm = 49.8756, lr_0 = 1.3332e-04
Loss = -4.2501e-01, PNorm = 38.4731, GNorm = 17.2339, lr_0 = 1.3204e-04
Loss = -4.3263e-01, PNorm = 38.4740, GNorm = 41.2654, lr_0 = 1.3078e-04
Loss = -4.2755e-01, PNorm = 38.4751, GNorm = 40.4771, lr_0 = 1.2953e-04
Loss = -3.6259e-01, PNorm = 38.4764, GNorm = 32.7209, lr_0 = 1.2829e-04
Loss = -4.4748e-01, PNorm = 38.4768, GNorm = 48.5410, lr_0 = 1.2706e-04
Loss = -4.1387e-01, PNorm = 38.4768, GNorm = 21.3888, lr_0 = 1.2584e-04
Validation rmse = 0.014261
Epoch 23
Loss = -4.3642e-01, PNorm = 38.4780, GNorm = 27.7826, lr_0 = 1.2452e-04
Loss = -4.1964e-01, PNorm = 38.4792, GNorm = 33.9229, lr_0 = 1.2333e-04
Loss = -4.3089e-01, PNorm = 38.4806, GNorm = 29.5280, lr_0 = 1.2214e-04
Loss = -4.4424e-01, PNorm = 38.4818, GNorm = 31.3021, lr_0 = 1.2098e-04
Loss = -4.4432e-01, PNorm = 38.4830, GNorm = 27.2762, lr_0 = 1.1982e-04
Loss = -4.2292e-01, PNorm = 38.4840, GNorm = 18.8348, lr_0 = 1.1867e-04
Loss = -4.2022e-01, PNorm = 38.4849, GNorm = 27.4275, lr_0 = 1.1753e-04
Loss = -4.4757e-01, PNorm = 38.4855, GNorm = 21.4175, lr_0 = 1.1641e-04
Loss = -4.1341e-01, PNorm = 38.4867, GNorm = 25.9146, lr_0 = 1.1529e-04
Loss = -4.0367e-01, PNorm = 38.4877, GNorm = 33.1504, lr_0 = 1.1419e-04
Loss = -4.2873e-01, PNorm = 38.4884, GNorm = 49.8909, lr_0 = 1.1310e-04
Loss = -4.5822e-01, PNorm = 38.4891, GNorm = 57.5729, lr_0 = 1.1201e-04
Loss = -4.7740e-01, PNorm = 38.4899, GNorm = 21.3282, lr_0 = 1.1094e-04
Loss = -4.7012e-01, PNorm = 38.4913, GNorm = 23.9934, lr_0 = 1.0988e-04
Loss = -4.5788e-01, PNorm = 38.4919, GNorm = 51.8336, lr_0 = 1.0883e-04
Loss = -3.6902e-01, PNorm = 38.4927, GNorm = 26.8680, lr_0 = 1.0778e-04
Validation rmse = 0.014120
Epoch 24
Loss = -4.4942e-01, PNorm = 38.4933, GNorm = 12.8950, lr_0 = 1.0675e-04
Loss = -4.4302e-01, PNorm = 38.4938, GNorm = 30.2944, lr_0 = 1.0573e-04
Loss = -4.7255e-01, PNorm = 38.4944, GNorm = 47.6231, lr_0 = 1.0472e-04
Loss = -5.1967e-01, PNorm = 38.4951, GNorm = 48.0012, lr_0 = 1.0371e-04
Loss = -4.4770e-01, PNorm = 38.4956, GNorm = 22.8605, lr_0 = 1.0272e-04
Loss = -4.0294e-01, PNorm = 38.4963, GNorm = 71.7129, lr_0 = 1.0174e-04
Loss = -3.8966e-01, PNorm = 38.4971, GNorm = 11.0171, lr_0 = 1.0076e-04
Loss = -4.5211e-01, PNorm = 38.4981, GNorm = 30.9234, lr_0 = 9.9798e-05
Loss = -4.3439e-01, PNorm = 38.4992, GNorm = 43.0401, lr_0 = 9.8842e-05
Loss = -4.0331e-01, PNorm = 38.5001, GNorm = 50.3177, lr_0 = 9.7896e-05
Loss = -5.1023e-01, PNorm = 38.5007, GNorm = 29.9989, lr_0 = 9.6959e-05
Loss = -4.4035e-01, PNorm = 38.5017, GNorm = 17.1194, lr_0 = 9.6030e-05
Loss = -4.3865e-01, PNorm = 38.5030, GNorm = 29.0702, lr_0 = 9.5111e-05
Loss = -4.1254e-01, PNorm = 38.5038, GNorm = 41.6764, lr_0 = 9.4200e-05
Loss = -4.5937e-01, PNorm = 38.5048, GNorm = 45.2677, lr_0 = 9.3298e-05
Validation rmse = 0.013960
Epoch 25
Loss = -4.6749e-01, PNorm = 38.5054, GNorm = 38.6211, lr_0 = 9.2316e-05
Loss = -4.2551e-01, PNorm = 38.5063, GNorm = 33.5499, lr_0 = 9.1432e-05
Loss = -4.7859e-01, PNorm = 38.5070, GNorm = 35.7978, lr_0 = 9.0556e-05
Loss = -4.8458e-01, PNorm = 38.5077, GNorm = 37.0353, lr_0 = 8.9689e-05
Loss = -4.5087e-01, PNorm = 38.5084, GNorm = 32.7296, lr_0 = 8.8830e-05
Loss = -4.9716e-01, PNorm = 38.5087, GNorm = 23.5412, lr_0 = 8.7980e-05
Loss = -4.8058e-01, PNorm = 38.5095, GNorm = 28.8044, lr_0 = 8.7137e-05
Loss = -3.8178e-01, PNorm = 38.5104, GNorm = 29.8789, lr_0 = 8.6303e-05
Loss = -4.2554e-01, PNorm = 38.5112, GNorm = 36.1085, lr_0 = 8.5476e-05
Loss = -4.4836e-01, PNorm = 38.5116, GNorm = 40.3814, lr_0 = 8.4658e-05
Loss = -4.3554e-01, PNorm = 38.5120, GNorm = 45.4961, lr_0 = 8.3847e-05
Loss = -4.3481e-01, PNorm = 38.5126, GNorm = 33.6998, lr_0 = 8.3044e-05
Loss = -4.8019e-01, PNorm = 38.5133, GNorm = 24.8410, lr_0 = 8.2249e-05
Loss = -4.2237e-01, PNorm = 38.5142, GNorm = 35.2707, lr_0 = 8.1461e-05
Loss = -4.7494e-01, PNorm = 38.5152, GNorm = 16.6371, lr_0 = 8.0681e-05
Loss = -5.3282e-01, PNorm = 38.5156, GNorm = 38.4569, lr_0 = 7.9909e-05
Validation rmse = 0.013833
Epoch 26
Loss = -4.0346e-01, PNorm = 38.5162, GNorm = 28.5722, lr_0 = 7.9068e-05
Loss = -4.4343e-01, PNorm = 38.5168, GNorm = 47.3059, lr_0 = 7.8310e-05
Loss = -4.1106e-01, PNorm = 38.5174, GNorm = 62.8930, lr_0 = 7.7561e-05
Loss = -4.6313e-01, PNorm = 38.5180, GNorm = 30.6420, lr_0 = 7.6818e-05
Loss = -5.0999e-01, PNorm = 38.5186, GNorm = 42.6042, lr_0 = 7.6082e-05
Loss = -5.2455e-01, PNorm = 38.5190, GNorm = 17.5290, lr_0 = 7.5354e-05
Loss = -5.9241e-01, PNorm = 38.5195, GNorm = 26.6824, lr_0 = 7.4632e-05
Loss = -4.4613e-01, PNorm = 38.5200, GNorm = 29.9772, lr_0 = 7.3918e-05
Loss = -5.4817e-01, PNorm = 38.5207, GNorm = 29.3044, lr_0 = 7.3210e-05
Loss = -4.1944e-01, PNorm = 38.5216, GNorm = 31.5138, lr_0 = 7.2509e-05
Loss = -5.1590e-01, PNorm = 38.5221, GNorm = 11.8719, lr_0 = 7.1814e-05
Loss = -4.6279e-01, PNorm = 38.5226, GNorm = 20.6106, lr_0 = 7.1127e-05
Loss = -4.5407e-01, PNorm = 38.5232, GNorm = 52.2991, lr_0 = 7.0446e-05
Loss = -4.9496e-01, PNorm = 38.5235, GNorm = 46.7985, lr_0 = 6.9771e-05
Loss = -3.8259e-01, PNorm = 38.5243, GNorm = 52.0305, lr_0 = 6.9103e-05
Validation rmse = 0.013718
Epoch 27
Loss = -5.5211e-01, PNorm = 38.5252, GNorm = 48.4843, lr_0 = 6.8375e-05
Loss = -4.6624e-01, PNorm = 38.5258, GNorm = 20.9538, lr_0 = 6.7721e-05
Loss = -4.8776e-01, PNorm = 38.5264, GNorm = 32.3252, lr_0 = 6.7072e-05
Loss = -5.6564e-01, PNorm = 38.5269, GNorm = 49.9709, lr_0 = 6.6430e-05
Loss = -4.2740e-01, PNorm = 38.5274, GNorm = 39.8422, lr_0 = 6.5794e-05
Loss = -4.7297e-01, PNorm = 38.5278, GNorm = 15.1504, lr_0 = 6.5164e-05
Loss = -4.7285e-01, PNorm = 38.5283, GNorm = 24.1968, lr_0 = 6.4540e-05
Loss = -5.5861e-01, PNorm = 38.5288, GNorm = 24.9418, lr_0 = 6.3922e-05
Loss = -5.0420e-01, PNorm = 38.5296, GNorm = 16.3171, lr_0 = 6.3310e-05
Loss = -4.4822e-01, PNorm = 38.5303, GNorm = 21.8704, lr_0 = 6.2704e-05
Loss = -3.8448e-01, PNorm = 38.5310, GNorm = 27.3344, lr_0 = 6.2103e-05
Loss = -5.0331e-01, PNorm = 38.5315, GNorm = 32.7019, lr_0 = 6.1508e-05
Loss = -4.1731e-01, PNorm = 38.5321, GNorm = 51.4246, lr_0 = 6.0919e-05
Loss = -4.3854e-01, PNorm = 38.5327, GNorm = 42.6449, lr_0 = 6.0336e-05
Loss = -4.7822e-01, PNorm = 38.5332, GNorm = 42.4887, lr_0 = 5.9758e-05
Loss = -4.8382e-01, PNorm = 38.5335, GNorm = 67.4804, lr_0 = 5.9186e-05
Validation rmse = 0.013646
Epoch 28
Loss = -4.6473e-01, PNorm = 38.5338, GNorm = 29.2670, lr_0 = 5.8619e-05
Loss = -5.1695e-01, PNorm = 38.5340, GNorm = 41.7474, lr_0 = 5.8058e-05
Loss = -5.8018e-01, PNorm = 38.5344, GNorm = 20.7320, lr_0 = 5.7502e-05
Loss = -4.5503e-01, PNorm = 38.5349, GNorm = 37.4985, lr_0 = 5.6952e-05
Loss = -4.7165e-01, PNorm = 38.5356, GNorm = 26.6314, lr_0 = 5.6406e-05
Loss = -4.7012e-01, PNorm = 38.5364, GNorm = 61.4473, lr_0 = 5.5866e-05
Loss = -4.6365e-01, PNorm = 38.5371, GNorm = 18.2778, lr_0 = 5.5331e-05
Loss = -4.3418e-01, PNorm = 38.5376, GNorm = 28.0892, lr_0 = 5.4801e-05
Loss = -4.8884e-01, PNorm = 38.5380, GNorm = 32.7684, lr_0 = 5.4277e-05
Loss = -4.9810e-01, PNorm = 38.5385, GNorm = 13.8642, lr_0 = 5.3757e-05
Loss = -5.2585e-01, PNorm = 38.5389, GNorm = 28.3524, lr_0 = 5.3242e-05
Loss = -5.1003e-01, PNorm = 38.5393, GNorm = 30.0307, lr_0 = 5.2732e-05
Loss = -4.6178e-01, PNorm = 38.5396, GNorm = 33.5543, lr_0 = 5.2227e-05
Loss = -4.9849e-01, PNorm = 38.5401, GNorm = 48.5492, lr_0 = 5.1727e-05
Loss = -4.9781e-01, PNorm = 38.5406, GNorm = 46.0926, lr_0 = 5.1232e-05
Loss = -5.1536e-01, PNorm = 38.5409, GNorm = 27.6405, lr_0 = 5.0741e-05
Validation rmse = 0.013589
Epoch 29
Loss = -4.9632e-01, PNorm = 38.5412, GNorm = 12.3692, lr_0 = 5.0207e-05
Loss = -5.1739e-01, PNorm = 38.5417, GNorm = 54.2796, lr_0 = 4.9726e-05
Loss = -5.6355e-01, PNorm = 38.5422, GNorm = 22.6395, lr_0 = 4.9250e-05
Loss = -5.1780e-01, PNorm = 38.5427, GNorm = 34.4817, lr_0 = 4.8779e-05
Loss = -4.7163e-01, PNorm = 38.5433, GNorm = 39.8896, lr_0 = 4.8311e-05
Loss = -5.7782e-01, PNorm = 38.5437, GNorm = 24.2160, lr_0 = 4.7849e-05
Loss = -4.9310e-01, PNorm = 38.5441, GNorm = 26.6480, lr_0 = 4.7391e-05
Loss = -5.2454e-01, PNorm = 38.5446, GNorm = 20.3151, lr_0 = 4.6937e-05
Loss = -4.1490e-01, PNorm = 38.5448, GNorm = 26.8301, lr_0 = 4.6487e-05
Loss = -5.4228e-01, PNorm = 38.5453, GNorm = 29.7764, lr_0 = 4.6042e-05
Loss = -4.8510e-01, PNorm = 38.5458, GNorm = 9.6293, lr_0 = 4.5601e-05
Loss = -4.6595e-01, PNorm = 38.5463, GNorm = 45.7093, lr_0 = 4.5165e-05
Loss = -5.2784e-01, PNorm = 38.5466, GNorm = 12.3991, lr_0 = 4.4732e-05
Loss = -4.7455e-01, PNorm = 38.5467, GNorm = 38.0161, lr_0 = 4.4304e-05
Loss = -4.4709e-01, PNorm = 38.5472, GNorm = 61.1731, lr_0 = 4.3880e-05
Validation rmse = 0.013683
Epoch 30
Loss = -4.5990e-01, PNorm = 38.5476, GNorm = 51.2659, lr_0 = 4.3418e-05
Loss = -4.9184e-01, PNorm = 38.5480, GNorm = 35.6087, lr_0 = 4.3002e-05
Loss = -5.3130e-01, PNorm = 38.5485, GNorm = 36.0084, lr_0 = 4.2590e-05
Loss = -5.7951e-01, PNorm = 38.5489, GNorm = 21.4566, lr_0 = 4.2182e-05
Loss = -5.3599e-01, PNorm = 38.5493, GNorm = 24.5171, lr_0 = 4.1778e-05
Loss = -5.1292e-01, PNorm = 38.5497, GNorm = 46.0109, lr_0 = 4.1378e-05
Loss = -5.1289e-01, PNorm = 38.5502, GNorm = 46.4611, lr_0 = 4.0982e-05
Loss = -4.8131e-01, PNorm = 38.5507, GNorm = 49.4604, lr_0 = 4.0590e-05
Loss = -4.7777e-01, PNorm = 38.5511, GNorm = 27.0834, lr_0 = 4.0201e-05
Loss = -5.5792e-01, PNorm = 38.5515, GNorm = 58.9908, lr_0 = 3.9816e-05
Loss = -5.5723e-01, PNorm = 38.5518, GNorm = 24.4354, lr_0 = 3.9435e-05
Loss = -3.9923e-01, PNorm = 38.5521, GNorm = 32.9196, lr_0 = 3.9057e-05
Loss = -4.8903e-01, PNorm = 38.5525, GNorm = 32.3317, lr_0 = 3.8683e-05
Loss = -5.2052e-01, PNorm = 38.5526, GNorm = 14.9330, lr_0 = 3.8313e-05
Loss = -5.6858e-01, PNorm = 38.5528, GNorm = 19.5433, lr_0 = 3.7946e-05
Loss = -4.4802e-01, PNorm = 38.5532, GNorm = 21.8316, lr_0 = 3.7583e-05
Validation rmse = 0.013702
Epoch 31
Loss = -4.8611e-01, PNorm = 38.5537, GNorm = 31.0398, lr_0 = 3.7187e-05
Loss = -5.5561e-01, PNorm = 38.5541, GNorm = 36.0925, lr_0 = 3.6831e-05
Loss = -4.8347e-01, PNorm = 38.5545, GNorm = 60.9887, lr_0 = 3.6478e-05
Loss = -4.8046e-01, PNorm = 38.5547, GNorm = 27.0014, lr_0 = 3.6129e-05
Loss = -5.3767e-01, PNorm = 38.5552, GNorm = 40.6716, lr_0 = 3.5783e-05
Loss = -4.8001e-01, PNorm = 38.5554, GNorm = 22.6703, lr_0 = 3.5440e-05
Loss = -5.0417e-01, PNorm = 38.5556, GNorm = 24.2059, lr_0 = 3.5101e-05
Loss = -5.2324e-01, PNorm = 38.5558, GNorm = 38.4321, lr_0 = 3.4765e-05
Loss = -5.2574e-01, PNorm = 38.5561, GNorm = 50.5483, lr_0 = 3.4432e-05
Loss = -5.0527e-01, PNorm = 38.5564, GNorm = 24.7492, lr_0 = 3.4102e-05
Loss = -5.0923e-01, PNorm = 38.5569, GNorm = 42.8071, lr_0 = 3.3776e-05
Loss = -5.0958e-01, PNorm = 38.5572, GNorm = 35.6233, lr_0 = 3.3452e-05
Loss = -4.9118e-01, PNorm = 38.5575, GNorm = 16.2316, lr_0 = 3.3132e-05
Loss = -5.5530e-01, PNorm = 38.5578, GNorm = 46.9467, lr_0 = 3.2815e-05
Loss = -5.3502e-01, PNorm = 38.5582, GNorm = 31.2931, lr_0 = 3.2500e-05
Loss = -5.3597e-01, PNorm = 38.5585, GNorm = 37.5881, lr_0 = 3.2189e-05
Validation rmse = 0.013551
Epoch 32
Loss = -5.5335e-01, PNorm = 38.5586, GNorm = 72.3786, lr_0 = 3.1881e-05
Loss = -5.0341e-01, PNorm = 38.5588, GNorm = 21.8860, lr_0 = 3.1576e-05
Loss = -5.0136e-01, PNorm = 38.5592, GNorm = 48.4409, lr_0 = 3.1273e-05
Loss = -5.0315e-01, PNorm = 38.5596, GNorm = 18.0250, lr_0 = 3.0974e-05
Loss = -5.0734e-01, PNorm = 38.5598, GNorm = 50.5527, lr_0 = 3.0677e-05
Loss = -5.7216e-01, PNorm = 38.5601, GNorm = 18.0645, lr_0 = 3.0383e-05
Loss = -5.0651e-01, PNorm = 38.5603, GNorm = 26.3846, lr_0 = 3.0093e-05
Loss = -4.5840e-01, PNorm = 38.5607, GNorm = 25.7196, lr_0 = 2.9804e-05
Loss = -4.9833e-01, PNorm = 38.5611, GNorm = 27.3805, lr_0 = 2.9519e-05
Loss = -5.4215e-01, PNorm = 38.5615, GNorm = 31.4228, lr_0 = 2.9236e-05
Loss = -5.6907e-01, PNorm = 38.5617, GNorm = 40.0935, lr_0 = 2.8956e-05
Loss = -5.1271e-01, PNorm = 38.5619, GNorm = 29.2795, lr_0 = 2.8679e-05
Loss = -5.5407e-01, PNorm = 38.5622, GNorm = 23.6402, lr_0 = 2.8404e-05
Loss = -5.2804e-01, PNorm = 38.5625, GNorm = 26.4599, lr_0 = 2.8132e-05
Loss = -5.1125e-01, PNorm = 38.5627, GNorm = 31.5986, lr_0 = 2.7863e-05
Validation rmse = 0.013615
Epoch 33
Loss = -5.8548e-01, PNorm = 38.5630, GNorm = 29.0430, lr_0 = 2.7570e-05
Loss = -4.7219e-01, PNorm = 38.5634, GNorm = 69.4910, lr_0 = 2.7306e-05
Loss = -5.4234e-01, PNorm = 38.5636, GNorm = 39.9305, lr_0 = 2.7044e-05
Loss = -5.3816e-01, PNorm = 38.5637, GNorm = 32.4419, lr_0 = 2.6785e-05
Loss = -5.2994e-01, PNorm = 38.5639, GNorm = 19.7400, lr_0 = 2.6529e-05
Loss = -5.5724e-01, PNorm = 38.5641, GNorm = 32.2731, lr_0 = 2.6275e-05
Loss = -4.8574e-01, PNorm = 38.5643, GNorm = 21.6985, lr_0 = 2.6023e-05
Loss = -5.2336e-01, PNorm = 38.5646, GNorm = 18.8338, lr_0 = 2.5774e-05
Loss = -5.2516e-01, PNorm = 38.5649, GNorm = 24.2640, lr_0 = 2.5527e-05
Loss = -5.8382e-01, PNorm = 38.5651, GNorm = 16.8904, lr_0 = 2.5283e-05
Loss = -5.7291e-01, PNorm = 38.5653, GNorm = 18.7496, lr_0 = 2.5041e-05
Loss = -5.0515e-01, PNorm = 38.5656, GNorm = 41.6398, lr_0 = 2.4801e-05
Loss = -5.4609e-01, PNorm = 38.5659, GNorm = 30.9183, lr_0 = 2.4563e-05
Loss = -5.5215e-01, PNorm = 38.5662, GNorm = 59.0658, lr_0 = 2.4328e-05
Loss = -4.5014e-01, PNorm = 38.5664, GNorm = 28.9544, lr_0 = 2.4095e-05
Loss = -4.9546e-01, PNorm = 38.5665, GNorm = 24.7829, lr_0 = 2.3865e-05
Validation rmse = 0.013502
Epoch 34
Loss = -5.8547e-01, PNorm = 38.5666, GNorm = 18.1532, lr_0 = 2.3613e-05
Loss = -5.5726e-01, PNorm = 38.5667, GNorm = 34.5213, lr_0 = 2.3387e-05
Loss = -4.9812e-01, PNorm = 38.5669, GNorm = 51.4810, lr_0 = 2.3163e-05
Loss = -5.1691e-01, PNorm = 38.5671, GNorm = 29.0856, lr_0 = 2.2941e-05
Loss = -4.7999e-01, PNorm = 38.5674, GNorm = 31.7983, lr_0 = 2.2722e-05
Loss = -4.9077e-01, PNorm = 38.5676, GNorm = 29.4223, lr_0 = 2.2504e-05
Loss = -5.5560e-01, PNorm = 38.5679, GNorm = 23.9441, lr_0 = 2.2289e-05
Loss = -5.5267e-01, PNorm = 38.5681, GNorm = 40.2946, lr_0 = 2.2075e-05
Loss = -4.7617e-01, PNorm = 38.5683, GNorm = 50.3760, lr_0 = 2.1864e-05
Loss = -5.2632e-01, PNorm = 38.5686, GNorm = 45.9929, lr_0 = 2.1654e-05
Loss = -5.1114e-01, PNorm = 38.5688, GNorm = 23.6438, lr_0 = 2.1447e-05
Loss = -6.0940e-01, PNorm = 38.5690, GNorm = 18.5807, lr_0 = 2.1242e-05
Loss = -5.0200e-01, PNorm = 38.5692, GNorm = 21.8526, lr_0 = 2.1038e-05
Loss = -5.4092e-01, PNorm = 38.5694, GNorm = 32.8945, lr_0 = 2.0837e-05
Loss = -5.7553e-01, PNorm = 38.5697, GNorm = 26.2973, lr_0 = 2.0637e-05
Validation rmse = 0.013512
Epoch 35
Loss = -5.7294e-01, PNorm = 38.5699, GNorm = 21.6901, lr_0 = 2.0420e-05
Loss = -5.9419e-01, PNorm = 38.5701, GNorm = 25.9602, lr_0 = 2.0225e-05
Loss = -5.7520e-01, PNorm = 38.5703, GNorm = 17.8024, lr_0 = 2.0031e-05
Loss = -5.5413e-01, PNorm = 38.5705, GNorm = 41.2696, lr_0 = 1.9839e-05
Loss = -5.4440e-01, PNorm = 38.5707, GNorm = 36.0927, lr_0 = 1.9649e-05
Loss = -5.3772e-01, PNorm = 38.5709, GNorm = 28.2403, lr_0 = 1.9461e-05
Loss = -5.2585e-01, PNorm = 38.5710, GNorm = 42.9497, lr_0 = 1.9275e-05
Loss = -4.7869e-01, PNorm = 38.5712, GNorm = 22.9265, lr_0 = 1.9090e-05
Loss = -5.3222e-01, PNorm = 38.5714, GNorm = 23.8175, lr_0 = 1.8907e-05
Loss = -5.2363e-01, PNorm = 38.5716, GNorm = 33.7692, lr_0 = 1.8726e-05
Loss = -5.8822e-01, PNorm = 38.5719, GNorm = 51.0538, lr_0 = 1.8547e-05
Loss = -5.2385e-01, PNorm = 38.5721, GNorm = 28.2818, lr_0 = 1.8369e-05
Loss = -5.2703e-01, PNorm = 38.5722, GNorm = 24.5579, lr_0 = 1.8193e-05
Loss = -4.9493e-01, PNorm = 38.5724, GNorm = 21.8072, lr_0 = 1.8019e-05
Loss = -5.5270e-01, PNorm = 38.5725, GNorm = 28.7215, lr_0 = 1.7847e-05
Loss = -5.0998e-01, PNorm = 38.5726, GNorm = 18.5421, lr_0 = 1.7676e-05
Validation rmse = 0.013486
Epoch 36
Loss = -5.9192e-01, PNorm = 38.5727, GNorm = 18.2901, lr_0 = 1.7506e-05
Loss = -5.6192e-01, PNorm = 38.5729, GNorm = 35.1874, lr_0 = 1.7339e-05
Loss = -5.2245e-01, PNorm = 38.5731, GNorm = 44.1354, lr_0 = 1.7173e-05
Loss = -5.7286e-01, PNorm = 38.5733, GNorm = 27.0854, lr_0 = 1.7008e-05
Loss = -5.8000e-01, PNorm = 38.5735, GNorm = 48.0634, lr_0 = 1.6846e-05
Loss = -6.1133e-01, PNorm = 38.5737, GNorm = 19.0543, lr_0 = 1.6684e-05
Loss = -4.7042e-01, PNorm = 38.5738, GNorm = 23.6833, lr_0 = 1.6524e-05
Loss = -5.5788e-01, PNorm = 38.5740, GNorm = 33.5364, lr_0 = 1.6366e-05
Loss = -4.7455e-01, PNorm = 38.5741, GNorm = 67.3881, lr_0 = 1.6210e-05
Loss = -4.8748e-01, PNorm = 38.5742, GNorm = 27.8591, lr_0 = 1.6054e-05
Loss = -6.0511e-01, PNorm = 38.5744, GNorm = 55.3141, lr_0 = 1.5901e-05
Loss = -5.2662e-01, PNorm = 38.5745, GNorm = 25.7271, lr_0 = 1.5748e-05
Loss = -5.3209e-01, PNorm = 38.5746, GNorm = 37.5031, lr_0 = 1.5598e-05
Loss = -4.8115e-01, PNorm = 38.5748, GNorm = 17.3691, lr_0 = 1.5448e-05
Loss = -5.6433e-01, PNorm = 38.5749, GNorm = 66.1462, lr_0 = 1.5300e-05
Loss = -5.2771e-01, PNorm = 38.5751, GNorm = 42.2527, lr_0 = 1.5154e-05
Validation rmse = 0.013468
Epoch 37
Loss = -5.0083e-01, PNorm = 38.5752, GNorm = 41.6013, lr_0 = 1.4994e-05
Loss = -5.3548e-01, PNorm = 38.5754, GNorm = 41.9559, lr_0 = 1.4851e-05
Loss = -5.4117e-01, PNorm = 38.5755, GNorm = 33.0855, lr_0 = 1.4708e-05
Loss = -5.9644e-01, PNorm = 38.5756, GNorm = 34.1685, lr_0 = 1.4568e-05
Loss = -5.3979e-01, PNorm = 38.5756, GNorm = 41.5999, lr_0 = 1.4428e-05
Loss = -5.3167e-01, PNorm = 38.5757, GNorm = 25.9933, lr_0 = 1.4290e-05
Loss = -4.7368e-01, PNorm = 38.5759, GNorm = 17.2974, lr_0 = 1.4153e-05
Loss = -5.3368e-01, PNorm = 38.5762, GNorm = 15.0273, lr_0 = 1.4018e-05
Loss = -5.5630e-01, PNorm = 38.5764, GNorm = 58.3276, lr_0 = 1.3883e-05
Loss = -5.6431e-01, PNorm = 38.5765, GNorm = 40.6825, lr_0 = 1.3750e-05
Loss = -6.0501e-01, PNorm = 38.5766, GNorm = 15.7532, lr_0 = 1.3619e-05
Loss = -6.4035e-01, PNorm = 38.5767, GNorm = 30.8110, lr_0 = 1.3488e-05
Loss = -5.4368e-01, PNorm = 38.5769, GNorm = 69.1231, lr_0 = 1.3359e-05
Loss = -4.5796e-01, PNorm = 38.5771, GNorm = 27.7571, lr_0 = 1.3231e-05
Loss = -5.4775e-01, PNorm = 38.5773, GNorm = 14.6244, lr_0 = 1.3105e-05
Validation rmse = 0.013470
Epoch 38
Loss = -5.9907e-01, PNorm = 38.5774, GNorm = 25.3533, lr_0 = 1.2967e-05
Loss = -4.5113e-01, PNorm = 38.5775, GNorm = 35.3250, lr_0 = 1.2842e-05
Loss = -5.7422e-01, PNorm = 38.5775, GNorm = 14.4653, lr_0 = 1.2719e-05
Loss = -5.6616e-01, PNorm = 38.5776, GNorm = 29.0372, lr_0 = 1.2598e-05
Loss = -5.3202e-01, PNorm = 38.5777, GNorm = 41.3225, lr_0 = 1.2477e-05
Loss = -5.1880e-01, PNorm = 38.5778, GNorm = 42.2086, lr_0 = 1.2358e-05
Loss = -6.0501e-01, PNorm = 38.5779, GNorm = 20.4530, lr_0 = 1.2239e-05
Loss = -5.8764e-01, PNorm = 38.5781, GNorm = 24.2056, lr_0 = 1.2122e-05
Loss = -5.3970e-01, PNorm = 38.5782, GNorm = 20.9086, lr_0 = 1.2006e-05
Loss = -5.3935e-01, PNorm = 38.5783, GNorm = 47.5359, lr_0 = 1.1891e-05
Loss = -5.2428e-01, PNorm = 38.5784, GNorm = 38.4448, lr_0 = 1.1777e-05
Loss = -6.0212e-01, PNorm = 38.5785, GNorm = 58.2250, lr_0 = 1.1664e-05
Loss = -5.4259e-01, PNorm = 38.5787, GNorm = 29.1673, lr_0 = 1.1553e-05
Loss = -5.4827e-01, PNorm = 38.5788, GNorm = 21.6575, lr_0 = 1.1442e-05
Loss = -5.3892e-01, PNorm = 38.5789, GNorm = 34.5211, lr_0 = 1.1332e-05
Loss = -5.4465e-01, PNorm = 38.5791, GNorm = 36.2386, lr_0 = 1.1224e-05
Validation rmse = 0.013425
Epoch 39
Loss = -5.9411e-01, PNorm = 38.5793, GNorm = 21.4790, lr_0 = 1.1106e-05
Loss = -6.0723e-01, PNorm = 38.5794, GNorm = 21.6361, lr_0 = 1.0999e-05
Loss = -5.7184e-01, PNorm = 38.5795, GNorm = 29.3708, lr_0 = 1.0894e-05
Loss = -5.5164e-01, PNorm = 38.5796, GNorm = 30.5338, lr_0 = 1.0790e-05
Loss = -5.0892e-01, PNorm = 38.5797, GNorm = 34.6187, lr_0 = 1.0686e-05
Loss = -5.6126e-01, PNorm = 38.5798, GNorm = 16.3589, lr_0 = 1.0584e-05
Loss = -5.9510e-01, PNorm = 38.5799, GNorm = 57.9520, lr_0 = 1.0483e-05
Loss = -5.7767e-01, PNorm = 38.5800, GNorm = 24.8187, lr_0 = 1.0382e-05
Loss = -5.2051e-01, PNorm = 38.5801, GNorm = 25.2591, lr_0 = 1.0283e-05
Loss = -5.0642e-01, PNorm = 38.5802, GNorm = 66.3140, lr_0 = 1.0184e-05
Loss = -5.4534e-01, PNorm = 38.5804, GNorm = 67.9328, lr_0 = 1.0087e-05
Loss = -5.2718e-01, PNorm = 38.5804, GNorm = 39.8917, lr_0 = 1.0000e-05
Loss = -5.3869e-01, PNorm = 38.5805, GNorm = 23.1704, lr_0 = 1.0000e-05
Loss = -4.9176e-01, PNorm = 38.5806, GNorm = 29.5384, lr_0 = 1.0000e-05
Loss = -5.3372e-01, PNorm = 38.5806, GNorm = 32.2488, lr_0 = 1.0000e-05
Loss = -5.5131e-01, PNorm = 38.5807, GNorm = 47.3134, lr_0 = 1.0000e-05
Validation rmse = 0.013466
Model 0 best validation rmse = 0.013425 on epoch 38
Loading pretrained parameter "encoder.encoder.0.cached_zero_vector".
Loading pretrained parameter "encoder.encoder.0.act_func.weight".
Loading pretrained parameter "encoder.encoder.0.W_i.weight".
Loading pretrained parameter "encoder.encoder.0.W_h.weight".
Loading pretrained parameter "encoder.encoder.0.W_o.weight".
Loading pretrained parameter "encoder.encoder.0.W_o.bias".
Loading pretrained parameter "ffn.1.weight".
Loading pretrained parameter "ffn.1.bias".
Loading pretrained parameter "ffn.2.weight".
Loading pretrained parameter "ffn.4.weight".
Loading pretrained parameter "ffn.4.bias".
Moving model to cuda
Model 0 test rmse = 0.013803
Ensemble test rmse = 0.013803
1-fold cross validation
	Seed 0 ==> test rmse = 0.013803
Overall test rmse = 0.013803 +/- 0.000000
Elapsed time = 0:14:23
