Command line
python /home/lungyi/anaconda3/envs/uncmoo/bin/chemprop_train --smiles_columns smiles --data_path guacamol_benchmark/guacamol_dataset/guacamol_sample_train.csv --separate_val_path guacamol_benchmark/guacamol_dataset/guacamol_sample_valid.csv --separate_test_path guacamol_benchmark/guacamol_dataset/guacamol_sample_test.csv --dataset_type regression --num_workers 1 --target_columns similarity_Tadalafil --save_dir chemprop_unc/save_models/guacamol/similarity_Tadalafil/trial_30 --warmup_epochs 2 --epochs 40 --max_lr 3e-3 --init_lr 1e-4 --batch_size 64 --final_lr 1e-5 --dropout 0.15 --hidden_size 300 --ffn_num_layers 2 --save_preds --aggregation sum --activation PReLU --gpu 0 --loss_function evidential --evidential_regularization 0.005
Args
{'activation': 'PReLU',
 'adding_h': False,
 'aggregation': 'sum',
 'aggregation_norm': 100,
 'atom_descriptor_scaling': True,
 'atom_descriptors': None,
 'atom_descriptors_path': None,
 'atom_descriptors_size': 0,
 'atom_features_size': 0,
 'atom_messages': False,
 'batch_size': 64,
 'bias': False,
 'bias_solvent': False,
 'bond_feature_scaling': True,
 'bond_features_path': None,
 'bond_features_size': 0,
 'cache_cutoff': 10000,
 'checkpoint_dir': None,
 'checkpoint_frzn': None,
 'checkpoint_path': None,
 'checkpoint_paths': None,
 'class_balance': False,
 'config_path': None,
 'crossval_index_dir': None,
 'crossval_index_file': None,
 'crossval_index_sets': None,
 'cuda': True,
 'data_path': 'guacamol_benchmark/guacamol_dataset/guacamol_sample_train.csv',
 'data_weights_path': None,
 'dataset_type': 'regression',
 'depth': 3,
 'depth_solvent': 3,
 'device': device(type='cuda', index=0),
 'dropout': 0.15,
 'empty_cache': False,
 'ensemble_size': 1,
 'epochs': 40,
 'evidential_regularization': 0.005,
 'explicit_h': False,
 'extra_metrics': [],
 'features_generator': None,
 'features_only': False,
 'features_path': None,
 'features_scaling': True,
 'features_size': None,
 'ffn_hidden_size': 300,
 'ffn_num_layers': 2,
 'final_lr': 1e-05,
 'folds_file': None,
 'freeze_first_only': False,
 'frzn_ffn_layers': 0,
 'gpu': 0,
 'grad_clip': None,
 'hidden_size': 300,
 'hidden_size_solvent': 300,
 'ignore_columns': None,
 'init_lr': 0.0001,
 'log_frequency': 10,
 'loss_function': 'evidential',
 'max_data_size': None,
 'max_lr': 0.003,
 'metric': 'rmse',
 'metrics': ['rmse'],
 'minimize_score': True,
 'mpn_shared': False,
 'multiclass_num_classes': 3,
 'no_atom_descriptor_scaling': False,
 'no_bond_features_scaling': False,
 'no_cache_mol': False,
 'no_cuda': False,
 'no_features_scaling': False,
 'num_folds': 1,
 'num_lrs': 1,
 'num_tasks': 1,
 'num_workers': 1,
 'number_of_molecules': 1,
 'overwrite_default_atom_features': False,
 'overwrite_default_bond_features': False,
 'phase_features_path': None,
 'pytorch_seed': 0,
 'quiet': False,
 'reaction': False,
 'reaction_mode': 'reac_diff',
 'reaction_solvent': False,
 'resume_experiment': False,
 'save_dir': 'chemprop_unc/save_models/guacamol/similarity_Tadalafil/trial_30',
 'save_preds': True,
 'save_smiles_splits': False,
 'seed': 0,
 'separate_test_atom_descriptors_path': None,
 'separate_test_bond_features_path': None,
 'separate_test_features_path': None,
 'separate_test_path': 'guacamol_benchmark/guacamol_dataset/guacamol_sample_test.csv',
 'separate_test_phase_features_path': None,
 'separate_val_atom_descriptors_path': None,
 'separate_val_bond_features_path': None,
 'separate_val_features_path': None,
 'separate_val_path': 'guacamol_benchmark/guacamol_dataset/guacamol_sample_valid.csv',
 'separate_val_phase_features_path': None,
 'show_individual_scores': False,
 'smiles_columns': ['smiles'],
 'spectra_activation': 'exp',
 'spectra_phase_mask_path': None,
 'spectra_target_floor': 1e-08,
 'split_key_molecule': 0,
 'split_sizes': [1.0, 0.0, 0.0],
 'split_type': 'random',
 'target_columns': ['similarity_Tadalafil'],
 'target_weights': None,
 'task_names': ['similarity_Tadalafil'],
 'test': False,
 'test_fold_index': None,
 'train_data_size': None,
 'undirected': False,
 'use_input_features': False,
 'val_fold_index': None,
 'warmup_epochs': 2.0}
Setting molecule featurization parameters to default.
Loading data
Number of tasks = 1
Fold 0
Splitting data with seed 0
Total size = 10,000 | train size = 10,000 | val size = 2,000 | test size = 10,000
Fitting scaler
Building model 0
MoleculeModel(
  (softplus): Softplus(beta=1, threshold=20)
  (encoder): MPN(
    (encoder): ModuleList(
      (0): MPNEncoder(
        (dropout_layer): Dropout(p=0.15, inplace=False)
        (act_func): PReLU(num_parameters=1)
        (W_i): Linear(in_features=147, out_features=300, bias=False)
        (W_h): Linear(in_features=300, out_features=300, bias=False)
        (W_o): Linear(in_features=433, out_features=300, bias=True)
      )
    )
  )
  (ffn): Sequential(
    (0): Dropout(p=0.15, inplace=False)
    (1): Linear(in_features=300, out_features=300, bias=True)
    (2): PReLU(num_parameters=1)
    (3): Dropout(p=0.15, inplace=False)
    (4): Linear(in_features=300, out_features=4, bias=True)
  )
)
Number of parameters = 356,106
Moving model to cuda
Epoch 0
Loss = 1.7079e+01, PNorm = 34.0505, GNorm = 54.8944, lr_0 = 2.0224e-04
Loss = 4.6354e+00, PNorm = 34.0547, GNorm = 42.2671, lr_0 = 2.9519e-04
Loss = 4.5264e+00, PNorm = 34.0557, GNorm = 20.8051, lr_0 = 3.8814e-04
Loss = 4.1411e+00, PNorm = 34.0565, GNorm = 11.8758, lr_0 = 4.8109e-04
Loss = 3.8355e+00, PNorm = 34.0574, GNorm = 18.5361, lr_0 = 5.7404e-04
Loss = 3.5776e+00, PNorm = 34.0594, GNorm = 12.7965, lr_0 = 6.6699e-04
Loss = 3.3420e+00, PNorm = 34.0631, GNorm = 8.4281, lr_0 = 7.5994e-04
Loss = 2.9264e+00, PNorm = 34.0696, GNorm = 13.8720, lr_0 = 8.5288e-04
Loss = 2.6509e+00, PNorm = 34.0802, GNorm = 8.4170, lr_0 = 9.4583e-04
Loss = 2.3099e+00, PNorm = 34.0970, GNorm = 16.2461, lr_0 = 1.0388e-03
Loss = 1.9037e+00, PNorm = 34.1223, GNorm = 15.6927, lr_0 = 1.1317e-03
Loss = 1.6959e+00, PNorm = 34.1504, GNorm = 12.7901, lr_0 = 1.2247e-03
Loss = 1.5390e+00, PNorm = 34.1818, GNorm = 9.0708, lr_0 = 1.3176e-03
Loss = 1.3313e+00, PNorm = 34.2130, GNorm = 6.1144, lr_0 = 1.4106e-03
Loss = 1.2857e+00, PNorm = 34.2434, GNorm = 10.5872, lr_0 = 1.5035e-03
Validation rmse = 0.028631
Epoch 1
Loss = 1.1665e+00, PNorm = 34.2706, GNorm = 16.3641, lr_0 = 1.6058e-03
Loss = 1.1773e+00, PNorm = 34.2943, GNorm = 14.8067, lr_0 = 1.6987e-03
Loss = 1.1074e+00, PNorm = 34.3119, GNorm = 11.3028, lr_0 = 1.7917e-03
Loss = 1.1379e+00, PNorm = 34.3286, GNorm = 7.9289, lr_0 = 1.8846e-03
Loss = 1.1258e+00, PNorm = 34.3470, GNorm = 8.5365, lr_0 = 1.9776e-03
Loss = 1.0685e+00, PNorm = 34.3671, GNorm = 7.2300, lr_0 = 2.0705e-03
Loss = 1.0017e+00, PNorm = 34.3928, GNorm = 18.5757, lr_0 = 2.1635e-03
Loss = 1.0708e+00, PNorm = 34.4239, GNorm = 10.0700, lr_0 = 2.2564e-03
Loss = 1.0290e+00, PNorm = 34.4547, GNorm = 6.1044, lr_0 = 2.3494e-03
Loss = 1.0126e+00, PNorm = 34.4906, GNorm = 16.1990, lr_0 = 2.4423e-03
Loss = 1.0130e+00, PNorm = 34.5217, GNorm = 5.1434, lr_0 = 2.5353e-03
Loss = 9.9430e-01, PNorm = 34.5594, GNorm = 10.7703, lr_0 = 2.6282e-03
Loss = 9.7503e-01, PNorm = 34.5921, GNorm = 10.3836, lr_0 = 2.7212e-03
Loss = 9.9874e-01, PNorm = 34.6229, GNorm = 13.3259, lr_0 = 2.8141e-03
Loss = 1.0293e+00, PNorm = 34.6580, GNorm = 8.6033, lr_0 = 2.9071e-03
Loss = 9.4306e-01, PNorm = 34.7048, GNorm = 13.6459, lr_0 = 3.0000e-03
Validation rmse = 0.022896
Epoch 2
Loss = 9.3861e-01, PNorm = 34.7741, GNorm = 13.9485, lr_0 = 2.9684e-03
Loss = 8.8235e-01, PNorm = 34.8315, GNorm = 7.8989, lr_0 = 2.9400e-03
Loss = 1.0021e+00, PNorm = 34.8776, GNorm = 7.3611, lr_0 = 2.9118e-03
Loss = 9.5100e-01, PNorm = 34.9359, GNorm = 4.7282, lr_0 = 2.8840e-03
Loss = 8.8890e-01, PNorm = 34.9933, GNorm = 7.4279, lr_0 = 2.8563e-03
Loss = 8.8291e-01, PNorm = 35.0394, GNorm = 12.5230, lr_0 = 2.8290e-03
Loss = 8.3614e-01, PNorm = 35.0833, GNorm = 14.6154, lr_0 = 2.8019e-03
Loss = 8.2126e-01, PNorm = 35.1236, GNorm = 20.2640, lr_0 = 2.7751e-03
Loss = 8.0007e-01, PNorm = 35.1629, GNorm = 17.6648, lr_0 = 2.7485e-03
Loss = 8.3350e-01, PNorm = 35.2159, GNorm = 4.2761, lr_0 = 2.7222e-03
Loss = 7.7551e-01, PNorm = 35.2740, GNorm = 16.9845, lr_0 = 2.6961e-03
Loss = 8.5449e-01, PNorm = 35.3136, GNorm = 18.4546, lr_0 = 2.6703e-03
Loss = 9.0439e-01, PNorm = 35.3557, GNorm = 13.6190, lr_0 = 2.6447e-03
Loss = 8.0793e-01, PNorm = 35.3946, GNorm = 4.7961, lr_0 = 2.6194e-03
Loss = 7.5057e-01, PNorm = 35.4314, GNorm = 7.1605, lr_0 = 2.5943e-03
Validation rmse = 0.019032
Epoch 3
Loss = 8.0568e-01, PNorm = 35.4786, GNorm = 10.0964, lr_0 = 2.5670e-03
Loss = 7.3666e-01, PNorm = 35.5216, GNorm = 9.8766, lr_0 = 2.5424e-03
Loss = 7.6671e-01, PNorm = 35.5657, GNorm = 4.1478, lr_0 = 2.5181e-03
Loss = 7.7156e-01, PNorm = 35.6076, GNorm = 9.2139, lr_0 = 2.4940e-03
Loss = 6.4401e-01, PNorm = 35.6531, GNorm = 3.7461, lr_0 = 2.4701e-03
Loss = 7.8638e-01, PNorm = 35.7113, GNorm = 11.3164, lr_0 = 2.4464e-03
Loss = 7.7989e-01, PNorm = 35.7592, GNorm = 11.9354, lr_0 = 2.4230e-03
Loss = 6.6367e-01, PNorm = 35.8110, GNorm = 11.4538, lr_0 = 2.3998e-03
Loss = 6.9944e-01, PNorm = 35.8649, GNorm = 11.2887, lr_0 = 2.3768e-03
Loss = 7.1232e-01, PNorm = 35.9214, GNorm = 7.3601, lr_0 = 2.3541e-03
Loss = 6.5534e-01, PNorm = 35.9568, GNorm = 12.9397, lr_0 = 2.3315e-03
Loss = 7.2801e-01, PNorm = 35.9980, GNorm = 17.6355, lr_0 = 2.3092e-03
Loss = 6.7662e-01, PNorm = 36.0321, GNorm = 22.5463, lr_0 = 2.2871e-03
Loss = 6.7540e-01, PNorm = 36.0729, GNorm = 12.7146, lr_0 = 2.2652e-03
Loss = 6.3437e-01, PNorm = 36.1044, GNorm = 6.4502, lr_0 = 2.2435e-03
Loss = 6.1173e-01, PNorm = 36.1325, GNorm = 6.1591, lr_0 = 2.2220e-03
Validation rmse = 0.018229
Epoch 4
Loss = 5.4081e-01, PNorm = 36.1644, GNorm = 14.4675, lr_0 = 2.2007e-03
Loss = 5.6727e-01, PNorm = 36.1985, GNorm = 6.0347, lr_0 = 2.1797e-03
Loss = 6.6669e-01, PNorm = 36.2307, GNorm = 7.1762, lr_0 = 2.1588e-03
Loss = 6.4800e-01, PNorm = 36.2670, GNorm = 6.0609, lr_0 = 2.1381e-03
Loss = 5.4490e-01, PNorm = 36.3050, GNorm = 21.1664, lr_0 = 2.1176e-03
Loss = 6.2690e-01, PNorm = 36.3411, GNorm = 7.5530, lr_0 = 2.0974e-03
Loss = 5.3999e-01, PNorm = 36.3788, GNorm = 5.9550, lr_0 = 2.0773e-03
Loss = 5.6521e-01, PNorm = 36.4095, GNorm = 5.5905, lr_0 = 2.0574e-03
Loss = 6.3337e-01, PNorm = 36.4472, GNorm = 6.8838, lr_0 = 2.0377e-03
Loss = 6.2477e-01, PNorm = 36.4921, GNorm = 5.7032, lr_0 = 2.0182e-03
Loss = 5.8644e-01, PNorm = 36.5322, GNorm = 11.2199, lr_0 = 1.9989e-03
Loss = 5.3073e-01, PNorm = 36.5624, GNorm = 6.4092, lr_0 = 1.9797e-03
Loss = 5.2375e-01, PNorm = 36.5928, GNorm = 6.5616, lr_0 = 1.9608e-03
Loss = 5.2211e-01, PNorm = 36.6264, GNorm = 5.7218, lr_0 = 1.9420e-03
Loss = 4.6373e-01, PNorm = 36.6633, GNorm = 6.1445, lr_0 = 1.9234e-03
Loss = 5.1294e-01, PNorm = 36.6979, GNorm = 6.2521, lr_0 = 1.9050e-03
Validation rmse = 0.014158
Epoch 5
Loss = 5.0004e-01, PNorm = 36.7410, GNorm = 7.6631, lr_0 = 1.8849e-03
Loss = 4.6398e-01, PNorm = 36.7843, GNorm = 25.9399, lr_0 = 1.8669e-03
Loss = 5.8412e-01, PNorm = 36.8264, GNorm = 11.9257, lr_0 = 1.8490e-03
Loss = 5.7436e-01, PNorm = 36.8740, GNorm = 8.4684, lr_0 = 1.8313e-03
Loss = 4.1159e-01, PNorm = 36.9186, GNorm = 6.4313, lr_0 = 1.8137e-03
Loss = 5.7167e-01, PNorm = 36.9610, GNorm = 5.2252, lr_0 = 1.7964e-03
Loss = 6.0769e-01, PNorm = 37.0004, GNorm = 10.2576, lr_0 = 1.7792e-03
Loss = 5.2074e-01, PNorm = 37.0249, GNorm = 13.2621, lr_0 = 1.7621e-03
Loss = 4.5298e-01, PNorm = 37.0507, GNorm = 5.4241, lr_0 = 1.7453e-03
Loss = 3.9445e-01, PNorm = 37.0847, GNorm = 10.0128, lr_0 = 1.7286e-03
Loss = 4.6945e-01, PNorm = 37.1219, GNorm = 10.4540, lr_0 = 1.7120e-03
Loss = 4.3320e-01, PNorm = 37.1569, GNorm = 9.0586, lr_0 = 1.6956e-03
Loss = 3.9838e-01, PNorm = 37.1898, GNorm = 13.3085, lr_0 = 1.6794e-03
Loss = 4.6042e-01, PNorm = 37.2173, GNorm = 3.9011, lr_0 = 1.6633e-03
Loss = 3.9595e-01, PNorm = 37.2537, GNorm = 6.9451, lr_0 = 1.6474e-03
Validation rmse = 0.014112
Epoch 6
Loss = 5.1384e-01, PNorm = 37.2886, GNorm = 7.9959, lr_0 = 1.6300e-03
Loss = 5.5606e-01, PNorm = 37.3187, GNorm = 10.7992, lr_0 = 1.6144e-03
Loss = 3.7546e-01, PNorm = 37.3551, GNorm = 5.2799, lr_0 = 1.5990e-03
Loss = 3.3832e-01, PNorm = 37.3837, GNorm = 10.0640, lr_0 = 1.5836e-03
Loss = 3.8726e-01, PNorm = 37.4176, GNorm = 12.3098, lr_0 = 1.5685e-03
Loss = 3.7342e-01, PNorm = 37.4423, GNorm = 14.3922, lr_0 = 1.5535e-03
Loss = 3.2225e-01, PNorm = 37.4643, GNorm = 5.0613, lr_0 = 1.5386e-03
Loss = 2.7054e-01, PNorm = 37.4943, GNorm = 7.3469, lr_0 = 1.5238e-03
Loss = 4.2224e-01, PNorm = 37.5145, GNorm = 4.9533, lr_0 = 1.5093e-03
Loss = 4.8030e-01, PNorm = 37.5433, GNorm = 15.7263, lr_0 = 1.4948e-03
Loss = 3.5441e-01, PNorm = 37.5737, GNorm = 6.6203, lr_0 = 1.4805e-03
Loss = 4.0249e-01, PNorm = 37.6010, GNorm = 6.7448, lr_0 = 1.4663e-03
Loss = 4.6537e-01, PNorm = 37.6221, GNorm = 15.4205, lr_0 = 1.4523e-03
Loss = 3.6563e-01, PNorm = 37.6484, GNorm = 8.0630, lr_0 = 1.4384e-03
Loss = 3.0290e-01, PNorm = 37.6735, GNorm = 7.8211, lr_0 = 1.4246e-03
Loss = 3.2978e-01, PNorm = 37.6959, GNorm = 10.1068, lr_0 = 1.4110e-03
Validation rmse = 0.012140
Epoch 7
Loss = 3.2219e-01, PNorm = 37.7317, GNorm = 12.1002, lr_0 = 1.3961e-03
Loss = 3.3127e-01, PNorm = 37.7500, GNorm = 19.0820, lr_0 = 1.3827e-03
Loss = 2.0121e-01, PNorm = 37.7736, GNorm = 9.7122, lr_0 = 1.3695e-03
Loss = 2.5999e-01, PNorm = 37.8008, GNorm = 20.6340, lr_0 = 1.3564e-03
Loss = 2.2396e-01, PNorm = 37.8292, GNorm = 6.3774, lr_0 = 1.3434e-03
Loss = 2.4539e-01, PNorm = 37.8481, GNorm = 10.9127, lr_0 = 1.3305e-03
Loss = 3.1757e-01, PNorm = 37.8616, GNorm = 17.3648, lr_0 = 1.3178e-03
Loss = 3.0115e-01, PNorm = 37.8832, GNorm = 14.5652, lr_0 = 1.3052e-03
Loss = 2.3883e-01, PNorm = 37.9063, GNorm = 6.5193, lr_0 = 1.2927e-03
Loss = 3.6949e-01, PNorm = 37.9263, GNorm = 5.6379, lr_0 = 1.2803e-03
Loss = 3.8997e-01, PNorm = 37.9419, GNorm = 15.0249, lr_0 = 1.2680e-03
Loss = 3.5898e-01, PNorm = 37.9597, GNorm = 7.9320, lr_0 = 1.2559e-03
Loss = 2.0323e-01, PNorm = 37.9824, GNorm = 6.8777, lr_0 = 1.2439e-03
Loss = 2.5587e-01, PNorm = 38.0005, GNorm = 17.7294, lr_0 = 1.2320e-03
Loss = 2.0047e-01, PNorm = 38.0174, GNorm = 11.2760, lr_0 = 1.2202e-03
Loss = 1.9859e-01, PNorm = 38.0398, GNorm = 11.0164, lr_0 = 1.2085e-03
Validation rmse = 0.010690
Epoch 8
Loss = 2.0692e-01, PNorm = 38.0668, GNorm = 16.0938, lr_0 = 1.1969e-03
Loss = 2.6955e-01, PNorm = 38.0822, GNorm = 5.5785, lr_0 = 1.1854e-03
Loss = 2.9090e-01, PNorm = 38.1019, GNorm = 12.1087, lr_0 = 1.1741e-03
Loss = 1.4961e-01, PNorm = 38.1279, GNorm = 8.1430, lr_0 = 1.1628e-03
Loss = 2.4342e-01, PNorm = 38.1443, GNorm = 9.5759, lr_0 = 1.1517e-03
Loss = 1.7476e-01, PNorm = 38.1662, GNorm = 16.8825, lr_0 = 1.1407e-03
Loss = 2.1681e-01, PNorm = 38.1810, GNorm = 10.3915, lr_0 = 1.1298e-03
Loss = 2.0281e-01, PNorm = 38.1906, GNorm = 9.9592, lr_0 = 1.1189e-03
Loss = 1.8804e-01, PNorm = 38.2216, GNorm = 11.9117, lr_0 = 1.1082e-03
Loss = 2.1969e-01, PNorm = 38.2273, GNorm = 8.6897, lr_0 = 1.0976e-03
Loss = 1.8995e-01, PNorm = 38.2499, GNorm = 6.3027, lr_0 = 1.0871e-03
Loss = 1.6532e-01, PNorm = 38.2661, GNorm = 6.3426, lr_0 = 1.0767e-03
Loss = 2.0018e-01, PNorm = 38.2874, GNorm = 17.4393, lr_0 = 1.0664e-03
Loss = 2.1918e-01, PNorm = 38.3062, GNorm = 10.4584, lr_0 = 1.0562e-03
Loss = 1.5664e-01, PNorm = 38.3297, GNorm = 17.1026, lr_0 = 1.0461e-03
Validation rmse = 0.011062
Epoch 9
Loss = 2.4107e-01, PNorm = 38.3454, GNorm = 19.2454, lr_0 = 1.0350e-03
Loss = 2.5672e-01, PNorm = 38.3623, GNorm = 10.8232, lr_0 = 1.0251e-03
Loss = 1.6915e-01, PNorm = 38.3798, GNorm = 13.1724, lr_0 = 1.0153e-03
Loss = 1.9590e-01, PNorm = 38.3942, GNorm = 8.4120, lr_0 = 1.0056e-03
Loss = 1.0693e-01, PNorm = 38.4109, GNorm = 15.7943, lr_0 = 9.9597e-04
Loss = 8.0584e-02, PNorm = 38.4286, GNorm = 34.2148, lr_0 = 9.8643e-04
Loss = 1.6052e-01, PNorm = 38.4390, GNorm = 12.9736, lr_0 = 9.7698e-04
Loss = 1.3137e-01, PNorm = 38.4564, GNorm = 13.8312, lr_0 = 9.6763e-04
Loss = 1.4550e-01, PNorm = 38.4729, GNorm = 9.6733, lr_0 = 9.5836e-04
Loss = 1.0203e-01, PNorm = 38.4867, GNorm = 9.5904, lr_0 = 9.4919e-04
Loss = 7.5371e-02, PNorm = 38.5030, GNorm = 11.6616, lr_0 = 9.4010e-04
Loss = 1.3859e-01, PNorm = 38.5147, GNorm = 18.5584, lr_0 = 9.3109e-04
Loss = 1.8380e-01, PNorm = 38.5301, GNorm = 8.4418, lr_0 = 9.2218e-04
Loss = 1.9223e-01, PNorm = 38.5399, GNorm = 10.3527, lr_0 = 9.1335e-04
Loss = 1.4505e-01, PNorm = 38.5522, GNorm = 12.1275, lr_0 = 9.0460e-04
Loss = 8.8028e-02, PNorm = 38.5637, GNorm = 20.0614, lr_0 = 8.9594e-04
Validation rmse = 0.009828
Epoch 10
Loss = 1.8861e-01, PNorm = 38.5731, GNorm = 49.1048, lr_0 = 8.8651e-04
Loss = 1.7078e-01, PNorm = 38.5924, GNorm = 21.9141, lr_0 = 8.7802e-04
Loss = 1.2730e-01, PNorm = 38.6108, GNorm = 22.5735, lr_0 = 8.6961e-04
Loss = 9.0089e-02, PNorm = 38.6213, GNorm = 8.3186, lr_0 = 8.6128e-04
Loss = 7.7239e-02, PNorm = 38.6302, GNorm = 14.7629, lr_0 = 8.5304e-04
Loss = 1.6299e-01, PNorm = 38.6367, GNorm = 5.8604, lr_0 = 8.4487e-04
Loss = 1.1721e-01, PNorm = 38.6478, GNorm = 13.8947, lr_0 = 8.3678e-04
Loss = 6.8953e-02, PNorm = 38.6636, GNorm = 8.5635, lr_0 = 8.2877e-04
Loss = 4.9091e-02, PNorm = 38.6765, GNorm = 7.6841, lr_0 = 8.2083e-04
Loss = 7.0991e-02, PNorm = 38.6868, GNorm = 6.9472, lr_0 = 8.1297e-04
Loss = 1.5525e-01, PNorm = 38.6996, GNorm = 17.0389, lr_0 = 8.0519e-04
Loss = 5.8428e-02, PNorm = 38.7125, GNorm = 11.7893, lr_0 = 7.9747e-04
Loss = 6.6611e-02, PNorm = 38.7170, GNorm = 9.9132, lr_0 = 7.8984e-04
Loss = 9.4528e-02, PNorm = 38.7236, GNorm = 10.1376, lr_0 = 7.8228e-04
Loss = 1.4399e-01, PNorm = 38.7348, GNorm = 60.4565, lr_0 = 7.7478e-04
Validation rmse = 0.009746
Epoch 11
Loss = 1.8456e-01, PNorm = 38.7476, GNorm = 20.4553, lr_0 = 7.6663e-04
Loss = 1.0149e-01, PNorm = 38.7533, GNorm = 13.8986, lr_0 = 7.5929e-04
Loss = 1.8679e-02, PNorm = 38.7647, GNorm = 16.1092, lr_0 = 7.5202e-04
Loss = -6.5898e-03, PNorm = 38.7741, GNorm = 6.4557, lr_0 = 7.4482e-04
Loss = 2.2483e-02, PNorm = 38.7835, GNorm = 8.9139, lr_0 = 7.3768e-04
Loss = 8.4541e-02, PNorm = 38.7880, GNorm = 22.5471, lr_0 = 7.3062e-04
Loss = 1.5756e-02, PNorm = 38.8006, GNorm = 14.5814, lr_0 = 7.2362e-04
Loss = 6.5598e-02, PNorm = 38.8073, GNorm = 17.1968, lr_0 = 7.1669e-04
Loss = 5.0517e-02, PNorm = 38.8102, GNorm = 15.2794, lr_0 = 7.0983e-04
Loss = 1.2082e-01, PNorm = 38.8149, GNorm = 12.7988, lr_0 = 7.0303e-04
Loss = 2.6559e-02, PNorm = 38.8267, GNorm = 14.4460, lr_0 = 6.9630e-04
Loss = 9.5487e-02, PNorm = 38.8392, GNorm = 14.8636, lr_0 = 6.8963e-04
Loss = 5.7629e-02, PNorm = 38.8479, GNorm = 19.2941, lr_0 = 6.8303e-04
Loss = 2.4411e-02, PNorm = 38.8539, GNorm = 7.0938, lr_0 = 6.7649e-04
Loss = 5.4521e-02, PNorm = 38.8602, GNorm = 39.4150, lr_0 = 6.7001e-04
Loss = 1.1393e-01, PNorm = 38.8623, GNorm = 11.8665, lr_0 = 6.6360e-04
Validation rmse = 0.009248
Epoch 12
Loss = 1.6650e-01, PNorm = 38.8706, GNorm = 10.3677, lr_0 = 6.5724e-04
Loss = 7.0189e-02, PNorm = 38.8800, GNorm = 7.6924, lr_0 = 6.5095e-04
Loss = 5.0708e-02, PNorm = 38.8916, GNorm = 32.1493, lr_0 = 6.4472e-04
Loss = 1.2596e-02, PNorm = 38.8991, GNorm = 14.1314, lr_0 = 6.3854e-04
Loss = -2.3662e-02, PNorm = 38.9086, GNorm = 13.2021, lr_0 = 6.3243e-04
Loss = 1.0578e-02, PNorm = 38.9193, GNorm = 17.2185, lr_0 = 6.2637e-04
Loss = 5.5562e-02, PNorm = 38.9210, GNorm = 9.6470, lr_0 = 6.2037e-04
Loss = 1.4689e-02, PNorm = 38.9270, GNorm = 8.8431, lr_0 = 6.1443e-04
Loss = 5.7220e-02, PNorm = 38.9358, GNorm = 15.0639, lr_0 = 6.0855e-04
Loss = -4.3006e-02, PNorm = 38.9463, GNorm = 25.6576, lr_0 = 6.0272e-04
Loss = -1.6755e-03, PNorm = 38.9528, GNorm = 22.4929, lr_0 = 5.9695e-04
Loss = -1.9068e-02, PNorm = 38.9619, GNorm = 27.2848, lr_0 = 5.9124e-04
Loss = 2.1088e-03, PNorm = 38.9676, GNorm = 32.6808, lr_0 = 5.8557e-04
Loss = 9.7433e-03, PNorm = 38.9718, GNorm = 11.8568, lr_0 = 5.7997e-04
Loss = -7.4170e-02, PNorm = 38.9840, GNorm = 23.1478, lr_0 = 5.7441e-04
Loss = 3.0267e-02, PNorm = 38.9912, GNorm = 19.9477, lr_0 = 5.6891e-04
Validation rmse = 0.009656
Epoch 13
Loss = -3.5337e-03, PNorm = 38.9928, GNorm = 19.6439, lr_0 = 5.6292e-04
Loss = 3.8350e-02, PNorm = 38.9970, GNorm = 6.6880, lr_0 = 5.5753e-04
Loss = -4.8824e-02, PNorm = 39.0015, GNorm = 18.8112, lr_0 = 5.5219e-04
Loss = -3.1676e-02, PNorm = 39.0081, GNorm = 37.4132, lr_0 = 5.4691e-04
Loss = 5.4693e-03, PNorm = 39.0100, GNorm = 21.4133, lr_0 = 5.4167e-04
Loss = -2.5557e-03, PNorm = 39.0105, GNorm = 14.7342, lr_0 = 5.3648e-04
Loss = -3.0251e-04, PNorm = 39.0188, GNorm = 7.8339, lr_0 = 5.3135e-04
Loss = -2.8240e-02, PNorm = 39.0313, GNorm = 25.0183, lr_0 = 5.2626e-04
Loss = -2.7598e-02, PNorm = 39.0348, GNorm = 42.2620, lr_0 = 5.2122e-04
Loss = -3.5229e-02, PNorm = 39.0407, GNorm = 30.4515, lr_0 = 5.1623e-04
Loss = 1.3365e-02, PNorm = 39.0403, GNorm = 7.4698, lr_0 = 5.1128e-04
Loss = 1.5180e-02, PNorm = 39.0451, GNorm = 9.4919, lr_0 = 5.0639e-04
Loss = -4.6359e-02, PNorm = 39.0546, GNorm = 46.4405, lr_0 = 5.0154e-04
Loss = -7.6699e-02, PNorm = 39.0601, GNorm = 19.4374, lr_0 = 4.9674e-04
Loss = -5.9011e-02, PNorm = 39.0653, GNorm = 18.5081, lr_0 = 4.9198e-04
Validation rmse = 0.008870
Epoch 14
Loss = -1.0803e-01, PNorm = 39.0691, GNorm = 29.5293, lr_0 = 4.8680e-04
Loss = -2.9946e-03, PNorm = 39.0705, GNorm = 27.5406, lr_0 = 4.8214e-04
Loss = -2.8691e-02, PNorm = 39.0747, GNorm = 10.9974, lr_0 = 4.7752e-04
Loss = 6.8112e-03, PNorm = 39.0817, GNorm = 11.6101, lr_0 = 4.7295e-04
Loss = -4.8424e-02, PNorm = 39.0899, GNorm = 9.6422, lr_0 = 4.6842e-04
Loss = 1.2236e-02, PNorm = 39.0954, GNorm = 36.5138, lr_0 = 4.6394e-04
Loss = -6.2262e-03, PNorm = 39.0987, GNorm = 9.4229, lr_0 = 4.5949e-04
Loss = -1.8085e-02, PNorm = 39.1037, GNorm = 35.4137, lr_0 = 4.5509e-04
Loss = -3.9486e-02, PNorm = 39.1090, GNorm = 15.6084, lr_0 = 4.5074e-04
Loss = -1.3677e-01, PNorm = 39.1160, GNorm = 11.0038, lr_0 = 4.4642e-04
Loss = -1.4089e-03, PNorm = 39.1176, GNorm = 11.8517, lr_0 = 4.4214e-04
Loss = -1.5948e-02, PNorm = 39.1212, GNorm = 12.6818, lr_0 = 4.3791e-04
Loss = -1.1761e-01, PNorm = 39.1262, GNorm = 16.7649, lr_0 = 4.3372e-04
Loss = -7.0501e-02, PNorm = 39.1299, GNorm = 12.6863, lr_0 = 4.2956e-04
Loss = -1.1254e-02, PNorm = 39.1323, GNorm = 28.7968, lr_0 = 4.2545e-04
Loss = -5.9276e-02, PNorm = 39.1335, GNorm = 28.4758, lr_0 = 4.2138e-04
Validation rmse = 0.008153
Epoch 15
Loss = -1.1162e-02, PNorm = 39.1428, GNorm = 14.8773, lr_0 = 4.1694e-04
Loss = -6.9166e-02, PNorm = 39.1492, GNorm = 29.2644, lr_0 = 4.1295e-04
Loss = 1.7797e-02, PNorm = 39.1516, GNorm = 13.6821, lr_0 = 4.0899e-04
Loss = -9.9799e-02, PNorm = 39.1582, GNorm = 22.1841, lr_0 = 4.0508e-04
Loss = -8.1597e-02, PNorm = 39.1628, GNorm = 25.6050, lr_0 = 4.0120e-04
Loss = -1.4102e-01, PNorm = 39.1652, GNorm = 13.8699, lr_0 = 3.9736e-04
Loss = -1.1158e-01, PNorm = 39.1680, GNorm = 12.4185, lr_0 = 3.9355e-04
Loss = -9.6273e-02, PNorm = 39.1718, GNorm = 13.0673, lr_0 = 3.8978e-04
Loss = -7.5650e-02, PNorm = 39.1731, GNorm = 29.6768, lr_0 = 3.8605e-04
Loss = -3.7939e-02, PNorm = 39.1729, GNorm = 14.8858, lr_0 = 3.8235e-04
Loss = -1.2374e-01, PNorm = 39.1784, GNorm = 12.6471, lr_0 = 3.7869e-04
Loss = -1.4530e-01, PNorm = 39.1832, GNorm = 27.7957, lr_0 = 3.7507e-04
Loss = -1.2932e-01, PNorm = 39.1860, GNorm = 36.8161, lr_0 = 3.7148e-04
Loss = -9.5268e-02, PNorm = 39.1873, GNorm = 16.6573, lr_0 = 3.6792e-04
Loss = -5.2246e-02, PNorm = 39.1885, GNorm = 11.9560, lr_0 = 3.6440e-04
Loss = -4.7939e-02, PNorm = 39.1937, GNorm = 16.5578, lr_0 = 3.6091e-04
Validation rmse = 0.008301
Epoch 16
Loss = -1.3536e-01, PNorm = 39.1978, GNorm = 23.3269, lr_0 = 3.5745e-04
Loss = -7.8729e-02, PNorm = 39.2036, GNorm = 14.0091, lr_0 = 3.5403e-04
Loss = -1.3858e-01, PNorm = 39.2089, GNorm = 12.7217, lr_0 = 3.5064e-04
Loss = -4.6417e-02, PNorm = 39.2121, GNorm = 15.7598, lr_0 = 3.4728e-04
Loss = -6.5851e-02, PNorm = 39.2119, GNorm = 23.1107, lr_0 = 3.4395e-04
Loss = -9.7947e-02, PNorm = 39.2140, GNorm = 15.1125, lr_0 = 3.4066e-04
Loss = -9.3048e-02, PNorm = 39.2172, GNorm = 32.0456, lr_0 = 3.3740e-04
Loss = -7.7920e-02, PNorm = 39.2195, GNorm = 15.6512, lr_0 = 3.3417e-04
Loss = -1.4720e-01, PNorm = 39.2229, GNorm = 44.2959, lr_0 = 3.3097e-04
Loss = -7.0238e-02, PNorm = 39.2260, GNorm = 10.2164, lr_0 = 3.2780e-04
Loss = -1.1766e-01, PNorm = 39.2313, GNorm = 11.1372, lr_0 = 3.2466e-04
Loss = -1.3765e-01, PNorm = 39.2357, GNorm = 56.6478, lr_0 = 3.2155e-04
Loss = -4.7050e-02, PNorm = 39.2360, GNorm = 30.1198, lr_0 = 3.1847e-04
Loss = -8.1985e-02, PNorm = 39.2370, GNorm = 7.1233, lr_0 = 3.1542e-04
Loss = -6.9506e-02, PNorm = 39.2381, GNorm = 32.7997, lr_0 = 3.1240e-04
Validation rmse = 0.007793
Epoch 17
Loss = -1.5814e-01, PNorm = 39.2422, GNorm = 21.5918, lr_0 = 3.0911e-04
Loss = -1.3656e-01, PNorm = 39.2469, GNorm = 38.9973, lr_0 = 3.0615e-04
Loss = -1.2894e-01, PNorm = 39.2480, GNorm = 25.1244, lr_0 = 3.0322e-04
Loss = -1.2675e-01, PNorm = 39.2537, GNorm = 26.5123, lr_0 = 3.0032e-04
Loss = 1.1095e-02, PNorm = 39.2545, GNorm = 30.1151, lr_0 = 2.9744e-04
Loss = -7.9755e-02, PNorm = 39.2556, GNorm = 64.3909, lr_0 = 2.9459e-04
Loss = -8.9470e-02, PNorm = 39.2599, GNorm = 10.0371, lr_0 = 2.9177e-04
Loss = -9.5973e-02, PNorm = 39.2650, GNorm = 11.6390, lr_0 = 2.8898e-04
Loss = -1.6573e-01, PNorm = 39.2686, GNorm = 36.6526, lr_0 = 2.8621e-04
Loss = -1.3240e-01, PNorm = 39.2718, GNorm = 17.1968, lr_0 = 2.8347e-04
Loss = -1.1962e-01, PNorm = 39.2733, GNorm = 24.7160, lr_0 = 2.8076e-04
Loss = -1.2769e-01, PNorm = 39.2757, GNorm = 12.7431, lr_0 = 2.7807e-04
Loss = -6.5135e-02, PNorm = 39.2795, GNorm = 37.1471, lr_0 = 2.7541e-04
Loss = -1.4074e-01, PNorm = 39.2836, GNorm = 31.3956, lr_0 = 2.7277e-04
Loss = -2.2827e-01, PNorm = 39.2870, GNorm = 41.3003, lr_0 = 2.7016e-04
Loss = -1.1548e-01, PNorm = 39.2898, GNorm = 18.3714, lr_0 = 2.6757e-04
Validation rmse = 0.007641
Epoch 18
Loss = -1.3114e-01, PNorm = 39.2906, GNorm = 15.8957, lr_0 = 2.6475e-04
Loss = -1.4576e-01, PNorm = 39.2928, GNorm = 41.8464, lr_0 = 2.6222e-04
Loss = -1.1146e-01, PNorm = 39.2946, GNorm = 9.3999, lr_0 = 2.5971e-04
Loss = -1.0946e-01, PNorm = 39.2990, GNorm = 55.4983, lr_0 = 2.5722e-04
Loss = -8.4305e-02, PNorm = 39.3009, GNorm = 22.6930, lr_0 = 2.5476e-04
Loss = -5.4745e-02, PNorm = 39.3013, GNorm = 13.6325, lr_0 = 2.5232e-04
Loss = -8.7612e-02, PNorm = 39.3022, GNorm = 16.8134, lr_0 = 2.4990e-04
Loss = -1.3554e-01, PNorm = 39.3060, GNorm = 10.9613, lr_0 = 2.4751e-04
Loss = -1.6590e-01, PNorm = 39.3106, GNorm = 58.7755, lr_0 = 2.4514e-04
Loss = -1.2741e-01, PNorm = 39.3130, GNorm = 47.0578, lr_0 = 2.4279e-04
Loss = -8.0214e-02, PNorm = 39.3144, GNorm = 10.3344, lr_0 = 2.4047e-04
Loss = -1.5000e-01, PNorm = 39.3162, GNorm = 15.4007, lr_0 = 2.3816e-04
Loss = -1.3615e-01, PNorm = 39.3179, GNorm = 29.7153, lr_0 = 2.3588e-04
Loss = -1.6471e-01, PNorm = 39.3201, GNorm = 12.5112, lr_0 = 2.3362e-04
Loss = -1.3685e-01, PNorm = 39.3205, GNorm = 8.0918, lr_0 = 2.3139e-04
Validation rmse = 0.007583
Epoch 19
Loss = -1.9964e-01, PNorm = 39.3249, GNorm = 24.2826, lr_0 = 2.2895e-04
Loss = -1.7946e-01, PNorm = 39.3280, GNorm = 34.8007, lr_0 = 2.2676e-04
Loss = -1.8322e-01, PNorm = 39.3302, GNorm = 25.7408, lr_0 = 2.2459e-04
Loss = -1.3805e-01, PNorm = 39.3321, GNorm = 15.7334, lr_0 = 2.2244e-04
Loss = -1.5483e-01, PNorm = 39.3329, GNorm = 62.6447, lr_0 = 2.2031e-04
Loss = -9.4576e-02, PNorm = 39.3357, GNorm = 45.0372, lr_0 = 2.1820e-04
Loss = -1.3980e-01, PNorm = 39.3382, GNorm = 9.5706, lr_0 = 2.1611e-04
Loss = -2.0105e-01, PNorm = 39.3417, GNorm = 14.2563, lr_0 = 2.1404e-04
Loss = -1.0256e-01, PNorm = 39.3438, GNorm = 43.1507, lr_0 = 2.1199e-04
Loss = -7.5764e-02, PNorm = 39.3419, GNorm = 29.1830, lr_0 = 2.0996e-04
Loss = -1.5236e-01, PNorm = 39.3417, GNorm = 33.7054, lr_0 = 2.0795e-04
Loss = -1.5560e-01, PNorm = 39.3439, GNorm = 36.1385, lr_0 = 2.0596e-04
Loss = -2.1911e-01, PNorm = 39.3479, GNorm = 68.0910, lr_0 = 2.0398e-04
Loss = -2.0952e-01, PNorm = 39.3518, GNorm = 58.8019, lr_0 = 2.0203e-04
Loss = -1.4397e-01, PNorm = 39.3518, GNorm = 14.4846, lr_0 = 2.0010e-04
Loss = -1.2913e-01, PNorm = 39.3541, GNorm = 45.7153, lr_0 = 1.9818e-04
Validation rmse = 0.007459
Epoch 20
Loss = -1.9791e-01, PNorm = 39.3556, GNorm = 34.8333, lr_0 = 1.9628e-04
Loss = -1.4048e-01, PNorm = 39.3573, GNorm = 33.4041, lr_0 = 1.9440e-04
Loss = -1.3970e-01, PNorm = 39.3576, GNorm = 13.3612, lr_0 = 1.9254e-04
Loss = -1.5751e-01, PNorm = 39.3606, GNorm = 43.0789, lr_0 = 1.9070e-04
Loss = -1.5995e-01, PNorm = 39.3626, GNorm = 23.2660, lr_0 = 1.8887e-04
Loss = -1.9504e-01, PNorm = 39.3634, GNorm = 29.5260, lr_0 = 1.8706e-04
Loss = -1.6513e-01, PNorm = 39.3647, GNorm = 7.0223, lr_0 = 1.8527e-04
Loss = -1.8455e-01, PNorm = 39.3657, GNorm = 23.7055, lr_0 = 1.8350e-04
Loss = -1.6969e-01, PNorm = 39.3666, GNorm = 10.8594, lr_0 = 1.8174e-04
Loss = -2.1064e-01, PNorm = 39.3676, GNorm = 99.6501, lr_0 = 1.8000e-04
Loss = -1.2952e-01, PNorm = 39.3697, GNorm = 23.4627, lr_0 = 1.7828e-04
Loss = -1.3543e-01, PNorm = 39.3699, GNorm = 59.0416, lr_0 = 1.7657e-04
Loss = -1.3530e-01, PNorm = 39.3708, GNorm = 46.7975, lr_0 = 1.7488e-04
Loss = -1.9927e-01, PNorm = 39.3710, GNorm = 33.7412, lr_0 = 1.7321e-04
Loss = -1.7493e-01, PNorm = 39.3713, GNorm = 10.1401, lr_0 = 1.7155e-04
Loss = -1.7380e-01, PNorm = 39.3735, GNorm = 8.7699, lr_0 = 1.6990e-04
Validation rmse = 0.007429
Epoch 21
Loss = -1.7294e-01, PNorm = 39.3757, GNorm = 22.5002, lr_0 = 1.6812e-04
Loss = -2.0360e-01, PNorm = 39.3783, GNorm = 13.2969, lr_0 = 1.6651e-04
Loss = -2.2630e-01, PNorm = 39.3809, GNorm = 17.3588, lr_0 = 1.6491e-04
Loss = -1.0633e-01, PNorm = 39.3833, GNorm = 13.9251, lr_0 = 1.6333e-04
Loss = -1.0843e-01, PNorm = 39.3826, GNorm = 15.0370, lr_0 = 1.6177e-04
Loss = -1.9290e-01, PNorm = 39.3825, GNorm = 7.7397, lr_0 = 1.6022e-04
Loss = -1.0934e-01, PNorm = 39.3845, GNorm = 25.2514, lr_0 = 1.5868e-04
Loss = -1.1537e-01, PNorm = 39.3851, GNorm = 23.9991, lr_0 = 1.5717e-04
Loss = -2.1748e-01, PNorm = 39.3875, GNorm = 14.6654, lr_0 = 1.5566e-04
Loss = -1.7005e-01, PNorm = 39.3894, GNorm = 15.3180, lr_0 = 1.5417e-04
Loss = -1.6987e-01, PNorm = 39.3901, GNorm = 39.0330, lr_0 = 1.5269e-04
Loss = -2.2263e-01, PNorm = 39.3918, GNorm = 9.4837, lr_0 = 1.5123e-04
Loss = -1.8827e-01, PNorm = 39.3940, GNorm = 15.1017, lr_0 = 1.4978e-04
Loss = -2.2006e-01, PNorm = 39.3939, GNorm = 21.4726, lr_0 = 1.4835e-04
Loss = -2.0591e-01, PNorm = 39.3956, GNorm = 29.6480, lr_0 = 1.4693e-04
Validation rmse = 0.007594
Epoch 22
Loss = -1.6673e-01, PNorm = 39.3963, GNorm = 27.9752, lr_0 = 1.4538e-04
Loss = -2.0814e-01, PNorm = 39.3966, GNorm = 72.3850, lr_0 = 1.4399e-04
Loss = -2.3942e-01, PNorm = 39.3980, GNorm = 18.3955, lr_0 = 1.4261e-04
Loss = -1.8382e-01, PNorm = 39.4000, GNorm = 9.6784, lr_0 = 1.4124e-04
Loss = -1.9485e-01, PNorm = 39.4025, GNorm = 5.4257, lr_0 = 1.3989e-04
Loss = -2.1354e-01, PNorm = 39.4031, GNorm = 52.2556, lr_0 = 1.3855e-04
Loss = -2.2183e-01, PNorm = 39.4026, GNorm = 55.9369, lr_0 = 1.3723e-04
Loss = -1.7073e-01, PNorm = 39.4019, GNorm = 22.9085, lr_0 = 1.3591e-04
Loss = -1.7386e-01, PNorm = 39.4033, GNorm = 11.4096, lr_0 = 1.3461e-04
Loss = -2.2103e-01, PNorm = 39.4040, GNorm = 14.1891, lr_0 = 1.3332e-04
Loss = -1.5207e-01, PNorm = 39.4053, GNorm = 7.8981, lr_0 = 1.3204e-04
Loss = -1.8389e-01, PNorm = 39.4057, GNorm = 51.9766, lr_0 = 1.3078e-04
Loss = -1.8004e-01, PNorm = 39.4080, GNorm = 67.6694, lr_0 = 1.2953e-04
Loss = -2.0200e-01, PNorm = 39.4097, GNorm = 33.4637, lr_0 = 1.2829e-04
Loss = -2.0649e-01, PNorm = 39.4125, GNorm = 15.7427, lr_0 = 1.2706e-04
Loss = -2.0137e-01, PNorm = 39.4138, GNorm = 18.3672, lr_0 = 1.2584e-04
Validation rmse = 0.007882
Epoch 23
Loss = -1.4240e-01, PNorm = 39.4139, GNorm = 8.3942, lr_0 = 1.2452e-04
Loss = -1.1192e-01, PNorm = 39.4151, GNorm = 40.0378, lr_0 = 1.2333e-04
Loss = -1.9251e-01, PNorm = 39.4145, GNorm = 13.3485, lr_0 = 1.2214e-04
Loss = -1.0225e-01, PNorm = 39.4143, GNorm = 6.9639, lr_0 = 1.2098e-04
Loss = -1.7033e-01, PNorm = 39.4152, GNorm = 26.3874, lr_0 = 1.1982e-04
Loss = -1.9807e-01, PNorm = 39.4165, GNorm = 7.0049, lr_0 = 1.1867e-04
Loss = -1.7925e-01, PNorm = 39.4177, GNorm = 10.7838, lr_0 = 1.1753e-04
Loss = -2.1923e-01, PNorm = 39.4179, GNorm = 36.8522, lr_0 = 1.1641e-04
Loss = -2.3523e-01, PNorm = 39.4200, GNorm = 45.2895, lr_0 = 1.1529e-04
Loss = -1.5638e-01, PNorm = 39.4224, GNorm = 33.6337, lr_0 = 1.1419e-04
Loss = -2.0134e-01, PNorm = 39.4221, GNorm = 18.6562, lr_0 = 1.1310e-04
Loss = -2.7342e-01, PNorm = 39.4231, GNorm = 35.6340, lr_0 = 1.1201e-04
Loss = -2.1411e-01, PNorm = 39.4241, GNorm = 16.0854, lr_0 = 1.1094e-04
Loss = -2.0075e-01, PNorm = 39.4252, GNorm = 9.3222, lr_0 = 1.0988e-04
Loss = -1.5698e-01, PNorm = 39.4253, GNorm = 34.4107, lr_0 = 1.0883e-04
Loss = -2.2930e-01, PNorm = 39.4262, GNorm = 16.5409, lr_0 = 1.0778e-04
Validation rmse = 0.007316
Epoch 24
Loss = -2.4100e-01, PNorm = 39.4267, GNorm = 10.2020, lr_0 = 1.0675e-04
Loss = -2.3312e-01, PNorm = 39.4284, GNorm = 15.7043, lr_0 = 1.0573e-04
Loss = -2.1791e-01, PNorm = 39.4297, GNorm = 23.6126, lr_0 = 1.0472e-04
Loss = -2.0728e-01, PNorm = 39.4299, GNorm = 15.6884, lr_0 = 1.0371e-04
Loss = -1.2639e-01, PNorm = 39.4306, GNorm = 14.2029, lr_0 = 1.0272e-04
Loss = -2.0167e-01, PNorm = 39.4313, GNorm = 9.2154, lr_0 = 1.0174e-04
Loss = -2.3638e-01, PNorm = 39.4318, GNorm = 38.5325, lr_0 = 1.0076e-04
Loss = -1.8507e-01, PNorm = 39.4337, GNorm = 38.1041, lr_0 = 9.9798e-05
Loss = -2.1678e-01, PNorm = 39.4341, GNorm = 64.0468, lr_0 = 9.8842e-05
Loss = -2.3110e-01, PNorm = 39.4354, GNorm = 45.5182, lr_0 = 9.7896e-05
Loss = -1.3056e-01, PNorm = 39.4360, GNorm = 7.8891, lr_0 = 9.6959e-05
Loss = -2.0276e-01, PNorm = 39.4350, GNorm = 6.0160, lr_0 = 9.6030e-05
Loss = -2.0060e-01, PNorm = 39.4366, GNorm = 13.6840, lr_0 = 9.5111e-05
Loss = -2.0996e-01, PNorm = 39.4363, GNorm = 5.9265, lr_0 = 9.4200e-05
Loss = -2.2289e-01, PNorm = 39.4372, GNorm = 12.2232, lr_0 = 9.3298e-05
Validation rmse = 0.007250
Epoch 25
Loss = -2.2541e-01, PNorm = 39.4380, GNorm = 33.7526, lr_0 = 9.2316e-05
Loss = -2.1149e-01, PNorm = 39.4404, GNorm = 25.8289, lr_0 = 9.1432e-05
Loss = -2.4050e-01, PNorm = 39.4413, GNorm = 11.9569, lr_0 = 9.0556e-05
Loss = -1.0112e-01, PNorm = 39.4420, GNorm = 16.2118, lr_0 = 8.9689e-05
Loss = -2.0551e-01, PNorm = 39.4413, GNorm = 8.5455, lr_0 = 8.8830e-05
Loss = -2.0548e-01, PNorm = 39.4427, GNorm = 6.1817, lr_0 = 8.7980e-05
Loss = -1.6397e-01, PNorm = 39.4423, GNorm = 18.2139, lr_0 = 8.7137e-05
Loss = -1.4266e-01, PNorm = 39.4427, GNorm = 49.4541, lr_0 = 8.6303e-05
Loss = -1.9407e-01, PNorm = 39.4431, GNorm = 13.0501, lr_0 = 8.5476e-05
Loss = -2.4680e-01, PNorm = 39.4438, GNorm = 42.0389, lr_0 = 8.4658e-05
Loss = -2.0088e-01, PNorm = 39.4436, GNorm = 7.0875, lr_0 = 8.3847e-05
Loss = -2.0493e-01, PNorm = 39.4450, GNorm = 10.4607, lr_0 = 8.3044e-05
Loss = -1.7075e-01, PNorm = 39.4453, GNorm = 26.0220, lr_0 = 8.2249e-05
Loss = -2.7191e-01, PNorm = 39.4467, GNorm = 24.9477, lr_0 = 8.1461e-05
Loss = -2.1580e-01, PNorm = 39.4473, GNorm = 9.8539, lr_0 = 8.0681e-05
Loss = -2.6878e-01, PNorm = 39.4487, GNorm = 19.9476, lr_0 = 7.9909e-05
Validation rmse = 0.007224
Epoch 26
Loss = -1.8305e-01, PNorm = 39.4494, GNorm = 52.4737, lr_0 = 7.9068e-05
Loss = -2.5476e-01, PNorm = 39.4513, GNorm = 17.3718, lr_0 = 7.8310e-05
Loss = -2.1076e-01, PNorm = 39.4516, GNorm = 29.3514, lr_0 = 7.7561e-05
Loss = -1.6057e-01, PNorm = 39.4528, GNorm = 16.4536, lr_0 = 7.6818e-05
Loss = -2.3019e-01, PNorm = 39.4530, GNorm = 13.3096, lr_0 = 7.6082e-05
Loss = -2.0159e-01, PNorm = 39.4541, GNorm = 22.1047, lr_0 = 7.5354e-05
Loss = -1.9498e-01, PNorm = 39.4542, GNorm = 33.5456, lr_0 = 7.4632e-05
Loss = -2.2508e-01, PNorm = 39.4559, GNorm = 18.8784, lr_0 = 7.3918e-05
Loss = -2.4112e-01, PNorm = 39.4554, GNorm = 30.7988, lr_0 = 7.3210e-05
Loss = -2.0078e-01, PNorm = 39.4548, GNorm = 35.5711, lr_0 = 7.2509e-05
Loss = -2.9674e-01, PNorm = 39.4554, GNorm = 12.9145, lr_0 = 7.1814e-05
Loss = -2.1290e-01, PNorm = 39.4561, GNorm = 10.9438, lr_0 = 7.1127e-05
Loss = -2.2863e-01, PNorm = 39.4567, GNorm = 52.0944, lr_0 = 7.0446e-05
Loss = -2.2611e-01, PNorm = 39.4576, GNorm = 49.0521, lr_0 = 6.9771e-05
Loss = -2.3451e-01, PNorm = 39.4585, GNorm = 48.3843, lr_0 = 6.9103e-05
Validation rmse = 0.007230
Epoch 27
Loss = -2.9028e-01, PNorm = 39.4590, GNorm = 25.3791, lr_0 = 6.8375e-05
Loss = -2.6677e-01, PNorm = 39.4600, GNorm = 52.1582, lr_0 = 6.7721e-05
Loss = -2.5703e-01, PNorm = 39.4604, GNorm = 34.4891, lr_0 = 6.7072e-05
Loss = -2.4908e-01, PNorm = 39.4599, GNorm = 23.6219, lr_0 = 6.6430e-05
Loss = -1.9265e-01, PNorm = 39.4603, GNorm = 66.1479, lr_0 = 6.5794e-05
Loss = -2.7162e-01, PNorm = 39.4609, GNorm = 9.1078, lr_0 = 6.5164e-05
Loss = -2.5297e-01, PNorm = 39.4619, GNorm = 34.5424, lr_0 = 6.4540e-05
Loss = -2.7809e-01, PNorm = 39.4626, GNorm = 16.0468, lr_0 = 6.3922e-05
Loss = -2.4817e-01, PNorm = 39.4628, GNorm = 30.0188, lr_0 = 6.3310e-05
Loss = -1.8006e-01, PNorm = 39.4629, GNorm = 8.7049, lr_0 = 6.2704e-05
Loss = -2.0783e-01, PNorm = 39.4626, GNorm = 8.4253, lr_0 = 6.2103e-05
Loss = -2.3583e-01, PNorm = 39.4627, GNorm = 57.4219, lr_0 = 6.1508e-05
Loss = -1.8327e-01, PNorm = 39.4638, GNorm = 21.0940, lr_0 = 6.0919e-05
Loss = -1.8667e-01, PNorm = 39.4634, GNorm = 42.9536, lr_0 = 6.0336e-05
Loss = -2.5187e-01, PNorm = 39.4647, GNorm = 10.2864, lr_0 = 5.9758e-05
Loss = -2.5250e-01, PNorm = 39.4661, GNorm = 9.0328, lr_0 = 5.9186e-05
Validation rmse = 0.007016
Epoch 28
Loss = -2.0687e-01, PNorm = 39.4674, GNorm = 27.9404, lr_0 = 5.8619e-05
Loss = -1.6604e-01, PNorm = 39.4678, GNorm = 22.1259, lr_0 = 5.8058e-05
Loss = -2.0792e-01, PNorm = 39.4674, GNorm = 37.6117, lr_0 = 5.7502e-05
Loss = -2.3983e-01, PNorm = 39.4680, GNorm = 61.6033, lr_0 = 5.6952e-05
Loss = -2.3775e-01, PNorm = 39.4680, GNorm = 11.0311, lr_0 = 5.6406e-05
Loss = -2.6562e-01, PNorm = 39.4689, GNorm = 41.6090, lr_0 = 5.5866e-05
Loss = -2.2428e-01, PNorm = 39.4692, GNorm = 11.3351, lr_0 = 5.5331e-05
Loss = -2.2513e-01, PNorm = 39.4699, GNorm = 37.5681, lr_0 = 5.4801e-05
Loss = -2.4469e-01, PNorm = 39.4703, GNorm = 9.8003, lr_0 = 5.4277e-05
Loss = -2.2471e-01, PNorm = 39.4709, GNorm = 10.5200, lr_0 = 5.3757e-05
Loss = -1.9617e-01, PNorm = 39.4716, GNorm = 38.0849, lr_0 = 5.3242e-05
Loss = -2.5817e-01, PNorm = 39.4719, GNorm = 81.3394, lr_0 = 5.2732e-05
Loss = -2.3712e-01, PNorm = 39.4725, GNorm = 51.3917, lr_0 = 5.2227e-05
Loss = -1.4781e-01, PNorm = 39.4718, GNorm = 53.1181, lr_0 = 5.1727e-05
Loss = -2.9607e-01, PNorm = 39.4722, GNorm = 39.3360, lr_0 = 5.1232e-05
Loss = -2.1418e-01, PNorm = 39.4723, GNorm = 31.6651, lr_0 = 5.0741e-05
Validation rmse = 0.007124
Epoch 29
Loss = -2.1456e-01, PNorm = 39.4729, GNorm = 11.4593, lr_0 = 5.0207e-05
Loss = -2.3664e-01, PNorm = 39.4725, GNorm = 10.4329, lr_0 = 4.9726e-05
Loss = -2.3211e-01, PNorm = 39.4734, GNorm = 14.2415, lr_0 = 4.9250e-05
Loss = -2.3214e-01, PNorm = 39.4739, GNorm = 10.3698, lr_0 = 4.8779e-05
Loss = -2.7361e-01, PNorm = 39.4745, GNorm = 25.1521, lr_0 = 4.8311e-05
Loss = -2.2828e-01, PNorm = 39.4743, GNorm = 8.7470, lr_0 = 4.7849e-05
Loss = -1.8640e-01, PNorm = 39.4744, GNorm = 9.7480, lr_0 = 4.7391e-05
Loss = -2.5408e-01, PNorm = 39.4746, GNorm = 17.9420, lr_0 = 4.6937e-05
Loss = -2.3209e-01, PNorm = 39.4749, GNorm = 28.0640, lr_0 = 4.6487e-05
Loss = -2.7916e-01, PNorm = 39.4758, GNorm = 17.9007, lr_0 = 4.6042e-05
Loss = -2.4383e-01, PNorm = 39.4771, GNorm = 13.3042, lr_0 = 4.5601e-05
Loss = -2.3363e-01, PNorm = 39.4769, GNorm = 9.8232, lr_0 = 4.5165e-05
Loss = -2.3645e-01, PNorm = 39.4783, GNorm = 7.1890, lr_0 = 4.4732e-05
Loss = -2.2870e-01, PNorm = 39.4784, GNorm = 33.1419, lr_0 = 4.4304e-05
Loss = -2.3428e-01, PNorm = 39.4787, GNorm = 8.4317, lr_0 = 4.3880e-05
Validation rmse = 0.007035
Epoch 30
Loss = -2.1551e-01, PNorm = 39.4781, GNorm = 18.5300, lr_0 = 4.3418e-05
Loss = -2.1109e-01, PNorm = 39.4784, GNorm = 15.7746, lr_0 = 4.3002e-05
Loss = -2.8423e-01, PNorm = 39.4791, GNorm = 22.4059, lr_0 = 4.2590e-05
Loss = -3.4439e-01, PNorm = 39.4799, GNorm = 11.6371, lr_0 = 4.2182e-05
Loss = -1.8049e-01, PNorm = 39.4806, GNorm = 93.4438, lr_0 = 4.1778e-05
Loss = -2.3121e-01, PNorm = 39.4804, GNorm = 28.5903, lr_0 = 4.1378e-05
Loss = -2.3220e-01, PNorm = 39.4810, GNorm = 17.3398, lr_0 = 4.0982e-05
Loss = -2.2671e-01, PNorm = 39.4817, GNorm = 11.6208, lr_0 = 4.0590e-05
Loss = -2.5808e-01, PNorm = 39.4822, GNorm = 9.4586, lr_0 = 4.0201e-05
Loss = -2.7582e-01, PNorm = 39.4826, GNorm = 54.6148, lr_0 = 3.9816e-05
Loss = -2.9235e-01, PNorm = 39.4830, GNorm = 19.1951, lr_0 = 3.9435e-05
Loss = -1.5009e-01, PNorm = 39.4827, GNorm = 23.6087, lr_0 = 3.9057e-05
Loss = -2.2148e-01, PNorm = 39.4824, GNorm = 76.6934, lr_0 = 3.8683e-05
Loss = -2.2221e-01, PNorm = 39.4829, GNorm = 21.3245, lr_0 = 3.8313e-05
Loss = -2.4662e-01, PNorm = 39.4834, GNorm = 13.5582, lr_0 = 3.7946e-05
Loss = -2.3153e-01, PNorm = 39.4839, GNorm = 20.3072, lr_0 = 3.7583e-05
Validation rmse = 0.007066
Epoch 31
Loss = -2.1286e-01, PNorm = 39.4846, GNorm = 14.6707, lr_0 = 3.7187e-05
Loss = -2.5007e-01, PNorm = 39.4848, GNorm = 6.8630, lr_0 = 3.6831e-05
Loss = -2.5156e-01, PNorm = 39.4854, GNorm = 24.0355, lr_0 = 3.6478e-05
Loss = -2.5015e-01, PNorm = 39.4853, GNorm = 42.2795, lr_0 = 3.6129e-05
Loss = -2.1383e-01, PNorm = 39.4855, GNorm = 19.3108, lr_0 = 3.5783e-05
Loss = -2.6770e-01, PNorm = 39.4863, GNorm = 63.4617, lr_0 = 3.5440e-05
Loss = -2.3742e-01, PNorm = 39.4866, GNorm = 50.6799, lr_0 = 3.5101e-05
Loss = -2.4115e-01, PNorm = 39.4864, GNorm = 32.8323, lr_0 = 3.4765e-05
Loss = -1.8598e-01, PNorm = 39.4865, GNorm = 56.3888, lr_0 = 3.4432e-05
Loss = -1.8747e-01, PNorm = 39.4865, GNorm = 19.8146, lr_0 = 3.4102e-05
Loss = -1.8327e-01, PNorm = 39.4863, GNorm = 11.6330, lr_0 = 3.3776e-05
Loss = -2.7121e-01, PNorm = 39.4864, GNorm = 44.3053, lr_0 = 3.3452e-05
Loss = -2.6060e-01, PNorm = 39.4865, GNorm = 23.0073, lr_0 = 3.3132e-05
Loss = -3.0259e-01, PNorm = 39.4868, GNorm = 35.4349, lr_0 = 3.2815e-05
Loss = -2.6251e-01, PNorm = 39.4871, GNorm = 15.5291, lr_0 = 3.2500e-05
Loss = -2.8061e-01, PNorm = 39.4876, GNorm = 43.9800, lr_0 = 3.2189e-05
Validation rmse = 0.007058
Epoch 32
Loss = -2.2296e-01, PNorm = 39.4880, GNorm = 67.7196, lr_0 = 3.1881e-05
Loss = -2.2648e-01, PNorm = 39.4877, GNorm = 11.0362, lr_0 = 3.1576e-05
Loss = -2.0573e-01, PNorm = 39.4882, GNorm = 55.3622, lr_0 = 3.1273e-05
Loss = -2.5924e-01, PNorm = 39.4883, GNorm = 82.9262, lr_0 = 3.0974e-05
Loss = -2.6982e-01, PNorm = 39.4881, GNorm = 31.8067, lr_0 = 3.0677e-05
Loss = -2.4081e-01, PNorm = 39.4885, GNorm = 20.3371, lr_0 = 3.0383e-05
Loss = -2.3451e-01, PNorm = 39.4891, GNorm = 26.4473, lr_0 = 3.0093e-05
Loss = -3.2188e-01, PNorm = 39.4894, GNorm = 26.8009, lr_0 = 2.9804e-05
Loss = -2.2544e-01, PNorm = 39.4898, GNorm = 11.4647, lr_0 = 2.9519e-05
Loss = -2.5503e-01, PNorm = 39.4899, GNorm = 9.9637, lr_0 = 2.9236e-05
Loss = -2.1831e-01, PNorm = 39.4901, GNorm = 17.3295, lr_0 = 2.8956e-05
Loss = -2.4448e-01, PNorm = 39.4901, GNorm = 20.0709, lr_0 = 2.8679e-05
Loss = -2.4518e-01, PNorm = 39.4905, GNorm = 92.2895, lr_0 = 2.8404e-05
Loss = -2.2350e-01, PNorm = 39.4903, GNorm = 42.0600, lr_0 = 2.8132e-05
Loss = -2.5565e-01, PNorm = 39.4903, GNorm = 9.5044, lr_0 = 2.7863e-05
Validation rmse = 0.006995
Epoch 33
Loss = -1.7091e-01, PNorm = 39.4904, GNorm = 20.3358, lr_0 = 2.7570e-05
Loss = -1.9665e-01, PNorm = 39.4908, GNorm = 43.4753, lr_0 = 2.7306e-05
Loss = -2.7395e-01, PNorm = 39.4911, GNorm = 26.6054, lr_0 = 2.7044e-05
Loss = -2.7994e-01, PNorm = 39.4913, GNorm = 54.1731, lr_0 = 2.6785e-05
Loss = -2.1474e-01, PNorm = 39.4917, GNorm = 14.5069, lr_0 = 2.6529e-05
Loss = -2.0349e-01, PNorm = 39.4917, GNorm = 12.1340, lr_0 = 2.6275e-05
Loss = -2.6699e-01, PNorm = 39.4921, GNorm = 25.6708, lr_0 = 2.6023e-05
Loss = -2.4941e-01, PNorm = 39.4919, GNorm = 51.3398, lr_0 = 2.5774e-05
Loss = -2.6359e-01, PNorm = 39.4919, GNorm = 8.8058, lr_0 = 2.5527e-05
Loss = -2.5785e-01, PNorm = 39.4923, GNorm = 27.8353, lr_0 = 2.5283e-05
Loss = -2.3494e-01, PNorm = 39.4928, GNorm = 90.2862, lr_0 = 2.5041e-05
Loss = -2.7366e-01, PNorm = 39.4929, GNorm = 51.1759, lr_0 = 2.4801e-05
Loss = -2.3218e-01, PNorm = 39.4930, GNorm = 27.3601, lr_0 = 2.4563e-05
Loss = -2.7199e-01, PNorm = 39.4934, GNorm = 40.8240, lr_0 = 2.4328e-05
Loss = -2.6241e-01, PNorm = 39.4933, GNorm = 48.8906, lr_0 = 2.4095e-05
Loss = -2.5818e-01, PNorm = 39.4932, GNorm = 18.1410, lr_0 = 2.3865e-05
Validation rmse = 0.007024
Epoch 34
Loss = -2.9362e-01, PNorm = 39.4933, GNorm = 37.8432, lr_0 = 2.3613e-05
Loss = -2.5203e-01, PNorm = 39.4934, GNorm = 59.2480, lr_0 = 2.3387e-05
Loss = -2.6548e-01, PNorm = 39.4938, GNorm = 47.1246, lr_0 = 2.3163e-05
Loss = -2.4850e-01, PNorm = 39.4940, GNorm = 7.9051, lr_0 = 2.2941e-05
Loss = -2.5190e-01, PNorm = 39.4947, GNorm = 55.7211, lr_0 = 2.2722e-05
Loss = -2.8631e-01, PNorm = 39.4950, GNorm = 36.2335, lr_0 = 2.2504e-05
Loss = -2.4758e-01, PNorm = 39.4951, GNorm = 16.4945, lr_0 = 2.2289e-05
Loss = -2.6241e-01, PNorm = 39.4951, GNorm = 25.9753, lr_0 = 2.2075e-05
Loss = -2.4887e-01, PNorm = 39.4954, GNorm = 21.5075, lr_0 = 2.1864e-05
Loss = -3.0112e-01, PNorm = 39.4954, GNorm = 40.9935, lr_0 = 2.1654e-05
Loss = -2.6239e-01, PNorm = 39.4953, GNorm = 55.1201, lr_0 = 2.1447e-05
Loss = -2.8818e-01, PNorm = 39.4960, GNorm = 9.2666, lr_0 = 2.1242e-05
Loss = -2.5744e-01, PNorm = 39.4960, GNorm = 12.2641, lr_0 = 2.1038e-05
Loss = -2.1426e-01, PNorm = 39.4960, GNorm = 14.8421, lr_0 = 2.0837e-05
Loss = -2.4553e-01, PNorm = 39.4962, GNorm = 26.6598, lr_0 = 2.0637e-05
Validation rmse = 0.007127
Epoch 35
Loss = -2.1923e-01, PNorm = 39.4964, GNorm = 22.4943, lr_0 = 2.0420e-05
Loss = -2.5641e-01, PNorm = 39.4963, GNorm = 14.8715, lr_0 = 2.0225e-05
Loss = -2.1743e-01, PNorm = 39.4964, GNorm = 26.7731, lr_0 = 2.0031e-05
Loss = -2.8741e-01, PNorm = 39.4965, GNorm = 11.7101, lr_0 = 1.9839e-05
Loss = -1.8424e-01, PNorm = 39.4967, GNorm = 28.7737, lr_0 = 1.9649e-05
Loss = -1.8772e-01, PNorm = 39.4966, GNorm = 55.4911, lr_0 = 1.9461e-05
Loss = -2.3881e-01, PNorm = 39.4966, GNorm = 21.8607, lr_0 = 1.9275e-05
Loss = -2.4652e-01, PNorm = 39.4968, GNorm = 26.4845, lr_0 = 1.9090e-05
Loss = -2.7442e-01, PNorm = 39.4968, GNorm = 52.2263, lr_0 = 1.8907e-05
Loss = -2.6008e-01, PNorm = 39.4969, GNorm = 24.7399, lr_0 = 1.8726e-05
Loss = -2.5659e-01, PNorm = 39.4970, GNorm = 21.1256, lr_0 = 1.8547e-05
Loss = -2.9970e-01, PNorm = 39.4973, GNorm = 15.4757, lr_0 = 1.8369e-05
Loss = -2.3196e-01, PNorm = 39.4974, GNorm = 47.1127, lr_0 = 1.8193e-05
Loss = -2.2920e-01, PNorm = 39.4976, GNorm = 17.4169, lr_0 = 1.8019e-05
Loss = -2.6864e-01, PNorm = 39.4976, GNorm = 62.3224, lr_0 = 1.7847e-05
Loss = -2.7137e-01, PNorm = 39.4978, GNorm = 40.0272, lr_0 = 1.7676e-05
Validation rmse = 0.007056
Epoch 36
Loss = -2.4764e-01, PNorm = 39.4981, GNorm = 29.6907, lr_0 = 1.7506e-05
Loss = -2.6275e-01, PNorm = 39.4983, GNorm = 40.1501, lr_0 = 1.7339e-05
Loss = -1.9800e-01, PNorm = 39.4984, GNorm = 23.8219, lr_0 = 1.7173e-05
Loss = -2.7616e-01, PNorm = 39.4986, GNorm = 62.9231, lr_0 = 1.7008e-05
Loss = -2.4607e-01, PNorm = 39.4990, GNorm = 7.9882, lr_0 = 1.6846e-05
Loss = -2.5060e-01, PNorm = 39.4989, GNorm = 7.2760, lr_0 = 1.6684e-05
Loss = -2.7790e-01, PNorm = 39.4989, GNorm = 21.2984, lr_0 = 1.6524e-05
Loss = -2.8044e-01, PNorm = 39.4992, GNorm = 6.4773, lr_0 = 1.6366e-05
Loss = -2.1720e-01, PNorm = 39.4993, GNorm = 11.5768, lr_0 = 1.6210e-05
Loss = -3.0441e-01, PNorm = 39.4991, GNorm = 10.2279, lr_0 = 1.6054e-05
Loss = -2.6058e-01, PNorm = 39.4992, GNorm = 39.0431, lr_0 = 1.5901e-05
Loss = -2.4223e-01, PNorm = 39.4996, GNorm = 10.4825, lr_0 = 1.5748e-05
Loss = -3.1731e-01, PNorm = 39.4998, GNorm = 12.5492, lr_0 = 1.5598e-05
Loss = -3.0042e-01, PNorm = 39.4999, GNorm = 15.4000, lr_0 = 1.5448e-05
Loss = -2.1740e-01, PNorm = 39.5002, GNorm = 32.4232, lr_0 = 1.5300e-05
Loss = -2.0762e-01, PNorm = 39.5001, GNorm = 18.0119, lr_0 = 1.5154e-05
Validation rmse = 0.006952
Epoch 37
Loss = -2.1206e-01, PNorm = 39.4999, GNorm = 9.3710, lr_0 = 1.4994e-05
Loss = -3.2040e-01, PNorm = 39.5000, GNorm = 50.1641, lr_0 = 1.4851e-05
Loss = -3.1881e-01, PNorm = 39.5003, GNorm = 45.2305, lr_0 = 1.4708e-05
Loss = -2.2423e-01, PNorm = 39.5006, GNorm = 11.9036, lr_0 = 1.4568e-05
Loss = -2.5291e-01, PNorm = 39.5006, GNorm = 34.5718, lr_0 = 1.4428e-05
Loss = -2.6035e-01, PNorm = 39.5006, GNorm = 14.4687, lr_0 = 1.4290e-05
Loss = -2.5904e-01, PNorm = 39.5007, GNorm = 57.6291, lr_0 = 1.4153e-05
Loss = -2.4571e-01, PNorm = 39.5006, GNorm = 34.0329, lr_0 = 1.4018e-05
Loss = -2.9057e-01, PNorm = 39.5009, GNorm = 11.9559, lr_0 = 1.3883e-05
Loss = -2.6404e-01, PNorm = 39.5010, GNorm = 12.3217, lr_0 = 1.3750e-05
Loss = -2.7047e-01, PNorm = 39.5012, GNorm = 22.3953, lr_0 = 1.3619e-05
Loss = -2.5157e-01, PNorm = 39.5012, GNorm = 10.4945, lr_0 = 1.3488e-05
Loss = -2.9424e-01, PNorm = 39.5014, GNorm = 19.8393, lr_0 = 1.3359e-05
Loss = -2.5772e-01, PNorm = 39.5016, GNorm = 16.5610, lr_0 = 1.3231e-05
Loss = -3.1436e-01, PNorm = 39.5016, GNorm = 7.8092, lr_0 = 1.3105e-05
Validation rmse = 0.006954
Epoch 38
Loss = -2.2970e-01, PNorm = 39.5018, GNorm = 30.6364, lr_0 = 1.2967e-05
Loss = -2.7314e-01, PNorm = 39.5019, GNorm = 26.1552, lr_0 = 1.2842e-05
Loss = -2.3803e-01, PNorm = 39.5019, GNorm = 20.4817, lr_0 = 1.2719e-05
Loss = -2.1217e-01, PNorm = 39.5021, GNorm = 51.2994, lr_0 = 1.2598e-05
Loss = -2.5022e-01, PNorm = 39.5020, GNorm = 76.2015, lr_0 = 1.2477e-05
Loss = -2.3942e-01, PNorm = 39.5019, GNorm = 9.6227, lr_0 = 1.2358e-05
Loss = -3.0436e-01, PNorm = 39.5018, GNorm = 35.2807, lr_0 = 1.2239e-05
Loss = -2.6318e-01, PNorm = 39.5019, GNorm = 13.3962, lr_0 = 1.2122e-05
Loss = -2.9180e-01, PNorm = 39.5020, GNorm = 10.2478, lr_0 = 1.2006e-05
Loss = -2.4178e-01, PNorm = 39.5023, GNorm = 13.0047, lr_0 = 1.1891e-05
Loss = -2.8498e-01, PNorm = 39.5022, GNorm = 41.1025, lr_0 = 1.1777e-05
Loss = -2.5701e-01, PNorm = 39.5021, GNorm = 28.5757, lr_0 = 1.1664e-05
Loss = -2.1367e-01, PNorm = 39.5023, GNorm = 32.3157, lr_0 = 1.1553e-05
Loss = -2.8441e-01, PNorm = 39.5024, GNorm = 22.1012, lr_0 = 1.1442e-05
Loss = -2.4276e-01, PNorm = 39.5024, GNorm = 34.8307, lr_0 = 1.1332e-05
Loss = -2.1161e-01, PNorm = 39.5023, GNorm = 13.4554, lr_0 = 1.1224e-05
Validation rmse = 0.006948
Epoch 39
Loss = -2.5248e-01, PNorm = 39.5022, GNorm = 38.3155, lr_0 = 1.1106e-05
Loss = -2.3580e-01, PNorm = 39.5023, GNorm = 24.9265, lr_0 = 1.0999e-05
Loss = -2.3878e-01, PNorm = 39.5026, GNorm = 27.6932, lr_0 = 1.0894e-05
Loss = -2.3822e-01, PNorm = 39.5026, GNorm = 67.5109, lr_0 = 1.0790e-05
Loss = -2.6067e-01, PNorm = 39.5026, GNorm = 41.8827, lr_0 = 1.0686e-05
Loss = -2.5792e-01, PNorm = 39.5026, GNorm = 20.9893, lr_0 = 1.0584e-05
Loss = -2.4763e-01, PNorm = 39.5025, GNorm = 14.4976, lr_0 = 1.0483e-05
Loss = -2.9949e-01, PNorm = 39.5026, GNorm = 15.0781, lr_0 = 1.0382e-05
Loss = -2.3496e-01, PNorm = 39.5026, GNorm = 40.9858, lr_0 = 1.0283e-05
Loss = -2.5527e-01, PNorm = 39.5026, GNorm = 30.7831, lr_0 = 1.0184e-05
Loss = -2.2633e-01, PNorm = 39.5028, GNorm = 17.6765, lr_0 = 1.0087e-05
Loss = -2.7199e-01, PNorm = 39.5029, GNorm = 17.1231, lr_0 = 1.0000e-05
Loss = -2.8121e-01, PNorm = 39.5032, GNorm = 39.1219, lr_0 = 1.0000e-05
Loss = -2.6517e-01, PNorm = 39.5032, GNorm = 18.3902, lr_0 = 1.0000e-05
Loss = -3.1795e-01, PNorm = 39.5031, GNorm = 10.9960, lr_0 = 1.0000e-05
Loss = -2.8707e-01, PNorm = 39.5032, GNorm = 20.0764, lr_0 = 1.0000e-05
Validation rmse = 0.006875
Model 0 best validation rmse = 0.006875 on epoch 39
Loading pretrained parameter "encoder.encoder.0.cached_zero_vector".
Loading pretrained parameter "encoder.encoder.0.act_func.weight".
Loading pretrained parameter "encoder.encoder.0.W_i.weight".
Loading pretrained parameter "encoder.encoder.0.W_h.weight".
Loading pretrained parameter "encoder.encoder.0.W_o.weight".
Loading pretrained parameter "encoder.encoder.0.W_o.bias".
Loading pretrained parameter "ffn.1.weight".
Loading pretrained parameter "ffn.1.bias".
Loading pretrained parameter "ffn.2.weight".
Loading pretrained parameter "ffn.4.weight".
Loading pretrained parameter "ffn.4.bias".
Moving model to cuda
Model 0 test rmse = 0.007332
Ensemble test rmse = 0.007332
1-fold cross validation
	Seed 0 ==> test rmse = 0.007332
Overall test rmse = 0.007332 +/- 0.000000
Elapsed time = 0:10:00
