Command line
python /home/lungyi/anaconda3/envs/uncmoo/bin/chemprop_train --smiles_columns smiles --data_path guacamol_benchmark/guacamol_dataset/guacamol_sample_train.csv --separate_val_path guacamol_benchmark/guacamol_dataset/guacamol_sample_valid.csv --separate_test_path guacamol_benchmark/guacamol_dataset/guacamol_sample_test.csv --dataset_type regression --num_workers 1 --target_columns logP --save_dir chemprop_unc/save_models/guacamol/logP/trial_3 --warmup_epochs 2 --epochs 40 --max_lr 1e-3 --init_lr 1e-4 --batch_size 64 --final_lr 1e-5 --dropout 0 --hidden_size 300 --ffn_num_layers 2 --save_preds --aggregation sum --activation LeakyReLU --gpu 0 --loss_function evidential --evidential_regularization 0.05
Args
{'activation': 'LeakyReLU',
 'adding_h': False,
 'aggregation': 'sum',
 'aggregation_norm': 100,
 'atom_descriptor_scaling': True,
 'atom_descriptors': None,
 'atom_descriptors_path': None,
 'atom_descriptors_size': 0,
 'atom_features_size': 0,
 'atom_messages': False,
 'batch_size': 64,
 'bias': False,
 'bias_solvent': False,
 'bond_feature_scaling': True,
 'bond_features_path': None,
 'bond_features_size': 0,
 'cache_cutoff': 10000,
 'checkpoint_dir': None,
 'checkpoint_frzn': None,
 'checkpoint_path': None,
 'checkpoint_paths': None,
 'class_balance': False,
 'config_path': None,
 'crossval_index_dir': None,
 'crossval_index_file': None,
 'crossval_index_sets': None,
 'cuda': True,
 'data_path': 'guacamol_benchmark/guacamol_dataset/guacamol_sample_train.csv',
 'data_weights_path': None,
 'dataset_type': 'regression',
 'depth': 3,
 'depth_solvent': 3,
 'device': device(type='cuda', index=0),
 'dropout': 0.0,
 'empty_cache': False,
 'ensemble_size': 1,
 'epochs': 40,
 'evidential_regularization': 0.05,
 'explicit_h': False,
 'extra_metrics': [],
 'features_generator': None,
 'features_only': False,
 'features_path': None,
 'features_scaling': True,
 'features_size': None,
 'ffn_hidden_size': 300,
 'ffn_num_layers': 2,
 'final_lr': 1e-05,
 'folds_file': None,
 'freeze_first_only': False,
 'frzn_ffn_layers': 0,
 'gpu': 0,
 'grad_clip': None,
 'hidden_size': 300,
 'hidden_size_solvent': 300,
 'ignore_columns': None,
 'init_lr': 0.0001,
 'log_frequency': 10,
 'loss_function': 'evidential',
 'max_data_size': None,
 'max_lr': 0.001,
 'metric': 'rmse',
 'metrics': ['rmse'],
 'minimize_score': True,
 'mpn_shared': False,
 'multiclass_num_classes': 3,
 'no_atom_descriptor_scaling': False,
 'no_bond_features_scaling': False,
 'no_cache_mol': False,
 'no_cuda': False,
 'no_features_scaling': False,
 'num_folds': 1,
 'num_lrs': 1,
 'num_tasks': 1,
 'num_workers': 1,
 'number_of_molecules': 1,
 'overwrite_default_atom_features': False,
 'overwrite_default_bond_features': False,
 'phase_features_path': None,
 'pytorch_seed': 0,
 'quiet': False,
 'reaction': False,
 'reaction_mode': 'reac_diff',
 'reaction_solvent': False,
 'resume_experiment': False,
 'save_dir': 'chemprop_unc/save_models/guacamol/logP/trial_3',
 'save_preds': True,
 'save_smiles_splits': False,
 'seed': 0,
 'separate_test_atom_descriptors_path': None,
 'separate_test_bond_features_path': None,
 'separate_test_features_path': None,
 'separate_test_path': 'guacamol_benchmark/guacamol_dataset/guacamol_sample_test.csv',
 'separate_test_phase_features_path': None,
 'separate_val_atom_descriptors_path': None,
 'separate_val_bond_features_path': None,
 'separate_val_features_path': None,
 'separate_val_path': 'guacamol_benchmark/guacamol_dataset/guacamol_sample_valid.csv',
 'separate_val_phase_features_path': None,
 'show_individual_scores': False,
 'smiles_columns': ['smiles'],
 'spectra_activation': 'exp',
 'spectra_phase_mask_path': None,
 'spectra_target_floor': 1e-08,
 'split_key_molecule': 0,
 'split_sizes': [1.0, 0.0, 0.0],
 'split_type': 'random',
 'target_columns': ['logP'],
 'target_weights': None,
 'task_names': ['logP'],
 'test': False,
 'test_fold_index': None,
 'train_data_size': None,
 'undirected': False,
 'use_input_features': False,
 'val_fold_index': None,
 'warmup_epochs': 2.0}
Setting molecule featurization parameters to default.
Loading data
Number of tasks = 1
Fold 0
Splitting data with seed 0
Total size = 10,000 | train size = 10,000 | val size = 2,000 | test size = 10,000
Fitting scaler
Building model 0
MoleculeModel(
  (softplus): Softplus(beta=1, threshold=20)
  (encoder): MPN(
    (encoder): ModuleList(
      (0): MPNEncoder(
        (dropout_layer): Dropout(p=0.0, inplace=False)
        (act_func): LeakyReLU(negative_slope=0.1)
        (W_i): Linear(in_features=147, out_features=300, bias=False)
        (W_h): Linear(in_features=300, out_features=300, bias=False)
        (W_o): Linear(in_features=433, out_features=300, bias=True)
      )
    )
  )
  (ffn): Sequential(
    (0): Dropout(p=0.0, inplace=False)
    (1): Linear(in_features=300, out_features=300, bias=True)
    (2): LeakyReLU(negative_slope=0.1)
    (3): Dropout(p=0.0, inplace=False)
    (4): Linear(in_features=300, out_features=4, bias=True)
  )
)
Number of parameters = 356,104
Moving model to cuda
Epoch 0
Loss = 2.2373e+01, PNorm = 34.0487, GNorm = 150.4050, lr_0 = 1.3173e-04
Loss = 8.4671e+00, PNorm = 34.0488, GNorm = 141.7936, lr_0 = 1.6058e-04
Loss = 3.9191e+00, PNorm = 34.0487, GNorm = 91.0592, lr_0 = 1.8942e-04
Loss = 3.7157e+00, PNorm = 34.0482, GNorm = 182.8470, lr_0 = 2.1827e-04
Loss = 3.1481e+00, PNorm = 34.0477, GNorm = 34.9878, lr_0 = 2.4712e-04
Loss = 2.6856e+00, PNorm = 34.0476, GNorm = 35.6515, lr_0 = 2.7596e-04
Loss = 2.1017e+00, PNorm = 34.0478, GNorm = 247.1635, lr_0 = 3.0481e-04
Loss = 2.6041e+00, PNorm = 34.0469, GNorm = 66.4551, lr_0 = 3.3365e-04
Loss = 2.6739e+00, PNorm = 34.0466, GNorm = 57.0425, lr_0 = 3.6250e-04
Loss = 2.2009e+00, PNorm = 34.0467, GNorm = 280.4638, lr_0 = 3.9135e-04
Loss = 2.2994e+00, PNorm = 34.0462, GNorm = 526.1651, lr_0 = 4.2019e-04
Loss = 3.0711e+00, PNorm = 34.0448, GNorm = 21.6944, lr_0 = 4.4904e-04
Loss = 2.6741e+00, PNorm = 34.0442, GNorm = 30.7441, lr_0 = 4.7788e-04
Loss = 2.6185e+00, PNorm = 34.0433, GNorm = 108.6008, lr_0 = 5.0673e-04
Loss = 3.0996e+00, PNorm = 34.0424, GNorm = 104.7193, lr_0 = 5.3558e-04
Validation rmse = 1.662358
Epoch 1
Loss = 2.4449e+00, PNorm = 34.0421, GNorm = 36.4969, lr_0 = 5.6731e-04
Loss = 2.6363e+00, PNorm = 34.0418, GNorm = 77.9959, lr_0 = 5.9615e-04
Loss = 2.9698e+00, PNorm = 34.0410, GNorm = 67.0793, lr_0 = 6.2500e-04
Loss = 2.7121e+00, PNorm = 34.0410, GNorm = 41.0003, lr_0 = 6.5385e-04
Loss = 2.1453e+00, PNorm = 34.0412, GNorm = 507.9099, lr_0 = 6.8269e-04
Loss = 3.7114e+00, PNorm = 34.0401, GNorm = 71.3347, lr_0 = 7.1154e-04
Loss = 3.0987e+00, PNorm = 34.0398, GNorm = 21.0716, lr_0 = 7.4038e-04
Loss = 2.8580e+00, PNorm = 34.0395, GNorm = 28.9304, lr_0 = 7.6923e-04
Loss = 2.5906e+00, PNorm = 34.0393, GNorm = 25.4677, lr_0 = 7.9808e-04
Loss = 2.0111e+00, PNorm = 34.0407, GNorm = 119.4328, lr_0 = 8.2692e-04
Loss = 1.9309e+00, PNorm = 34.0410, GNorm = 165.8626, lr_0 = 8.5577e-04
Loss = 1.8666e+00, PNorm = 34.0424, GNorm = 74.9362, lr_0 = 8.8462e-04
Loss = 1.3671e+00, PNorm = 34.0446, GNorm = 51.2007, lr_0 = 9.1346e-04
Loss = 1.7447e+00, PNorm = 34.0463, GNorm = 31.6058, lr_0 = 9.4231e-04
Loss = 1.3078e+00, PNorm = 34.0499, GNorm = 165.9802, lr_0 = 9.7115e-04
Loss = 2.0111e+00, PNorm = 34.0512, GNorm = 284.5131, lr_0 = 1.0000e-03
Validation rmse = 1.378622
Epoch 2
Loss = 1.7716e+00, PNorm = 34.0522, GNorm = 99.5525, lr_0 = 9.9149e-04
Loss = 1.3429e+00, PNorm = 34.0536, GNorm = 32.0663, lr_0 = 9.8382e-04
Loss = 1.0824e+00, PNorm = 34.0579, GNorm = 137.8407, lr_0 = 9.7621e-04
Loss = 1.6033e+00, PNorm = 34.0605, GNorm = 97.6219, lr_0 = 9.6865e-04
Loss = 1.1220e+00, PNorm = 34.0628, GNorm = 54.1149, lr_0 = 9.6116e-04
Loss = 9.8175e-01, PNorm = 34.0672, GNorm = 31.5607, lr_0 = 9.5372e-04
Loss = 1.4729e+00, PNorm = 34.0727, GNorm = 36.7249, lr_0 = 9.4634e-04
Loss = 1.5782e+00, PNorm = 34.0761, GNorm = 202.7567, lr_0 = 9.3901e-04
Loss = 1.1844e+00, PNorm = 34.0802, GNorm = 52.5456, lr_0 = 9.3175e-04
Loss = 1.0360e+00, PNorm = 34.0843, GNorm = 46.6256, lr_0 = 9.2454e-04
Loss = 1.0562e+00, PNorm = 34.0899, GNorm = 62.1571, lr_0 = 9.1738e-04
Loss = 1.0566e+00, PNorm = 34.0940, GNorm = 45.3779, lr_0 = 9.1028e-04
Loss = 9.6057e-01, PNorm = 34.0984, GNorm = 94.4655, lr_0 = 9.0324e-04
Loss = 7.9984e-01, PNorm = 34.1025, GNorm = 51.8705, lr_0 = 8.9625e-04
Loss = 8.0262e-01, PNorm = 34.1080, GNorm = 17.4270, lr_0 = 8.8931e-04
Validation rmse = 1.102391
Epoch 3
Loss = 9.9428e-01, PNorm = 34.1143, GNorm = 24.0363, lr_0 = 8.8175e-04
Loss = 1.0582e+00, PNorm = 34.1185, GNorm = 39.7202, lr_0 = 8.7492e-04
Loss = 7.8885e-01, PNorm = 34.1223, GNorm = 37.1449, lr_0 = 8.6815e-04
Loss = 8.6945e-01, PNorm = 34.1276, GNorm = 64.9914, lr_0 = 8.6144e-04
Loss = 6.4680e-01, PNorm = 34.1334, GNorm = 109.4294, lr_0 = 8.5477e-04
Loss = 6.9506e-01, PNorm = 34.1385, GNorm = 131.0696, lr_0 = 8.4815e-04
Loss = 7.6212e-01, PNorm = 34.1431, GNorm = 36.8296, lr_0 = 8.4159e-04
Loss = 1.1938e+00, PNorm = 34.1470, GNorm = 30.3935, lr_0 = 8.3508e-04
Loss = 1.3928e+00, PNorm = 34.1486, GNorm = 136.2419, lr_0 = 8.2862e-04
Loss = 7.8168e-01, PNorm = 34.1539, GNorm = 42.5519, lr_0 = 8.2220e-04
Loss = 6.8333e-01, PNorm = 34.1601, GNorm = 90.3606, lr_0 = 8.1584e-04
Loss = 7.7919e-01, PNorm = 34.1652, GNorm = 38.2555, lr_0 = 8.0953e-04
Loss = 7.1198e-01, PNorm = 34.1726, GNorm = 115.9270, lr_0 = 8.0326e-04
Loss = 7.5835e-01, PNorm = 34.1768, GNorm = 70.6076, lr_0 = 7.9705e-04
Loss = 8.8170e-01, PNorm = 34.1827, GNorm = 41.4802, lr_0 = 7.9088e-04
Loss = 8.5086e-01, PNorm = 34.1892, GNorm = 83.1047, lr_0 = 7.8476e-04
Validation rmse = 1.134298
Epoch 4
Loss = 9.6861e-01, PNorm = 34.1972, GNorm = 48.0760, lr_0 = 7.7869e-04
Loss = 7.3997e-01, PNorm = 34.2042, GNorm = 33.7442, lr_0 = 7.7266e-04
Loss = 6.8971e-01, PNorm = 34.2125, GNorm = 80.5775, lr_0 = 7.6668e-04
Loss = 8.6814e-01, PNorm = 34.2174, GNorm = 24.1116, lr_0 = 7.6075e-04
Loss = 6.4176e-01, PNorm = 34.2227, GNorm = 77.6379, lr_0 = 7.5486e-04
Loss = 4.7295e-01, PNorm = 34.2268, GNorm = 13.0816, lr_0 = 7.4902e-04
Loss = 4.3770e-01, PNorm = 34.2315, GNorm = 42.3623, lr_0 = 7.4322e-04
Loss = 4.2986e-01, PNorm = 34.2390, GNorm = 48.4333, lr_0 = 7.3747e-04
Loss = 6.0154e-01, PNorm = 34.2483, GNorm = 40.3408, lr_0 = 7.3177e-04
Loss = 3.8590e-01, PNorm = 34.2555, GNorm = 194.9150, lr_0 = 7.2610e-04
Loss = 1.0226e+00, PNorm = 34.2606, GNorm = 23.3594, lr_0 = 7.2048e-04
Loss = 6.4193e-01, PNorm = 34.2656, GNorm = 63.5162, lr_0 = 7.1491e-04
Loss = 6.6303e-01, PNorm = 34.2717, GNorm = 146.5856, lr_0 = 7.0938e-04
Loss = 7.2352e-01, PNorm = 34.2765, GNorm = 19.9445, lr_0 = 7.0389e-04
Loss = 4.9884e-01, PNorm = 34.2816, GNorm = 74.2026, lr_0 = 6.9844e-04
Loss = 5.6177e-01, PNorm = 34.2864, GNorm = 60.5880, lr_0 = 6.9304e-04
Validation rmse = 0.609572
Epoch 5
Loss = 3.0574e-01, PNorm = 34.2945, GNorm = 31.9883, lr_0 = 6.8714e-04
Loss = 6.0389e-01, PNorm = 34.3051, GNorm = 91.8252, lr_0 = 6.8182e-04
Loss = 4.9092e-01, PNorm = 34.3127, GNorm = 60.7259, lr_0 = 6.7655e-04
Loss = 4.0227e-01, PNorm = 34.3183, GNorm = 153.3000, lr_0 = 6.7131e-04
Loss = 5.2806e-01, PNorm = 34.3220, GNorm = 57.6586, lr_0 = 6.6612e-04
Loss = 4.3448e-01, PNorm = 34.3255, GNorm = 45.4973, lr_0 = 6.6096e-04
Loss = 8.0885e-01, PNorm = 34.3312, GNorm = 102.0136, lr_0 = 6.5585e-04
Loss = 9.5338e-01, PNorm = 34.3351, GNorm = 19.2336, lr_0 = 6.5077e-04
Loss = 7.6854e-01, PNorm = 34.3398, GNorm = 39.9977, lr_0 = 6.4573e-04
Loss = 4.7001e-01, PNorm = 34.3469, GNorm = 41.4806, lr_0 = 6.4074e-04
Loss = 2.5141e-01, PNorm = 34.3520, GNorm = 26.4626, lr_0 = 6.3578e-04
Loss = 3.7433e-01, PNorm = 34.3586, GNorm = 46.4823, lr_0 = 6.3086e-04
Loss = 2.5317e-01, PNorm = 34.3662, GNorm = 26.8824, lr_0 = 6.2598e-04
Loss = 3.5064e-01, PNorm = 34.3741, GNorm = 63.5036, lr_0 = 6.2113e-04
Loss = 4.4142e-01, PNorm = 34.3782, GNorm = 62.6554, lr_0 = 6.1633e-04
Validation rmse = 0.480231
Epoch 6
Loss = 2.8016e-01, PNorm = 34.3839, GNorm = 107.1847, lr_0 = 6.1108e-04
Loss = 3.7346e-01, PNorm = 34.3901, GNorm = 14.5389, lr_0 = 6.0635e-04
Loss = 3.6786e-01, PNorm = 34.3942, GNorm = 51.0686, lr_0 = 6.0166e-04
Loss = 2.0952e-01, PNorm = 34.4002, GNorm = 34.0085, lr_0 = 5.9701e-04
Loss = 1.3157e-01, PNorm = 34.4074, GNorm = 21.0908, lr_0 = 5.9239e-04
Loss = 4.2690e-02, PNorm = 34.4146, GNorm = 144.0318, lr_0 = 5.8780e-04
Loss = 3.7748e-01, PNorm = 34.4192, GNorm = 73.2912, lr_0 = 5.8325e-04
Loss = 2.9852e-01, PNorm = 34.4229, GNorm = 61.2268, lr_0 = 5.7874e-04
Loss = 1.1312e-01, PNorm = 34.4288, GNorm = 151.8863, lr_0 = 5.7426e-04
Loss = -3.0281e-02, PNorm = 34.4333, GNorm = 70.0177, lr_0 = 5.6982e-04
Loss = 1.5718e-01, PNorm = 34.4371, GNorm = 42.3843, lr_0 = 5.6541e-04
Loss = 1.7018e-01, PNorm = 34.4405, GNorm = 68.7416, lr_0 = 5.6103e-04
Loss = -4.1089e-02, PNorm = 34.4448, GNorm = 158.9426, lr_0 = 5.5669e-04
Loss = -3.4673e-03, PNorm = 34.4479, GNorm = 71.8140, lr_0 = 5.5238e-04
Loss = 1.6030e-02, PNorm = 34.4515, GNorm = 92.5048, lr_0 = 5.4811e-04
Loss = 2.8255e-02, PNorm = 34.4598, GNorm = 45.9711, lr_0 = 5.4387e-04
Validation rmse = 0.632778
Epoch 7
Loss = 3.2034e-01, PNorm = 34.4646, GNorm = 51.9153, lr_0 = 5.3924e-04
Loss = -1.6792e-02, PNorm = 34.4695, GNorm = 57.4297, lr_0 = 5.3507e-04
Loss = 1.1205e-01, PNorm = 34.4732, GNorm = 103.1096, lr_0 = 5.3093e-04
Loss = 3.5360e-01, PNorm = 34.4753, GNorm = 36.4724, lr_0 = 5.2682e-04
Loss = 9.5694e-02, PNorm = 34.4784, GNorm = 155.5412, lr_0 = 5.2274e-04
Loss = 5.8172e-01, PNorm = 34.4845, GNorm = 44.8765, lr_0 = 5.1870e-04
Loss = 4.5576e-01, PNorm = 34.4892, GNorm = 26.7773, lr_0 = 5.1468e-04
Loss = 2.1509e-01, PNorm = 34.4930, GNorm = 81.0376, lr_0 = 5.1070e-04
Loss = -2.1475e-02, PNorm = 34.4967, GNorm = 75.7588, lr_0 = 5.0675e-04
Loss = 1.2974e-01, PNorm = 34.5018, GNorm = 67.9891, lr_0 = 5.0283e-04
Loss = -1.0612e-01, PNorm = 34.5082, GNorm = 36.5841, lr_0 = 4.9893e-04
Loss = 5.1701e-02, PNorm = 34.5163, GNorm = 123.6396, lr_0 = 4.9507e-04
Loss = 6.8240e-02, PNorm = 34.5188, GNorm = 27.7313, lr_0 = 4.9124e-04
Loss = -1.0484e-01, PNorm = 34.5203, GNorm = 22.2201, lr_0 = 4.8744e-04
Loss = -2.2111e-01, PNorm = 34.5243, GNorm = 64.2646, lr_0 = 4.8367e-04
Loss = 2.2461e-01, PNorm = 34.5259, GNorm = 43.7058, lr_0 = 4.7993e-04
Validation rmse = 0.628513
Epoch 8
Loss = 2.0805e-01, PNorm = 34.5280, GNorm = 27.9625, lr_0 = 4.7621e-04
Loss = -1.4130e-01, PNorm = 34.5350, GNorm = 81.7617, lr_0 = 4.7253e-04
Loss = 1.2405e-01, PNorm = 34.5390, GNorm = 98.2342, lr_0 = 4.6887e-04
Loss = 1.5297e-01, PNorm = 34.5414, GNorm = 35.6371, lr_0 = 4.6524e-04
Loss = -1.4116e-01, PNorm = 34.5449, GNorm = 30.9274, lr_0 = 4.6164e-04
Loss = -2.2108e-01, PNorm = 34.5498, GNorm = 52.4645, lr_0 = 4.5807e-04
Loss = 2.9092e-01, PNorm = 34.5542, GNorm = 109.3745, lr_0 = 4.5452e-04
Loss = 8.9383e-02, PNorm = 34.5569, GNorm = 72.0178, lr_0 = 4.5101e-04
Loss = -1.2195e-01, PNorm = 34.5599, GNorm = 129.7636, lr_0 = 4.4752e-04
Loss = 1.3469e-01, PNorm = 34.5621, GNorm = 118.6986, lr_0 = 4.4405e-04
Loss = -1.2819e-01, PNorm = 34.5657, GNorm = 12.6764, lr_0 = 4.4062e-04
Loss = -1.9028e-01, PNorm = 34.5710, GNorm = 210.5602, lr_0 = 4.3721e-04
Loss = -1.8848e-01, PNorm = 34.5728, GNorm = 58.4885, lr_0 = 4.3382e-04
Loss = -2.2424e-01, PNorm = 34.5755, GNorm = 30.9594, lr_0 = 4.3047e-04
Loss = -1.7690e-01, PNorm = 34.5773, GNorm = 121.4109, lr_0 = 4.2714e-04
Validation rmse = 0.326823
Epoch 9
Loss = -1.1633e-01, PNorm = 34.5785, GNorm = 105.0471, lr_0 = 4.2350e-04
Loss = 2.5755e-02, PNorm = 34.5803, GNorm = 118.5795, lr_0 = 4.2022e-04
Loss = -2.3079e-01, PNorm = 34.5852, GNorm = 31.0268, lr_0 = 4.1697e-04
Loss = -3.3777e-01, PNorm = 34.5895, GNorm = 109.3324, lr_0 = 4.1375e-04
Loss = -6.4013e-02, PNorm = 34.5919, GNorm = 61.3494, lr_0 = 4.1054e-04
Loss = -2.4941e-01, PNorm = 34.5971, GNorm = 124.2560, lr_0 = 4.0737e-04
Loss = -2.6638e-01, PNorm = 34.6006, GNorm = 53.9573, lr_0 = 4.0422e-04
Loss = -1.7011e-01, PNorm = 34.6039, GNorm = 213.9074, lr_0 = 4.0109e-04
Loss = 2.6714e-01, PNorm = 34.6056, GNorm = 30.6879, lr_0 = 3.9798e-04
Loss = 1.6468e-01, PNorm = 34.6086, GNorm = 90.7031, lr_0 = 3.9490e-04
Loss = -1.7761e-01, PNorm = 34.6131, GNorm = 94.7552, lr_0 = 3.9185e-04
Loss = -2.6613e-01, PNorm = 34.6190, GNorm = 93.8120, lr_0 = 3.8882e-04
Loss = -3.6936e-01, PNorm = 34.6233, GNorm = 21.0346, lr_0 = 3.8581e-04
Loss = -4.3408e-01, PNorm = 34.6238, GNorm = 65.6094, lr_0 = 3.8282e-04
Loss = -3.8746e-01, PNorm = 34.6270, GNorm = 105.2920, lr_0 = 3.7986e-04
Loss = -4.2434e-02, PNorm = 34.6314, GNorm = 40.1575, lr_0 = 3.7692e-04
Validation rmse = 0.368833
Epoch 10
Loss = -1.7755e-01, PNorm = 34.6358, GNorm = 35.2756, lr_0 = 3.7371e-04
Loss = -4.6353e-01, PNorm = 34.6414, GNorm = 140.3652, lr_0 = 3.7082e-04
Loss = -4.2993e-01, PNorm = 34.6451, GNorm = 53.5869, lr_0 = 3.6795e-04
Loss = -3.2868e-01, PNorm = 34.6473, GNorm = 21.3303, lr_0 = 3.6510e-04
Loss = -5.4307e-01, PNorm = 34.6477, GNorm = 106.0628, lr_0 = 3.6228e-04
Loss = -1.5179e-01, PNorm = 34.6485, GNorm = 176.1868, lr_0 = 3.5947e-04
Loss = 1.7067e-01, PNorm = 34.6521, GNorm = 48.8703, lr_0 = 3.5669e-04
Loss = -1.2981e-01, PNorm = 34.6547, GNorm = 66.5692, lr_0 = 3.5393e-04
Loss = -4.7084e-01, PNorm = 34.6583, GNorm = 111.4299, lr_0 = 3.5119e-04
Loss = 1.9031e-01, PNorm = 34.6639, GNorm = 146.0028, lr_0 = 3.4848e-04
Loss = -9.7468e-02, PNorm = 34.6658, GNorm = 46.8913, lr_0 = 3.4578e-04
Loss = -2.6837e-01, PNorm = 34.6683, GNorm = 47.2339, lr_0 = 3.4310e-04
Loss = -4.8544e-01, PNorm = 34.6726, GNorm = 41.7488, lr_0 = 3.4045e-04
Loss = 1.4191e-01, PNorm = 34.6734, GNorm = 157.9766, lr_0 = 3.3781e-04
Loss = -1.4336e-01, PNorm = 34.6741, GNorm = 88.7611, lr_0 = 3.3520e-04
Validation rmse = 0.238443
Epoch 11
Loss = -6.5405e-01, PNorm = 34.6759, GNorm = 55.9501, lr_0 = 3.3235e-04
Loss = -2.8683e-01, PNorm = 34.6799, GNorm = 159.2878, lr_0 = 3.2978e-04
Loss = -2.4927e-01, PNorm = 34.6818, GNorm = 14.8123, lr_0 = 3.2722e-04
Loss = -4.9957e-01, PNorm = 34.6846, GNorm = 31.5742, lr_0 = 3.2469e-04
Loss = -1.2865e-01, PNorm = 34.6873, GNorm = 250.1389, lr_0 = 3.2218e-04
Loss = 5.9925e-02, PNorm = 34.6884, GNorm = 77.0757, lr_0 = 3.1969e-04
Loss = -2.1326e-01, PNorm = 34.6901, GNorm = 16.1388, lr_0 = 3.1721e-04
Loss = -4.7282e-01, PNorm = 34.6944, GNorm = 75.0757, lr_0 = 3.1476e-04
Loss = -4.3060e-01, PNorm = 34.6996, GNorm = 204.9811, lr_0 = 3.1232e-04
Loss = -5.3783e-02, PNorm = 34.7024, GNorm = 110.7787, lr_0 = 3.0990e-04
Loss = -2.6575e-01, PNorm = 34.7035, GNorm = 90.8781, lr_0 = 3.0751e-04
Loss = -3.1390e-01, PNorm = 34.7061, GNorm = 22.5930, lr_0 = 3.0513e-04
Loss = -5.5719e-01, PNorm = 34.7106, GNorm = 20.4401, lr_0 = 3.0277e-04
Loss = -5.3155e-01, PNorm = 34.7129, GNorm = 216.9787, lr_0 = 3.0042e-04
Loss = -5.4098e-01, PNorm = 34.7144, GNorm = 189.2968, lr_0 = 2.9810e-04
Loss = -1.7897e-01, PNorm = 34.7164, GNorm = 108.6285, lr_0 = 2.9579e-04
Validation rmse = 0.331372
Epoch 12
Loss = -2.3285e-01, PNorm = 34.7193, GNorm = 83.2873, lr_0 = 2.9350e-04
Loss = -3.6643e-01, PNorm = 34.7205, GNorm = 15.5685, lr_0 = 2.9123e-04
Loss = -6.7449e-01, PNorm = 34.7230, GNorm = 73.8141, lr_0 = 2.8898e-04
Loss = -5.9079e-01, PNorm = 34.7273, GNorm = 149.0481, lr_0 = 2.8674e-04
Loss = -6.1594e-01, PNorm = 34.7324, GNorm = 21.4643, lr_0 = 2.8452e-04
Loss = -6.3050e-01, PNorm = 34.7352, GNorm = 18.3666, lr_0 = 2.8232e-04
Loss = -6.5596e-01, PNorm = 34.7386, GNorm = 70.5429, lr_0 = 2.8014e-04
Loss = -4.8166e-01, PNorm = 34.7430, GNorm = 74.6332, lr_0 = 2.7797e-04
Loss = -6.3844e-01, PNorm = 34.7463, GNorm = 39.4895, lr_0 = 2.7582e-04
Loss = -6.7487e-01, PNorm = 34.7479, GNorm = 293.4489, lr_0 = 2.7368e-04
Loss = -5.2108e-01, PNorm = 34.7504, GNorm = 116.0821, lr_0 = 2.7156e-04
Loss = -6.2878e-01, PNorm = 34.7504, GNorm = 169.1323, lr_0 = 2.6946e-04
Loss = -6.3016e-01, PNorm = 34.7521, GNorm = 181.7111, lr_0 = 2.6738e-04
Loss = -5.6949e-01, PNorm = 34.7529, GNorm = 67.6724, lr_0 = 2.6531e-04
Loss = -4.3627e-01, PNorm = 34.7522, GNorm = 29.2876, lr_0 = 2.6326e-04
Loss = -6.4712e-01, PNorm = 34.7526, GNorm = 84.4044, lr_0 = 2.6122e-04
Validation rmse = 0.243681
Epoch 13
Loss = -6.2364e-01, PNorm = 34.7538, GNorm = 220.2585, lr_0 = 2.5900e-04
Loss = -6.9974e-01, PNorm = 34.7552, GNorm = 149.5514, lr_0 = 2.5699e-04
Loss = -4.6766e-01, PNorm = 34.7559, GNorm = 69.0267, lr_0 = 2.5500e-04
Loss = -5.8915e-01, PNorm = 34.7568, GNorm = 87.0536, lr_0 = 2.5303e-04
Loss = -7.1407e-01, PNorm = 34.7604, GNorm = 40.5029, lr_0 = 2.5107e-04
Loss = -7.0075e-01, PNorm = 34.7626, GNorm = 268.4459, lr_0 = 2.4913e-04
Loss = -3.9849e-01, PNorm = 34.7646, GNorm = 123.1320, lr_0 = 2.4720e-04
Loss = -6.1997e-01, PNorm = 34.7655, GNorm = 113.5384, lr_0 = 2.4529e-04
Loss = -8.2497e-01, PNorm = 34.7680, GNorm = 290.0585, lr_0 = 2.4339e-04
Loss = -5.0447e-01, PNorm = 34.7703, GNorm = 75.1918, lr_0 = 2.4151e-04
Loss = -6.0882e-01, PNorm = 34.7724, GNorm = 28.1898, lr_0 = 2.3964e-04
Loss = -6.0154e-01, PNorm = 34.7722, GNorm = 33.8160, lr_0 = 2.3778e-04
Loss = -6.5820e-01, PNorm = 34.7735, GNorm = 236.4274, lr_0 = 2.3594e-04
Loss = -6.1765e-01, PNorm = 34.7744, GNorm = 135.5138, lr_0 = 2.3412e-04
Loss = -8.2410e-01, PNorm = 34.7768, GNorm = 34.5532, lr_0 = 2.3231e-04
Validation rmse = 0.283593
Epoch 14
Loss = -2.9910e-01, PNorm = 34.7792, GNorm = 228.4950, lr_0 = 2.3033e-04
Loss = -7.3519e-01, PNorm = 34.7811, GNorm = 18.0329, lr_0 = 2.2855e-04
Loss = -6.9119e-01, PNorm = 34.7830, GNorm = 162.2093, lr_0 = 2.2678e-04
Loss = -9.7652e-01, PNorm = 34.7842, GNorm = 46.1439, lr_0 = 2.2502e-04
Loss = -4.5132e-01, PNorm = 34.7862, GNorm = 359.5347, lr_0 = 2.2328e-04
Loss = -1.5010e-01, PNorm = 34.7883, GNorm = 93.4016, lr_0 = 2.2155e-04
Loss = -2.2868e-01, PNorm = 34.7896, GNorm = 59.5976, lr_0 = 2.1984e-04
Loss = -6.1748e-01, PNorm = 34.7907, GNorm = 88.6336, lr_0 = 2.1814e-04
Loss = -7.3179e-01, PNorm = 34.7924, GNorm = 163.1535, lr_0 = 2.1645e-04
Loss = -9.6415e-01, PNorm = 34.7946, GNorm = 45.3788, lr_0 = 2.1478e-04
Loss = -5.5426e-01, PNorm = 34.7969, GNorm = 266.4618, lr_0 = 2.1311e-04
Loss = -4.1732e-01, PNorm = 34.7987, GNorm = 91.7345, lr_0 = 2.1146e-04
Loss = -6.8230e-01, PNorm = 34.8005, GNorm = 21.0976, lr_0 = 2.0983e-04
Loss = -8.7418e-01, PNorm = 34.8016, GNorm = 117.5268, lr_0 = 2.0820e-04
Loss = -4.8801e-01, PNorm = 34.8018, GNorm = 190.3127, lr_0 = 2.0659e-04
Loss = -3.1439e-01, PNorm = 34.8018, GNorm = 72.8329, lr_0 = 2.0499e-04
Validation rmse = 0.267544
Epoch 15
Loss = -4.6171e-01, PNorm = 34.8015, GNorm = 101.1664, lr_0 = 2.0325e-04
Loss = -7.2093e-01, PNorm = 34.8038, GNorm = 204.7074, lr_0 = 2.0168e-04
Loss = -6.7188e-01, PNorm = 34.8061, GNorm = 90.2057, lr_0 = 2.0012e-04
Loss = -8.7506e-01, PNorm = 34.8076, GNorm = 294.2767, lr_0 = 1.9857e-04
Loss = -4.2287e-01, PNorm = 34.8082, GNorm = 164.7917, lr_0 = 1.9703e-04
Loss = -7.1017e-01, PNorm = 34.8090, GNorm = 125.8043, lr_0 = 1.9551e-04
Loss = -9.4159e-01, PNorm = 34.8113, GNorm = 25.5828, lr_0 = 1.9399e-04
Loss = -8.8402e-01, PNorm = 34.8139, GNorm = 341.1666, lr_0 = 1.9249e-04
Loss = -4.6787e-01, PNorm = 34.8148, GNorm = 262.1414, lr_0 = 1.9100e-04
Loss = -5.5371e-01, PNorm = 34.8164, GNorm = 112.9060, lr_0 = 1.8952e-04
Loss = -6.5598e-01, PNorm = 34.8174, GNorm = 150.3951, lr_0 = 1.8806e-04
Loss = -8.6378e-01, PNorm = 34.8181, GNorm = 141.7259, lr_0 = 1.8660e-04
Loss = -7.6488e-01, PNorm = 34.8188, GNorm = 123.7706, lr_0 = 1.8516e-04
Loss = -9.4264e-01, PNorm = 34.8192, GNorm = 81.9581, lr_0 = 1.8373e-04
Loss = -8.2423e-01, PNorm = 34.8200, GNorm = 26.5056, lr_0 = 1.8230e-04
Loss = -8.1380e-01, PNorm = 34.8211, GNorm = 175.6898, lr_0 = 1.8089e-04
Validation rmse = 0.178764
Epoch 16
Loss = -1.0983e+00, PNorm = 34.8231, GNorm = 40.3210, lr_0 = 1.7949e-04
Loss = -9.4272e-01, PNorm = 34.8229, GNorm = 351.1151, lr_0 = 1.7810e-04
Loss = -7.6289e-01, PNorm = 34.8226, GNorm = 271.6308, lr_0 = 1.7673e-04
Loss = -9.4234e-01, PNorm = 34.8234, GNorm = 98.9418, lr_0 = 1.7536e-04
Loss = -8.9243e-01, PNorm = 34.8241, GNorm = 27.1322, lr_0 = 1.7400e-04
Loss = -1.1359e+00, PNorm = 34.8248, GNorm = 65.2861, lr_0 = 1.7266e-04
Loss = -1.0430e+00, PNorm = 34.8276, GNorm = 34.3132, lr_0 = 1.7132e-04
Loss = -1.0523e+00, PNorm = 34.8305, GNorm = 139.8207, lr_0 = 1.6999e-04
Loss = -9.6025e-01, PNorm = 34.8323, GNorm = 304.7462, lr_0 = 1.6868e-04
Loss = -8.4504e-01, PNorm = 34.8337, GNorm = 36.3144, lr_0 = 1.6737e-04
Loss = -8.6326e-01, PNorm = 34.8355, GNorm = 144.0238, lr_0 = 1.6608e-04
Loss = -1.1126e+00, PNorm = 34.8380, GNorm = 182.3758, lr_0 = 1.6479e-04
Loss = -7.1530e-01, PNorm = 34.8393, GNorm = 220.5057, lr_0 = 1.6352e-04
Loss = -8.6220e-01, PNorm = 34.8399, GNorm = 75.8661, lr_0 = 1.6225e-04
Loss = -9.3389e-01, PNorm = 34.8411, GNorm = 266.4382, lr_0 = 1.6100e-04
Validation rmse = 0.216543
Epoch 17
Loss = -3.9503e-01, PNorm = 34.8418, GNorm = 371.7319, lr_0 = 1.5963e-04
Loss = -6.3442e-01, PNorm = 34.8420, GNorm = 70.6066, lr_0 = 1.5839e-04
Loss = -7.3206e-01, PNorm = 34.8423, GNorm = 23.5423, lr_0 = 1.5717e-04
Loss = -8.5246e-01, PNorm = 34.8439, GNorm = 79.1865, lr_0 = 1.5595e-04
Loss = -8.6548e-01, PNorm = 34.8445, GNorm = 325.7362, lr_0 = 1.5474e-04
Loss = -9.9078e-01, PNorm = 34.8451, GNorm = 33.8625, lr_0 = 1.5354e-04
Loss = -1.2138e+00, PNorm = 34.8456, GNorm = 155.2631, lr_0 = 1.5236e-04
Loss = -7.2817e-01, PNorm = 34.8463, GNorm = 420.4881, lr_0 = 1.5118e-04
Loss = -7.9636e-01, PNorm = 34.8481, GNorm = 27.2223, lr_0 = 1.5001e-04
Loss = -8.6473e-01, PNorm = 34.8492, GNorm = 115.0149, lr_0 = 1.4885e-04
Loss = -1.1908e+00, PNorm = 34.8506, GNorm = 179.8166, lr_0 = 1.4769e-04
Loss = -8.1677e-01, PNorm = 34.8526, GNorm = 60.7133, lr_0 = 1.4655e-04
Loss = -1.1004e+00, PNorm = 34.8541, GNorm = 35.2793, lr_0 = 1.4542e-04
Loss = -1.0590e+00, PNorm = 34.8552, GNorm = 156.8614, lr_0 = 1.4429e-04
Loss = -1.0109e+00, PNorm = 34.8567, GNorm = 72.8466, lr_0 = 1.4318e-04
Loss = -1.1397e+00, PNorm = 34.8580, GNorm = 49.8268, lr_0 = 1.4207e-04
Validation rmse = 0.181699
Epoch 18
Loss = -1.1662e+00, PNorm = 34.8591, GNorm = 77.2577, lr_0 = 1.4086e-04
Loss = -9.0614e-01, PNorm = 34.8600, GNorm = 335.1604, lr_0 = 1.3977e-04
Loss = -9.4785e-01, PNorm = 34.8604, GNorm = 95.4040, lr_0 = 1.3869e-04
Loss = -1.0689e+00, PNorm = 34.8623, GNorm = 84.3917, lr_0 = 1.3761e-04
Loss = -1.2265e+00, PNorm = 34.8645, GNorm = 91.8116, lr_0 = 1.3655e-04
Loss = -1.0980e+00, PNorm = 34.8663, GNorm = 415.0150, lr_0 = 1.3549e-04
Loss = -9.7823e-01, PNorm = 34.8676, GNorm = 311.1031, lr_0 = 1.3444e-04
Loss = -8.0253e-01, PNorm = 34.8682, GNorm = 223.1767, lr_0 = 1.3340e-04
Loss = -9.0667e-01, PNorm = 34.8688, GNorm = 152.6671, lr_0 = 1.3237e-04
Loss = -1.0459e+00, PNorm = 34.8699, GNorm = 156.0262, lr_0 = 1.3135e-04
Loss = -1.0730e+00, PNorm = 34.8702, GNorm = 207.7480, lr_0 = 1.3033e-04
Loss = -1.1203e+00, PNorm = 34.8718, GNorm = 207.2763, lr_0 = 1.2932e-04
Loss = -1.1880e+00, PNorm = 34.8736, GNorm = 41.7274, lr_0 = 1.2832e-04
Loss = -9.3686e-01, PNorm = 34.8744, GNorm = 272.7403, lr_0 = 1.2733e-04
Loss = -8.2902e-01, PNorm = 34.8740, GNorm = 188.0960, lr_0 = 1.2634e-04
Validation rmse = 0.208129
Epoch 19
Loss = -9.1296e-01, PNorm = 34.8737, GNorm = 27.0191, lr_0 = 1.2527e-04
Loss = -1.1156e+00, PNorm = 34.8744, GNorm = 36.2710, lr_0 = 1.2430e-04
Loss = -1.2074e+00, PNorm = 34.8757, GNorm = 119.8371, lr_0 = 1.2334e-04
Loss = -9.7866e-01, PNorm = 34.8757, GNorm = 204.9166, lr_0 = 1.2238e-04
Loss = -1.1258e+00, PNorm = 34.8763, GNorm = 153.8378, lr_0 = 1.2144e-04
Loss = -1.2447e+00, PNorm = 34.8771, GNorm = 276.3936, lr_0 = 1.2050e-04
Loss = -1.2440e+00, PNorm = 34.8774, GNorm = 408.9097, lr_0 = 1.1956e-04
Loss = -1.1906e+00, PNorm = 34.8783, GNorm = 126.5828, lr_0 = 1.1864e-04
Loss = -1.1365e+00, PNorm = 34.8791, GNorm = 155.2121, lr_0 = 1.1772e-04
Loss = -1.2353e+00, PNorm = 34.8809, GNorm = 41.9365, lr_0 = 1.1681e-04
Loss = -1.2000e+00, PNorm = 34.8825, GNorm = 148.2453, lr_0 = 1.1591e-04
Loss = -1.2899e+00, PNorm = 34.8836, GNorm = 42.3228, lr_0 = 1.1501e-04
Loss = -1.1770e+00, PNorm = 34.8856, GNorm = 200.8160, lr_0 = 1.1412e-04
Loss = -1.2224e+00, PNorm = 34.8876, GNorm = 187.2087, lr_0 = 1.1324e-04
Loss = -1.3109e+00, PNorm = 34.8889, GNorm = 117.4624, lr_0 = 1.1236e-04
Loss = -1.2294e+00, PNorm = 34.8895, GNorm = 75.5397, lr_0 = 1.1149e-04
Validation rmse = 0.165272
Epoch 20
Loss = -1.1698e+00, PNorm = 34.8901, GNorm = 172.6885, lr_0 = 1.1063e-04
Loss = -1.1743e+00, PNorm = 34.8907, GNorm = 373.1223, lr_0 = 1.0977e-04
Loss = -1.1377e+00, PNorm = 34.8904, GNorm = 34.5689, lr_0 = 1.0892e-04
Loss = -1.2147e+00, PNorm = 34.8910, GNorm = 248.0392, lr_0 = 1.0808e-04
Loss = -1.2498e+00, PNorm = 34.8918, GNorm = 240.6955, lr_0 = 1.0724e-04
Loss = -1.3942e+00, PNorm = 34.8933, GNorm = 59.3628, lr_0 = 1.0641e-04
Loss = -1.3598e+00, PNorm = 34.8945, GNorm = 39.9387, lr_0 = 1.0559e-04
Loss = -1.2371e+00, PNorm = 34.8949, GNorm = 91.3195, lr_0 = 1.0477e-04
Loss = -1.1841e+00, PNorm = 34.8957, GNorm = 147.0543, lr_0 = 1.0396e-04
Loss = -9.9524e-01, PNorm = 34.8974, GNorm = 125.3316, lr_0 = 1.0316e-04
Loss = -1.2689e+00, PNorm = 34.8977, GNorm = 42.9143, lr_0 = 1.0236e-04
Loss = -1.3700e+00, PNorm = 34.8974, GNorm = 234.2239, lr_0 = 1.0157e-04
Loss = -1.2594e+00, PNorm = 34.8983, GNorm = 198.5587, lr_0 = 1.0078e-04
Loss = -1.2075e+00, PNorm = 34.8995, GNorm = 278.7113, lr_0 = 1.0000e-04
Loss = -1.2889e+00, PNorm = 34.9002, GNorm = 68.6891, lr_0 = 9.9226e-05
Loss = -1.3196e+00, PNorm = 34.8996, GNorm = 170.5458, lr_0 = 9.8458e-05
Validation rmse = 0.157895
Epoch 21
Loss = -1.3667e+00, PNorm = 34.9001, GNorm = 466.9343, lr_0 = 9.7621e-05
Loss = -1.1942e+00, PNorm = 34.9012, GNorm = 216.6495, lr_0 = 9.6865e-05
Loss = -1.3927e+00, PNorm = 34.9023, GNorm = 49.5289, lr_0 = 9.6116e-05
Loss = -1.4135e+00, PNorm = 34.9024, GNorm = 147.8385, lr_0 = 9.5372e-05
Loss = -1.3055e+00, PNorm = 34.9023, GNorm = 257.8620, lr_0 = 9.4634e-05
Loss = -1.3515e+00, PNorm = 34.9032, GNorm = 190.0749, lr_0 = 9.3901e-05
Loss = -1.4221e+00, PNorm = 34.9043, GNorm = 137.4350, lr_0 = 9.3175e-05
Loss = -1.0719e+00, PNorm = 34.9052, GNorm = 95.1796, lr_0 = 9.2454e-05
Loss = -1.2464e+00, PNorm = 34.9061, GNorm = 254.2533, lr_0 = 9.1738e-05
Loss = -1.2758e+00, PNorm = 34.9066, GNorm = 308.5602, lr_0 = 9.1028e-05
Loss = -1.4727e+00, PNorm = 34.9071, GNorm = 563.4423, lr_0 = 9.0324e-05
Loss = -9.9661e-01, PNorm = 34.9076, GNorm = 231.1762, lr_0 = 8.9625e-05
Loss = -1.1163e+00, PNorm = 34.9082, GNorm = 164.0206, lr_0 = 8.8931e-05
Loss = -1.2317e+00, PNorm = 34.9089, GNorm = 151.6089, lr_0 = 8.8243e-05
Loss = -1.4002e+00, PNorm = 34.9094, GNorm = 237.3788, lr_0 = 8.7560e-05
Validation rmse = 0.150104
Epoch 22
Loss = -1.3318e+00, PNorm = 34.9106, GNorm = 257.6880, lr_0 = 8.6815e-05
Loss = -1.3273e+00, PNorm = 34.9117, GNorm = 259.5058, lr_0 = 8.6144e-05
Loss = -1.3363e+00, PNorm = 34.9120, GNorm = 236.7878, lr_0 = 8.5477e-05
Loss = -1.2779e+00, PNorm = 34.9127, GNorm = 432.4032, lr_0 = 8.4815e-05
Loss = -1.2130e+00, PNorm = 34.9128, GNorm = 333.2496, lr_0 = 8.4159e-05
Loss = -1.4703e+00, PNorm = 34.9127, GNorm = 42.4512, lr_0 = 8.3508e-05
Loss = -1.3495e+00, PNorm = 34.9130, GNorm = 387.8057, lr_0 = 8.2862e-05
Loss = -1.3002e+00, PNorm = 34.9143, GNorm = 296.4052, lr_0 = 8.2220e-05
Loss = -1.2899e+00, PNorm = 34.9156, GNorm = 261.8000, lr_0 = 8.1584e-05
Loss = -1.3966e+00, PNorm = 34.9166, GNorm = 107.1156, lr_0 = 8.0953e-05
Loss = -1.4173e+00, PNorm = 34.9171, GNorm = 128.9327, lr_0 = 8.0326e-05
Loss = -1.3233e+00, PNorm = 34.9182, GNorm = 473.9211, lr_0 = 7.9705e-05
Loss = -9.1242e-01, PNorm = 34.9190, GNorm = 345.7711, lr_0 = 7.9088e-05
Loss = -1.1236e+00, PNorm = 34.9198, GNorm = 280.9568, lr_0 = 7.8476e-05
Loss = -1.2849e+00, PNorm = 34.9203, GNorm = 233.9834, lr_0 = 7.7869e-05
Loss = -1.4242e+00, PNorm = 34.9206, GNorm = 69.5404, lr_0 = 7.7266e-05
Validation rmse = 0.140124
Epoch 23
Loss = -1.4506e+00, PNorm = 34.9213, GNorm = 343.7356, lr_0 = 7.6609e-05
Loss = -1.2824e+00, PNorm = 34.9215, GNorm = 54.5043, lr_0 = 7.6016e-05
Loss = -1.3642e+00, PNorm = 34.9220, GNorm = 312.8572, lr_0 = 7.5428e-05
Loss = -1.5207e+00, PNorm = 34.9222, GNorm = 162.9585, lr_0 = 7.4844e-05
Loss = -1.4972e+00, PNorm = 34.9225, GNorm = 246.8694, lr_0 = 7.4265e-05
Loss = -1.2203e+00, PNorm = 34.9228, GNorm = 288.2908, lr_0 = 7.3690e-05
Loss = -1.5046e+00, PNorm = 34.9231, GNorm = 55.5286, lr_0 = 7.3120e-05
Loss = -1.4846e+00, PNorm = 34.9237, GNorm = 537.7162, lr_0 = 7.2554e-05
Loss = -1.5157e+00, PNorm = 34.9239, GNorm = 301.0462, lr_0 = 7.1993e-05
Loss = -1.5031e+00, PNorm = 34.9247, GNorm = 309.0368, lr_0 = 7.1435e-05
Loss = -1.3480e+00, PNorm = 34.9251, GNorm = 406.1328, lr_0 = 7.0883e-05
Loss = -1.3419e+00, PNorm = 34.9257, GNorm = 397.4253, lr_0 = 7.0334e-05
Loss = -1.3832e+00, PNorm = 34.9257, GNorm = 207.8439, lr_0 = 6.9790e-05
Loss = -1.5923e+00, PNorm = 34.9263, GNorm = 342.4404, lr_0 = 6.9250e-05
Loss = -1.3032e+00, PNorm = 34.9267, GNorm = 257.4272, lr_0 = 6.8714e-05
Loss = -1.4053e+00, PNorm = 34.9270, GNorm = 178.0220, lr_0 = 6.8182e-05
Validation rmse = 0.142454
Epoch 24
Loss = -1.5602e+00, PNorm = 34.9269, GNorm = 251.3353, lr_0 = 6.7655e-05
Loss = -1.5260e+00, PNorm = 34.9269, GNorm = 329.8577, lr_0 = 6.7131e-05
Loss = -1.5369e+00, PNorm = 34.9273, GNorm = 324.8357, lr_0 = 6.6612e-05
Loss = -1.3934e+00, PNorm = 34.9273, GNorm = 421.7321, lr_0 = 6.6096e-05
Loss = -1.3760e+00, PNorm = 34.9279, GNorm = 543.4090, lr_0 = 6.5585e-05
Loss = -1.3721e+00, PNorm = 34.9283, GNorm = 256.6155, lr_0 = 6.5077e-05
Loss = -1.5043e+00, PNorm = 34.9284, GNorm = 388.6249, lr_0 = 6.4573e-05
Loss = -1.4440e+00, PNorm = 34.9290, GNorm = 300.4246, lr_0 = 6.4074e-05
Loss = -1.4229e+00, PNorm = 34.9297, GNorm = 68.2546, lr_0 = 6.3578e-05
Loss = -1.5255e+00, PNorm = 34.9300, GNorm = 312.6181, lr_0 = 6.3086e-05
Loss = -1.5142e+00, PNorm = 34.9303, GNorm = 371.1394, lr_0 = 6.2598e-05
Loss = -1.5039e+00, PNorm = 34.9307, GNorm = 55.0327, lr_0 = 6.2113e-05
Loss = -1.5385e+00, PNorm = 34.9308, GNorm = 144.2498, lr_0 = 6.1633e-05
Loss = -1.5712e+00, PNorm = 34.9313, GNorm = 55.3536, lr_0 = 6.1156e-05
Loss = -1.4887e+00, PNorm = 34.9323, GNorm = 379.8330, lr_0 = 6.0682e-05
Validation rmse = 0.142965
Epoch 25
Loss = -1.3781e+00, PNorm = 34.9323, GNorm = 444.8956, lr_0 = 6.0166e-05
Loss = -1.3456e+00, PNorm = 34.9324, GNorm = 176.2989, lr_0 = 5.9701e-05
Loss = -1.5441e+00, PNorm = 34.9330, GNorm = 71.3553, lr_0 = 5.9239e-05
Loss = -1.6158e+00, PNorm = 34.9334, GNorm = 160.1480, lr_0 = 5.8780e-05
Loss = -1.6253e+00, PNorm = 34.9338, GNorm = 73.7416, lr_0 = 5.8325e-05
Loss = -1.5713e+00, PNorm = 34.9349, GNorm = 327.3797, lr_0 = 5.7874e-05
Loss = -1.5265e+00, PNorm = 34.9352, GNorm = 91.9643, lr_0 = 5.7426e-05
Loss = -1.5626e+00, PNorm = 34.9356, GNorm = 159.2453, lr_0 = 5.6982e-05
Loss = -1.5897e+00, PNorm = 34.9360, GNorm = 262.1406, lr_0 = 5.6541e-05
Loss = -1.5997e+00, PNorm = 34.9358, GNorm = 347.2244, lr_0 = 5.6103e-05
Loss = -1.5922e+00, PNorm = 34.9363, GNorm = 377.4329, lr_0 = 5.5669e-05
Loss = -1.5459e+00, PNorm = 34.9369, GNorm = 127.3875, lr_0 = 5.5238e-05
Loss = -1.5126e+00, PNorm = 34.9373, GNorm = 303.7349, lr_0 = 5.4811e-05
Loss = -1.5012e+00, PNorm = 34.9378, GNorm = 399.3303, lr_0 = 5.4387e-05
Loss = -1.4109e+00, PNorm = 34.9378, GNorm = 51.4071, lr_0 = 5.3966e-05
Loss = -1.5944e+00, PNorm = 34.9380, GNorm = 152.3611, lr_0 = 5.3548e-05
Validation rmse = 0.130807
Epoch 26
Loss = -1.5584e+00, PNorm = 34.9385, GNorm = 170.5521, lr_0 = 5.3093e-05
Loss = -1.6700e+00, PNorm = 34.9390, GNorm = 340.3266, lr_0 = 5.2682e-05
Loss = -1.4557e+00, PNorm = 34.9395, GNorm = 265.3316, lr_0 = 5.2274e-05
Loss = -1.6544e+00, PNorm = 34.9401, GNorm = 57.3493, lr_0 = 5.1870e-05
Loss = -1.7365e+00, PNorm = 34.9406, GNorm = 174.1375, lr_0 = 5.1468e-05
Loss = -1.6916e+00, PNorm = 34.9410, GNorm = 223.1739, lr_0 = 5.1070e-05
Loss = -1.6252e+00, PNorm = 34.9416, GNorm = 131.2324, lr_0 = 5.0675e-05
Loss = -1.6872e+00, PNorm = 34.9419, GNorm = 199.6545, lr_0 = 5.0283e-05
Loss = -1.5704e+00, PNorm = 34.9426, GNorm = 300.1946, lr_0 = 4.9893e-05
Loss = -1.5677e+00, PNorm = 34.9429, GNorm = 76.0640, lr_0 = 4.9507e-05
Loss = -1.6680e+00, PNorm = 34.9433, GNorm = 124.1296, lr_0 = 4.9124e-05
Loss = -1.4246e+00, PNorm = 34.9433, GNorm = 501.1753, lr_0 = 4.8744e-05
Loss = -1.5869e+00, PNorm = 34.9435, GNorm = 68.7907, lr_0 = 4.8367e-05
Loss = -1.6546e+00, PNorm = 34.9441, GNorm = 47.9744, lr_0 = 4.7993e-05
Loss = -1.7046e+00, PNorm = 34.9446, GNorm = 90.2836, lr_0 = 4.7621e-05
Validation rmse = 0.132295
Epoch 27
Loss = -1.6298e+00, PNorm = 34.9448, GNorm = 721.9685, lr_0 = 4.7216e-05
Loss = -1.4414e+00, PNorm = 34.9448, GNorm = 626.9688, lr_0 = 4.6851e-05
Loss = -1.5893e+00, PNorm = 34.9452, GNorm = 58.2323, lr_0 = 4.6488e-05
Loss = -1.6704e+00, PNorm = 34.9457, GNorm = 83.6335, lr_0 = 4.6128e-05
Loss = -1.7125e+00, PNorm = 34.9458, GNorm = 373.9919, lr_0 = 4.5771e-05
Loss = -1.6562e+00, PNorm = 34.9462, GNorm = 393.2422, lr_0 = 4.5417e-05
Loss = -1.6838e+00, PNorm = 34.9460, GNorm = 653.1970, lr_0 = 4.5066e-05
Loss = -1.5285e+00, PNorm = 34.9464, GNorm = 455.2035, lr_0 = 4.4717e-05
Loss = -1.6280e+00, PNorm = 34.9468, GNorm = 126.9944, lr_0 = 4.4371e-05
Loss = -1.6227e+00, PNorm = 34.9470, GNorm = 239.1481, lr_0 = 4.4028e-05
Loss = -1.6295e+00, PNorm = 34.9471, GNorm = 302.3195, lr_0 = 4.3687e-05
Loss = -1.6287e+00, PNorm = 34.9472, GNorm = 71.5744, lr_0 = 4.3349e-05
Loss = -1.4762e+00, PNorm = 34.9473, GNorm = 560.2499, lr_0 = 4.3013e-05
Loss = -1.6052e+00, PNorm = 34.9476, GNorm = 174.2485, lr_0 = 4.2680e-05
Loss = -1.6625e+00, PNorm = 34.9480, GNorm = 170.7315, lr_0 = 4.2350e-05
Loss = -1.7489e+00, PNorm = 34.9484, GNorm = 333.4808, lr_0 = 4.2022e-05
Validation rmse = 0.156778
Epoch 28
Loss = -1.2632e+00, PNorm = 34.9491, GNorm = 414.4224, lr_0 = 4.1697e-05
Loss = -1.5669e+00, PNorm = 34.9496, GNorm = 155.1081, lr_0 = 4.1375e-05
Loss = -1.6567e+00, PNorm = 34.9497, GNorm = 145.1997, lr_0 = 4.1054e-05
Loss = -1.6554e+00, PNorm = 34.9500, GNorm = 286.6656, lr_0 = 4.0737e-05
Loss = -1.7795e+00, PNorm = 34.9500, GNorm = 389.5791, lr_0 = 4.0422e-05
Loss = -1.6493e+00, PNorm = 34.9500, GNorm = 277.4607, lr_0 = 4.0109e-05
Loss = -1.6940e+00, PNorm = 34.9503, GNorm = 58.5020, lr_0 = 3.9798e-05
Loss = -1.7880e+00, PNorm = 34.9506, GNorm = 355.5617, lr_0 = 3.9490e-05
Loss = -1.6907e+00, PNorm = 34.9507, GNorm = 562.7351, lr_0 = 3.9185e-05
Loss = -1.6024e+00, PNorm = 34.9511, GNorm = 447.3786, lr_0 = 3.8882e-05
Loss = -1.5948e+00, PNorm = 34.9515, GNorm = 498.5845, lr_0 = 3.8581e-05
Loss = -1.5518e+00, PNorm = 34.9518, GNorm = 396.3626, lr_0 = 3.8282e-05
Loss = -1.7684e+00, PNorm = 34.9521, GNorm = 146.0580, lr_0 = 3.7986e-05
Loss = -1.6857e+00, PNorm = 34.9524, GNorm = 422.3452, lr_0 = 3.7692e-05
Loss = -1.7215e+00, PNorm = 34.9527, GNorm = 319.3883, lr_0 = 3.7400e-05
Loss = -1.7836e+00, PNorm = 34.9528, GNorm = 376.0467, lr_0 = 3.7111e-05
Validation rmse = 0.126734
Epoch 29
Loss = -1.8083e+00, PNorm = 34.9530, GNorm = 157.0011, lr_0 = 3.6795e-05
Loss = -1.6756e+00, PNorm = 34.9533, GNorm = 116.8844, lr_0 = 3.6510e-05
Loss = -1.5620e+00, PNorm = 34.9533, GNorm = 684.5762, lr_0 = 3.6228e-05
Loss = -1.6316e+00, PNorm = 34.9535, GNorm = 391.6844, lr_0 = 3.5947e-05
Loss = -1.6763e+00, PNorm = 34.9537, GNorm = 41.5043, lr_0 = 3.5669e-05
Loss = -1.7890e+00, PNorm = 34.9538, GNorm = 163.1514, lr_0 = 3.5393e-05
Loss = -1.8246e+00, PNorm = 34.9540, GNorm = 153.1485, lr_0 = 3.5119e-05
Loss = -1.6551e+00, PNorm = 34.9543, GNorm = 371.0753, lr_0 = 3.4848e-05
Loss = -1.5195e+00, PNorm = 34.9543, GNorm = 729.1085, lr_0 = 3.4578e-05
Loss = -1.5586e+00, PNorm = 34.9546, GNorm = 142.2680, lr_0 = 3.4310e-05
Loss = -1.6737e+00, PNorm = 34.9549, GNorm = 276.0302, lr_0 = 3.4045e-05
Loss = -1.6822e+00, PNorm = 34.9553, GNorm = 318.4520, lr_0 = 3.3781e-05
Loss = -1.8051e+00, PNorm = 34.9556, GNorm = 53.2561, lr_0 = 3.3520e-05
Loss = -1.7772e+00, PNorm = 34.9554, GNorm = 146.4869, lr_0 = 3.3261e-05
Loss = -1.8695e+00, PNorm = 34.9555, GNorm = 170.3659, lr_0 = 3.3003e-05
Validation rmse = 0.134770
Epoch 30
Loss = -1.5574e+00, PNorm = 34.9558, GNorm = 269.2690, lr_0 = 3.2722e-05
Loss = -1.5307e+00, PNorm = 34.9561, GNorm = 517.5347, lr_0 = 3.2469e-05
Loss = -1.5655e+00, PNorm = 34.9564, GNorm = 550.9817, lr_0 = 3.2218e-05
Loss = -1.6858e+00, PNorm = 34.9565, GNorm = 247.4208, lr_0 = 3.1969e-05
Loss = -1.7402e+00, PNorm = 34.9567, GNorm = 114.7439, lr_0 = 3.1721e-05
Loss = -1.7522e+00, PNorm = 34.9569, GNorm = 536.3567, lr_0 = 3.1476e-05
Loss = -1.7440e+00, PNorm = 34.9570, GNorm = 401.1271, lr_0 = 3.1232e-05
Loss = -1.6654e+00, PNorm = 34.9572, GNorm = 417.6058, lr_0 = 3.0990e-05
Loss = -1.9028e+00, PNorm = 34.9575, GNorm = 619.5450, lr_0 = 3.0751e-05
Loss = -1.7412e+00, PNorm = 34.9576, GNorm = 135.4097, lr_0 = 3.0513e-05
Loss = -1.7744e+00, PNorm = 34.9579, GNorm = 101.4897, lr_0 = 3.0277e-05
Loss = -1.8992e+00, PNorm = 34.9581, GNorm = 119.2938, lr_0 = 3.0042e-05
Loss = -1.7953e+00, PNorm = 34.9583, GNorm = 318.5526, lr_0 = 2.9810e-05
Loss = -1.8431e+00, PNorm = 34.9583, GNorm = 99.7746, lr_0 = 2.9579e-05
Loss = -1.7692e+00, PNorm = 34.9585, GNorm = 145.8201, lr_0 = 2.9350e-05
Loss = -1.7370e+00, PNorm = 34.9588, GNorm = 348.4837, lr_0 = 2.9123e-05
Validation rmse = 0.125031
Epoch 31
Loss = -1.8105e+00, PNorm = 34.9591, GNorm = 336.9363, lr_0 = 2.8875e-05
Loss = -1.8450e+00, PNorm = 34.9591, GNorm = 294.5054, lr_0 = 2.8652e-05
Loss = -1.7580e+00, PNorm = 34.9593, GNorm = 419.3453, lr_0 = 2.8430e-05
Loss = -1.9602e+00, PNorm = 34.9597, GNorm = 62.9250, lr_0 = 2.8210e-05
Loss = -1.7729e+00, PNorm = 34.9598, GNorm = 197.0131, lr_0 = 2.7992e-05
Loss = -1.8721e+00, PNorm = 34.9602, GNorm = 259.9208, lr_0 = 2.7775e-05
Loss = -1.7694e+00, PNorm = 34.9603, GNorm = 121.6316, lr_0 = 2.7560e-05
Loss = -1.6937e+00, PNorm = 34.9605, GNorm = 317.6611, lr_0 = 2.7347e-05
Loss = -1.8048e+00, PNorm = 34.9607, GNorm = 228.9175, lr_0 = 2.7135e-05
Loss = -1.7295e+00, PNorm = 34.9609, GNorm = 370.7818, lr_0 = 2.6925e-05
Loss = -1.8737e+00, PNorm = 34.9611, GNorm = 255.0954, lr_0 = 2.6717e-05
Loss = -1.8673e+00, PNorm = 34.9612, GNorm = 350.2605, lr_0 = 2.6510e-05
Loss = -1.8683e+00, PNorm = 34.9612, GNorm = 354.5131, lr_0 = 2.6305e-05
Loss = -1.6903e+00, PNorm = 34.9613, GNorm = 126.4953, lr_0 = 2.6102e-05
Loss = -1.5906e+00, PNorm = 34.9615, GNorm = 255.4620, lr_0 = 2.5900e-05
Loss = -1.7332e+00, PNorm = 34.9616, GNorm = 232.2796, lr_0 = 2.5699e-05
Validation rmse = 0.123939
Epoch 32
Loss = -1.8188e+00, PNorm = 34.9618, GNorm = 154.3777, lr_0 = 2.5500e-05
Loss = -1.8744e+00, PNorm = 34.9619, GNorm = 165.5705, lr_0 = 2.5303e-05
Loss = -1.9343e+00, PNorm = 34.9621, GNorm = 157.2925, lr_0 = 2.5107e-05
Loss = -1.8767e+00, PNorm = 34.9623, GNorm = 99.3621, lr_0 = 2.4913e-05
Loss = -1.8278e+00, PNorm = 34.9626, GNorm = 189.3423, lr_0 = 2.4720e-05
Loss = -1.8559e+00, PNorm = 34.9629, GNorm = 460.5510, lr_0 = 2.4529e-05
Loss = -1.8569e+00, PNorm = 34.9630, GNorm = 606.7725, lr_0 = 2.4339e-05
Loss = -1.8407e+00, PNorm = 34.9633, GNorm = 545.3280, lr_0 = 2.4151e-05
Loss = -1.8465e+00, PNorm = 34.9634, GNorm = 257.7387, lr_0 = 2.3964e-05
Loss = -1.8879e+00, PNorm = 34.9635, GNorm = 82.1248, lr_0 = 2.3778e-05
Loss = -1.8196e+00, PNorm = 34.9635, GNorm = 417.1280, lr_0 = 2.3594e-05
Loss = -1.8539e+00, PNorm = 34.9637, GNorm = 118.0205, lr_0 = 2.3412e-05
Loss = -1.8586e+00, PNorm = 34.9640, GNorm = 378.7967, lr_0 = 2.3231e-05
Loss = -1.9310e+00, PNorm = 34.9642, GNorm = 223.0522, lr_0 = 2.3051e-05
Loss = -1.8912e+00, PNorm = 34.9645, GNorm = 285.0178, lr_0 = 2.2872e-05
Validation rmse = 0.128017
Epoch 33
Loss = -1.7227e+00, PNorm = 34.9646, GNorm = 721.5930, lr_0 = 2.2678e-05
Loss = -1.6576e+00, PNorm = 34.9647, GNorm = 704.3798, lr_0 = 2.2502e-05
Loss = -1.7252e+00, PNorm = 34.9649, GNorm = 537.9369, lr_0 = 2.2328e-05
Loss = -1.8105e+00, PNorm = 34.9650, GNorm = 68.1330, lr_0 = 2.2155e-05
Loss = -1.8215e+00, PNorm = 34.9652, GNorm = 574.0374, lr_0 = 2.1984e-05
Loss = -1.8516e+00, PNorm = 34.9652, GNorm = 134.1108, lr_0 = 2.1814e-05
Loss = -1.8375e+00, PNorm = 34.9651, GNorm = 331.6810, lr_0 = 2.1645e-05
Loss = -1.8181e+00, PNorm = 34.9652, GNorm = 266.8810, lr_0 = 2.1478e-05
Loss = -1.6571e+00, PNorm = 34.9653, GNorm = 404.0882, lr_0 = 2.1311e-05
Loss = -1.6759e+00, PNorm = 34.9654, GNorm = 777.2234, lr_0 = 2.1146e-05
Loss = -1.8988e+00, PNorm = 34.9656, GNorm = 64.4704, lr_0 = 2.0983e-05
Loss = -1.8870e+00, PNorm = 34.9657, GNorm = 238.8556, lr_0 = 2.0820e-05
Loss = -1.8670e+00, PNorm = 34.9659, GNorm = 110.1271, lr_0 = 2.0659e-05
Loss = -1.8652e+00, PNorm = 34.9660, GNorm = 656.3413, lr_0 = 2.0499e-05
Loss = -1.9586e+00, PNorm = 34.9660, GNorm = 395.7576, lr_0 = 2.0341e-05
Loss = -1.6783e+00, PNorm = 34.9662, GNorm = 267.5708, lr_0 = 2.0183e-05
Validation rmse = 0.121701
Epoch 34
Loss = -1.8947e+00, PNorm = 34.9661, GNorm = 239.7988, lr_0 = 2.0012e-05
Loss = -1.9093e+00, PNorm = 34.9662, GNorm = 145.1700, lr_0 = 1.9857e-05
Loss = -1.9573e+00, PNorm = 34.9664, GNorm = 103.0865, lr_0 = 1.9703e-05
Loss = -1.9869e+00, PNorm = 34.9667, GNorm = 205.2264, lr_0 = 1.9551e-05
Loss = -1.8973e+00, PNorm = 34.9669, GNorm = 431.8745, lr_0 = 1.9399e-05
Loss = -1.9038e+00, PNorm = 34.9670, GNorm = 95.7975, lr_0 = 1.9249e-05
Loss = -1.7791e+00, PNorm = 34.9671, GNorm = 810.0151, lr_0 = 1.9100e-05
Loss = -1.6607e+00, PNorm = 34.9673, GNorm = 681.1007, lr_0 = 1.8952e-05
Loss = -1.8751e+00, PNorm = 34.9675, GNorm = 380.9339, lr_0 = 1.8806e-05
Loss = -1.9119e+00, PNorm = 34.9677, GNorm = 62.3780, lr_0 = 1.8660e-05
Loss = -1.8859e+00, PNorm = 34.9680, GNorm = 53.1931, lr_0 = 1.8516e-05
Loss = -1.9122e+00, PNorm = 34.9681, GNorm = 113.0326, lr_0 = 1.8373e-05
Loss = -1.9650e+00, PNorm = 34.9683, GNorm = 163.0342, lr_0 = 1.8230e-05
Loss = -1.9339e+00, PNorm = 34.9683, GNorm = 114.0278, lr_0 = 1.8089e-05
Loss = -1.9650e+00, PNorm = 34.9684, GNorm = 70.2778, lr_0 = 1.7949e-05
Validation rmse = 0.123086
Epoch 35
Loss = -1.9844e+00, PNorm = 34.9686, GNorm = 550.2546, lr_0 = 1.7797e-05
Loss = -1.8896e+00, PNorm = 34.9687, GNorm = 248.4204, lr_0 = 1.7659e-05
Loss = -1.9640e+00, PNorm = 34.9688, GNorm = 249.4662, lr_0 = 1.7522e-05
Loss = -1.9264e+00, PNorm = 34.9688, GNorm = 337.2517, lr_0 = 1.7387e-05
Loss = -1.9882e+00, PNorm = 34.9688, GNorm = 119.2761, lr_0 = 1.7252e-05
Loss = -1.9558e+00, PNorm = 34.9690, GNorm = 181.8682, lr_0 = 1.7119e-05
Loss = -1.9973e+00, PNorm = 34.9692, GNorm = 299.9487, lr_0 = 1.6986e-05
Loss = -1.9195e+00, PNorm = 34.9694, GNorm = 625.3364, lr_0 = 1.6855e-05
Loss = -1.9222e+00, PNorm = 34.9694, GNorm = 568.4957, lr_0 = 1.6724e-05
Loss = -1.9767e+00, PNorm = 34.9696, GNorm = 222.6688, lr_0 = 1.6595e-05
Loss = -2.0025e+00, PNorm = 34.9697, GNorm = 341.0779, lr_0 = 1.6466e-05
Loss = -2.0484e+00, PNorm = 34.9698, GNorm = 111.7250, lr_0 = 1.6339e-05
Loss = -1.8184e+00, PNorm = 34.9698, GNorm = 128.8092, lr_0 = 1.6213e-05
Loss = -1.9332e+00, PNorm = 34.9700, GNorm = 124.9072, lr_0 = 1.6087e-05
Loss = -1.9409e+00, PNorm = 34.9702, GNorm = 242.2036, lr_0 = 1.5963e-05
Loss = -1.9232e+00, PNorm = 34.9703, GNorm = 232.9482, lr_0 = 1.5839e-05
Validation rmse = 0.119731
Epoch 36
Loss = -1.9844e+00, PNorm = 34.9702, GNorm = 98.5140, lr_0 = 1.5717e-05
Loss = -2.0953e+00, PNorm = 34.9702, GNorm = 522.5059, lr_0 = 1.5595e-05
Loss = -1.9592e+00, PNorm = 34.9702, GNorm = 360.4831, lr_0 = 1.5474e-05
Loss = -1.9920e+00, PNorm = 34.9703, GNorm = 61.6066, lr_0 = 1.5354e-05
Loss = -2.0231e+00, PNorm = 34.9705, GNorm = 442.4484, lr_0 = 1.5236e-05
Loss = -2.0256e+00, PNorm = 34.9707, GNorm = 396.1426, lr_0 = 1.5118e-05
Loss = -1.9753e+00, PNorm = 34.9709, GNorm = 318.9933, lr_0 = 1.5001e-05
Loss = -2.0356e+00, PNorm = 34.9710, GNorm = 149.4866, lr_0 = 1.4885e-05
Loss = -1.9054e+00, PNorm = 34.9710, GNorm = 280.0736, lr_0 = 1.4769e-05
Loss = -1.9421e+00, PNorm = 34.9710, GNorm = 294.5112, lr_0 = 1.4655e-05
Loss = -1.9312e+00, PNorm = 34.9711, GNorm = 453.7982, lr_0 = 1.4542e-05
Loss = -1.8700e+00, PNorm = 34.9714, GNorm = 380.5404, lr_0 = 1.4429e-05
Loss = -2.0119e+00, PNorm = 34.9714, GNorm = 75.1460, lr_0 = 1.4318e-05
Loss = -1.9986e+00, PNorm = 34.9715, GNorm = 592.9031, lr_0 = 1.4207e-05
Loss = -1.9782e+00, PNorm = 34.9716, GNorm = 137.9733, lr_0 = 1.4097e-05
Loss = -1.9385e+00, PNorm = 34.9717, GNorm = 116.7139, lr_0 = 1.3988e-05
Validation rmse = 0.120416
Epoch 37
Loss = -2.0083e+00, PNorm = 34.9718, GNorm = 271.9797, lr_0 = 1.3869e-05
Loss = -1.9252e+00, PNorm = 34.9720, GNorm = 96.6367, lr_0 = 1.3761e-05
Loss = -1.9564e+00, PNorm = 34.9721, GNorm = 459.4786, lr_0 = 1.3655e-05
Loss = -1.9877e+00, PNorm = 34.9722, GNorm = 140.8414, lr_0 = 1.3549e-05
Loss = -1.9660e+00, PNorm = 34.9723, GNorm = 428.1091, lr_0 = 1.3444e-05
Loss = -2.0480e+00, PNorm = 34.9724, GNorm = 467.2764, lr_0 = 1.3340e-05
Loss = -2.0483e+00, PNorm = 34.9725, GNorm = 155.5693, lr_0 = 1.3237e-05
Loss = -1.9217e+00, PNorm = 34.9726, GNorm = 324.1390, lr_0 = 1.3135e-05
Loss = -1.9790e+00, PNorm = 34.9727, GNorm = 85.4296, lr_0 = 1.3033e-05
Loss = -1.8944e+00, PNorm = 34.9727, GNorm = 105.8781, lr_0 = 1.2932e-05
Loss = -1.9106e+00, PNorm = 34.9727, GNorm = 191.1672, lr_0 = 1.2832e-05
Loss = -1.9311e+00, PNorm = 34.9727, GNorm = 448.9339, lr_0 = 1.2733e-05
Loss = -2.0753e+00, PNorm = 34.9729, GNorm = 170.1371, lr_0 = 1.2634e-05
Loss = -2.1401e+00, PNorm = 34.9731, GNorm = 113.2909, lr_0 = 1.2537e-05
Loss = -2.0364e+00, PNorm = 34.9732, GNorm = 256.3185, lr_0 = 1.2440e-05
Validation rmse = 0.120085
Epoch 38
Loss = -1.9020e+00, PNorm = 34.9732, GNorm = 180.1226, lr_0 = 1.2334e-05
Loss = -2.0255e+00, PNorm = 34.9733, GNorm = 393.3560, lr_0 = 1.2238e-05
Loss = -2.1082e+00, PNorm = 34.9733, GNorm = 393.3763, lr_0 = 1.2144e-05
Loss = -1.8920e+00, PNorm = 34.9734, GNorm = 71.6757, lr_0 = 1.2050e-05
Loss = -2.0610e+00, PNorm = 34.9735, GNorm = 411.2408, lr_0 = 1.1956e-05
Loss = -1.9778e+00, PNorm = 34.9735, GNorm = 182.8990, lr_0 = 1.1864e-05
Loss = -2.0659e+00, PNorm = 34.9735, GNorm = 98.5724, lr_0 = 1.1772e-05
Loss = -2.0137e+00, PNorm = 34.9736, GNorm = 546.6181, lr_0 = 1.1681e-05
Loss = -2.0575e+00, PNorm = 34.9737, GNorm = 290.5861, lr_0 = 1.1591e-05
Loss = -1.7633e+00, PNorm = 34.9737, GNorm = 800.6742, lr_0 = 1.1501e-05
Loss = -1.8770e+00, PNorm = 34.9737, GNorm = 270.0904, lr_0 = 1.1412e-05
Loss = -1.8927e+00, PNorm = 34.9738, GNorm = 337.9421, lr_0 = 1.1324e-05
Loss = -1.9348e+00, PNorm = 34.9738, GNorm = 203.7143, lr_0 = 1.1236e-05
Loss = -1.9911e+00, PNorm = 34.9738, GNorm = 65.5456, lr_0 = 1.1149e-05
Loss = -2.0407e+00, PNorm = 34.9739, GNorm = 78.2326, lr_0 = 1.1063e-05
Loss = -1.9824e+00, PNorm = 34.9739, GNorm = 85.2360, lr_0 = 1.0977e-05
Validation rmse = 0.119316
Epoch 39
Loss = -2.0929e+00, PNorm = 34.9740, GNorm = 138.3946, lr_0 = 1.0884e-05
Loss = -1.9967e+00, PNorm = 34.9740, GNorm = 390.2334, lr_0 = 1.0799e-05
Loss = -2.1078e+00, PNorm = 34.9741, GNorm = 242.7082, lr_0 = 1.0716e-05
Loss = -1.9933e+00, PNorm = 34.9741, GNorm = 170.6440, lr_0 = 1.0633e-05
Loss = -1.9465e+00, PNorm = 34.9742, GNorm = 673.3655, lr_0 = 1.0551e-05
Loss = -2.1818e+00, PNorm = 34.9742, GNorm = 271.9900, lr_0 = 1.0469e-05
Loss = -2.1346e+00, PNorm = 34.9744, GNorm = 169.9671, lr_0 = 1.0388e-05
Loss = -1.9744e+00, PNorm = 34.9745, GNorm = 202.3553, lr_0 = 1.0308e-05
Loss = -2.0332e+00, PNorm = 34.9746, GNorm = 99.1345, lr_0 = 1.0228e-05
Loss = -2.0261e+00, PNorm = 34.9746, GNorm = 441.4001, lr_0 = 1.0149e-05
Loss = -1.9406e+00, PNorm = 34.9747, GNorm = 229.5041, lr_0 = 1.0070e-05
Loss = -2.0750e+00, PNorm = 34.9748, GNorm = 680.9890, lr_0 = 1.0000e-05
Loss = -1.9919e+00, PNorm = 34.9748, GNorm = 91.9222, lr_0 = 1.0000e-05
Loss = -1.9135e+00, PNorm = 34.9749, GNorm = 343.1852, lr_0 = 1.0000e-05
Loss = -2.0592e+00, PNorm = 34.9749, GNorm = 239.3593, lr_0 = 1.0000e-05
Loss = -1.9584e+00, PNorm = 34.9750, GNorm = 391.2995, lr_0 = 1.0000e-05
Validation rmse = 0.119310
Model 0 best validation rmse = 0.119310 on epoch 39
Loading pretrained parameter "encoder.encoder.0.cached_zero_vector".
Loading pretrained parameter "encoder.encoder.0.W_i.weight".
Loading pretrained parameter "encoder.encoder.0.W_h.weight".
Loading pretrained parameter "encoder.encoder.0.W_o.weight".
Loading pretrained parameter "encoder.encoder.0.W_o.bias".
Loading pretrained parameter "ffn.1.weight".
Loading pretrained parameter "ffn.1.bias".
Loading pretrained parameter "ffn.4.weight".
Loading pretrained parameter "ffn.4.bias".
Moving model to cuda
Model 0 test rmse = 0.132559
Ensemble test rmse = 0.132559
1-fold cross validation
	Seed 0 ==> test rmse = 0.132559
Overall test rmse = 0.132559 +/- 0.000000
Elapsed time = 0:09:18
