Command line
python /home/lungyi/anaconda3/envs/uncmoo/bin/chemprop_train --smiles_columns smiles --data_path guacamol_benchmark/guacamol_dataset/guacamol_sample_train.csv --separate_val_path guacamol_benchmark/guacamol_dataset/guacamol_sample_valid.csv --separate_test_path guacamol_benchmark/guacamol_dataset/guacamol_sample_test.csv --dataset_type regression --num_workers 1 --target_columns similarity_Sildenafil --save_dir chemprop_unc/save_models/guacamol/similarity_Sildenafil/trial_30 --warmup_epochs 2 --epochs 40 --max_lr 3e-3 --init_lr 1e-4 --batch_size 64 --final_lr 1e-5 --dropout 0.15 --hidden_size 300 --ffn_num_layers 2 --save_preds --aggregation sum --activation PReLU --gpu 0 --loss_function evidential --evidential_regularization 0.005
Args
{'activation': 'PReLU',
 'adding_h': False,
 'aggregation': 'sum',
 'aggregation_norm': 100,
 'atom_descriptor_scaling': True,
 'atom_descriptors': None,
 'atom_descriptors_path': None,
 'atom_descriptors_size': 0,
 'atom_features_size': 0,
 'atom_messages': False,
 'batch_size': 64,
 'bias': False,
 'bias_solvent': False,
 'bond_feature_scaling': True,
 'bond_features_path': None,
 'bond_features_size': 0,
 'cache_cutoff': 10000,
 'checkpoint_dir': None,
 'checkpoint_frzn': None,
 'checkpoint_path': None,
 'checkpoint_paths': None,
 'class_balance': False,
 'config_path': None,
 'crossval_index_dir': None,
 'crossval_index_file': None,
 'crossval_index_sets': None,
 'cuda': True,
 'data_path': 'guacamol_benchmark/guacamol_dataset/guacamol_sample_train.csv',
 'data_weights_path': None,
 'dataset_type': 'regression',
 'depth': 3,
 'depth_solvent': 3,
 'device': device(type='cuda', index=0),
 'dropout': 0.15,
 'empty_cache': False,
 'ensemble_size': 1,
 'epochs': 40,
 'evidential_regularization': 0.005,
 'explicit_h': False,
 'extra_metrics': [],
 'features_generator': None,
 'features_only': False,
 'features_path': None,
 'features_scaling': True,
 'features_size': None,
 'ffn_hidden_size': 300,
 'ffn_num_layers': 2,
 'final_lr': 1e-05,
 'folds_file': None,
 'freeze_first_only': False,
 'frzn_ffn_layers': 0,
 'gpu': 0,
 'grad_clip': None,
 'hidden_size': 300,
 'hidden_size_solvent': 300,
 'ignore_columns': None,
 'init_lr': 0.0001,
 'log_frequency': 10,
 'loss_function': 'evidential',
 'max_data_size': None,
 'max_lr': 0.003,
 'metric': 'rmse',
 'metrics': ['rmse'],
 'minimize_score': True,
 'mpn_shared': False,
 'multiclass_num_classes': 3,
 'no_atom_descriptor_scaling': False,
 'no_bond_features_scaling': False,
 'no_cache_mol': False,
 'no_cuda': False,
 'no_features_scaling': False,
 'num_folds': 1,
 'num_lrs': 1,
 'num_tasks': 1,
 'num_workers': 1,
 'number_of_molecules': 1,
 'overwrite_default_atom_features': False,
 'overwrite_default_bond_features': False,
 'phase_features_path': None,
 'pytorch_seed': 0,
 'quiet': False,
 'reaction': False,
 'reaction_mode': 'reac_diff',
 'reaction_solvent': False,
 'resume_experiment': False,
 'save_dir': 'chemprop_unc/save_models/guacamol/similarity_Sildenafil/trial_30',
 'save_preds': True,
 'save_smiles_splits': False,
 'seed': 0,
 'separate_test_atom_descriptors_path': None,
 'separate_test_bond_features_path': None,
 'separate_test_features_path': None,
 'separate_test_path': 'guacamol_benchmark/guacamol_dataset/guacamol_sample_test.csv',
 'separate_test_phase_features_path': None,
 'separate_val_atom_descriptors_path': None,
 'separate_val_bond_features_path': None,
 'separate_val_features_path': None,
 'separate_val_path': 'guacamol_benchmark/guacamol_dataset/guacamol_sample_valid.csv',
 'separate_val_phase_features_path': None,
 'show_individual_scores': False,
 'smiles_columns': ['smiles'],
 'spectra_activation': 'exp',
 'spectra_phase_mask_path': None,
 'spectra_target_floor': 1e-08,
 'split_key_molecule': 0,
 'split_sizes': [1.0, 0.0, 0.0],
 'split_type': 'random',
 'target_columns': ['similarity_Sildenafil'],
 'target_weights': None,
 'task_names': ['similarity_Sildenafil'],
 'test': False,
 'test_fold_index': None,
 'train_data_size': None,
 'undirected': False,
 'use_input_features': False,
 'val_fold_index': None,
 'warmup_epochs': 2.0}
Setting molecule featurization parameters to default.
Loading data
Number of tasks = 1
Fold 0
Splitting data with seed 0
Total size = 10,000 | train size = 10,000 | val size = 2,000 | test size = 10,000
Fitting scaler
Building model 0
MoleculeModel(
  (softplus): Softplus(beta=1, threshold=20)
  (encoder): MPN(
    (encoder): ModuleList(
      (0): MPNEncoder(
        (dropout_layer): Dropout(p=0.15, inplace=False)
        (act_func): PReLU(num_parameters=1)
        (W_i): Linear(in_features=147, out_features=300, bias=False)
        (W_h): Linear(in_features=300, out_features=300, bias=False)
        (W_o): Linear(in_features=433, out_features=300, bias=True)
      )
    )
  )
  (ffn): Sequential(
    (0): Dropout(p=0.15, inplace=False)
    (1): Linear(in_features=300, out_features=300, bias=True)
    (2): PReLU(num_parameters=1)
    (3): Dropout(p=0.15, inplace=False)
    (4): Linear(in_features=300, out_features=4, bias=True)
  )
)
Number of parameters = 356,106
Moving model to cuda
Epoch 0
Loss = 1.7073e+01, PNorm = 34.0505, GNorm = 55.3488, lr_0 = 2.0224e-04
Loss = 4.6483e+00, PNorm = 34.0548, GNorm = 40.6351, lr_0 = 2.9519e-04
Loss = 4.5331e+00, PNorm = 34.0558, GNorm = 18.8877, lr_0 = 3.8814e-04
Loss = 4.1395e+00, PNorm = 34.0567, GNorm = 11.6302, lr_0 = 4.8109e-04
Loss = 3.8275e+00, PNorm = 34.0577, GNorm = 16.8439, lr_0 = 5.7404e-04
Loss = 3.5772e+00, PNorm = 34.0595, GNorm = 13.0289, lr_0 = 6.6699e-04
Loss = 3.3731e+00, PNorm = 34.0627, GNorm = 7.9958, lr_0 = 7.5994e-04
Loss = 2.9426e+00, PNorm = 34.0693, GNorm = 16.4101, lr_0 = 8.5288e-04
Loss = 2.6702e+00, PNorm = 34.0790, GNorm = 6.5587, lr_0 = 9.4583e-04
Loss = 2.3347e+00, PNorm = 34.0928, GNorm = 10.3336, lr_0 = 1.0388e-03
Loss = 1.9512e+00, PNorm = 34.1157, GNorm = 12.4787, lr_0 = 1.1317e-03
Loss = 1.8050e+00, PNorm = 34.1406, GNorm = 8.4650, lr_0 = 1.2247e-03
Loss = 1.6412e+00, PNorm = 34.1651, GNorm = 32.1818, lr_0 = 1.3176e-03
Loss = 1.5158e+00, PNorm = 34.1928, GNorm = 14.1708, lr_0 = 1.4106e-03
Loss = 1.3591e+00, PNorm = 34.2200, GNorm = 6.5677, lr_0 = 1.5035e-03
Validation rmse = 0.023983
Epoch 1
Loss = 1.2932e+00, PNorm = 34.2534, GNorm = 13.4557, lr_0 = 1.6058e-03
Loss = 1.2351e+00, PNorm = 34.2893, GNorm = 5.3492, lr_0 = 1.6987e-03
Loss = 1.1466e+00, PNorm = 34.3264, GNorm = 11.7031, lr_0 = 1.7917e-03
Loss = 1.1547e+00, PNorm = 34.3613, GNorm = 22.3974, lr_0 = 1.8846e-03
Loss = 1.1144e+00, PNorm = 34.3982, GNorm = 9.6897, lr_0 = 1.9776e-03
Loss = 1.1512e+00, PNorm = 34.4329, GNorm = 4.7075, lr_0 = 2.0705e-03
Loss = 1.1191e+00, PNorm = 34.4727, GNorm = 11.4665, lr_0 = 2.1635e-03
Loss = 1.0869e+00, PNorm = 34.5154, GNorm = 21.4927, lr_0 = 2.2564e-03
Loss = 1.0792e+00, PNorm = 34.5559, GNorm = 7.1110, lr_0 = 2.3494e-03
Loss = 9.9268e-01, PNorm = 34.6013, GNorm = 7.1486, lr_0 = 2.4423e-03
Loss = 1.0656e+00, PNorm = 34.6432, GNorm = 4.4613, lr_0 = 2.5353e-03
Loss = 1.0216e+00, PNorm = 34.6913, GNorm = 18.8060, lr_0 = 2.6282e-03
Loss = 9.8105e-01, PNorm = 34.7389, GNorm = 8.5545, lr_0 = 2.7212e-03
Loss = 1.0215e+00, PNorm = 34.7961, GNorm = 40.3332, lr_0 = 2.8141e-03
Loss = 1.0837e+00, PNorm = 34.8568, GNorm = 8.7421, lr_0 = 2.9071e-03
Loss = 9.6263e-01, PNorm = 34.9211, GNorm = 6.5873, lr_0 = 3.0000e-03
Validation rmse = 0.021872
Epoch 2
Loss = 1.0582e+00, PNorm = 34.9970, GNorm = 8.0369, lr_0 = 2.9684e-03
Loss = 9.6495e-01, PNorm = 35.0692, GNorm = 3.9305, lr_0 = 2.9400e-03
Loss = 9.0569e-01, PNorm = 35.1389, GNorm = 8.7463, lr_0 = 2.9118e-03
Loss = 8.3318e-01, PNorm = 35.1995, GNorm = 5.0627, lr_0 = 2.8840e-03
Loss = 8.7888e-01, PNorm = 35.2656, GNorm = 9.1591, lr_0 = 2.8563e-03
Loss = 8.7845e-01, PNorm = 35.3137, GNorm = 5.5766, lr_0 = 2.8290e-03
Loss = 9.2317e-01, PNorm = 35.3669, GNorm = 7.4050, lr_0 = 2.8019e-03
Loss = 8.7288e-01, PNorm = 35.4178, GNorm = 9.7877, lr_0 = 2.7751e-03
Loss = 8.6113e-01, PNorm = 35.4628, GNorm = 6.7278, lr_0 = 2.7485e-03
Loss = 8.0100e-01, PNorm = 35.5079, GNorm = 12.5700, lr_0 = 2.7222e-03
Loss = 8.7172e-01, PNorm = 35.5700, GNorm = 6.7404, lr_0 = 2.6961e-03
Loss = 7.2538e-01, PNorm = 35.6275, GNorm = 6.1036, lr_0 = 2.6703e-03
Loss = 8.3326e-01, PNorm = 35.6858, GNorm = 4.1256, lr_0 = 2.6447e-03
Loss = 8.3413e-01, PNorm = 35.7291, GNorm = 7.7321, lr_0 = 2.6194e-03
Loss = 8.1182e-01, PNorm = 35.7802, GNorm = 6.4507, lr_0 = 2.5943e-03
Validation rmse = 0.016766
Epoch 3
Loss = 8.0090e-01, PNorm = 35.8237, GNorm = 8.1636, lr_0 = 2.5670e-03
Loss = 7.3993e-01, PNorm = 35.8638, GNorm = 11.6930, lr_0 = 2.5424e-03
Loss = 7.3400e-01, PNorm = 35.9037, GNorm = 5.5380, lr_0 = 2.5181e-03
Loss = 7.0026e-01, PNorm = 35.9478, GNorm = 6.4397, lr_0 = 2.4940e-03
Loss = 7.1187e-01, PNorm = 35.9985, GNorm = 16.8642, lr_0 = 2.4701e-03
Loss = 7.5960e-01, PNorm = 36.0440, GNorm = 9.1905, lr_0 = 2.4464e-03
Loss = 7.5198e-01, PNorm = 36.0919, GNorm = 11.2053, lr_0 = 2.4230e-03
Loss = 7.1244e-01, PNorm = 36.1406, GNorm = 20.3712, lr_0 = 2.3998e-03
Loss = 8.0021e-01, PNorm = 36.1861, GNorm = 2.6990, lr_0 = 2.3768e-03
Loss = 7.4766e-01, PNorm = 36.2467, GNorm = 9.7114, lr_0 = 2.3541e-03
Loss = 7.2618e-01, PNorm = 36.2989, GNorm = 5.9611, lr_0 = 2.3315e-03
Loss = 6.6982e-01, PNorm = 36.3434, GNorm = 6.0855, lr_0 = 2.3092e-03
Loss = 6.1915e-01, PNorm = 36.3903, GNorm = 12.9568, lr_0 = 2.2871e-03
Loss = 6.8772e-01, PNorm = 36.4502, GNorm = 10.6476, lr_0 = 2.2652e-03
Loss = 7.5883e-01, PNorm = 36.5111, GNorm = 13.0478, lr_0 = 2.2435e-03
Loss = 6.9241e-01, PNorm = 36.5730, GNorm = 26.7028, lr_0 = 2.2220e-03
Validation rmse = 0.017480
Epoch 4
Loss = 7.6742e-01, PNorm = 36.6189, GNorm = 26.6458, lr_0 = 2.2007e-03
Loss = 7.1399e-01, PNorm = 36.6813, GNorm = 3.4820, lr_0 = 2.1797e-03
Loss = 6.7738e-01, PNorm = 36.7379, GNorm = 5.2724, lr_0 = 2.1588e-03
Loss = 6.4645e-01, PNorm = 36.7843, GNorm = 13.8493, lr_0 = 2.1381e-03
Loss = 6.6083e-01, PNorm = 36.8249, GNorm = 13.6965, lr_0 = 2.1176e-03
Loss = 5.9991e-01, PNorm = 36.8639, GNorm = 13.7799, lr_0 = 2.0974e-03
Loss = 5.2454e-01, PNorm = 36.9048, GNorm = 16.1371, lr_0 = 2.0773e-03
Loss = 7.0703e-01, PNorm = 36.9416, GNorm = 5.5743, lr_0 = 2.0574e-03
Loss = 6.0367e-01, PNorm = 36.9942, GNorm = 15.0921, lr_0 = 2.0377e-03
Loss = 5.2857e-01, PNorm = 37.0359, GNorm = 9.1626, lr_0 = 2.0182e-03
Loss = 6.2570e-01, PNorm = 37.0748, GNorm = 6.8950, lr_0 = 1.9989e-03
Loss = 5.9714e-01, PNorm = 37.1111, GNorm = 17.1289, lr_0 = 1.9797e-03
Loss = 5.4111e-01, PNorm = 37.1416, GNorm = 10.5782, lr_0 = 1.9608e-03
Loss = 5.8808e-01, PNorm = 37.1691, GNorm = 5.3237, lr_0 = 1.9420e-03
Loss = 4.8625e-01, PNorm = 37.2058, GNorm = 7.4895, lr_0 = 1.9234e-03
Loss = 5.7448e-01, PNorm = 37.2423, GNorm = 5.5996, lr_0 = 1.9050e-03
Validation rmse = 0.012989
Epoch 5
Loss = 5.8631e-01, PNorm = 37.2869, GNorm = 7.4785, lr_0 = 1.8849e-03
Loss = 5.0065e-01, PNorm = 37.3296, GNorm = 10.1839, lr_0 = 1.8669e-03
Loss = 4.7858e-01, PNorm = 37.3677, GNorm = 10.2350, lr_0 = 1.8490e-03
Loss = 4.6571e-01, PNorm = 37.4127, GNorm = 5.6512, lr_0 = 1.8313e-03
Loss = 5.4436e-01, PNorm = 37.4575, GNorm = 24.1074, lr_0 = 1.8137e-03
Loss = 5.6437e-01, PNorm = 37.4915, GNorm = 16.3497, lr_0 = 1.7964e-03
Loss = 6.1402e-01, PNorm = 37.5153, GNorm = 12.1180, lr_0 = 1.7792e-03
Loss = 5.6037e-01, PNorm = 37.5584, GNorm = 10.3065, lr_0 = 1.7621e-03
Loss = 5.6138e-01, PNorm = 37.6070, GNorm = 4.3221, lr_0 = 1.7453e-03
Loss = 4.9083e-01, PNorm = 37.6386, GNorm = 13.0603, lr_0 = 1.7286e-03
Loss = 4.7276e-01, PNorm = 37.6714, GNorm = 10.0697, lr_0 = 1.7120e-03
Loss = 5.2033e-01, PNorm = 37.7081, GNorm = 8.1376, lr_0 = 1.6956e-03
Loss = 4.8351e-01, PNorm = 37.7413, GNorm = 5.1961, lr_0 = 1.6794e-03
Loss = 3.8150e-01, PNorm = 37.7713, GNorm = 11.7484, lr_0 = 1.6633e-03
Loss = 4.2002e-01, PNorm = 37.8024, GNorm = 8.1397, lr_0 = 1.6474e-03
Validation rmse = 0.011016
Epoch 6
Loss = 5.0552e-01, PNorm = 37.8423, GNorm = 8.3486, lr_0 = 1.6300e-03
Loss = 4.2419e-01, PNorm = 37.8818, GNorm = 29.0246, lr_0 = 1.6144e-03
Loss = 4.9443e-01, PNorm = 37.9194, GNorm = 12.1018, lr_0 = 1.5990e-03
Loss = 3.8112e-01, PNorm = 37.9578, GNorm = 6.2311, lr_0 = 1.5836e-03
Loss = 4.7427e-01, PNorm = 37.9863, GNorm = 5.6046, lr_0 = 1.5685e-03
Loss = 4.5915e-01, PNorm = 38.0176, GNorm = 17.4858, lr_0 = 1.5535e-03
Loss = 4.1448e-01, PNorm = 38.0449, GNorm = 10.4738, lr_0 = 1.5386e-03
Loss = 3.6140e-01, PNorm = 38.0745, GNorm = 6.3339, lr_0 = 1.5238e-03
Loss = 3.4180e-01, PNorm = 38.1158, GNorm = 8.8156, lr_0 = 1.5093e-03
Loss = 4.1152e-01, PNorm = 38.1431, GNorm = 8.0399, lr_0 = 1.4948e-03
Loss = 4.5377e-01, PNorm = 38.1670, GNorm = 13.5450, lr_0 = 1.4805e-03
Loss = 3.7833e-01, PNorm = 38.1971, GNorm = 9.8312, lr_0 = 1.4663e-03
Loss = 4.1457e-01, PNorm = 38.2207, GNorm = 20.7331, lr_0 = 1.4523e-03
Loss = 3.7670e-01, PNorm = 38.2492, GNorm = 10.8403, lr_0 = 1.4384e-03
Loss = 3.6725e-01, PNorm = 38.2737, GNorm = 8.8001, lr_0 = 1.4246e-03
Loss = 3.7810e-01, PNorm = 38.2989, GNorm = 20.8307, lr_0 = 1.4110e-03
Validation rmse = 0.010498
Epoch 7
Loss = 4.0657e-01, PNorm = 38.3322, GNorm = 6.3649, lr_0 = 1.3961e-03
Loss = 4.4568e-01, PNorm = 38.3557, GNorm = 6.8555, lr_0 = 1.3827e-03
Loss = 3.4179e-01, PNorm = 38.3904, GNorm = 10.9845, lr_0 = 1.3695e-03
Loss = 3.5665e-01, PNorm = 38.4229, GNorm = 11.3540, lr_0 = 1.3564e-03
Loss = 3.1506e-01, PNorm = 38.4616, GNorm = 13.0021, lr_0 = 1.3434e-03
Loss = 3.4615e-01, PNorm = 38.5005, GNorm = 7.6275, lr_0 = 1.3305e-03
Loss = 3.4952e-01, PNorm = 38.5288, GNorm = 22.3312, lr_0 = 1.3178e-03
Loss = 5.0488e-01, PNorm = 38.5510, GNorm = 11.1213, lr_0 = 1.3052e-03
Loss = 4.2313e-01, PNorm = 38.5876, GNorm = 10.8312, lr_0 = 1.2927e-03
Loss = 3.7905e-01, PNorm = 38.6092, GNorm = 10.1555, lr_0 = 1.2803e-03
Loss = 3.0298e-01, PNorm = 38.6282, GNorm = 10.6140, lr_0 = 1.2680e-03
Loss = 2.8342e-01, PNorm = 38.6501, GNorm = 5.8721, lr_0 = 1.2559e-03
Loss = 3.2848e-01, PNorm = 38.6847, GNorm = 5.3628, lr_0 = 1.2439e-03
Loss = 3.7462e-01, PNorm = 38.7036, GNorm = 10.4433, lr_0 = 1.2320e-03
Loss = 2.8136e-01, PNorm = 38.7266, GNorm = 22.8660, lr_0 = 1.2202e-03
Loss = 2.9674e-01, PNorm = 38.7414, GNorm = 18.6176, lr_0 = 1.2085e-03
Validation rmse = 0.010495
Epoch 8
Loss = 3.3733e-01, PNorm = 38.7697, GNorm = 23.3343, lr_0 = 1.1969e-03
Loss = 2.9317e-01, PNorm = 38.7958, GNorm = 14.0502, lr_0 = 1.1854e-03
Loss = 2.8217e-01, PNorm = 38.8129, GNorm = 21.8584, lr_0 = 1.1741e-03
Loss = 3.3766e-01, PNorm = 38.8336, GNorm = 21.1953, lr_0 = 1.1628e-03
Loss = 4.0498e-01, PNorm = 38.8533, GNorm = 11.0064, lr_0 = 1.1517e-03
Loss = 2.7252e-01, PNorm = 38.8789, GNorm = 5.1972, lr_0 = 1.1407e-03
Loss = 2.1072e-01, PNorm = 38.9021, GNorm = 45.1447, lr_0 = 1.1298e-03
Loss = 2.7382e-01, PNorm = 38.9175, GNorm = 8.1803, lr_0 = 1.1189e-03
Loss = 2.9423e-01, PNorm = 38.9408, GNorm = 6.3558, lr_0 = 1.1082e-03
Loss = 2.9835e-01, PNorm = 38.9479, GNorm = 8.9892, lr_0 = 1.0976e-03
Loss = 1.8413e-01, PNorm = 38.9716, GNorm = 10.1528, lr_0 = 1.0871e-03
Loss = 2.3582e-01, PNorm = 38.9924, GNorm = 26.8042, lr_0 = 1.0767e-03
Loss = 3.0972e-01, PNorm = 39.0075, GNorm = 12.0736, lr_0 = 1.0664e-03
Loss = 3.1859e-01, PNorm = 39.0285, GNorm = 13.3057, lr_0 = 1.0562e-03
Loss = 2.5728e-01, PNorm = 39.0466, GNorm = 21.7184, lr_0 = 1.0461e-03
Validation rmse = 0.009359
Epoch 9
Loss = 2.3689e-01, PNorm = 39.0690, GNorm = 5.1930, lr_0 = 1.0350e-03
Loss = 2.4258e-01, PNorm = 39.0910, GNorm = 10.3004, lr_0 = 1.0251e-03
Loss = 3.0693e-01, PNorm = 39.0999, GNorm = 5.2582, lr_0 = 1.0153e-03
Loss = 2.3734e-01, PNorm = 39.1245, GNorm = 17.1779, lr_0 = 1.0056e-03
Loss = 2.1415e-01, PNorm = 39.1441, GNorm = 6.5660, lr_0 = 9.9597e-04
Loss = 2.4668e-01, PNorm = 39.1589, GNorm = 10.7234, lr_0 = 9.8643e-04
Loss = 1.8914e-01, PNorm = 39.1761, GNorm = 7.1523, lr_0 = 9.7698e-04
Loss = 1.5976e-01, PNorm = 39.1941, GNorm = 17.2698, lr_0 = 9.6763e-04
Loss = 2.3603e-01, PNorm = 39.2081, GNorm = 15.6959, lr_0 = 9.5836e-04
Loss = 2.8772e-01, PNorm = 39.2205, GNorm = 8.4269, lr_0 = 9.4919e-04
Loss = 2.2242e-01, PNorm = 39.2425, GNorm = 14.8335, lr_0 = 9.4010e-04
Loss = 1.9873e-01, PNorm = 39.2563, GNorm = 26.6792, lr_0 = 9.3109e-04
Loss = 3.1921e-01, PNorm = 39.2642, GNorm = 7.2153, lr_0 = 9.2218e-04
Loss = 2.5731e-01, PNorm = 39.2768, GNorm = 12.4297, lr_0 = 9.1335e-04
Loss = 2.2216e-01, PNorm = 39.2931, GNorm = 14.2831, lr_0 = 9.0460e-04
Loss = 2.2948e-01, PNorm = 39.3043, GNorm = 29.1050, lr_0 = 8.9594e-04
Validation rmse = 0.009753
Epoch 10
Loss = 1.8319e-01, PNorm = 39.3205, GNorm = 6.8750, lr_0 = 8.8651e-04
Loss = 2.0214e-01, PNorm = 39.3330, GNorm = 23.9930, lr_0 = 8.7802e-04
Loss = 2.8962e-01, PNorm = 39.3388, GNorm = 4.6018, lr_0 = 8.6961e-04
Loss = 2.1311e-01, PNorm = 39.3497, GNorm = 10.4332, lr_0 = 8.6128e-04
Loss = 1.6195e-01, PNorm = 39.3694, GNorm = 5.6399, lr_0 = 8.5304e-04
Loss = 2.0125e-01, PNorm = 39.3814, GNorm = 7.0192, lr_0 = 8.4487e-04
Loss = 1.5713e-01, PNorm = 39.3988, GNorm = 12.2947, lr_0 = 8.3678e-04
Loss = 2.5995e-01, PNorm = 39.4098, GNorm = 8.8761, lr_0 = 8.2877e-04
Loss = 1.8070e-01, PNorm = 39.4205, GNorm = 15.3676, lr_0 = 8.2083e-04
Loss = 2.0727e-01, PNorm = 39.4323, GNorm = 13.2870, lr_0 = 8.1297e-04
Loss = 1.2491e-01, PNorm = 39.4437, GNorm = 14.5301, lr_0 = 8.0519e-04
Loss = 1.9011e-01, PNorm = 39.4543, GNorm = 11.7338, lr_0 = 7.9747e-04
Loss = 1.8283e-01, PNorm = 39.4619, GNorm = 18.2332, lr_0 = 7.8984e-04
Loss = 1.2075e-01, PNorm = 39.4721, GNorm = 14.1360, lr_0 = 7.8228e-04
Loss = 1.9481e-01, PNorm = 39.4820, GNorm = 13.4769, lr_0 = 7.7478e-04
Validation rmse = 0.008277
Epoch 11
Loss = 1.8982e-01, PNorm = 39.4966, GNorm = 12.3344, lr_0 = 7.6663e-04
Loss = 1.2318e-01, PNorm = 39.5111, GNorm = 16.8994, lr_0 = 7.5929e-04
Loss = 1.4241e-01, PNorm = 39.5253, GNorm = 5.1803, lr_0 = 7.5202e-04
Loss = 8.8011e-02, PNorm = 39.5427, GNorm = 22.1767, lr_0 = 7.4482e-04
Loss = 1.1807e-01, PNorm = 39.5525, GNorm = 12.3950, lr_0 = 7.3768e-04
Loss = 1.1652e-01, PNorm = 39.5684, GNorm = 15.7987, lr_0 = 7.3062e-04
Loss = 1.1249e-01, PNorm = 39.5775, GNorm = 20.8413, lr_0 = 7.2362e-04
Loss = 1.5838e-01, PNorm = 39.5854, GNorm = 6.3440, lr_0 = 7.1669e-04
Loss = 1.6631e-01, PNorm = 39.5961, GNorm = 12.3929, lr_0 = 7.0983e-04
Loss = 1.0983e-01, PNorm = 39.6079, GNorm = 13.2381, lr_0 = 7.0303e-04
Loss = 1.2569e-01, PNorm = 39.6181, GNorm = 12.4325, lr_0 = 6.9630e-04
Loss = 1.9177e-01, PNorm = 39.6316, GNorm = 13.3931, lr_0 = 6.8963e-04
Loss = 1.8512e-01, PNorm = 39.6446, GNorm = 9.4439, lr_0 = 6.8303e-04
Loss = 2.2906e-01, PNorm = 39.6562, GNorm = 16.2326, lr_0 = 6.7649e-04
Loss = 1.0006e-01, PNorm = 39.6677, GNorm = 21.6595, lr_0 = 6.7001e-04
Loss = 1.8341e-01, PNorm = 39.6750, GNorm = 13.9903, lr_0 = 6.6360e-04
Validation rmse = 0.009022
Epoch 12
Loss = 1.8638e-01, PNorm = 39.6879, GNorm = 19.6371, lr_0 = 6.5724e-04
Loss = 1.4456e-01, PNorm = 39.6934, GNorm = 11.7554, lr_0 = 6.5095e-04
Loss = 9.9950e-02, PNorm = 39.7000, GNorm = 26.2476, lr_0 = 6.4472e-04
Loss = 2.5313e-01, PNorm = 39.7003, GNorm = 15.5200, lr_0 = 6.3854e-04
Loss = 2.2483e-01, PNorm = 39.7079, GNorm = 17.0756, lr_0 = 6.3243e-04
Loss = 1.3792e-01, PNorm = 39.7225, GNorm = 15.7171, lr_0 = 6.2637e-04
Loss = 9.3020e-02, PNorm = 39.7347, GNorm = 14.2545, lr_0 = 6.2037e-04
Loss = 5.0555e-02, PNorm = 39.7433, GNorm = 8.5735, lr_0 = 6.1443e-04
Loss = 1.0914e-01, PNorm = 39.7499, GNorm = 17.6874, lr_0 = 6.0855e-04
Loss = 1.4384e-01, PNorm = 39.7552, GNorm = 6.7034, lr_0 = 6.0272e-04
Loss = 1.0484e-01, PNorm = 39.7607, GNorm = 12.4693, lr_0 = 5.9695e-04
Loss = 4.1949e-02, PNorm = 39.7719, GNorm = 17.8769, lr_0 = 5.9124e-04
Loss = 1.3800e-01, PNorm = 39.7786, GNorm = 6.3369, lr_0 = 5.8557e-04
Loss = 1.5627e-01, PNorm = 39.7825, GNorm = 8.3517, lr_0 = 5.7997e-04
Loss = 7.4887e-02, PNorm = 39.7967, GNorm = 18.6592, lr_0 = 5.7441e-04
Loss = 1.9744e-01, PNorm = 39.8035, GNorm = 11.1110, lr_0 = 5.6891e-04
Validation rmse = 0.008333
Epoch 13
Loss = 1.0442e-01, PNorm = 39.8096, GNorm = 9.4731, lr_0 = 5.6292e-04
Loss = 1.2073e-01, PNorm = 39.8189, GNorm = 8.2868, lr_0 = 5.5753e-04
Loss = 1.7554e-01, PNorm = 39.8262, GNorm = 15.1255, lr_0 = 5.5219e-04
Loss = 6.0397e-02, PNorm = 39.8384, GNorm = 11.9301, lr_0 = 5.4691e-04
Loss = 8.6417e-02, PNorm = 39.8482, GNorm = 9.8941, lr_0 = 5.4167e-04
Loss = 5.0229e-02, PNorm = 39.8531, GNorm = 13.0942, lr_0 = 5.3648e-04
Loss = 3.5987e-02, PNorm = 39.8607, GNorm = 16.0287, lr_0 = 5.3135e-04
Loss = 8.6862e-02, PNorm = 39.8694, GNorm = 12.6130, lr_0 = 5.2626e-04
Loss = 1.0168e-01, PNorm = 39.8732, GNorm = 25.4414, lr_0 = 5.2122e-04
Loss = 1.2204e-01, PNorm = 39.8787, GNorm = 9.2610, lr_0 = 5.1623e-04
Loss = 1.0701e-01, PNorm = 39.8779, GNorm = 10.2601, lr_0 = 5.1128e-04
Loss = 6.9119e-02, PNorm = 39.8860, GNorm = 17.3043, lr_0 = 5.0639e-04
Loss = 4.7910e-02, PNorm = 39.8940, GNorm = 10.3779, lr_0 = 5.0154e-04
Loss = 5.6371e-02, PNorm = 39.8983, GNorm = 6.4120, lr_0 = 4.9674e-04
Loss = 4.3511e-02, PNorm = 39.9074, GNorm = 4.8327, lr_0 = 4.9198e-04
Validation rmse = 0.008052
Epoch 14
Loss = 1.9757e-02, PNorm = 39.9098, GNorm = 22.4539, lr_0 = 4.8680e-04
Loss = 5.0047e-02, PNorm = 39.9186, GNorm = 19.4422, lr_0 = 4.8214e-04
Loss = 7.8407e-02, PNorm = 39.9236, GNorm = 12.0021, lr_0 = 4.7752e-04
Loss = 6.4903e-02, PNorm = 39.9321, GNorm = 7.3086, lr_0 = 4.7295e-04
Loss = 5.3964e-02, PNorm = 39.9380, GNorm = 10.9023, lr_0 = 4.6842e-04
Loss = 7.8135e-02, PNorm = 39.9457, GNorm = 20.4737, lr_0 = 4.6394e-04
Loss = 3.0343e-02, PNorm = 39.9464, GNorm = 8.0511, lr_0 = 4.5949e-04
Loss = 8.4849e-02, PNorm = 39.9523, GNorm = 14.2611, lr_0 = 4.5509e-04
Loss = 1.5568e-02, PNorm = 39.9598, GNorm = 25.5777, lr_0 = 4.5074e-04
Loss = 7.4373e-02, PNorm = 39.9631, GNorm = 7.5019, lr_0 = 4.4642e-04
Loss = 1.4222e-01, PNorm = 39.9646, GNorm = 13.2299, lr_0 = 4.4214e-04
Loss = 8.1504e-02, PNorm = 39.9691, GNorm = 14.8083, lr_0 = 4.3791e-04
Loss = 4.8093e-02, PNorm = 39.9738, GNorm = 10.7013, lr_0 = 4.3372e-04
Loss = -2.6637e-03, PNorm = 39.9786, GNorm = 25.4932, lr_0 = 4.2956e-04
Loss = 9.5568e-02, PNorm = 39.9827, GNorm = 12.0729, lr_0 = 4.2545e-04
Loss = 2.6505e-02, PNorm = 39.9908, GNorm = 9.8355, lr_0 = 4.2138e-04
Validation rmse = 0.007862
Epoch 15
Loss = 7.7078e-04, PNorm = 39.9988, GNorm = 21.0685, lr_0 = 4.1694e-04
Loss = 4.7314e-02, PNorm = 39.9999, GNorm = 27.4701, lr_0 = 4.1295e-04
Loss = 4.6817e-02, PNorm = 40.0029, GNorm = 13.2636, lr_0 = 4.0899e-04
Loss = 3.9083e-02, PNorm = 40.0097, GNorm = 16.7794, lr_0 = 4.0508e-04
Loss = 6.5998e-02, PNorm = 40.0144, GNorm = 6.0942, lr_0 = 4.0120e-04
Loss = 8.3022e-02, PNorm = 40.0184, GNorm = 27.4290, lr_0 = 3.9736e-04
Loss = 3.7747e-02, PNorm = 40.0182, GNorm = 12.7473, lr_0 = 3.9355e-04
Loss = -1.7681e-02, PNorm = 40.0256, GNorm = 12.7084, lr_0 = 3.8978e-04
Loss = 1.3403e-02, PNorm = 40.0301, GNorm = 12.5131, lr_0 = 3.8605e-04
Loss = 5.2187e-02, PNorm = 40.0356, GNorm = 17.0305, lr_0 = 3.8235e-04
Loss = 2.8462e-02, PNorm = 40.0382, GNorm = 6.6136, lr_0 = 3.7869e-04
Loss = 5.4626e-02, PNorm = 40.0442, GNorm = 10.7283, lr_0 = 3.7507e-04
Loss = -4.0784e-03, PNorm = 40.0497, GNorm = 15.7060, lr_0 = 3.7148e-04
Loss = -1.2320e-02, PNorm = 40.0540, GNorm = 19.5118, lr_0 = 3.6792e-04
Loss = 3.6758e-02, PNorm = 40.0596, GNorm = 9.2788, lr_0 = 3.6440e-04
Loss = -2.0048e-02, PNorm = 40.0662, GNorm = 18.5316, lr_0 = 3.6091e-04
Validation rmse = 0.007999
Epoch 16
Loss = 2.1868e-02, PNorm = 40.0736, GNorm = 9.5685, lr_0 = 3.5745e-04
Loss = -1.9515e-02, PNorm = 40.0743, GNorm = 14.2783, lr_0 = 3.5403e-04
Loss = 1.0120e-02, PNorm = 40.0777, GNorm = 20.1898, lr_0 = 3.5064e-04
Loss = -2.1814e-02, PNorm = 40.0791, GNorm = 17.2233, lr_0 = 3.4728e-04
Loss = 6.0102e-02, PNorm = 40.0824, GNorm = 7.1849, lr_0 = 3.4395e-04
Loss = -5.9659e-03, PNorm = 40.0894, GNorm = 10.7583, lr_0 = 3.4066e-04
Loss = 6.5889e-02, PNorm = 40.0907, GNorm = 16.1798, lr_0 = 3.3740e-04
Loss = 5.4707e-03, PNorm = 40.0944, GNorm = 8.3337, lr_0 = 3.3417e-04
Loss = -2.2005e-02, PNorm = 40.0960, GNorm = 19.0312, lr_0 = 3.3097e-04
Loss = 5.2498e-03, PNorm = 40.0973, GNorm = 19.0633, lr_0 = 3.2780e-04
Loss = 7.1304e-03, PNorm = 40.0995, GNorm = 26.6738, lr_0 = 3.2466e-04
Loss = 7.2951e-03, PNorm = 40.1044, GNorm = 5.9666, lr_0 = 3.2155e-04
Loss = 7.5735e-04, PNorm = 40.1111, GNorm = 7.0263, lr_0 = 3.1847e-04
Loss = -2.1505e-02, PNorm = 40.1123, GNorm = 19.4048, lr_0 = 3.1542e-04
Loss = 6.1683e-02, PNorm = 40.1131, GNorm = 15.1320, lr_0 = 3.1240e-04
Validation rmse = 0.007691
Epoch 17
Loss = 5.9812e-02, PNorm = 40.1142, GNorm = 9.8056, lr_0 = 3.0911e-04
Loss = -3.7737e-02, PNorm = 40.1224, GNorm = 10.6623, lr_0 = 3.0615e-04
Loss = 1.0236e-02, PNorm = 40.1252, GNorm = 23.2068, lr_0 = 3.0322e-04
Loss = 3.2122e-02, PNorm = 40.1274, GNorm = 19.8188, lr_0 = 3.0032e-04
Loss = 1.5702e-02, PNorm = 40.1322, GNorm = 14.0201, lr_0 = 2.9744e-04
Loss = 1.2078e-02, PNorm = 40.1379, GNorm = 13.3926, lr_0 = 2.9459e-04
Loss = 1.9828e-02, PNorm = 40.1396, GNorm = 10.3496, lr_0 = 2.9177e-04
Loss = -6.5489e-02, PNorm = 40.1425, GNorm = 6.2688, lr_0 = 2.8898e-04
Loss = -5.5748e-02, PNorm = 40.1475, GNorm = 17.9488, lr_0 = 2.8621e-04
Loss = -2.5998e-02, PNorm = 40.1496, GNorm = 12.2559, lr_0 = 2.8347e-04
Loss = -6.2524e-02, PNorm = 40.1541, GNorm = 8.6821, lr_0 = 2.8076e-04
Loss = -2.9769e-02, PNorm = 40.1583, GNorm = 20.2766, lr_0 = 2.7807e-04
Loss = 3.1773e-03, PNorm = 40.1613, GNorm = 13.3692, lr_0 = 2.7541e-04
Loss = 1.1462e-02, PNorm = 40.1636, GNorm = 14.5545, lr_0 = 2.7277e-04
Loss = 1.5557e-02, PNorm = 40.1662, GNorm = 7.4733, lr_0 = 2.7016e-04
Loss = -1.3853e-02, PNorm = 40.1707, GNorm = 19.3709, lr_0 = 2.6757e-04
Validation rmse = 0.007857
Epoch 18
Loss = -3.6417e-02, PNorm = 40.1711, GNorm = 6.8318, lr_0 = 2.6475e-04
Loss = -1.7566e-02, PNorm = 40.1748, GNorm = 9.6221, lr_0 = 2.6222e-04
Loss = 2.4890e-02, PNorm = 40.1746, GNorm = 11.2911, lr_0 = 2.5971e-04
Loss = -9.0924e-02, PNorm = 40.1791, GNorm = 13.6071, lr_0 = 2.5722e-04
Loss = -8.0368e-02, PNorm = 40.1850, GNorm = 7.4592, lr_0 = 2.5476e-04
Loss = -7.5332e-02, PNorm = 40.1895, GNorm = 18.4035, lr_0 = 2.5232e-04
Loss = -5.9390e-03, PNorm = 40.1909, GNorm = 24.8604, lr_0 = 2.4990e-04
Loss = -6.0203e-02, PNorm = 40.1916, GNorm = 7.4188, lr_0 = 2.4751e-04
Loss = -4.5713e-02, PNorm = 40.1976, GNorm = 11.2008, lr_0 = 2.4514e-04
Loss = 6.2983e-03, PNorm = 40.1999, GNorm = 26.1704, lr_0 = 2.4279e-04
Loss = -1.9555e-02, PNorm = 40.2024, GNorm = 22.1048, lr_0 = 2.4047e-04
Loss = -4.3927e-02, PNorm = 40.2040, GNorm = 11.9405, lr_0 = 2.3816e-04
Loss = -7.1038e-02, PNorm = 40.2074, GNorm = 39.4503, lr_0 = 2.3588e-04
Loss = -3.1762e-02, PNorm = 40.2100, GNorm = 26.4743, lr_0 = 2.3362e-04
Loss = -8.0638e-03, PNorm = 40.2114, GNorm = 13.8093, lr_0 = 2.3139e-04
Validation rmse = 0.007393
Epoch 19
Loss = -1.5732e-01, PNorm = 40.2137, GNorm = 8.9403, lr_0 = 2.2895e-04
Loss = -4.3889e-02, PNorm = 40.2156, GNorm = 19.9153, lr_0 = 2.2676e-04
Loss = -3.4037e-02, PNorm = 40.2180, GNorm = 41.3434, lr_0 = 2.2459e-04
Loss = -3.6360e-02, PNorm = 40.2186, GNorm = 17.1732, lr_0 = 2.2244e-04
Loss = 1.2414e-02, PNorm = 40.2220, GNorm = 14.1639, lr_0 = 2.2031e-04
Loss = -5.1910e-02, PNorm = 40.2256, GNorm = 28.1036, lr_0 = 2.1820e-04
Loss = -1.0342e-02, PNorm = 40.2245, GNorm = 13.7106, lr_0 = 2.1611e-04
Loss = -6.1168e-02, PNorm = 40.2272, GNorm = 12.9298, lr_0 = 2.1404e-04
Loss = 2.5989e-03, PNorm = 40.2289, GNorm = 22.4972, lr_0 = 2.1199e-04
Loss = -3.6795e-02, PNorm = 40.2299, GNorm = 20.0881, lr_0 = 2.0996e-04
Loss = -6.4093e-02, PNorm = 40.2312, GNorm = 22.4202, lr_0 = 2.0795e-04
Loss = 1.8964e-03, PNorm = 40.2345, GNorm = 27.1462, lr_0 = 2.0596e-04
Loss = -1.8407e-02, PNorm = 40.2377, GNorm = 21.0925, lr_0 = 2.0398e-04
Loss = -8.2834e-02, PNorm = 40.2403, GNorm = 12.8497, lr_0 = 2.0203e-04
Loss = -3.6278e-02, PNorm = 40.2428, GNorm = 16.3139, lr_0 = 2.0010e-04
Loss = -3.6633e-02, PNorm = 40.2450, GNorm = 16.9423, lr_0 = 1.9818e-04
Validation rmse = 0.007441
Epoch 20
Loss = -2.8053e-02, PNorm = 40.2469, GNorm = 12.4158, lr_0 = 1.9628e-04
Loss = -7.5230e-02, PNorm = 40.2486, GNorm = 9.7782, lr_0 = 1.9440e-04
Loss = -9.5917e-02, PNorm = 40.2499, GNorm = 11.2238, lr_0 = 1.9254e-04
Loss = -5.1543e-02, PNorm = 40.2522, GNorm = 15.3995, lr_0 = 1.9070e-04
Loss = -1.0863e-01, PNorm = 40.2558, GNorm = 12.8480, lr_0 = 1.8887e-04
Loss = -9.2105e-02, PNorm = 40.2570, GNorm = 20.5613, lr_0 = 1.8706e-04
Loss = -5.8073e-02, PNorm = 40.2567, GNorm = 8.8808, lr_0 = 1.8527e-04
Loss = -7.1605e-02, PNorm = 40.2584, GNorm = 13.0510, lr_0 = 1.8350e-04
Loss = -6.5388e-02, PNorm = 40.2596, GNorm = 8.3982, lr_0 = 1.8174e-04
Loss = -1.7748e-02, PNorm = 40.2578, GNorm = 10.8632, lr_0 = 1.8000e-04
Loss = -8.7095e-03, PNorm = 40.2597, GNorm = 32.4711, lr_0 = 1.7828e-04
Loss = -1.7051e-02, PNorm = 40.2602, GNorm = 18.8092, lr_0 = 1.7657e-04
Loss = -1.3437e-02, PNorm = 40.2609, GNorm = 12.2257, lr_0 = 1.7488e-04
Loss = -5.1641e-02, PNorm = 40.2639, GNorm = 11.8990, lr_0 = 1.7321e-04
Loss = -1.0148e-01, PNorm = 40.2651, GNorm = 9.0614, lr_0 = 1.7155e-04
Loss = -3.8789e-02, PNorm = 40.2650, GNorm = 14.4313, lr_0 = 1.6990e-04
Validation rmse = 0.007407
Epoch 21
Loss = -4.5558e-02, PNorm = 40.2669, GNorm = 7.9121, lr_0 = 1.6812e-04
Loss = -7.4915e-02, PNorm = 40.2685, GNorm = 10.3891, lr_0 = 1.6651e-04
Loss = -1.1236e-01, PNorm = 40.2698, GNorm = 10.7676, lr_0 = 1.6491e-04
Loss = -6.6697e-02, PNorm = 40.2730, GNorm = 19.8288, lr_0 = 1.6333e-04
Loss = -4.3827e-02, PNorm = 40.2746, GNorm = 7.2733, lr_0 = 1.6177e-04
Loss = -5.5824e-02, PNorm = 40.2743, GNorm = 14.0179, lr_0 = 1.6022e-04
Loss = -7.2234e-02, PNorm = 40.2758, GNorm = 25.2220, lr_0 = 1.5868e-04
Loss = -4.0427e-02, PNorm = 40.2781, GNorm = 13.6204, lr_0 = 1.5717e-04
Loss = -3.7151e-02, PNorm = 40.2785, GNorm = 11.4585, lr_0 = 1.5566e-04
Loss = -1.2155e-02, PNorm = 40.2794, GNorm = 10.1703, lr_0 = 1.5417e-04
Loss = -2.7463e-02, PNorm = 40.2820, GNorm = 8.8519, lr_0 = 1.5269e-04
Loss = -1.3889e-01, PNorm = 40.2824, GNorm = 10.4856, lr_0 = 1.5123e-04
Loss = -7.0396e-02, PNorm = 40.2838, GNorm = 13.0105, lr_0 = 1.4978e-04
Loss = -6.6403e-02, PNorm = 40.2853, GNorm = 20.3567, lr_0 = 1.4835e-04
Loss = -5.8803e-02, PNorm = 40.2852, GNorm = 14.4194, lr_0 = 1.4693e-04
Validation rmse = 0.007262
Epoch 22
Loss = -1.6904e-01, PNorm = 40.2878, GNorm = 11.7207, lr_0 = 1.4538e-04
Loss = -1.2699e-01, PNorm = 40.2913, GNorm = 15.2205, lr_0 = 1.4399e-04
Loss = -1.5331e-01, PNorm = 40.2909, GNorm = 16.5200, lr_0 = 1.4261e-04
Loss = -8.0770e-02, PNorm = 40.2908, GNorm = 21.4747, lr_0 = 1.4124e-04
Loss = -7.2024e-02, PNorm = 40.2934, GNorm = 22.1981, lr_0 = 1.3989e-04
Loss = -1.1026e-01, PNorm = 40.2962, GNorm = 5.7323, lr_0 = 1.3855e-04
Loss = -5.9728e-02, PNorm = 40.2957, GNorm = 17.1962, lr_0 = 1.3723e-04
Loss = -4.5524e-02, PNorm = 40.2957, GNorm = 11.1558, lr_0 = 1.3591e-04
Loss = -8.6175e-02, PNorm = 40.2982, GNorm = 19.1497, lr_0 = 1.3461e-04
Loss = -3.5836e-02, PNorm = 40.3003, GNorm = 16.9905, lr_0 = 1.3332e-04
Loss = -1.3651e-01, PNorm = 40.3018, GNorm = 17.6512, lr_0 = 1.3204e-04
Loss = -1.6083e-01, PNorm = 40.3039, GNorm = 26.5947, lr_0 = 1.3078e-04
Loss = -6.5914e-02, PNorm = 40.3069, GNorm = 15.8194, lr_0 = 1.2953e-04
Loss = -1.0474e-01, PNorm = 40.3085, GNorm = 19.5162, lr_0 = 1.2829e-04
Loss = -6.9179e-02, PNorm = 40.3081, GNorm = 31.1479, lr_0 = 1.2706e-04
Loss = -1.0957e-01, PNorm = 40.3094, GNorm = 15.5806, lr_0 = 1.2584e-04
Validation rmse = 0.007261
Epoch 23
Loss = -8.5798e-02, PNorm = 40.3104, GNorm = 8.0452, lr_0 = 1.2452e-04
Loss = -8.8892e-02, PNorm = 40.3115, GNorm = 9.1415, lr_0 = 1.2333e-04
Loss = -4.5550e-02, PNorm = 40.3118, GNorm = 13.4903, lr_0 = 1.2214e-04
Loss = -7.7162e-02, PNorm = 40.3127, GNorm = 6.7725, lr_0 = 1.2098e-04
Loss = -1.3192e-01, PNorm = 40.3145, GNorm = 9.7318, lr_0 = 1.1982e-04
Loss = -1.5476e-01, PNorm = 40.3168, GNorm = 27.4920, lr_0 = 1.1867e-04
Loss = -6.9655e-02, PNorm = 40.3185, GNorm = 9.5606, lr_0 = 1.1753e-04
Loss = -9.1264e-02, PNorm = 40.3192, GNorm = 12.1628, lr_0 = 1.1641e-04
Loss = -9.5221e-02, PNorm = 40.3195, GNorm = 9.8464, lr_0 = 1.1529e-04
Loss = -1.0778e-01, PNorm = 40.3200, GNorm = 24.1568, lr_0 = 1.1419e-04
Loss = -1.4351e-01, PNorm = 40.3211, GNorm = 11.0600, lr_0 = 1.1310e-04
Loss = -7.5531e-02, PNorm = 40.3242, GNorm = 20.2491, lr_0 = 1.1201e-04
Loss = -1.1174e-01, PNorm = 40.3234, GNorm = 15.0386, lr_0 = 1.1094e-04
Loss = -1.1452e-01, PNorm = 40.3239, GNorm = 18.1436, lr_0 = 1.0988e-04
Loss = -5.3048e-02, PNorm = 40.3260, GNorm = 16.8839, lr_0 = 1.0883e-04
Loss = -7.4728e-02, PNorm = 40.3265, GNorm = 19.6262, lr_0 = 1.0778e-04
Validation rmse = 0.007234
Epoch 24
Loss = -5.3217e-02, PNorm = 40.3272, GNorm = 10.3866, lr_0 = 1.0675e-04
Loss = -1.3271e-01, PNorm = 40.3279, GNorm = 21.8078, lr_0 = 1.0573e-04
Loss = -1.4969e-01, PNorm = 40.3292, GNorm = 11.9909, lr_0 = 1.0472e-04
Loss = -8.7055e-02, PNorm = 40.3312, GNorm = 10.1754, lr_0 = 1.0371e-04
Loss = -5.3951e-02, PNorm = 40.3332, GNorm = 22.4367, lr_0 = 1.0272e-04
Loss = -5.1652e-02, PNorm = 40.3334, GNorm = 12.0162, lr_0 = 1.0174e-04
Loss = -9.8003e-02, PNorm = 40.3332, GNorm = 18.1312, lr_0 = 1.0076e-04
Loss = -1.2017e-01, PNorm = 40.3329, GNorm = 24.2947, lr_0 = 9.9798e-05
Loss = -1.5313e-01, PNorm = 40.3344, GNorm = 16.3783, lr_0 = 9.8842e-05
Loss = -1.0662e-01, PNorm = 40.3365, GNorm = 10.8364, lr_0 = 9.7896e-05
Loss = -9.3467e-02, PNorm = 40.3368, GNorm = 25.3694, lr_0 = 9.6959e-05
Loss = -8.7353e-02, PNorm = 40.3379, GNorm = 7.1597, lr_0 = 9.6030e-05
Loss = -1.3000e-01, PNorm = 40.3381, GNorm = 11.3332, lr_0 = 9.5111e-05
Loss = -1.6378e-01, PNorm = 40.3390, GNorm = 11.0512, lr_0 = 9.4200e-05
Loss = -1.0674e-01, PNorm = 40.3388, GNorm = 7.6214, lr_0 = 9.3298e-05
Validation rmse = 0.007185
Epoch 25
Loss = -1.9166e-02, PNorm = 40.3380, GNorm = 7.6900, lr_0 = 9.2316e-05
Loss = -1.0760e-01, PNorm = 40.3396, GNorm = 18.7575, lr_0 = 9.1432e-05
Loss = -1.4332e-01, PNorm = 40.3395, GNorm = 17.8739, lr_0 = 9.0556e-05
Loss = -1.3988e-01, PNorm = 40.3413, GNorm = 26.1957, lr_0 = 8.9689e-05
Loss = -1.3002e-01, PNorm = 40.3414, GNorm = 17.3447, lr_0 = 8.8830e-05
Loss = -1.0484e-01, PNorm = 40.3430, GNorm = 15.9927, lr_0 = 8.7980e-05
Loss = -7.1811e-02, PNorm = 40.3432, GNorm = 24.4417, lr_0 = 8.7137e-05
Loss = -4.5859e-02, PNorm = 40.3438, GNorm = 11.7909, lr_0 = 8.6303e-05
Loss = -1.5823e-01, PNorm = 40.3446, GNorm = 11.0533, lr_0 = 8.5476e-05
Loss = -1.1549e-01, PNorm = 40.3452, GNorm = 22.5616, lr_0 = 8.4658e-05
Loss = -1.5970e-01, PNorm = 40.3461, GNorm = 5.6303, lr_0 = 8.3847e-05
Loss = -1.0041e-01, PNorm = 40.3473, GNorm = 10.6475, lr_0 = 8.3044e-05
Loss = -8.4583e-02, PNorm = 40.3477, GNorm = 14.8946, lr_0 = 8.2249e-05
Loss = -1.0970e-01, PNorm = 40.3481, GNorm = 16.1555, lr_0 = 8.1461e-05
Loss = -5.9040e-02, PNorm = 40.3483, GNorm = 12.5916, lr_0 = 8.0681e-05
Loss = -1.7993e-01, PNorm = 40.3486, GNorm = 9.4524, lr_0 = 7.9909e-05
Validation rmse = 0.007132
Epoch 26
Loss = -9.9190e-02, PNorm = 40.3503, GNorm = 29.5143, lr_0 = 7.9068e-05
Loss = -1.1781e-01, PNorm = 40.3515, GNorm = 18.1884, lr_0 = 7.8310e-05
Loss = -8.7118e-02, PNorm = 40.3521, GNorm = 12.0805, lr_0 = 7.7561e-05
Loss = -1.1383e-01, PNorm = 40.3536, GNorm = 10.5000, lr_0 = 7.6818e-05
Loss = -1.2145e-01, PNorm = 40.3544, GNorm = 18.8936, lr_0 = 7.6082e-05
Loss = -1.3480e-01, PNorm = 40.3547, GNorm = 10.5364, lr_0 = 7.5354e-05
Loss = -1.6018e-01, PNorm = 40.3551, GNorm = 10.1205, lr_0 = 7.4632e-05
Loss = -1.3057e-01, PNorm = 40.3548, GNorm = 21.1992, lr_0 = 7.3918e-05
Loss = -1.2556e-01, PNorm = 40.3558, GNorm = 25.7463, lr_0 = 7.3210e-05
Loss = -1.3484e-01, PNorm = 40.3568, GNorm = 20.5767, lr_0 = 7.2509e-05
Loss = -9.2791e-02, PNorm = 40.3571, GNorm = 8.1460, lr_0 = 7.1814e-05
Loss = -1.3429e-01, PNorm = 40.3581, GNorm = 19.7763, lr_0 = 7.1127e-05
Loss = -5.0245e-02, PNorm = 40.3570, GNorm = 16.5957, lr_0 = 7.0446e-05
Loss = -1.0976e-01, PNorm = 40.3572, GNorm = 16.7448, lr_0 = 6.9771e-05
Loss = -1.2210e-01, PNorm = 40.3580, GNorm = 22.1990, lr_0 = 6.9103e-05
Validation rmse = 0.007182
Epoch 27
Loss = -1.1570e-01, PNorm = 40.3596, GNorm = 12.2275, lr_0 = 6.8375e-05
Loss = -1.3781e-01, PNorm = 40.3601, GNorm = 25.7659, lr_0 = 6.7721e-05
Loss = -1.3519e-01, PNorm = 40.3609, GNorm = 19.8951, lr_0 = 6.7072e-05
Loss = -1.4273e-01, PNorm = 40.3614, GNorm = 9.4439, lr_0 = 6.6430e-05
Loss = -8.5155e-02, PNorm = 40.3627, GNorm = 24.0782, lr_0 = 6.5794e-05
Loss = -9.8854e-02, PNorm = 40.3622, GNorm = 11.4892, lr_0 = 6.5164e-05
Loss = -9.6163e-02, PNorm = 40.3629, GNorm = 19.9010, lr_0 = 6.4540e-05
Loss = -1.0902e-01, PNorm = 40.3630, GNorm = 14.1626, lr_0 = 6.3922e-05
Loss = -1.4023e-01, PNorm = 40.3634, GNorm = 23.1099, lr_0 = 6.3310e-05
Loss = -8.5193e-02, PNorm = 40.3646, GNorm = 17.1199, lr_0 = 6.2704e-05
Loss = -9.6003e-02, PNorm = 40.3648, GNorm = 12.0693, lr_0 = 6.2103e-05
Loss = -1.4550e-01, PNorm = 40.3651, GNorm = 16.2892, lr_0 = 6.1508e-05
Loss = -1.1805e-01, PNorm = 40.3664, GNorm = 32.4498, lr_0 = 6.0919e-05
Loss = -9.6939e-02, PNorm = 40.3656, GNorm = 17.7271, lr_0 = 6.0336e-05
Loss = -9.2961e-02, PNorm = 40.3665, GNorm = 13.0929, lr_0 = 5.9758e-05
Loss = -1.1771e-01, PNorm = 40.3661, GNorm = 29.0337, lr_0 = 5.9186e-05
Validation rmse = 0.007066
Epoch 28
Loss = -1.5167e-01, PNorm = 40.3660, GNorm = 30.9769, lr_0 = 5.8619e-05
Loss = -2.1959e-01, PNorm = 40.3655, GNorm = 15.7620, lr_0 = 5.8058e-05
Loss = -1.0049e-01, PNorm = 40.3664, GNorm = 19.2707, lr_0 = 5.7502e-05
Loss = -9.6279e-02, PNorm = 40.3655, GNorm = 10.0934, lr_0 = 5.6952e-05
Loss = -9.6580e-02, PNorm = 40.3674, GNorm = 17.5554, lr_0 = 5.6406e-05
Loss = -9.9400e-02, PNorm = 40.3685, GNorm = 9.8259, lr_0 = 5.5866e-05
Loss = -6.9221e-02, PNorm = 40.3682, GNorm = 32.2925, lr_0 = 5.5331e-05
Loss = -1.1810e-01, PNorm = 40.3694, GNorm = 18.6180, lr_0 = 5.4801e-05
Loss = -1.2344e-01, PNorm = 40.3688, GNorm = 22.5486, lr_0 = 5.4277e-05
Loss = -1.0380e-01, PNorm = 40.3695, GNorm = 13.3166, lr_0 = 5.3757e-05
Loss = -8.4341e-02, PNorm = 40.3705, GNorm = 11.6062, lr_0 = 5.3242e-05
Loss = -1.0304e-01, PNorm = 40.3710, GNorm = 13.6069, lr_0 = 5.2732e-05
Loss = -1.3361e-01, PNorm = 40.3729, GNorm = 7.6080, lr_0 = 5.2227e-05
Loss = -3.2829e-02, PNorm = 40.3717, GNorm = 10.0047, lr_0 = 5.1727e-05
Loss = -1.2686e-01, PNorm = 40.3716, GNorm = 14.4730, lr_0 = 5.1232e-05
Loss = -2.0422e-01, PNorm = 40.3733, GNorm = 7.7840, lr_0 = 5.0741e-05
Validation rmse = 0.007139
Epoch 29
Loss = -1.6354e-01, PNorm = 40.3730, GNorm = 21.2284, lr_0 = 5.0207e-05
Loss = -1.0694e-01, PNorm = 40.3734, GNorm = 20.7449, lr_0 = 4.9726e-05
Loss = -9.0949e-02, PNorm = 40.3743, GNorm = 10.5753, lr_0 = 4.9250e-05
Loss = -1.5046e-01, PNorm = 40.3743, GNorm = 23.0698, lr_0 = 4.8779e-05
Loss = -1.5477e-01, PNorm = 40.3757, GNorm = 14.5649, lr_0 = 4.8311e-05
Loss = -1.2948e-01, PNorm = 40.3763, GNorm = 12.5852, lr_0 = 4.7849e-05
Loss = -1.4363e-01, PNorm = 40.3768, GNorm = 9.7022, lr_0 = 4.7391e-05
Loss = -8.9869e-02, PNorm = 40.3774, GNorm = 39.5546, lr_0 = 4.6937e-05
Loss = -1.8817e-01, PNorm = 40.3771, GNorm = 18.9761, lr_0 = 4.6487e-05
Loss = -1.3784e-01, PNorm = 40.3777, GNorm = 11.4865, lr_0 = 4.6042e-05
Loss = -1.6120e-01, PNorm = 40.3783, GNorm = 20.3112, lr_0 = 4.5601e-05
Loss = -1.1986e-01, PNorm = 40.3782, GNorm = 14.0344, lr_0 = 4.5165e-05
Loss = -1.5016e-01, PNorm = 40.3789, GNorm = 18.2204, lr_0 = 4.4732e-05
Loss = -1.6149e-01, PNorm = 40.3791, GNorm = 13.9988, lr_0 = 4.4304e-05
Loss = -6.3596e-02, PNorm = 40.3794, GNorm = 28.4590, lr_0 = 4.3880e-05
Validation rmse = 0.007037
Epoch 30
Loss = -6.2916e-02, PNorm = 40.3796, GNorm = 10.9107, lr_0 = 4.3418e-05
Loss = -1.3469e-01, PNorm = 40.3798, GNorm = 10.5592, lr_0 = 4.3002e-05
Loss = -1.2243e-01, PNorm = 40.3796, GNorm = 18.2469, lr_0 = 4.2590e-05
Loss = -1.6551e-01, PNorm = 40.3809, GNorm = 8.3690, lr_0 = 4.2182e-05
Loss = -1.0354e-01, PNorm = 40.3812, GNorm = 12.0282, lr_0 = 4.1778e-05
Loss = -1.9115e-01, PNorm = 40.3816, GNorm = 6.1145, lr_0 = 4.1378e-05
Loss = -1.3412e-01, PNorm = 40.3821, GNorm = 16.5907, lr_0 = 4.0982e-05
Loss = -1.5134e-01, PNorm = 40.3813, GNorm = 10.7098, lr_0 = 4.0590e-05
Loss = -9.5919e-02, PNorm = 40.3821, GNorm = 20.2340, lr_0 = 4.0201e-05
Loss = -1.8103e-01, PNorm = 40.3823, GNorm = 6.6558, lr_0 = 3.9816e-05
Loss = -1.7206e-01, PNorm = 40.3829, GNorm = 28.4279, lr_0 = 3.9435e-05
Loss = -5.8864e-02, PNorm = 40.3837, GNorm = 20.4177, lr_0 = 3.9057e-05
Loss = -1.4129e-01, PNorm = 40.3834, GNorm = 7.2217, lr_0 = 3.8683e-05
Loss = -1.0259e-01, PNorm = 40.3837, GNorm = 10.8664, lr_0 = 3.8313e-05
Loss = -1.7102e-01, PNorm = 40.3836, GNorm = 9.0871, lr_0 = 3.7946e-05
Loss = -1.1296e-01, PNorm = 40.3836, GNorm = 9.9760, lr_0 = 3.7583e-05
Validation rmse = 0.007031
Epoch 31
Loss = -1.2467e-01, PNorm = 40.3840, GNorm = 20.3420, lr_0 = 3.7187e-05
Loss = -1.6906e-01, PNorm = 40.3845, GNorm = 11.4504, lr_0 = 3.6831e-05
Loss = -1.4338e-01, PNorm = 40.3852, GNorm = 26.4676, lr_0 = 3.6478e-05
Loss = -5.8007e-02, PNorm = 40.3848, GNorm = 15.6309, lr_0 = 3.6129e-05
Loss = -1.4883e-01, PNorm = 40.3848, GNorm = 7.4066, lr_0 = 3.5783e-05
Loss = -1.3043e-01, PNorm = 40.3852, GNorm = 9.7006, lr_0 = 3.5440e-05
Loss = -6.3726e-02, PNorm = 40.3853, GNorm = 28.4959, lr_0 = 3.5101e-05
Loss = -1.0826e-01, PNorm = 40.3847, GNorm = 8.2832, lr_0 = 3.4765e-05
Loss = -1.3189e-01, PNorm = 40.3856, GNorm = 7.1073, lr_0 = 3.4432e-05
Loss = -9.0137e-02, PNorm = 40.3854, GNorm = 11.1551, lr_0 = 3.4102e-05
Loss = -1.0510e-01, PNorm = 40.3856, GNorm = 12.8924, lr_0 = 3.3776e-05
Loss = -1.4786e-01, PNorm = 40.3866, GNorm = 9.8506, lr_0 = 3.3452e-05
Loss = -1.6465e-01, PNorm = 40.3874, GNorm = 32.2116, lr_0 = 3.3132e-05
Loss = -1.3657e-01, PNorm = 40.3878, GNorm = 9.8731, lr_0 = 3.2815e-05
Loss = -1.2958e-01, PNorm = 40.3877, GNorm = 13.5241, lr_0 = 3.2500e-05
Loss = -1.7078e-01, PNorm = 40.3883, GNorm = 25.9608, lr_0 = 3.2189e-05
Validation rmse = 0.007088
Epoch 32
Loss = -1.6486e-01, PNorm = 40.3883, GNorm = 7.9656, lr_0 = 3.1881e-05
Loss = -1.6550e-01, PNorm = 40.3886, GNorm = 12.5772, lr_0 = 3.1576e-05
Loss = -1.3441e-01, PNorm = 40.3889, GNorm = 21.0316, lr_0 = 3.1273e-05
Loss = -1.1632e-01, PNorm = 40.3889, GNorm = 17.8232, lr_0 = 3.0974e-05
Loss = -1.2093e-01, PNorm = 40.3894, GNorm = 11.0330, lr_0 = 3.0677e-05
Loss = -1.1537e-01, PNorm = 40.3895, GNorm = 9.5113, lr_0 = 3.0383e-05
Loss = -1.7511e-01, PNorm = 40.3899, GNorm = 6.4519, lr_0 = 3.0093e-05
Loss = -1.8552e-01, PNorm = 40.3904, GNorm = 17.2619, lr_0 = 2.9804e-05
Loss = -1.1791e-01, PNorm = 40.3901, GNorm = 19.1280, lr_0 = 2.9519e-05
Loss = -1.6031e-01, PNorm = 40.3908, GNorm = 16.8015, lr_0 = 2.9236e-05
Loss = -9.1468e-02, PNorm = 40.3907, GNorm = 35.5775, lr_0 = 2.8956e-05
Loss = -1.0567e-01, PNorm = 40.3906, GNorm = 24.6625, lr_0 = 2.8679e-05
Loss = -1.3271e-01, PNorm = 40.3914, GNorm = 14.3204, lr_0 = 2.8404e-05
Loss = -5.3723e-02, PNorm = 40.3913, GNorm = 28.8504, lr_0 = 2.8132e-05
Loss = -1.4986e-01, PNorm = 40.3911, GNorm = 33.1553, lr_0 = 2.7863e-05
Validation rmse = 0.006992
Epoch 33
Loss = -1.1038e-01, PNorm = 40.3917, GNorm = 13.6516, lr_0 = 2.7570e-05
Loss = -7.8714e-02, PNorm = 40.3914, GNorm = 15.4876, lr_0 = 2.7306e-05
Loss = -1.4414e-01, PNorm = 40.3912, GNorm = 15.2259, lr_0 = 2.7044e-05
Loss = -1.1512e-01, PNorm = 40.3911, GNorm = 6.7525, lr_0 = 2.6785e-05
Loss = -1.1921e-01, PNorm = 40.3914, GNorm = 24.8788, lr_0 = 2.6529e-05
Loss = -1.2729e-01, PNorm = 40.3921, GNorm = 10.0767, lr_0 = 2.6275e-05
Loss = -1.9047e-01, PNorm = 40.3931, GNorm = 11.0016, lr_0 = 2.6023e-05
Loss = -1.6164e-01, PNorm = 40.3931, GNorm = 15.2168, lr_0 = 2.5774e-05
Loss = -1.2395e-01, PNorm = 40.3933, GNorm = 18.0969, lr_0 = 2.5527e-05
Loss = -1.4904e-01, PNorm = 40.3935, GNorm = 28.3209, lr_0 = 2.5283e-05
Loss = -1.0431e-01, PNorm = 40.3938, GNorm = 8.8673, lr_0 = 2.5041e-05
Loss = -1.4424e-01, PNorm = 40.3940, GNorm = 9.8611, lr_0 = 2.4801e-05
Loss = -6.2643e-02, PNorm = 40.3937, GNorm = 19.3680, lr_0 = 2.4563e-05
Loss = -1.2507e-01, PNorm = 40.3940, GNorm = 29.4720, lr_0 = 2.4328e-05
Loss = -1.0703e-01, PNorm = 40.3939, GNorm = 41.2168, lr_0 = 2.4095e-05
Loss = -1.7257e-01, PNorm = 40.3941, GNorm = 10.9952, lr_0 = 2.3865e-05
Validation rmse = 0.006949
Epoch 34
Loss = -1.4103e-01, PNorm = 40.3950, GNorm = 19.2206, lr_0 = 2.3613e-05
Loss = -7.2966e-02, PNorm = 40.3950, GNorm = 10.7778, lr_0 = 2.3387e-05
Loss = -1.0573e-01, PNorm = 40.3949, GNorm = 10.0420, lr_0 = 2.3163e-05
Loss = -1.2746e-01, PNorm = 40.3947, GNorm = 17.3482, lr_0 = 2.2941e-05
Loss = -1.2717e-01, PNorm = 40.3952, GNorm = 9.1203, lr_0 = 2.2722e-05
Loss = -1.4219e-01, PNorm = 40.3954, GNorm = 10.1767, lr_0 = 2.2504e-05
Loss = -1.8005e-01, PNorm = 40.3955, GNorm = 20.8050, lr_0 = 2.2289e-05
Loss = -1.6931e-01, PNorm = 40.3955, GNorm = 10.8053, lr_0 = 2.2075e-05
Loss = -2.0886e-01, PNorm = 40.3958, GNorm = 13.1233, lr_0 = 2.1864e-05
Loss = -1.3475e-01, PNorm = 40.3960, GNorm = 14.3483, lr_0 = 2.1654e-05
Loss = -8.9980e-02, PNorm = 40.3963, GNorm = 24.8451, lr_0 = 2.1447e-05
Loss = -1.8534e-01, PNorm = 40.3966, GNorm = 11.5543, lr_0 = 2.1242e-05
Loss = -1.4204e-01, PNorm = 40.3968, GNorm = 10.1165, lr_0 = 2.1038e-05
Loss = -1.7231e-01, PNorm = 40.3968, GNorm = 20.0267, lr_0 = 2.0837e-05
Loss = -1.3995e-01, PNorm = 40.3969, GNorm = 9.2209, lr_0 = 2.0637e-05
Validation rmse = 0.006976
Epoch 35
Loss = -2.1190e-01, PNorm = 40.3972, GNorm = 15.4955, lr_0 = 2.0420e-05
Loss = -1.1171e-01, PNorm = 40.3971, GNorm = 12.3599, lr_0 = 2.0225e-05
Loss = -1.5322e-01, PNorm = 40.3976, GNorm = 15.6161, lr_0 = 2.0031e-05
Loss = -1.0849e-01, PNorm = 40.3977, GNorm = 14.9736, lr_0 = 1.9839e-05
Loss = -1.2617e-01, PNorm = 40.3981, GNorm = 26.0583, lr_0 = 1.9649e-05
Loss = -1.0947e-01, PNorm = 40.3981, GNorm = 18.6451, lr_0 = 1.9461e-05
Loss = -1.8332e-01, PNorm = 40.3984, GNorm = 10.8087, lr_0 = 1.9275e-05
Loss = -5.2439e-02, PNorm = 40.3986, GNorm = 16.6166, lr_0 = 1.9090e-05
Loss = -1.5870e-01, PNorm = 40.3988, GNorm = 23.4707, lr_0 = 1.8907e-05
Loss = -1.6650e-01, PNorm = 40.3989, GNorm = 6.4114, lr_0 = 1.8726e-05
Loss = -1.5648e-01, PNorm = 40.3989, GNorm = 13.3907, lr_0 = 1.8547e-05
Loss = -2.0460e-01, PNorm = 40.3992, GNorm = 15.5067, lr_0 = 1.8369e-05
Loss = -1.4596e-01, PNorm = 40.3995, GNorm = 18.1517, lr_0 = 1.8193e-05
Loss = -8.4621e-02, PNorm = 40.3994, GNorm = 23.9486, lr_0 = 1.8019e-05
Loss = -1.1710e-01, PNorm = 40.3991, GNorm = 16.1373, lr_0 = 1.7847e-05
Loss = -2.2036e-01, PNorm = 40.3992, GNorm = 9.9893, lr_0 = 1.7676e-05
Validation rmse = 0.006951
Epoch 36
Loss = -2.0908e-01, PNorm = 40.3994, GNorm = 11.1320, lr_0 = 1.7506e-05
Loss = -9.3535e-02, PNorm = 40.3998, GNorm = 12.6829, lr_0 = 1.7339e-05
Loss = -3.3780e-02, PNorm = 40.3997, GNorm = 12.0099, lr_0 = 1.7173e-05
Loss = -1.8736e-01, PNorm = 40.3994, GNorm = 14.2243, lr_0 = 1.7008e-05
Loss = -1.4552e-01, PNorm = 40.3997, GNorm = 6.5042, lr_0 = 1.6846e-05
Loss = -1.1900e-01, PNorm = 40.3999, GNorm = 19.5337, lr_0 = 1.6684e-05
Loss = -2.1543e-01, PNorm = 40.4000, GNorm = 19.8555, lr_0 = 1.6524e-05
Loss = -1.5344e-01, PNorm = 40.4000, GNorm = 14.1385, lr_0 = 1.6366e-05
Loss = -1.4612e-01, PNorm = 40.4003, GNorm = 11.8688, lr_0 = 1.6210e-05
Loss = -1.4958e-01, PNorm = 40.4003, GNorm = 18.5599, lr_0 = 1.6054e-05
Loss = -1.5615e-01, PNorm = 40.4005, GNorm = 26.7851, lr_0 = 1.5901e-05
Loss = -1.2126e-01, PNorm = 40.4006, GNorm = 13.4079, lr_0 = 1.5748e-05
Loss = -1.3455e-01, PNorm = 40.4009, GNorm = 22.9219, lr_0 = 1.5598e-05
Loss = -2.2262e-01, PNorm = 40.4011, GNorm = 29.3260, lr_0 = 1.5448e-05
Loss = -1.6611e-01, PNorm = 40.4016, GNorm = 24.0078, lr_0 = 1.5300e-05
Loss = -6.6591e-02, PNorm = 40.4016, GNorm = 18.1582, lr_0 = 1.5154e-05
Validation rmse = 0.006950
Epoch 37
Loss = -1.7868e-01, PNorm = 40.4012, GNorm = 20.1993, lr_0 = 1.4994e-05
Loss = -1.6449e-01, PNorm = 40.4015, GNorm = 9.8750, lr_0 = 1.4851e-05
Loss = -1.1925e-01, PNorm = 40.4017, GNorm = 18.3437, lr_0 = 1.4708e-05
Loss = -1.3133e-01, PNorm = 40.4014, GNorm = 16.4525, lr_0 = 1.4568e-05
Loss = -8.2756e-02, PNorm = 40.4012, GNorm = 18.2401, lr_0 = 1.4428e-05
Loss = -1.5787e-01, PNorm = 40.4017, GNorm = 21.2921, lr_0 = 1.4290e-05
Loss = -7.6816e-02, PNorm = 40.4016, GNorm = 22.4021, lr_0 = 1.4153e-05
Loss = -1.1194e-01, PNorm = 40.4015, GNorm = 10.5197, lr_0 = 1.4018e-05
Loss = -1.7046e-01, PNorm = 40.4018, GNorm = 5.9029, lr_0 = 1.3883e-05
Loss = -1.5275e-01, PNorm = 40.4021, GNorm = 11.5700, lr_0 = 1.3750e-05
Loss = -1.9425e-01, PNorm = 40.4024, GNorm = 8.4120, lr_0 = 1.3619e-05
Loss = -1.6556e-01, PNorm = 40.4026, GNorm = 7.9888, lr_0 = 1.3488e-05
Loss = -1.5545e-01, PNorm = 40.4027, GNorm = 12.8993, lr_0 = 1.3359e-05
Loss = -1.8452e-01, PNorm = 40.4026, GNorm = 17.2847, lr_0 = 1.3231e-05
Loss = -1.7594e-01, PNorm = 40.4028, GNorm = 14.5829, lr_0 = 1.3105e-05
Validation rmse = 0.006955
Epoch 38
Loss = -1.3862e-01, PNorm = 40.4030, GNorm = 7.7402, lr_0 = 1.2967e-05
Loss = -1.4044e-01, PNorm = 40.4030, GNorm = 16.1036, lr_0 = 1.2842e-05
Loss = -1.1616e-01, PNorm = 40.4032, GNorm = 21.1446, lr_0 = 1.2719e-05
Loss = -1.8655e-01, PNorm = 40.4032, GNorm = 9.0983, lr_0 = 1.2598e-05
Loss = -2.1624e-01, PNorm = 40.4034, GNorm = 33.1488, lr_0 = 1.2477e-05
Loss = -9.1633e-02, PNorm = 40.4034, GNorm = 8.3895, lr_0 = 1.2358e-05
Loss = -1.4444e-01, PNorm = 40.4035, GNorm = 6.4485, lr_0 = 1.2239e-05
Loss = -1.8264e-01, PNorm = 40.4035, GNorm = 15.6724, lr_0 = 1.2122e-05
Loss = -1.7375e-01, PNorm = 40.4033, GNorm = 14.3939, lr_0 = 1.2006e-05
Loss = -1.2560e-01, PNorm = 40.4034, GNorm = 8.0080, lr_0 = 1.1891e-05
Loss = -1.3144e-01, PNorm = 40.4035, GNorm = 21.4570, lr_0 = 1.1777e-05
Loss = -1.9502e-01, PNorm = 40.4037, GNorm = 7.6521, lr_0 = 1.1664e-05
Loss = -1.0760e-01, PNorm = 40.4038, GNorm = 11.4976, lr_0 = 1.1553e-05
Loss = -1.5494e-01, PNorm = 40.4039, GNorm = 9.9505, lr_0 = 1.1442e-05
Loss = -1.6246e-01, PNorm = 40.4038, GNorm = 9.3132, lr_0 = 1.1332e-05
Loss = -1.3234e-01, PNorm = 40.4036, GNorm = 15.3395, lr_0 = 1.1224e-05
Validation rmse = 0.006938
Epoch 39
Loss = -1.6934e-01, PNorm = 40.4038, GNorm = 10.2722, lr_0 = 1.1106e-05
Loss = -1.7558e-01, PNorm = 40.4038, GNorm = 12.4361, lr_0 = 1.0999e-05
Loss = -1.3265e-01, PNorm = 40.4041, GNorm = 9.4712, lr_0 = 1.0894e-05
Loss = -1.3994e-01, PNorm = 40.4042, GNorm = 24.2569, lr_0 = 1.0790e-05
Loss = -1.7416e-01, PNorm = 40.4042, GNorm = 10.8190, lr_0 = 1.0686e-05
Loss = -1.3872e-01, PNorm = 40.4043, GNorm = 14.7551, lr_0 = 1.0584e-05
Loss = -1.6722e-01, PNorm = 40.4043, GNorm = 9.2700, lr_0 = 1.0483e-05
Loss = -2.1220e-01, PNorm = 40.4044, GNorm = 8.8948, lr_0 = 1.0382e-05
Loss = -1.4773e-01, PNorm = 40.4044, GNorm = 7.4216, lr_0 = 1.0283e-05
Loss = -1.1108e-01, PNorm = 40.4045, GNorm = 17.9591, lr_0 = 1.0184e-05
Loss = -1.0412e-01, PNorm = 40.4047, GNorm = 10.9833, lr_0 = 1.0087e-05
Loss = -1.0920e-01, PNorm = 40.4045, GNorm = 48.9558, lr_0 = 1.0000e-05
Loss = -7.9179e-02, PNorm = 40.4041, GNorm = 12.1336, lr_0 = 1.0000e-05
Loss = -1.7370e-01, PNorm = 40.4040, GNorm = 8.8501, lr_0 = 1.0000e-05
Loss = -1.5583e-01, PNorm = 40.4043, GNorm = 23.1157, lr_0 = 1.0000e-05
Loss = -9.9765e-02, PNorm = 40.4045, GNorm = 45.6474, lr_0 = 1.0000e-05
Validation rmse = 0.006950
Model 0 best validation rmse = 0.006938 on epoch 38
Loading pretrained parameter "encoder.encoder.0.cached_zero_vector".
Loading pretrained parameter "encoder.encoder.0.act_func.weight".
Loading pretrained parameter "encoder.encoder.0.W_i.weight".
Loading pretrained parameter "encoder.encoder.0.W_h.weight".
Loading pretrained parameter "encoder.encoder.0.W_o.weight".
Loading pretrained parameter "encoder.encoder.0.W_o.bias".
Loading pretrained parameter "ffn.1.weight".
Loading pretrained parameter "ffn.1.bias".
Loading pretrained parameter "ffn.2.weight".
Loading pretrained parameter "ffn.4.weight".
Loading pretrained parameter "ffn.4.bias".
Moving model to cuda
Model 0 test rmse = 0.006938
Ensemble test rmse = 0.006938
1-fold cross validation
	Seed 0 ==> test rmse = 0.006938
Overall test rmse = 0.006938 +/- 0.000000
Elapsed time = 0:14:33
