Command line
python /home/lungyi/anaconda3/envs/uncmoo/bin/chemprop_train --smiles_columns smiles --data_path guacamol_benchmark/guacamol_dataset/guacamol_sample_train.csv --separate_val_path guacamol_benchmark/guacamol_dataset/guacamol_sample_valid.csv --separate_test_path guacamol_benchmark/guacamol_dataset/guacamol_sample_test.csv --dataset_type regression --num_workers 1 --target_columns similarity_Camphor --save_dir chemprop_unc/save_models/guacamol/similarity_Camphor/trial_24 --warmup_epochs 2 --epochs 40 --max_lr 3e-3 --init_lr 1e-4 --batch_size 64 --final_lr 1e-5 --dropout 0 --hidden_size 300 --ffn_num_layers 2 --save_preds --aggregation sum --activation PReLU --gpu 0 --loss_function evidential --evidential_regularization 0.005
Args
{'activation': 'PReLU',
 'adding_h': False,
 'aggregation': 'sum',
 'aggregation_norm': 100,
 'atom_descriptor_scaling': True,
 'atom_descriptors': None,
 'atom_descriptors_path': None,
 'atom_descriptors_size': 0,
 'atom_features_size': 0,
 'atom_messages': False,
 'batch_size': 64,
 'bias': False,
 'bias_solvent': False,
 'bond_feature_scaling': True,
 'bond_features_path': None,
 'bond_features_size': 0,
 'cache_cutoff': 10000,
 'checkpoint_dir': None,
 'checkpoint_frzn': None,
 'checkpoint_path': None,
 'checkpoint_paths': None,
 'class_balance': False,
 'config_path': None,
 'crossval_index_dir': None,
 'crossval_index_file': None,
 'crossval_index_sets': None,
 'cuda': True,
 'data_path': 'guacamol_benchmark/guacamol_dataset/guacamol_sample_train.csv',
 'data_weights_path': None,
 'dataset_type': 'regression',
 'depth': 3,
 'depth_solvent': 3,
 'device': device(type='cuda', index=0),
 'dropout': 0.0,
 'empty_cache': False,
 'ensemble_size': 1,
 'epochs': 40,
 'evidential_regularization': 0.005,
 'explicit_h': False,
 'extra_metrics': [],
 'features_generator': None,
 'features_only': False,
 'features_path': None,
 'features_scaling': True,
 'features_size': None,
 'ffn_hidden_size': 300,
 'ffn_num_layers': 2,
 'final_lr': 1e-05,
 'folds_file': None,
 'freeze_first_only': False,
 'frzn_ffn_layers': 0,
 'gpu': 0,
 'grad_clip': None,
 'hidden_size': 300,
 'hidden_size_solvent': 300,
 'ignore_columns': None,
 'init_lr': 0.0001,
 'log_frequency': 10,
 'loss_function': 'evidential',
 'max_data_size': None,
 'max_lr': 0.003,
 'metric': 'rmse',
 'metrics': ['rmse'],
 'minimize_score': True,
 'mpn_shared': False,
 'multiclass_num_classes': 3,
 'no_atom_descriptor_scaling': False,
 'no_bond_features_scaling': False,
 'no_cache_mol': False,
 'no_cuda': False,
 'no_features_scaling': False,
 'num_folds': 1,
 'num_lrs': 1,
 'num_tasks': 1,
 'num_workers': 1,
 'number_of_molecules': 1,
 'overwrite_default_atom_features': False,
 'overwrite_default_bond_features': False,
 'phase_features_path': None,
 'pytorch_seed': 0,
 'quiet': False,
 'reaction': False,
 'reaction_mode': 'reac_diff',
 'reaction_solvent': False,
 'resume_experiment': False,
 'save_dir': 'chemprop_unc/save_models/guacamol/similarity_Camphor/trial_24',
 'save_preds': True,
 'save_smiles_splits': False,
 'seed': 0,
 'separate_test_atom_descriptors_path': None,
 'separate_test_bond_features_path': None,
 'separate_test_features_path': None,
 'separate_test_path': 'guacamol_benchmark/guacamol_dataset/guacamol_sample_test.csv',
 'separate_test_phase_features_path': None,
 'separate_val_atom_descriptors_path': None,
 'separate_val_bond_features_path': None,
 'separate_val_features_path': None,
 'separate_val_path': 'guacamol_benchmark/guacamol_dataset/guacamol_sample_valid.csv',
 'separate_val_phase_features_path': None,
 'show_individual_scores': False,
 'smiles_columns': ['smiles'],
 'spectra_activation': 'exp',
 'spectra_phase_mask_path': None,
 'spectra_target_floor': 1e-08,
 'split_key_molecule': 0,
 'split_sizes': [1.0, 0.0, 0.0],
 'split_type': 'random',
 'target_columns': ['similarity_Camphor'],
 'target_weights': None,
 'task_names': ['similarity_Camphor'],
 'test': False,
 'test_fold_index': None,
 'train_data_size': None,
 'undirected': False,
 'use_input_features': False,
 'val_fold_index': None,
 'warmup_epochs': 2.0}
Setting molecule featurization parameters to default.
Loading data
Number of tasks = 1
Fold 0
Splitting data with seed 0
Total size = 10,000 | train size = 10,000 | val size = 2,000 | test size = 10,000
Fitting scaler
Building model 0
MoleculeModel(
  (softplus): Softplus(beta=1, threshold=20)
  (encoder): MPN(
    (encoder): ModuleList(
      (0): MPNEncoder(
        (dropout_layer): Dropout(p=0.0, inplace=False)
        (act_func): PReLU(num_parameters=1)
        (W_i): Linear(in_features=147, out_features=300, bias=False)
        (W_h): Linear(in_features=300, out_features=300, bias=False)
        (W_o): Linear(in_features=433, out_features=300, bias=True)
      )
    )
  )
  (ffn): Sequential(
    (0): Dropout(p=0.0, inplace=False)
    (1): Linear(in_features=300, out_features=300, bias=True)
    (2): PReLU(num_parameters=1)
    (3): Dropout(p=0.0, inplace=False)
    (4): Linear(in_features=300, out_features=4, bias=True)
  )
)
Number of parameters = 356,106
Moving model to cuda
Epoch 0
Loss = 1.3221e+01, PNorm = 34.0501, GNorm = 86.7227, lr_0 = 2.0224e-04
Loss = 3.8906e+00, PNorm = 34.0532, GNorm = 65.3736, lr_0 = 2.9519e-04
Loss = 3.6484e+00, PNorm = 34.0528, GNorm = 42.0613, lr_0 = 3.8814e-04
Loss = 3.2865e+00, PNorm = 34.0531, GNorm = 36.7690, lr_0 = 4.8109e-04
Loss = 3.0173e+00, PNorm = 34.0535, GNorm = 30.1909, lr_0 = 5.7404e-04
Loss = 2.8360e+00, PNorm = 34.0548, GNorm = 16.3598, lr_0 = 6.6699e-04
Loss = 2.3580e+00, PNorm = 34.0606, GNorm = 37.8539, lr_0 = 7.5994e-04
Loss = 6.4864e+00, PNorm = 34.0648, GNorm = 99.3548, lr_0 = 8.5288e-04
Loss = 5.0663e+00, PNorm = 34.0819, GNorm = 63.5771, lr_0 = 9.4583e-04
Loss = 3.6613e+00, PNorm = 34.0890, GNorm = 21.0610, lr_0 = 1.0388e-03
Loss = 3.1736e+00, PNorm = 34.0963, GNorm = 13.8670, lr_0 = 1.1317e-03
Loss = 2.8816e+00, PNorm = 34.1038, GNorm = 19.3781, lr_0 = 1.2247e-03
Loss = 2.6241e+00, PNorm = 34.1139, GNorm = 7.8844, lr_0 = 1.3176e-03
Loss = 5.3767e+00, PNorm = 34.1269, GNorm = 43.2906, lr_0 = 1.4106e-03
Loss = 3.9188e+00, PNorm = 34.2147, GNorm = 67.9297, lr_0 = 1.5035e-03
Validation rmse = 0.090884
Epoch 1
Loss = 3.5257e+00, PNorm = 34.2937, GNorm = 32.8094, lr_0 = 1.6058e-03
Loss = 3.3089e+00, PNorm = 34.3486, GNorm = 17.3120, lr_0 = 1.6987e-03
Loss = 3.2784e+00, PNorm = 34.3860, GNorm = 40.4200, lr_0 = 1.7917e-03
Loss = 3.3054e+00, PNorm = 34.4251, GNorm = 15.2549, lr_0 = 1.8846e-03
Loss = 3.1445e+00, PNorm = 34.4612, GNorm = 9.7389, lr_0 = 1.9776e-03
Loss = 2.9149e+00, PNorm = 34.4955, GNorm = 13.3958, lr_0 = 2.0705e-03
Loss = 4.2519e+00, PNorm = 34.5371, GNorm = 31.0814, lr_0 = 2.1635e-03
Loss = 3.4403e+00, PNorm = 34.6161, GNorm = 6.1002, lr_0 = 2.2564e-03
Loss = 2.8492e+00, PNorm = 34.6752, GNorm = 10.8992, lr_0 = 2.3494e-03
Loss = 2.6692e+00, PNorm = 34.7239, GNorm = 8.5523, lr_0 = 2.4423e-03
Loss = 2.8294e+00, PNorm = 34.7793, GNorm = 7.7949, lr_0 = 2.5353e-03
Loss = 2.6262e+00, PNorm = 34.8334, GNorm = 5.2543, lr_0 = 2.6282e-03
Loss = 2.5423e+00, PNorm = 34.9010, GNorm = 79.7669, lr_0 = 2.7212e-03
Loss = 2.7421e+00, PNorm = 34.9610, GNorm = 11.8356, lr_0 = 2.8141e-03
Loss = 2.4430e+00, PNorm = 35.0248, GNorm = 5.6574, lr_0 = 2.9071e-03
Loss = 5.2446e+00, PNorm = 35.1619, GNorm = 27.9582, lr_0 = 3.0000e-03
Validation rmse = 0.081601
Epoch 2
Loss = 2.9743e+00, PNorm = 35.3663, GNorm = 6.1431, lr_0 = 2.9684e-03
Loss = 2.6718e+00, PNorm = 35.4786, GNorm = 298.5715, lr_0 = 2.9400e-03
Loss = 2.8315e+00, PNorm = 35.6334, GNorm = 11.5656, lr_0 = 2.9118e-03
Loss = 2.7692e+00, PNorm = 35.7474, GNorm = 3.0249, lr_0 = 2.8840e-03
Loss = 2.5812e+00, PNorm = 35.8069, GNorm = 13.5117, lr_0 = 2.8563e-03
Loss = 2.0475e+00, PNorm = 35.8575, GNorm = 135.6459, lr_0 = 2.8290e-03
Loss = 1.3921e+00, PNorm = 35.8994, GNorm = 9.5145, lr_0 = 2.8019e-03
Loss = 1.0855e+00, PNorm = 35.9400, GNorm = 52.7935, lr_0 = 2.7751e-03
Loss = 9.0166e-01, PNorm = 35.9807, GNorm = 48.1142, lr_0 = 2.7485e-03
Loss = 9.4402e-01, PNorm = 36.0027, GNorm = 21.2504, lr_0 = 2.7222e-03
Loss = 7.9021e-01, PNorm = 36.0322, GNorm = 23.5537, lr_0 = 2.6961e-03
Loss = 7.8688e-01, PNorm = 36.0434, GNorm = 5.9951, lr_0 = 2.6703e-03
Loss = 7.2882e-01, PNorm = 36.0567, GNorm = 21.5242, lr_0 = 2.6447e-03
Loss = 6.7120e-01, PNorm = 36.0701, GNorm = 19.1820, lr_0 = 2.6194e-03
Loss = 6.4224e-01, PNorm = 36.0948, GNorm = 21.5363, lr_0 = 2.5943e-03
Validation rmse = 0.018166
Epoch 3
Loss = 8.9698e-01, PNorm = 36.1131, GNorm = 17.8746, lr_0 = 2.5670e-03
Loss = 7.2508e-01, PNorm = 36.1254, GNorm = 35.1920, lr_0 = 2.5424e-03
Loss = 6.9697e-01, PNorm = 36.1345, GNorm = 31.5040, lr_0 = 2.5181e-03
Loss = 6.6640e-01, PNorm = 36.1403, GNorm = 4.3276, lr_0 = 2.4940e-03
Loss = 5.5319e-01, PNorm = 36.1521, GNorm = 8.1640, lr_0 = 2.4701e-03
Loss = 6.5762e-01, PNorm = 36.1618, GNorm = 32.6334, lr_0 = 2.4464e-03
Loss = 6.9083e-01, PNorm = 36.1741, GNorm = 40.4379, lr_0 = 2.4230e-03
Loss = 6.8975e-01, PNorm = 36.1789, GNorm = 17.7495, lr_0 = 2.3998e-03
Loss = 6.0960e-01, PNorm = 36.1829, GNorm = 23.5545, lr_0 = 2.3768e-03
Loss = 7.0588e-01, PNorm = 36.1904, GNorm = 8.9495, lr_0 = 2.3541e-03
Loss = 6.4248e-01, PNorm = 36.2103, GNorm = 8.1485, lr_0 = 2.3315e-03
Loss = 5.5003e-01, PNorm = 36.2227, GNorm = 51.0873, lr_0 = 2.3092e-03
Loss = 5.0365e-01, PNorm = 36.2396, GNorm = 26.5351, lr_0 = 2.2871e-03
Loss = 3.7307e-01, PNorm = 36.2578, GNorm = 6.0197, lr_0 = 2.2652e-03
Loss = 3.6348e-01, PNorm = 36.2760, GNorm = 19.6014, lr_0 = 2.2435e-03
Loss = 5.1739e-01, PNorm = 36.2932, GNorm = 19.3173, lr_0 = 2.2220e-03
Validation rmse = 0.014598
Epoch 4
Loss = 6.2049e-01, PNorm = 36.3080, GNorm = 17.4745, lr_0 = 2.2007e-03
Loss = 5.2288e-01, PNorm = 36.3285, GNorm = 17.0580, lr_0 = 2.1797e-03
Loss = 3.8089e-01, PNorm = 36.3472, GNorm = 33.2035, lr_0 = 2.1588e-03
Loss = 3.0816e-01, PNorm = 36.3726, GNorm = 29.4014, lr_0 = 2.1381e-03
Loss = 4.2683e-01, PNorm = 36.3884, GNorm = 6.6096, lr_0 = 2.1176e-03
Loss = 3.4641e-01, PNorm = 36.4024, GNorm = 16.6956, lr_0 = 2.0974e-03
Loss = 3.0114e-01, PNorm = 36.4163, GNorm = 8.5672, lr_0 = 2.0773e-03
Loss = 2.7579e-01, PNorm = 36.4353, GNorm = 13.0203, lr_0 = 2.0574e-03
Loss = 2.3057e-01, PNorm = 36.4562, GNorm = 34.4160, lr_0 = 2.0377e-03
Loss = 2.6682e-01, PNorm = 36.4762, GNorm = 23.2528, lr_0 = 2.0182e-03
Loss = 2.3854e-01, PNorm = 36.4957, GNorm = 22.1953, lr_0 = 1.9989e-03
Loss = 1.7157e-01, PNorm = 36.5179, GNorm = 8.3448, lr_0 = 1.9797e-03
Loss = 8.7496e-02, PNorm = 36.5387, GNorm = 147.3312, lr_0 = 1.9608e-03
Loss = 2.7997e-01, PNorm = 36.5525, GNorm = 8.1054, lr_0 = 1.9420e-03
Loss = 9.0546e-02, PNorm = 36.5748, GNorm = 81.5240, lr_0 = 1.9234e-03
Loss = 3.3214e-01, PNorm = 36.5937, GNorm = 26.2087, lr_0 = 1.9050e-03
Validation rmse = 0.013369
Epoch 5
Loss = 3.6786e-01, PNorm = 36.6048, GNorm = 16.7841, lr_0 = 1.8849e-03
Loss = 1.6489e-01, PNorm = 36.6200, GNorm = 7.1650, lr_0 = 1.8669e-03
Loss = 1.3621e-01, PNorm = 36.6387, GNorm = 39.4724, lr_0 = 1.8490e-03
Loss = 1.3359e-01, PNorm = 36.6550, GNorm = 12.0406, lr_0 = 1.8313e-03
Loss = -9.6273e-03, PNorm = 36.6740, GNorm = 86.5578, lr_0 = 1.8137e-03
Loss = 1.5107e-01, PNorm = 36.6882, GNorm = 19.4541, lr_0 = 1.7964e-03
Loss = 2.7471e-02, PNorm = 36.6995, GNorm = 32.5851, lr_0 = 1.7792e-03
Loss = -8.3986e-02, PNorm = 36.7094, GNorm = 41.6849, lr_0 = 1.7621e-03
Loss = 8.3211e-02, PNorm = 36.7259, GNorm = 10.6808, lr_0 = 1.7453e-03
Loss = -2.2221e-02, PNorm = 36.7452, GNorm = 17.2230, lr_0 = 1.7286e-03
Loss = -9.9111e-02, PNorm = 36.7627, GNorm = 48.3895, lr_0 = 1.7120e-03
Loss = -5.6273e-02, PNorm = 36.7779, GNorm = 22.9902, lr_0 = 1.6956e-03
Loss = -3.0056e-02, PNorm = 36.7923, GNorm = 20.3015, lr_0 = 1.6794e-03
Loss = -1.0271e-01, PNorm = 36.8075, GNorm = 26.3647, lr_0 = 1.6633e-03
Loss = -4.9415e-02, PNorm = 36.8244, GNorm = 30.5292, lr_0 = 1.6474e-03
Validation rmse = 0.011234
Epoch 6
Loss = -7.6851e-02, PNorm = 36.8451, GNorm = 11.1542, lr_0 = 1.6300e-03
Loss = -1.8256e-01, PNorm = 36.8663, GNorm = 19.5741, lr_0 = 1.6144e-03
Loss = 2.2273e-01, PNorm = 36.8807, GNorm = 54.0456, lr_0 = 1.5990e-03
Loss = 1.2340e-01, PNorm = 36.8964, GNorm = 24.4302, lr_0 = 1.5836e-03
Loss = -1.9588e-01, PNorm = 36.9221, GNorm = 33.3867, lr_0 = 1.5685e-03
Loss = -1.9772e-01, PNorm = 36.9267, GNorm = 10.9445, lr_0 = 1.5535e-03
Loss = -2.5738e-01, PNorm = 36.9414, GNorm = 33.1892, lr_0 = 1.5386e-03
Loss = -1.3856e-01, PNorm = 36.9552, GNorm = 39.3543, lr_0 = 1.5238e-03
Loss = -3.1289e-01, PNorm = 36.9683, GNorm = 28.7564, lr_0 = 1.5093e-03
Loss = -1.5849e-01, PNorm = 36.9787, GNorm = 26.6622, lr_0 = 1.4948e-03
Loss = -3.4197e-01, PNorm = 36.9905, GNorm = 21.1189, lr_0 = 1.4805e-03
Loss = -1.8946e-01, PNorm = 37.0032, GNorm = 13.6723, lr_0 = 1.4663e-03
Loss = -1.3717e-01, PNorm = 37.0035, GNorm = 41.9617, lr_0 = 1.4523e-03
Loss = -3.2994e-01, PNorm = 37.0189, GNorm = 56.3852, lr_0 = 1.4384e-03
Loss = -2.8440e-01, PNorm = 37.0232, GNorm = 24.1417, lr_0 = 1.4246e-03
Loss = -2.6683e-01, PNorm = 37.0367, GNorm = 16.2838, lr_0 = 1.4110e-03
Validation rmse = 0.009264
Epoch 7
Loss = -3.6832e-01, PNorm = 37.0485, GNorm = 33.8162, lr_0 = 1.3961e-03
Loss = -2.4890e-01, PNorm = 37.0611, GNorm = 16.1768, lr_0 = 1.3827e-03
Loss = -3.9262e-01, PNorm = 37.0716, GNorm = 36.9311, lr_0 = 1.3695e-03
Loss = -3.6106e-01, PNorm = 37.0826, GNorm = 52.3369, lr_0 = 1.3564e-03
Loss = -3.9525e-01, PNorm = 37.0925, GNorm = 27.0957, lr_0 = 1.3434e-03
Loss = -4.1771e-01, PNorm = 37.1055, GNorm = 17.8049, lr_0 = 1.3305e-03
Loss = -3.1725e-01, PNorm = 37.1161, GNorm = 33.1223, lr_0 = 1.3178e-03
Loss = -4.3639e-01, PNorm = 37.1254, GNorm = 27.8731, lr_0 = 1.3052e-03
Loss = -4.8700e-01, PNorm = 37.1346, GNorm = 17.8914, lr_0 = 1.2927e-03
Loss = -4.3514e-01, PNorm = 37.1454, GNorm = 15.4975, lr_0 = 1.2803e-03
Loss = -4.3927e-01, PNorm = 37.1554, GNorm = 25.6879, lr_0 = 1.2680e-03
Loss = -3.9794e-01, PNorm = 37.1638, GNorm = 24.4755, lr_0 = 1.2559e-03
Loss = -4.9326e-01, PNorm = 37.1755, GNorm = 42.0297, lr_0 = 1.2439e-03
Loss = -4.6381e-01, PNorm = 37.1874, GNorm = 89.2201, lr_0 = 1.2320e-03
Loss = -5.3022e-01, PNorm = 37.1960, GNorm = 31.6376, lr_0 = 1.2202e-03
Loss = -6.8174e-01, PNorm = 37.2043, GNorm = 28.7014, lr_0 = 1.2085e-03
Validation rmse = 0.007929
Epoch 8
Loss = -5.2820e-01, PNorm = 37.2114, GNorm = 54.2017, lr_0 = 1.1969e-03
Loss = -4.1142e-01, PNorm = 37.2198, GNorm = 58.1453, lr_0 = 1.1854e-03
Loss = -6.3485e-01, PNorm = 37.2264, GNorm = 48.3646, lr_0 = 1.1741e-03
Loss = -2.8953e-01, PNorm = 37.2385, GNorm = 50.6987, lr_0 = 1.1628e-03
Loss = -4.0402e-01, PNorm = 37.2450, GNorm = 15.0533, lr_0 = 1.1517e-03
Loss = -5.7663e-01, PNorm = 37.2518, GNorm = 49.5293, lr_0 = 1.1407e-03
Loss = -6.0664e-01, PNorm = 37.2606, GNorm = 26.7307, lr_0 = 1.1298e-03
Loss = -4.4653e-01, PNorm = 37.2656, GNorm = 45.3260, lr_0 = 1.1189e-03
Loss = -5.7364e-01, PNorm = 37.2695, GNorm = 41.4604, lr_0 = 1.1082e-03
Loss = -6.4827e-01, PNorm = 37.2748, GNorm = 18.9034, lr_0 = 1.0976e-03
Loss = -7.1103e-01, PNorm = 37.2820, GNorm = 25.7304, lr_0 = 1.0871e-03
Loss = -7.3445e-01, PNorm = 37.2856, GNorm = 69.0209, lr_0 = 1.0767e-03
Loss = -4.6862e-01, PNorm = 37.2939, GNorm = 44.3196, lr_0 = 1.0664e-03
Loss = -5.7726e-01, PNorm = 37.3009, GNorm = 13.4570, lr_0 = 1.0562e-03
Loss = -6.5675e-01, PNorm = 37.3081, GNorm = 108.4683, lr_0 = 1.0461e-03
Validation rmse = 0.007271
Epoch 9
Loss = -5.4127e-01, PNorm = 37.3126, GNorm = 22.4960, lr_0 = 1.0350e-03
Loss = -6.3553e-01, PNorm = 37.3203, GNorm = 16.1819, lr_0 = 1.0251e-03
Loss = -5.8599e-01, PNorm = 37.3229, GNorm = 122.8411, lr_0 = 1.0153e-03
Loss = -6.8003e-01, PNorm = 37.3303, GNorm = 30.7524, lr_0 = 1.0056e-03
Loss = -6.6629e-01, PNorm = 37.3379, GNorm = 51.3430, lr_0 = 9.9597e-04
Loss = -7.9061e-01, PNorm = 37.3432, GNorm = 52.1084, lr_0 = 9.8643e-04
Loss = -5.6531e-01, PNorm = 37.3541, GNorm = 86.7580, lr_0 = 9.7698e-04
Loss = -6.9413e-01, PNorm = 37.3616, GNorm = 32.6347, lr_0 = 9.6763e-04
Loss = -7.8562e-01, PNorm = 37.3691, GNorm = 91.7067, lr_0 = 9.5836e-04
Loss = -5.5193e-01, PNorm = 37.3761, GNorm = 42.5206, lr_0 = 9.4919e-04
Loss = -7.8782e-01, PNorm = 37.3824, GNorm = 81.7301, lr_0 = 9.4010e-04
Loss = -7.9996e-01, PNorm = 37.3894, GNorm = 27.7157, lr_0 = 9.3109e-04
Loss = -8.3672e-01, PNorm = 37.3944, GNorm = 21.5093, lr_0 = 9.2218e-04
Loss = -7.5152e-01, PNorm = 37.3979, GNorm = 101.9410, lr_0 = 9.1335e-04
Loss = -6.8508e-01, PNorm = 37.4039, GNorm = 34.5037, lr_0 = 9.0460e-04
Loss = -8.0226e-01, PNorm = 37.4110, GNorm = 26.4879, lr_0 = 8.9594e-04
Validation rmse = 0.007451
Epoch 10
Loss = -8.9682e-01, PNorm = 37.4185, GNorm = 45.9544, lr_0 = 8.8651e-04
Loss = -7.2376e-01, PNorm = 37.4254, GNorm = 41.6255, lr_0 = 8.7802e-04
Loss = -7.6668e-01, PNorm = 37.4292, GNorm = 30.9247, lr_0 = 8.6961e-04
Loss = -8.5546e-01, PNorm = 37.4396, GNorm = 81.5039, lr_0 = 8.6128e-04
Loss = -8.9681e-01, PNorm = 37.4467, GNorm = 29.9616, lr_0 = 8.5304e-04
Loss = -7.6979e-01, PNorm = 37.4538, GNorm = 163.5110, lr_0 = 8.4487e-04
Loss = -7.8108e-01, PNorm = 37.4616, GNorm = 24.9167, lr_0 = 8.3678e-04
Loss = -8.3212e-01, PNorm = 37.4682, GNorm = 82.7473, lr_0 = 8.2877e-04
Loss = -9.8272e-01, PNorm = 37.4752, GNorm = 65.5017, lr_0 = 8.2083e-04
Loss = -7.8635e-01, PNorm = 37.4812, GNorm = 119.9533, lr_0 = 8.1297e-04
Loss = -8.0520e-01, PNorm = 37.4853, GNorm = 23.4066, lr_0 = 8.0519e-04
Loss = -8.2575e-01, PNorm = 37.4908, GNorm = 85.6376, lr_0 = 7.9747e-04
Loss = -7.6775e-01, PNorm = 37.4957, GNorm = 27.9204, lr_0 = 7.8984e-04
Loss = -8.6137e-01, PNorm = 37.5000, GNorm = 15.6364, lr_0 = 7.8228e-04
Loss = -8.1130e-01, PNorm = 37.5033, GNorm = 120.7240, lr_0 = 7.7478e-04
Validation rmse = 0.006885
Epoch 11
Loss = -1.1178e+00, PNorm = 37.5072, GNorm = 63.1644, lr_0 = 7.6663e-04
Loss = -8.9637e-01, PNorm = 37.5121, GNorm = 40.0232, lr_0 = 7.5929e-04
Loss = -8.4225e-01, PNorm = 37.5191, GNorm = 25.5768, lr_0 = 7.5202e-04
Loss = -8.0971e-01, PNorm = 37.5247, GNorm = 105.7591, lr_0 = 7.4482e-04
Loss = -8.7321e-01, PNorm = 37.5293, GNorm = 106.5344, lr_0 = 7.3768e-04
Loss = -9.9816e-01, PNorm = 37.5349, GNorm = 43.2632, lr_0 = 7.3062e-04
Loss = -9.3742e-01, PNorm = 37.5400, GNorm = 35.3270, lr_0 = 7.2362e-04
Loss = -8.7871e-01, PNorm = 37.5454, GNorm = 49.9009, lr_0 = 7.1669e-04
Loss = -1.0317e+00, PNorm = 37.5506, GNorm = 62.7100, lr_0 = 7.0983e-04
Loss = -7.8832e-01, PNorm = 37.5546, GNorm = 72.9154, lr_0 = 7.0303e-04
Loss = -8.2816e-01, PNorm = 37.5588, GNorm = 41.4823, lr_0 = 6.9630e-04
Loss = -9.3709e-01, PNorm = 37.5627, GNorm = 19.6145, lr_0 = 6.8963e-04
Loss = -1.1123e+00, PNorm = 37.5682, GNorm = 44.6786, lr_0 = 6.8303e-04
Loss = -9.7948e-01, PNorm = 37.5745, GNorm = 218.8278, lr_0 = 6.7649e-04
Loss = -9.2306e-01, PNorm = 37.5800, GNorm = 66.9778, lr_0 = 6.7001e-04
Loss = -9.2145e-01, PNorm = 37.5844, GNorm = 68.5392, lr_0 = 6.6360e-04
Validation rmse = 0.006530
Epoch 12
Loss = -1.1765e+00, PNorm = 37.5891, GNorm = 48.6013, lr_0 = 6.5724e-04
Loss = -1.0386e+00, PNorm = 37.5926, GNorm = 26.1728, lr_0 = 6.5095e-04
Loss = -1.0359e+00, PNorm = 37.5996, GNorm = 74.4750, lr_0 = 6.4472e-04
Loss = -9.9673e-01, PNorm = 37.6052, GNorm = 89.5095, lr_0 = 6.3854e-04
Loss = -1.0928e+00, PNorm = 37.6113, GNorm = 63.1469, lr_0 = 6.3243e-04
Loss = -1.1183e+00, PNorm = 37.6164, GNorm = 81.5483, lr_0 = 6.2637e-04
Loss = -9.1635e-01, PNorm = 37.6220, GNorm = 72.7778, lr_0 = 6.2037e-04
Loss = -1.0219e+00, PNorm = 37.6281, GNorm = 88.4278, lr_0 = 6.1443e-04
Loss = -1.0228e+00, PNorm = 37.6324, GNorm = 50.3050, lr_0 = 6.0855e-04
Loss = -1.1410e+00, PNorm = 37.6362, GNorm = 79.8325, lr_0 = 6.0272e-04
Loss = -9.1067e-01, PNorm = 37.6404, GNorm = 93.8384, lr_0 = 5.9695e-04
Loss = -1.0573e+00, PNorm = 37.6439, GNorm = 61.1917, lr_0 = 5.9124e-04
Loss = -1.1042e+00, PNorm = 37.6487, GNorm = 99.3006, lr_0 = 5.8557e-04
Loss = -1.1477e+00, PNorm = 37.6537, GNorm = 24.7053, lr_0 = 5.7997e-04
Loss = -1.0308e+00, PNorm = 37.6597, GNorm = 24.5572, lr_0 = 5.7441e-04
Loss = -1.0893e+00, PNorm = 37.6639, GNorm = 102.6058, lr_0 = 5.6891e-04
Validation rmse = 0.006285
Epoch 13
Loss = -1.1161e+00, PNorm = 37.6702, GNorm = 61.2933, lr_0 = 5.6292e-04
Loss = -1.1886e+00, PNorm = 37.6740, GNorm = 41.7260, lr_0 = 5.5753e-04
Loss = -1.3269e+00, PNorm = 37.6782, GNorm = 65.0872, lr_0 = 5.5219e-04
Loss = -1.1263e+00, PNorm = 37.6828, GNorm = 133.3471, lr_0 = 5.4691e-04
Loss = -1.0874e+00, PNorm = 37.6877, GNorm = 78.8695, lr_0 = 5.4167e-04
Loss = -9.9877e-01, PNorm = 37.6910, GNorm = 137.2082, lr_0 = 5.3648e-04
Loss = -1.0387e+00, PNorm = 37.6930, GNorm = 47.1547, lr_0 = 5.3135e-04
Loss = -1.1310e+00, PNorm = 37.6958, GNorm = 131.2656, lr_0 = 5.2626e-04
Loss = -1.2266e+00, PNorm = 37.6986, GNorm = 87.1852, lr_0 = 5.2122e-04
Loss = -1.2840e+00, PNorm = 37.7032, GNorm = 21.5263, lr_0 = 5.1623e-04
Loss = -1.1268e+00, PNorm = 37.7053, GNorm = 142.1218, lr_0 = 5.1128e-04
Loss = -1.1477e+00, PNorm = 37.7076, GNorm = 67.0998, lr_0 = 5.0639e-04
Loss = -1.1520e+00, PNorm = 37.7108, GNorm = 87.0500, lr_0 = 5.0154e-04
Loss = -1.0540e+00, PNorm = 37.7142, GNorm = 93.8187, lr_0 = 4.9674e-04
Loss = -1.1685e+00, PNorm = 37.7172, GNorm = 50.0619, lr_0 = 4.9198e-04
Validation rmse = 0.005978
Epoch 14
Loss = -1.1993e+00, PNorm = 37.7203, GNorm = 50.5220, lr_0 = 4.8680e-04
Loss = -1.2146e+00, PNorm = 37.7229, GNorm = 78.2908, lr_0 = 4.8214e-04
Loss = -1.1490e+00, PNorm = 37.7263, GNorm = 39.5008, lr_0 = 4.7752e-04
Loss = -1.1734e+00, PNorm = 37.7309, GNorm = 46.2784, lr_0 = 4.7295e-04
Loss = -1.1345e+00, PNorm = 37.7335, GNorm = 265.5697, lr_0 = 4.6842e-04
Loss = -1.1751e+00, PNorm = 37.7358, GNorm = 62.6621, lr_0 = 4.6394e-04
Loss = -1.2345e+00, PNorm = 37.7386, GNorm = 121.6212, lr_0 = 4.5949e-04
Loss = -1.2275e+00, PNorm = 37.7412, GNorm = 121.4255, lr_0 = 4.5509e-04
Loss = -1.2373e+00, PNorm = 37.7434, GNorm = 222.6917, lr_0 = 4.5074e-04
Loss = -1.1939e+00, PNorm = 37.7457, GNorm = 33.3983, lr_0 = 4.4642e-04
Loss = -1.2449e+00, PNorm = 37.7493, GNorm = 29.8134, lr_0 = 4.4214e-04
Loss = -1.1804e+00, PNorm = 37.7519, GNorm = 43.4904, lr_0 = 4.3791e-04
Loss = -1.1825e+00, PNorm = 37.7548, GNorm = 122.3106, lr_0 = 4.3372e-04
Loss = -1.3546e+00, PNorm = 37.7581, GNorm = 92.9876, lr_0 = 4.2956e-04
Loss = -1.1819e+00, PNorm = 37.7611, GNorm = 159.1145, lr_0 = 4.2545e-04
Loss = -1.1917e+00, PNorm = 37.7646, GNorm = 23.6009, lr_0 = 4.2138e-04
Validation rmse = 0.006089
Epoch 15
Loss = -1.1620e+00, PNorm = 37.7678, GNorm = 32.6963, lr_0 = 4.1694e-04
Loss = -1.2968e+00, PNorm = 37.7715, GNorm = 34.9790, lr_0 = 4.1295e-04
Loss = -1.3561e+00, PNorm = 37.7752, GNorm = 80.2050, lr_0 = 4.0899e-04
Loss = -1.2953e+00, PNorm = 37.7785, GNorm = 80.8915, lr_0 = 4.0508e-04
Loss = -1.2161e+00, PNorm = 37.7815, GNorm = 81.5673, lr_0 = 4.0120e-04
Loss = -1.1295e+00, PNorm = 37.7843, GNorm = 53.5765, lr_0 = 3.9736e-04
Loss = -1.0721e+00, PNorm = 37.7869, GNorm = 93.8202, lr_0 = 3.9355e-04
Loss = -1.2027e+00, PNorm = 37.7902, GNorm = 89.0962, lr_0 = 3.8978e-04
Loss = -1.3019e+00, PNorm = 37.7934, GNorm = 108.1230, lr_0 = 3.8605e-04
Loss = -1.2729e+00, PNorm = 37.7967, GNorm = 59.8258, lr_0 = 3.8235e-04
Loss = -1.2598e+00, PNorm = 37.8013, GNorm = 125.0603, lr_0 = 3.7869e-04
Loss = -1.3212e+00, PNorm = 37.8057, GNorm = 81.7165, lr_0 = 3.7507e-04
Loss = -1.4219e+00, PNorm = 37.8088, GNorm = 29.7285, lr_0 = 3.7148e-04
Loss = -1.3329e+00, PNorm = 37.8106, GNorm = 171.0086, lr_0 = 3.6792e-04
Loss = -1.1793e+00, PNorm = 37.8122, GNorm = 95.2635, lr_0 = 3.6440e-04
Loss = -1.2851e+00, PNorm = 37.8142, GNorm = 27.5560, lr_0 = 3.6091e-04
Validation rmse = 0.005634
Epoch 16
Loss = -1.3749e+00, PNorm = 37.8167, GNorm = 88.0946, lr_0 = 3.5745e-04
Loss = -1.3615e+00, PNorm = 37.8211, GNorm = 183.8969, lr_0 = 3.5403e-04
Loss = -1.3473e+00, PNorm = 37.8246, GNorm = 37.3887, lr_0 = 3.5064e-04
Loss = -1.5398e+00, PNorm = 37.8268, GNorm = 50.2981, lr_0 = 3.4728e-04
Loss = -1.3033e+00, PNorm = 37.8291, GNorm = 78.9544, lr_0 = 3.4395e-04
Loss = -1.3638e+00, PNorm = 37.8337, GNorm = 156.4277, lr_0 = 3.4066e-04
Loss = -1.3100e+00, PNorm = 37.8385, GNorm = 135.8584, lr_0 = 3.3740e-04
Loss = -1.3692e+00, PNorm = 37.8426, GNorm = 86.2610, lr_0 = 3.3417e-04
Loss = -1.3251e+00, PNorm = 37.8464, GNorm = 231.7653, lr_0 = 3.3097e-04
Loss = -1.3575e+00, PNorm = 37.8498, GNorm = 54.5219, lr_0 = 3.2780e-04
Loss = -1.4859e+00, PNorm = 37.8529, GNorm = 146.2940, lr_0 = 3.2466e-04
Loss = -1.3408e+00, PNorm = 37.8549, GNorm = 41.6857, lr_0 = 3.2155e-04
Loss = -1.4288e+00, PNorm = 37.8577, GNorm = 36.3546, lr_0 = 3.1847e-04
Loss = -1.4447e+00, PNorm = 37.8605, GNorm = 118.7076, lr_0 = 3.1542e-04
Loss = -1.4707e+00, PNorm = 37.8636, GNorm = 64.6954, lr_0 = 3.1240e-04
Validation rmse = 0.005560
Epoch 17
Loss = -1.4923e+00, PNorm = 37.8678, GNorm = 79.0645, lr_0 = 3.0911e-04
Loss = -1.4770e+00, PNorm = 37.8727, GNorm = 92.5286, lr_0 = 3.0615e-04
Loss = -1.5302e+00, PNorm = 37.8766, GNorm = 44.3361, lr_0 = 3.0322e-04
Loss = -1.4394e+00, PNorm = 37.8788, GNorm = 63.2367, lr_0 = 3.0032e-04
Loss = -1.4545e+00, PNorm = 37.8807, GNorm = 127.4718, lr_0 = 2.9744e-04
Loss = -1.5343e+00, PNorm = 37.8837, GNorm = 54.4017, lr_0 = 2.9459e-04
Loss = -1.4848e+00, PNorm = 37.8861, GNorm = 82.4140, lr_0 = 2.9177e-04
Loss = -1.5047e+00, PNorm = 37.8889, GNorm = 35.4644, lr_0 = 2.8898e-04
Loss = -1.3797e+00, PNorm = 37.8909, GNorm = 154.8386, lr_0 = 2.8621e-04
Loss = -1.4919e+00, PNorm = 37.8927, GNorm = 101.0265, lr_0 = 2.8347e-04
Loss = -1.4570e+00, PNorm = 37.8946, GNorm = 184.5503, lr_0 = 2.8076e-04
Loss = -1.3929e+00, PNorm = 37.8969, GNorm = 113.9729, lr_0 = 2.7807e-04
Loss = -1.4763e+00, PNorm = 37.9006, GNorm = 68.0639, lr_0 = 2.7541e-04
Loss = -1.5264e+00, PNorm = 37.9041, GNorm = 25.1144, lr_0 = 2.7277e-04
Loss = -1.4154e+00, PNorm = 37.9073, GNorm = 81.3376, lr_0 = 2.7016e-04
Loss = -1.4198e+00, PNorm = 37.9107, GNorm = 113.1450, lr_0 = 2.6757e-04
Validation rmse = 0.005500
Epoch 18
Loss = -1.4731e+00, PNorm = 37.9139, GNorm = 240.5730, lr_0 = 2.6475e-04
Loss = -1.3146e+00, PNorm = 37.9155, GNorm = 100.4046, lr_0 = 2.6222e-04
Loss = -1.3541e+00, PNorm = 37.9174, GNorm = 29.6784, lr_0 = 2.5971e-04
Loss = -1.5091e+00, PNorm = 37.9197, GNorm = 54.1601, lr_0 = 2.5722e-04
Loss = -1.5631e+00, PNorm = 37.9220, GNorm = 95.2020, lr_0 = 2.5476e-04
Loss = -1.4408e+00, PNorm = 37.9253, GNorm = 52.3508, lr_0 = 2.5232e-04
Loss = -1.6008e+00, PNorm = 37.9285, GNorm = 135.9945, lr_0 = 2.4990e-04
Loss = -1.5659e+00, PNorm = 37.9306, GNorm = 153.3069, lr_0 = 2.4751e-04
Loss = -1.4690e+00, PNorm = 37.9332, GNorm = 66.3291, lr_0 = 2.4514e-04
Loss = -1.5904e+00, PNorm = 37.9357, GNorm = 51.0058, lr_0 = 2.4279e-04
Loss = -1.5196e+00, PNorm = 37.9383, GNorm = 50.0571, lr_0 = 2.4047e-04
Loss = -1.5650e+00, PNorm = 37.9407, GNorm = 106.0961, lr_0 = 2.3816e-04
Loss = -1.5839e+00, PNorm = 37.9426, GNorm = 86.2768, lr_0 = 2.3588e-04
Loss = -1.3839e+00, PNorm = 37.9441, GNorm = 119.5529, lr_0 = 2.3362e-04
Loss = -1.4548e+00, PNorm = 37.9451, GNorm = 53.2883, lr_0 = 2.3139e-04
Validation rmse = 0.005412
Epoch 19
Loss = -1.5572e+00, PNorm = 37.9465, GNorm = 111.4479, lr_0 = 2.2895e-04
Loss = -1.5733e+00, PNorm = 37.9483, GNorm = 88.4634, lr_0 = 2.2676e-04
Loss = -1.4646e+00, PNorm = 37.9509, GNorm = 124.1199, lr_0 = 2.2459e-04
Loss = -1.6434e+00, PNorm = 37.9536, GNorm = 29.7853, lr_0 = 2.2244e-04
Loss = -1.5178e+00, PNorm = 37.9560, GNorm = 153.5897, lr_0 = 2.2031e-04
Loss = -1.5913e+00, PNorm = 37.9574, GNorm = 197.7870, lr_0 = 2.1820e-04
Loss = -1.4991e+00, PNorm = 37.9593, GNorm = 115.9344, lr_0 = 2.1611e-04
Loss = -1.5977e+00, PNorm = 37.9608, GNorm = 58.7718, lr_0 = 2.1404e-04
Loss = -1.5902e+00, PNorm = 37.9638, GNorm = 39.5245, lr_0 = 2.1199e-04
Loss = -1.5661e+00, PNorm = 37.9662, GNorm = 47.5879, lr_0 = 2.0996e-04
Loss = -1.6236e+00, PNorm = 37.9679, GNorm = 49.0660, lr_0 = 2.0795e-04
Loss = -1.5010e+00, PNorm = 37.9706, GNorm = 82.5157, lr_0 = 2.0596e-04
Loss = -1.5551e+00, PNorm = 37.9720, GNorm = 337.2556, lr_0 = 2.0398e-04
Loss = -1.4436e+00, PNorm = 37.9732, GNorm = 250.4996, lr_0 = 2.0203e-04
Loss = -1.6347e+00, PNorm = 37.9744, GNorm = 73.7307, lr_0 = 2.0010e-04
Loss = -1.5661e+00, PNorm = 37.9752, GNorm = 91.5884, lr_0 = 1.9818e-04
Validation rmse = 0.005361
Epoch 20
Loss = -1.5010e+00, PNorm = 37.9765, GNorm = 60.6277, lr_0 = 1.9628e-04
Loss = -1.6384e+00, PNorm = 37.9775, GNorm = 53.3109, lr_0 = 1.9440e-04
Loss = -1.6226e+00, PNorm = 37.9796, GNorm = 93.7556, lr_0 = 1.9254e-04
Loss = -1.6233e+00, PNorm = 37.9820, GNorm = 124.8056, lr_0 = 1.9070e-04
Loss = -1.6256e+00, PNorm = 37.9848, GNorm = 91.2321, lr_0 = 1.8887e-04
Loss = -1.6803e+00, PNorm = 37.9866, GNorm = 61.8300, lr_0 = 1.8706e-04
Loss = -1.6207e+00, PNorm = 37.9878, GNorm = 115.9004, lr_0 = 1.8527e-04
Loss = -1.6014e+00, PNorm = 37.9893, GNorm = 63.1526, lr_0 = 1.8350e-04
Loss = -1.5815e+00, PNorm = 37.9900, GNorm = 48.1068, lr_0 = 1.8174e-04
Loss = -1.5867e+00, PNorm = 37.9912, GNorm = 95.7780, lr_0 = 1.8000e-04
Loss = -1.6627e+00, PNorm = 37.9919, GNorm = 110.4467, lr_0 = 1.7828e-04
Loss = -1.5831e+00, PNorm = 37.9932, GNorm = 102.6751, lr_0 = 1.7657e-04
Loss = -1.6614e+00, PNorm = 37.9944, GNorm = 41.6263, lr_0 = 1.7488e-04
Loss = -1.6550e+00, PNorm = 37.9961, GNorm = 57.7425, lr_0 = 1.7321e-04
Loss = -1.6279e+00, PNorm = 37.9978, GNorm = 78.3343, lr_0 = 1.7155e-04
Loss = -1.6666e+00, PNorm = 37.9992, GNorm = 192.1760, lr_0 = 1.6990e-04
Validation rmse = 0.005337
Epoch 21
Loss = -1.5918e+00, PNorm = 38.0011, GNorm = 125.5054, lr_0 = 1.6812e-04
Loss = -1.7098e+00, PNorm = 38.0029, GNorm = 90.9811, lr_0 = 1.6651e-04
Loss = -1.7186e+00, PNorm = 38.0047, GNorm = 102.4819, lr_0 = 1.6491e-04
Loss = -1.7206e+00, PNorm = 38.0065, GNorm = 239.7553, lr_0 = 1.6333e-04
Loss = -1.7031e+00, PNorm = 38.0081, GNorm = 233.5761, lr_0 = 1.6177e-04
Loss = -1.6666e+00, PNorm = 38.0099, GNorm = 56.5254, lr_0 = 1.6022e-04
Loss = -1.7931e+00, PNorm = 38.0114, GNorm = 40.7073, lr_0 = 1.5868e-04
Loss = -1.6138e+00, PNorm = 38.0125, GNorm = 141.1150, lr_0 = 1.5717e-04
Loss = -1.7304e+00, PNorm = 38.0137, GNorm = 79.8168, lr_0 = 1.5566e-04
Loss = -1.5479e+00, PNorm = 38.0148, GNorm = 226.8724, lr_0 = 1.5417e-04
Loss = -1.5968e+00, PNorm = 38.0159, GNorm = 135.6427, lr_0 = 1.5269e-04
Loss = -1.7252e+00, PNorm = 38.0177, GNorm = 301.3286, lr_0 = 1.5123e-04
Loss = -1.4835e+00, PNorm = 38.0193, GNorm = 187.1246, lr_0 = 1.4978e-04
Loss = -1.5255e+00, PNorm = 38.0205, GNorm = 102.8831, lr_0 = 1.4835e-04
Loss = -1.6364e+00, PNorm = 38.0218, GNorm = 55.0524, lr_0 = 1.4693e-04
Validation rmse = 0.005396
Epoch 22
Loss = -1.6145e+00, PNorm = 38.0225, GNorm = 114.9904, lr_0 = 1.4538e-04
Loss = -1.6913e+00, PNorm = 38.0235, GNorm = 304.4009, lr_0 = 1.4399e-04
Loss = -1.6772e+00, PNorm = 38.0251, GNorm = 265.5395, lr_0 = 1.4261e-04
Loss = -1.7079e+00, PNorm = 38.0264, GNorm = 277.9962, lr_0 = 1.4124e-04
Loss = -1.5956e+00, PNorm = 38.0276, GNorm = 258.5692, lr_0 = 1.3989e-04
Loss = -1.6405e+00, PNorm = 38.0289, GNorm = 102.9015, lr_0 = 1.3855e-04
Loss = -1.7666e+00, PNorm = 38.0302, GNorm = 178.3041, lr_0 = 1.3723e-04
Loss = -1.7254e+00, PNorm = 38.0316, GNorm = 156.4005, lr_0 = 1.3591e-04
Loss = -1.6399e+00, PNorm = 38.0334, GNorm = 209.3871, lr_0 = 1.3461e-04
Loss = -1.6198e+00, PNorm = 38.0345, GNorm = 362.4768, lr_0 = 1.3332e-04
Loss = -1.4865e+00, PNorm = 38.0356, GNorm = 182.8179, lr_0 = 1.3204e-04
Loss = -1.8091e+00, PNorm = 38.0363, GNorm = 162.0882, lr_0 = 1.3078e-04
Loss = -1.7073e+00, PNorm = 38.0374, GNorm = 108.3644, lr_0 = 1.2953e-04
Loss = -1.6699e+00, PNorm = 38.0389, GNorm = 147.7477, lr_0 = 1.2829e-04
Loss = -1.6624e+00, PNorm = 38.0408, GNorm = 102.5698, lr_0 = 1.2706e-04
Loss = -1.8089e+00, PNorm = 38.0420, GNorm = 159.3804, lr_0 = 1.2584e-04
Validation rmse = 0.005454
Epoch 23
Loss = -1.8579e+00, PNorm = 38.0437, GNorm = 109.2285, lr_0 = 1.2452e-04
Loss = -1.7633e+00, PNorm = 38.0449, GNorm = 44.2286, lr_0 = 1.2333e-04
Loss = -1.7574e+00, PNorm = 38.0462, GNorm = 329.6828, lr_0 = 1.2214e-04
Loss = -1.7374e+00, PNorm = 38.0476, GNorm = 77.6911, lr_0 = 1.2098e-04
Loss = -1.8710e+00, PNorm = 38.0490, GNorm = 70.8240, lr_0 = 1.1982e-04
Loss = -1.7786e+00, PNorm = 38.0509, GNorm = 68.7336, lr_0 = 1.1867e-04
Loss = -1.6344e+00, PNorm = 38.0528, GNorm = 200.8764, lr_0 = 1.1753e-04
Loss = -1.7933e+00, PNorm = 38.0541, GNorm = 113.6576, lr_0 = 1.1641e-04
Loss = -1.7159e+00, PNorm = 38.0553, GNorm = 119.5173, lr_0 = 1.1529e-04
Loss = -1.7507e+00, PNorm = 38.0563, GNorm = 102.8745, lr_0 = 1.1419e-04
Loss = -1.7403e+00, PNorm = 38.0575, GNorm = 96.7341, lr_0 = 1.1310e-04
Loss = -1.6931e+00, PNorm = 38.0586, GNorm = 44.4560, lr_0 = 1.1201e-04
Loss = -1.8063e+00, PNorm = 38.0600, GNorm = 56.4999, lr_0 = 1.1094e-04
Loss = -1.9060e+00, PNorm = 38.0613, GNorm = 159.9676, lr_0 = 1.0988e-04
Loss = -1.7877e+00, PNorm = 38.0623, GNorm = 112.9339, lr_0 = 1.0883e-04
Loss = -1.7446e+00, PNorm = 38.0632, GNorm = 70.9107, lr_0 = 1.0778e-04
Validation rmse = 0.005405
Epoch 24
Loss = -1.7479e+00, PNorm = 38.0645, GNorm = 238.7562, lr_0 = 1.0675e-04
Loss = -1.6044e+00, PNorm = 38.0657, GNorm = 210.3778, lr_0 = 1.0573e-04
Loss = -1.8193e+00, PNorm = 38.0669, GNorm = 386.3046, lr_0 = 1.0472e-04
Loss = -1.7993e+00, PNorm = 38.0682, GNorm = 109.0588, lr_0 = 1.0371e-04
Loss = -1.7422e+00, PNorm = 38.0695, GNorm = 253.4938, lr_0 = 1.0272e-04
Loss = -1.6819e+00, PNorm = 38.0703, GNorm = 165.4497, lr_0 = 1.0174e-04
Loss = -1.8929e+00, PNorm = 38.0714, GNorm = 226.2370, lr_0 = 1.0076e-04
Loss = -1.7909e+00, PNorm = 38.0725, GNorm = 72.9503, lr_0 = 9.9798e-05
Loss = -1.8033e+00, PNorm = 38.0733, GNorm = 137.4460, lr_0 = 9.8842e-05
Loss = -1.9186e+00, PNorm = 38.0738, GNorm = 121.6072, lr_0 = 9.7896e-05
Loss = -1.8233e+00, PNorm = 38.0749, GNorm = 57.7018, lr_0 = 9.6959e-05
Loss = -1.7753e+00, PNorm = 38.0759, GNorm = 342.1120, lr_0 = 9.6030e-05
Loss = -1.8097e+00, PNorm = 38.0767, GNorm = 93.0164, lr_0 = 9.5111e-05
Loss = -1.8313e+00, PNorm = 38.0777, GNorm = 156.2711, lr_0 = 9.4200e-05
Loss = -1.8470e+00, PNorm = 38.0788, GNorm = 108.4608, lr_0 = 9.3298e-05
Validation rmse = 0.005168
Epoch 25
Loss = -2.0080e+00, PNorm = 38.0796, GNorm = 175.3437, lr_0 = 9.2316e-05
Loss = -1.8916e+00, PNorm = 38.0801, GNorm = 157.4444, lr_0 = 9.1432e-05
Loss = -1.8781e+00, PNorm = 38.0810, GNorm = 36.7024, lr_0 = 9.0556e-05
Loss = -1.9250e+00, PNorm = 38.0820, GNorm = 72.8234, lr_0 = 8.9689e-05
Loss = -1.8944e+00, PNorm = 38.0832, GNorm = 189.1062, lr_0 = 8.8830e-05
Loss = -1.8504e+00, PNorm = 38.0845, GNorm = 174.4144, lr_0 = 8.7980e-05
Loss = -1.7000e+00, PNorm = 38.0857, GNorm = 89.9329, lr_0 = 8.7137e-05
Loss = -1.8345e+00, PNorm = 38.0867, GNorm = 162.9698, lr_0 = 8.6303e-05
Loss = -1.8472e+00, PNorm = 38.0877, GNorm = 75.5657, lr_0 = 8.5476e-05
Loss = -1.8610e+00, PNorm = 38.0887, GNorm = 44.0175, lr_0 = 8.4658e-05
Loss = -1.8586e+00, PNorm = 38.0898, GNorm = 37.8064, lr_0 = 8.3847e-05
Loss = -1.9502e+00, PNorm = 38.0907, GNorm = 46.8555, lr_0 = 8.3044e-05
Loss = -1.7749e+00, PNorm = 38.0913, GNorm = 102.5155, lr_0 = 8.2249e-05
Loss = -1.9474e+00, PNorm = 38.0919, GNorm = 52.8446, lr_0 = 8.1461e-05
Loss = -1.9235e+00, PNorm = 38.0926, GNorm = 280.7548, lr_0 = 8.0681e-05
Loss = -1.9039e+00, PNorm = 38.0933, GNorm = 48.7113, lr_0 = 7.9909e-05
Validation rmse = 0.005315
Epoch 26
Loss = -1.8626e+00, PNorm = 38.0944, GNorm = 75.7730, lr_0 = 7.9068e-05
Loss = -1.8939e+00, PNorm = 38.0948, GNorm = 85.6488, lr_0 = 7.8310e-05
Loss = -1.9563e+00, PNorm = 38.0952, GNorm = 285.9124, lr_0 = 7.7561e-05
Loss = -1.8820e+00, PNorm = 38.0960, GNorm = 252.5774, lr_0 = 7.6818e-05
Loss = -1.8743e+00, PNorm = 38.0969, GNorm = 97.8789, lr_0 = 7.6082e-05
Loss = -1.9100e+00, PNorm = 38.0976, GNorm = 198.6447, lr_0 = 7.5354e-05
Loss = -1.9937e+00, PNorm = 38.0985, GNorm = 51.4538, lr_0 = 7.4632e-05
Loss = -1.8145e+00, PNorm = 38.0994, GNorm = 109.2695, lr_0 = 7.3918e-05
Loss = -1.8462e+00, PNorm = 38.1000, GNorm = 349.8974, lr_0 = 7.3210e-05
Loss = -1.8804e+00, PNorm = 38.1009, GNorm = 38.1089, lr_0 = 7.2509e-05
Loss = -1.8011e+00, PNorm = 38.1016, GNorm = 214.3715, lr_0 = 7.1814e-05
Loss = -1.8599e+00, PNorm = 38.1023, GNorm = 176.7704, lr_0 = 7.1127e-05
Loss = -1.8725e+00, PNorm = 38.1029, GNorm = 397.2577, lr_0 = 7.0446e-05
Loss = -1.8331e+00, PNorm = 38.1036, GNorm = 103.9204, lr_0 = 6.9771e-05
Loss = -1.8554e+00, PNorm = 38.1044, GNorm = 164.5173, lr_0 = 6.9103e-05
Validation rmse = 0.005506
Epoch 27
Loss = -1.9255e+00, PNorm = 38.1048, GNorm = 163.9682, lr_0 = 6.8375e-05
Loss = -1.9500e+00, PNorm = 38.1053, GNorm = 125.3142, lr_0 = 6.7721e-05
Loss = -1.9635e+00, PNorm = 38.1059, GNorm = 106.4813, lr_0 = 6.7072e-05
Loss = -1.8652e+00, PNorm = 38.1065, GNorm = 209.5705, lr_0 = 6.6430e-05
Loss = -1.9527e+00, PNorm = 38.1072, GNorm = 97.9372, lr_0 = 6.5794e-05
Loss = -1.9220e+00, PNorm = 38.1079, GNorm = 275.4544, lr_0 = 6.5164e-05
Loss = -1.8139e+00, PNorm = 38.1087, GNorm = 66.6848, lr_0 = 6.4540e-05
Loss = -1.8373e+00, PNorm = 38.1095, GNorm = 268.3737, lr_0 = 6.3922e-05
Loss = -1.8581e+00, PNorm = 38.1103, GNorm = 54.6945, lr_0 = 6.3310e-05
Loss = -1.8927e+00, PNorm = 38.1110, GNorm = 102.2879, lr_0 = 6.2704e-05
Loss = -1.8787e+00, PNorm = 38.1118, GNorm = 75.0602, lr_0 = 6.2103e-05
Loss = -1.9176e+00, PNorm = 38.1124, GNorm = 214.2712, lr_0 = 6.1508e-05
Loss = -1.9724e+00, PNorm = 38.1130, GNorm = 151.9747, lr_0 = 6.0919e-05
Loss = -1.9040e+00, PNorm = 38.1140, GNorm = 66.3394, lr_0 = 6.0336e-05
Loss = -1.8591e+00, PNorm = 38.1146, GNorm = 45.2055, lr_0 = 5.9758e-05
Loss = -2.0199e+00, PNorm = 38.1149, GNorm = 258.8238, lr_0 = 5.9186e-05
Validation rmse = 0.005227
Epoch 28
Loss = -1.9335e+00, PNorm = 38.1154, GNorm = 69.3414, lr_0 = 5.8619e-05
Loss = -1.9921e+00, PNorm = 38.1160, GNorm = 219.1299, lr_0 = 5.8058e-05
Loss = -2.0106e+00, PNorm = 38.1168, GNorm = 141.0572, lr_0 = 5.7502e-05
Loss = -1.9179e+00, PNorm = 38.1176, GNorm = 32.5821, lr_0 = 5.6952e-05
Loss = -2.0546e+00, PNorm = 38.1182, GNorm = 57.2540, lr_0 = 5.6406e-05
Loss = -2.0143e+00, PNorm = 38.1187, GNorm = 229.3321, lr_0 = 5.5866e-05
Loss = -1.9301e+00, PNorm = 38.1194, GNorm = 191.8431, lr_0 = 5.5331e-05
Loss = -1.8642e+00, PNorm = 38.1203, GNorm = 75.9624, lr_0 = 5.4801e-05
Loss = -2.0079e+00, PNorm = 38.1208, GNorm = 48.1451, lr_0 = 5.4277e-05
Loss = -1.9711e+00, PNorm = 38.1215, GNorm = 72.5973, lr_0 = 5.3757e-05
Loss = -2.0013e+00, PNorm = 38.1219, GNorm = 140.6132, lr_0 = 5.3242e-05
Loss = -1.9316e+00, PNorm = 38.1225, GNorm = 214.9947, lr_0 = 5.2732e-05
Loss = -1.9472e+00, PNorm = 38.1230, GNorm = 90.7083, lr_0 = 5.2227e-05
Loss = -1.8599e+00, PNorm = 38.1235, GNorm = 90.9675, lr_0 = 5.1727e-05
Loss = -1.8986e+00, PNorm = 38.1242, GNorm = 135.1592, lr_0 = 5.1232e-05
Loss = -1.8991e+00, PNorm = 38.1246, GNorm = 140.9555, lr_0 = 5.0741e-05
Validation rmse = 0.005182
Epoch 29
Loss = -2.0322e+00, PNorm = 38.1248, GNorm = 223.6880, lr_0 = 5.0207e-05
Loss = -1.8952e+00, PNorm = 38.1253, GNorm = 131.9890, lr_0 = 4.9726e-05
Loss = -1.9318e+00, PNorm = 38.1257, GNorm = 243.9507, lr_0 = 4.9250e-05
Loss = -2.0575e+00, PNorm = 38.1263, GNorm = 245.5888, lr_0 = 4.8779e-05
Loss = -1.8961e+00, PNorm = 38.1268, GNorm = 78.6645, lr_0 = 4.8311e-05
Loss = -1.9638e+00, PNorm = 38.1273, GNorm = 102.8922, lr_0 = 4.7849e-05
Loss = -1.9684e+00, PNorm = 38.1278, GNorm = 55.6742, lr_0 = 4.7391e-05
Loss = -2.0026e+00, PNorm = 38.1283, GNorm = 75.4700, lr_0 = 4.6937e-05
Loss = -2.0094e+00, PNorm = 38.1288, GNorm = 216.9445, lr_0 = 4.6487e-05
Loss = -2.0087e+00, PNorm = 38.1293, GNorm = 109.1590, lr_0 = 4.6042e-05
Loss = -1.9805e+00, PNorm = 38.1299, GNorm = 84.4867, lr_0 = 4.5601e-05
Loss = -2.0327e+00, PNorm = 38.1304, GNorm = 88.8213, lr_0 = 4.5165e-05
Loss = -1.9696e+00, PNorm = 38.1308, GNorm = 232.9460, lr_0 = 4.4732e-05
Loss = -1.9629e+00, PNorm = 38.1313, GNorm = 85.8413, lr_0 = 4.4304e-05
Loss = -1.8406e+00, PNorm = 38.1318, GNorm = 358.5293, lr_0 = 4.3880e-05
Validation rmse = 0.005163
Epoch 30
Loss = -1.9854e+00, PNorm = 38.1324, GNorm = 45.7443, lr_0 = 4.3418e-05
Loss = -1.9923e+00, PNorm = 38.1329, GNorm = 308.7181, lr_0 = 4.3002e-05
Loss = -2.0558e+00, PNorm = 38.1334, GNorm = 71.0577, lr_0 = 4.2590e-05
Loss = -1.9931e+00, PNorm = 38.1339, GNorm = 121.3626, lr_0 = 4.2182e-05
Loss = -2.0139e+00, PNorm = 38.1345, GNorm = 149.4906, lr_0 = 4.1778e-05
Loss = -2.0180e+00, PNorm = 38.1349, GNorm = 215.8752, lr_0 = 4.1378e-05
Loss = -1.9851e+00, PNorm = 38.1354, GNorm = 153.6068, lr_0 = 4.0982e-05
Loss = -1.9817e+00, PNorm = 38.1359, GNorm = 197.7615, lr_0 = 4.0590e-05
Loss = -2.0280e+00, PNorm = 38.1365, GNorm = 142.9163, lr_0 = 4.0201e-05
Loss = -2.0037e+00, PNorm = 38.1370, GNorm = 135.8475, lr_0 = 3.9816e-05
Loss = -2.1241e+00, PNorm = 38.1373, GNorm = 233.4695, lr_0 = 3.9435e-05
Loss = -1.8877e+00, PNorm = 38.1376, GNorm = 398.2499, lr_0 = 3.9057e-05
Loss = -1.9649e+00, PNorm = 38.1380, GNorm = 142.1326, lr_0 = 3.8683e-05
Loss = -1.9066e+00, PNorm = 38.1383, GNorm = 134.5650, lr_0 = 3.8313e-05
Loss = -2.1075e+00, PNorm = 38.1389, GNorm = 106.6199, lr_0 = 3.7946e-05
Loss = -1.9114e+00, PNorm = 38.1394, GNorm = 47.5894, lr_0 = 3.7583e-05
Validation rmse = 0.005214
Epoch 31
Loss = -1.9203e+00, PNorm = 38.1400, GNorm = 223.1377, lr_0 = 3.7187e-05
Loss = -1.9673e+00, PNorm = 38.1404, GNorm = 206.4826, lr_0 = 3.6831e-05
Loss = -1.9304e+00, PNorm = 38.1408, GNorm = 294.7855, lr_0 = 3.6478e-05
Loss = -1.9253e+00, PNorm = 38.1414, GNorm = 151.1108, lr_0 = 3.6129e-05
Loss = -2.0576e+00, PNorm = 38.1418, GNorm = 37.7508, lr_0 = 3.5783e-05
Loss = -2.0268e+00, PNorm = 38.1423, GNorm = 182.1571, lr_0 = 3.5440e-05
Loss = -2.0719e+00, PNorm = 38.1427, GNorm = 124.0229, lr_0 = 3.5101e-05
Loss = -1.9087e+00, PNorm = 38.1431, GNorm = 153.4482, lr_0 = 3.4765e-05
Loss = -2.1211e+00, PNorm = 38.1435, GNorm = 54.1381, lr_0 = 3.4432e-05
Loss = -2.0588e+00, PNorm = 38.1439, GNorm = 91.5177, lr_0 = 3.4102e-05
Loss = -1.9730e+00, PNorm = 38.1443, GNorm = 42.6638, lr_0 = 3.3776e-05
Loss = -2.0264e+00, PNorm = 38.1446, GNorm = 215.4242, lr_0 = 3.3452e-05
Loss = -2.0859e+00, PNorm = 38.1449, GNorm = 88.9236, lr_0 = 3.3132e-05
Loss = -1.9991e+00, PNorm = 38.1452, GNorm = 75.1605, lr_0 = 3.2815e-05
Loss = -2.0232e+00, PNorm = 38.1454, GNorm = 88.9905, lr_0 = 3.2500e-05
Loss = -1.9912e+00, PNorm = 38.1456, GNorm = 47.6528, lr_0 = 3.2189e-05
Validation rmse = 0.005139
Epoch 32
Loss = -2.0695e+00, PNorm = 38.1461, GNorm = 116.6312, lr_0 = 3.1881e-05
Loss = -2.0718e+00, PNorm = 38.1466, GNorm = 256.7587, lr_0 = 3.1576e-05
Loss = -2.0003e+00, PNorm = 38.1468, GNorm = 213.7209, lr_0 = 3.1273e-05
Loss = -1.9255e+00, PNorm = 38.1471, GNorm = 64.2028, lr_0 = 3.0974e-05
Loss = -2.0257e+00, PNorm = 38.1474, GNorm = 63.6550, lr_0 = 3.0677e-05
Loss = -2.0814e+00, PNorm = 38.1476, GNorm = 64.2758, lr_0 = 3.0383e-05
Loss = -2.0195e+00, PNorm = 38.1480, GNorm = 151.9652, lr_0 = 3.0093e-05
Loss = -2.0334e+00, PNorm = 38.1483, GNorm = 205.3804, lr_0 = 2.9804e-05
Loss = -2.0622e+00, PNorm = 38.1488, GNorm = 249.4698, lr_0 = 2.9519e-05
Loss = -2.0409e+00, PNorm = 38.1492, GNorm = 122.0266, lr_0 = 2.9236e-05
Loss = -2.0941e+00, PNorm = 38.1496, GNorm = 144.3245, lr_0 = 2.8956e-05
Loss = -1.9674e+00, PNorm = 38.1500, GNorm = 204.1988, lr_0 = 2.8679e-05
Loss = -1.9477e+00, PNorm = 38.1503, GNorm = 142.1481, lr_0 = 2.8404e-05
Loss = -1.9646e+00, PNorm = 38.1508, GNorm = 421.7014, lr_0 = 2.8132e-05
Loss = -2.1200e+00, PNorm = 38.1511, GNorm = 220.0804, lr_0 = 2.7863e-05
Validation rmse = 0.005172
Epoch 33
Loss = -2.0750e+00, PNorm = 38.1516, GNorm = 163.6863, lr_0 = 2.7570e-05
Loss = -1.9363e+00, PNorm = 38.1518, GNorm = 133.9243, lr_0 = 2.7306e-05
Loss = -2.1342e+00, PNorm = 38.1521, GNorm = 102.8852, lr_0 = 2.7044e-05
Loss = -2.0080e+00, PNorm = 38.1525, GNorm = 109.0960, lr_0 = 2.6785e-05
Loss = -1.9684e+00, PNorm = 38.1528, GNorm = 88.3468, lr_0 = 2.6529e-05
Loss = -2.1160e+00, PNorm = 38.1531, GNorm = 111.5477, lr_0 = 2.6275e-05
Loss = -2.0649e+00, PNorm = 38.1534, GNorm = 57.9979, lr_0 = 2.6023e-05
Loss = -2.0580e+00, PNorm = 38.1538, GNorm = 157.4165, lr_0 = 2.5774e-05
Loss = -1.9256e+00, PNorm = 38.1541, GNorm = 201.9792, lr_0 = 2.5527e-05
Loss = -2.0300e+00, PNorm = 38.1543, GNorm = 74.4134, lr_0 = 2.5283e-05
Loss = -2.1238e+00, PNorm = 38.1545, GNorm = 48.9735, lr_0 = 2.5041e-05
Loss = -2.0613e+00, PNorm = 38.1549, GNorm = 61.2421, lr_0 = 2.4801e-05
Loss = -2.0547e+00, PNorm = 38.1552, GNorm = 485.7821, lr_0 = 2.4563e-05
Loss = -2.1598e+00, PNorm = 38.1554, GNorm = 311.7964, lr_0 = 2.4328e-05
Loss = -1.9942e+00, PNorm = 38.1556, GNorm = 100.4721, lr_0 = 2.4095e-05
Loss = -2.0770e+00, PNorm = 38.1557, GNorm = 91.2476, lr_0 = 2.3865e-05
Validation rmse = 0.005179
Epoch 34
Loss = -2.0894e+00, PNorm = 38.1560, GNorm = 59.8565, lr_0 = 2.3613e-05
Loss = -1.9896e+00, PNorm = 38.1564, GNorm = 91.0843, lr_0 = 2.3387e-05
Loss = -1.9700e+00, PNorm = 38.1567, GNorm = 48.0789, lr_0 = 2.3163e-05
Loss = -2.1331e+00, PNorm = 38.1570, GNorm = 116.2666, lr_0 = 2.2941e-05
Loss = -2.0621e+00, PNorm = 38.1572, GNorm = 105.9555, lr_0 = 2.2722e-05
Loss = -2.0157e+00, PNorm = 38.1574, GNorm = 59.1125, lr_0 = 2.2504e-05
Loss = -2.1157e+00, PNorm = 38.1576, GNorm = 94.4906, lr_0 = 2.2289e-05
Loss = -1.9640e+00, PNorm = 38.1578, GNorm = 84.6967, lr_0 = 2.2075e-05
Loss = -2.1662e+00, PNorm = 38.1579, GNorm = 459.3513, lr_0 = 2.1864e-05
Loss = -2.0606e+00, PNorm = 38.1583, GNorm = 148.5214, lr_0 = 2.1654e-05
Loss = -2.0676e+00, PNorm = 38.1585, GNorm = 75.3313, lr_0 = 2.1447e-05
Loss = -2.0312e+00, PNorm = 38.1589, GNorm = 91.9788, lr_0 = 2.1242e-05
Loss = -2.1141e+00, PNorm = 38.1592, GNorm = 142.3869, lr_0 = 2.1038e-05
Loss = -2.0868e+00, PNorm = 38.1595, GNorm = 58.4741, lr_0 = 2.0837e-05
Loss = -2.1273e+00, PNorm = 38.1598, GNorm = 92.5289, lr_0 = 2.0637e-05
Validation rmse = 0.005122
Epoch 35
Loss = -1.8357e+00, PNorm = 38.1602, GNorm = 54.8083, lr_0 = 2.0420e-05
Loss = -2.1227e+00, PNorm = 38.1604, GNorm = 129.2351, lr_0 = 2.0225e-05
Loss = -2.0714e+00, PNorm = 38.1607, GNorm = 121.7191, lr_0 = 2.0031e-05
Loss = -2.0653e+00, PNorm = 38.1609, GNorm = 128.7364, lr_0 = 1.9839e-05
Loss = -2.1021e+00, PNorm = 38.1611, GNorm = 167.4635, lr_0 = 1.9649e-05
Loss = -1.8610e+00, PNorm = 38.1614, GNorm = 95.8777, lr_0 = 1.9461e-05
Loss = -2.0654e+00, PNorm = 38.1616, GNorm = 247.1756, lr_0 = 1.9275e-05
Loss = -1.8733e+00, PNorm = 38.1618, GNorm = 89.1060, lr_0 = 1.9090e-05
Loss = -2.1557e+00, PNorm = 38.1619, GNorm = 168.0774, lr_0 = 1.8907e-05
Loss = -2.1109e+00, PNorm = 38.1622, GNorm = 468.6184, lr_0 = 1.8726e-05
Loss = -2.0718e+00, PNorm = 38.1623, GNorm = 160.6362, lr_0 = 1.8547e-05
Loss = -2.0669e+00, PNorm = 38.1626, GNorm = 198.5507, lr_0 = 1.8369e-05
Loss = -2.1786e+00, PNorm = 38.1629, GNorm = 200.9764, lr_0 = 1.8193e-05
Loss = -2.1721e+00, PNorm = 38.1632, GNorm = 64.4778, lr_0 = 1.8019e-05
Loss = -2.1471e+00, PNorm = 38.1635, GNorm = 72.7657, lr_0 = 1.7847e-05
Loss = -2.1142e+00, PNorm = 38.1637, GNorm = 45.4586, lr_0 = 1.7676e-05
Validation rmse = 0.005145
Epoch 36
Loss = -2.0472e+00, PNorm = 38.1639, GNorm = 422.6159, lr_0 = 1.7506e-05
Loss = -2.1547e+00, PNorm = 38.1641, GNorm = 390.5161, lr_0 = 1.7339e-05
Loss = -2.0407e+00, PNorm = 38.1643, GNorm = 69.0485, lr_0 = 1.7173e-05
Loss = -2.1684e+00, PNorm = 38.1645, GNorm = 161.1161, lr_0 = 1.7008e-05
Loss = -2.1467e+00, PNorm = 38.1647, GNorm = 60.3455, lr_0 = 1.6846e-05
Loss = -2.0610e+00, PNorm = 38.1648, GNorm = 231.5718, lr_0 = 1.6684e-05
Loss = -2.1130e+00, PNorm = 38.1650, GNorm = 81.3066, lr_0 = 1.6524e-05
Loss = -2.0754e+00, PNorm = 38.1652, GNorm = 69.4880, lr_0 = 1.6366e-05
Loss = -2.0109e+00, PNorm = 38.1654, GNorm = 278.3122, lr_0 = 1.6210e-05
Loss = -2.0691e+00, PNorm = 38.1655, GNorm = 102.0976, lr_0 = 1.6054e-05
Loss = -2.1187e+00, PNorm = 38.1657, GNorm = 120.5677, lr_0 = 1.5901e-05
Loss = -1.9943e+00, PNorm = 38.1659, GNorm = 77.9942, lr_0 = 1.5748e-05
Loss = -2.0959e+00, PNorm = 38.1661, GNorm = 240.1345, lr_0 = 1.5598e-05
Loss = -2.1078e+00, PNorm = 38.1663, GNorm = 182.0678, lr_0 = 1.5448e-05
Loss = -2.0388e+00, PNorm = 38.1665, GNorm = 64.8916, lr_0 = 1.5300e-05
Loss = -2.0939e+00, PNorm = 38.1668, GNorm = 154.7209, lr_0 = 1.5154e-05
Validation rmse = 0.005143
Epoch 37
Loss = -2.0405e+00, PNorm = 38.1670, GNorm = 196.6643, lr_0 = 1.4994e-05
Loss = -2.1182e+00, PNorm = 38.1671, GNorm = 331.3212, lr_0 = 1.4851e-05
Loss = -2.0907e+00, PNorm = 38.1673, GNorm = 198.4940, lr_0 = 1.4708e-05
Loss = -2.1776e+00, PNorm = 38.1675, GNorm = 116.6826, lr_0 = 1.4568e-05
Loss = -2.0483e+00, PNorm = 38.1677, GNorm = 189.8264, lr_0 = 1.4428e-05
Loss = -2.1968e+00, PNorm = 38.1679, GNorm = 230.1764, lr_0 = 1.4290e-05
Loss = -2.0680e+00, PNorm = 38.1681, GNorm = 249.5900, lr_0 = 1.4153e-05
Loss = -2.1913e+00, PNorm = 38.1683, GNorm = 203.8479, lr_0 = 1.4018e-05
Loss = -2.1957e+00, PNorm = 38.1685, GNorm = 123.0680, lr_0 = 1.3883e-05
Loss = -2.0221e+00, PNorm = 38.1687, GNorm = 156.1404, lr_0 = 1.3750e-05
Loss = -2.1125e+00, PNorm = 38.1689, GNorm = 85.6627, lr_0 = 1.3619e-05
Loss = -2.0567e+00, PNorm = 38.1690, GNorm = 465.9679, lr_0 = 1.3488e-05
Loss = -2.0683e+00, PNorm = 38.1692, GNorm = 164.2456, lr_0 = 1.3359e-05
Loss = -2.1097e+00, PNorm = 38.1693, GNorm = 228.5766, lr_0 = 1.3231e-05
Loss = -2.0381e+00, PNorm = 38.1695, GNorm = 202.1481, lr_0 = 1.3105e-05
Validation rmse = 0.005141
Epoch 38
Loss = -1.9847e+00, PNorm = 38.1695, GNorm = 270.7686, lr_0 = 1.2967e-05
Loss = -2.1672e+00, PNorm = 38.1696, GNorm = 56.0574, lr_0 = 1.2842e-05
Loss = -2.1349e+00, PNorm = 38.1698, GNorm = 280.2635, lr_0 = 1.2719e-05
Loss = -2.1934e+00, PNorm = 38.1699, GNorm = 173.9901, lr_0 = 1.2598e-05
Loss = -2.1208e+00, PNorm = 38.1701, GNorm = 105.2388, lr_0 = 1.2477e-05
Loss = -2.0939e+00, PNorm = 38.1703, GNorm = 241.8124, lr_0 = 1.2358e-05
Loss = -2.1035e+00, PNorm = 38.1705, GNorm = 116.1362, lr_0 = 1.2239e-05
Loss = -2.0396e+00, PNorm = 38.1706, GNorm = 96.2231, lr_0 = 1.2122e-05
Loss = -2.1006e+00, PNorm = 38.1708, GNorm = 84.0653, lr_0 = 1.2006e-05
Loss = -2.0550e+00, PNorm = 38.1710, GNorm = 124.8659, lr_0 = 1.1891e-05
Loss = -2.0119e+00, PNorm = 38.1711, GNorm = 133.9496, lr_0 = 1.1777e-05
Loss = -2.1810e+00, PNorm = 38.1711, GNorm = 221.2793, lr_0 = 1.1664e-05
Loss = -2.1092e+00, PNorm = 38.1712, GNorm = 75.8074, lr_0 = 1.1553e-05
Loss = -2.0752e+00, PNorm = 38.1714, GNorm = 86.3724, lr_0 = 1.1442e-05
Loss = -2.0509e+00, PNorm = 38.1715, GNorm = 132.1088, lr_0 = 1.1332e-05
Loss = -2.1375e+00, PNorm = 38.1717, GNorm = 149.1568, lr_0 = 1.1224e-05
Validation rmse = 0.005110
Epoch 39
Loss = -2.2327e+00, PNorm = 38.1719, GNorm = 106.9241, lr_0 = 1.1106e-05
Loss = -2.0932e+00, PNorm = 38.1720, GNorm = 110.1706, lr_0 = 1.0999e-05
Loss = -2.0467e+00, PNorm = 38.1721, GNorm = 52.6773, lr_0 = 1.0894e-05
Loss = -2.0745e+00, PNorm = 38.1722, GNorm = 75.4996, lr_0 = 1.0790e-05
Loss = -2.0720e+00, PNorm = 38.1724, GNorm = 269.0599, lr_0 = 1.0686e-05
Loss = -2.0886e+00, PNorm = 38.1725, GNorm = 37.3689, lr_0 = 1.0584e-05
Loss = -2.1840e+00, PNorm = 38.1726, GNorm = 99.0938, lr_0 = 1.0483e-05
Loss = -2.1825e+00, PNorm = 38.1727, GNorm = 103.4504, lr_0 = 1.0382e-05
Loss = -2.0388e+00, PNorm = 38.1728, GNorm = 181.7760, lr_0 = 1.0283e-05
Loss = -2.0997e+00, PNorm = 38.1730, GNorm = 117.0824, lr_0 = 1.0184e-05
Loss = -2.0809e+00, PNorm = 38.1731, GNorm = 247.2290, lr_0 = 1.0087e-05
Loss = -2.1454e+00, PNorm = 38.1733, GNorm = 157.1440, lr_0 = 1.0000e-05
Loss = -2.0896e+00, PNorm = 38.1734, GNorm = 62.8523, lr_0 = 1.0000e-05
Loss = -2.0922e+00, PNorm = 38.1735, GNorm = 164.6806, lr_0 = 1.0000e-05
Loss = -2.2268e+00, PNorm = 38.1736, GNorm = 544.4035, lr_0 = 1.0000e-05
Loss = -2.1311e+00, PNorm = 38.1738, GNorm = 262.6652, lr_0 = 1.0000e-05
Validation rmse = 0.005129
Model 0 best validation rmse = 0.005110 on epoch 38
Loading pretrained parameter "encoder.encoder.0.cached_zero_vector".
Loading pretrained parameter "encoder.encoder.0.act_func.weight".
Loading pretrained parameter "encoder.encoder.0.W_i.weight".
Loading pretrained parameter "encoder.encoder.0.W_h.weight".
Loading pretrained parameter "encoder.encoder.0.W_o.weight".
Loading pretrained parameter "encoder.encoder.0.W_o.bias".
Loading pretrained parameter "ffn.1.weight".
Loading pretrained parameter "ffn.1.bias".
Loading pretrained parameter "ffn.2.weight".
Loading pretrained parameter "ffn.4.weight".
Loading pretrained parameter "ffn.4.bias".
Moving model to cuda
Model 0 test rmse = 0.006292
Ensemble test rmse = 0.006292
1-fold cross validation
	Seed 0 ==> test rmse = 0.006292
Overall test rmse = 0.006292 +/- 0.000000
Elapsed time = 0:12:27
