Command line
python /home/lungyi/anaconda3/envs/uncmoo/bin/chemprop_train --smiles_columns smiles --data_path guacamol_benchmark/guacamol_dataset/guacamol_sample_train.csv --separate_val_path guacamol_benchmark/guacamol_dataset/guacamol_sample_valid.csv --separate_test_path guacamol_benchmark/guacamol_dataset/guacamol_sample_test.csv --dataset_type regression --num_workers 1 --target_columns similarity_Ranolazine --save_dir chemprop_unc/save_models/guacamol/similarity_Ranolazine/trial_19 --warmup_epochs 2 --epochs 40 --max_lr 3e-3 --init_lr 1e-4 --batch_size 64 --final_lr 1e-5 --dropout 0 --hidden_size 300 --ffn_num_layers 2 --save_preds --aggregation sum --activation LeakyReLU --gpu 0 --loss_function evidential --evidential_regularization 0.1
Args
{'activation': 'LeakyReLU',
 'adding_h': False,
 'aggregation': 'sum',
 'aggregation_norm': 100,
 'atom_descriptor_scaling': True,
 'atom_descriptors': None,
 'atom_descriptors_path': None,
 'atom_descriptors_size': 0,
 'atom_features_size': 0,
 'atom_messages': False,
 'batch_size': 64,
 'bias': False,
 'bias_solvent': False,
 'bond_feature_scaling': True,
 'bond_features_path': None,
 'bond_features_size': 0,
 'cache_cutoff': 10000,
 'checkpoint_dir': None,
 'checkpoint_frzn': None,
 'checkpoint_path': None,
 'checkpoint_paths': None,
 'class_balance': False,
 'config_path': None,
 'crossval_index_dir': None,
 'crossval_index_file': None,
 'crossval_index_sets': None,
 'cuda': True,
 'data_path': 'guacamol_benchmark/guacamol_dataset/guacamol_sample_train.csv',
 'data_weights_path': None,
 'dataset_type': 'regression',
 'depth': 3,
 'depth_solvent': 3,
 'device': device(type='cuda', index=0),
 'dropout': 0.0,
 'empty_cache': False,
 'ensemble_size': 1,
 'epochs': 40,
 'evidential_regularization': 0.1,
 'explicit_h': False,
 'extra_metrics': [],
 'features_generator': None,
 'features_only': False,
 'features_path': None,
 'features_scaling': True,
 'features_size': None,
 'ffn_hidden_size': 300,
 'ffn_num_layers': 2,
 'final_lr': 1e-05,
 'folds_file': None,
 'freeze_first_only': False,
 'frzn_ffn_layers': 0,
 'gpu': 0,
 'grad_clip': None,
 'hidden_size': 300,
 'hidden_size_solvent': 300,
 'ignore_columns': None,
 'init_lr': 0.0001,
 'log_frequency': 10,
 'loss_function': 'evidential',
 'max_data_size': None,
 'max_lr': 0.003,
 'metric': 'rmse',
 'metrics': ['rmse'],
 'minimize_score': True,
 'mpn_shared': False,
 'multiclass_num_classes': 3,
 'no_atom_descriptor_scaling': False,
 'no_bond_features_scaling': False,
 'no_cache_mol': False,
 'no_cuda': False,
 'no_features_scaling': False,
 'num_folds': 1,
 'num_lrs': 1,
 'num_tasks': 1,
 'num_workers': 1,
 'number_of_molecules': 1,
 'overwrite_default_atom_features': False,
 'overwrite_default_bond_features': False,
 'phase_features_path': None,
 'pytorch_seed': 0,
 'quiet': False,
 'reaction': False,
 'reaction_mode': 'reac_diff',
 'reaction_solvent': False,
 'resume_experiment': False,
 'save_dir': 'chemprop_unc/save_models/guacamol/similarity_Ranolazine/trial_19',
 'save_preds': True,
 'save_smiles_splits': False,
 'seed': 0,
 'separate_test_atom_descriptors_path': None,
 'separate_test_bond_features_path': None,
 'separate_test_features_path': None,
 'separate_test_path': 'guacamol_benchmark/guacamol_dataset/guacamol_sample_test.csv',
 'separate_test_phase_features_path': None,
 'separate_val_atom_descriptors_path': None,
 'separate_val_bond_features_path': None,
 'separate_val_features_path': None,
 'separate_val_path': 'guacamol_benchmark/guacamol_dataset/guacamol_sample_valid.csv',
 'separate_val_phase_features_path': None,
 'show_individual_scores': False,
 'smiles_columns': ['smiles'],
 'spectra_activation': 'exp',
 'spectra_phase_mask_path': None,
 'spectra_target_floor': 1e-08,
 'split_key_molecule': 0,
 'split_sizes': [1.0, 0.0, 0.0],
 'split_type': 'random',
 'target_columns': ['similarity_Ranolazine'],
 'target_weights': None,
 'task_names': ['similarity_Ranolazine'],
 'test': False,
 'test_fold_index': None,
 'train_data_size': None,
 'undirected': False,
 'use_input_features': False,
 'val_fold_index': None,
 'warmup_epochs': 2.0}
Setting molecule featurization parameters to default.
Loading data
Number of tasks = 1
Fold 0
Splitting data with seed 0
Total size = 10,000 | train size = 10,000 | val size = 2,000 | test size = 10,000
Fitting scaler
Building model 0
MoleculeModel(
  (softplus): Softplus(beta=1, threshold=20)
  (encoder): MPN(
    (encoder): ModuleList(
      (0): MPNEncoder(
        (dropout_layer): Dropout(p=0.0, inplace=False)
        (act_func): LeakyReLU(negative_slope=0.1)
        (W_i): Linear(in_features=147, out_features=300, bias=False)
        (W_h): Linear(in_features=300, out_features=300, bias=False)
        (W_o): Linear(in_features=433, out_features=300, bias=True)
      )
    )
  )
  (ffn): Sequential(
    (0): Dropout(p=0.0, inplace=False)
    (1): Linear(in_features=300, out_features=300, bias=True)
    (2): LeakyReLU(negative_slope=0.1)
    (3): Dropout(p=0.0, inplace=False)
    (4): Linear(in_features=300, out_features=4, bias=True)
  )
)
Number of parameters = 356,104
Moving model to cuda
Epoch 0
Loss = 2.6874e+01, PNorm = 34.0490, GNorm = 153.9322, lr_0 = 2.0224e-04
Loss = 9.8423e+00, PNorm = 34.0498, GNorm = 144.5447, lr_0 = 2.9519e-04
Loss = 4.8918e+00, PNorm = 34.0498, GNorm = 82.9898, lr_0 = 3.8814e-04
Loss = 4.2240e+00, PNorm = 34.0494, GNorm = 52.5706, lr_0 = 4.8109e-04
Loss = 3.3553e+00, PNorm = 34.0490, GNorm = 116.4315, lr_0 = 5.7404e-04
Loss = 2.9156e+00, PNorm = 34.0485, GNorm = 126.7982, lr_0 = 6.6699e-04
Loss = 3.1659e+00, PNorm = 34.0479, GNorm = 74.8705, lr_0 = 7.5994e-04
Loss = 2.7212e+00, PNorm = 34.0475, GNorm = 90.7508, lr_0 = 8.5288e-04
Loss = 4.4649e+00, PNorm = 34.0466, GNorm = 79.6932, lr_0 = 9.4583e-04
Loss = 4.1898e+00, PNorm = 34.0471, GNorm = 45.3592, lr_0 = 1.0388e-03
Loss = 3.6934e+00, PNorm = 34.0470, GNorm = 60.2420, lr_0 = 1.1317e-03
Loss = 3.3165e+00, PNorm = 34.0472, GNorm = 10.4417, lr_0 = 1.2247e-03
Loss = 3.0665e+00, PNorm = 34.0477, GNorm = 24.2350, lr_0 = 1.3176e-03
Loss = 2.8157e+00, PNorm = 34.0488, GNorm = 42.5622, lr_0 = 1.4106e-03
Loss = 2.5990e+00, PNorm = 34.0507, GNorm = 94.1794, lr_0 = 1.5035e-03
Validation rmse = 0.084715
Epoch 1
Loss = 1.9436e+00, PNorm = 34.0519, GNorm = 46.8023, lr_0 = 1.6058e-03
Loss = 2.6153e+00, PNorm = 34.0583, GNorm = 87.6761, lr_0 = 1.6987e-03
Loss = 1.9587e+00, PNorm = 34.0656, GNorm = 39.8403, lr_0 = 1.7917e-03
Loss = 1.7904e+00, PNorm = 34.0741, GNorm = 72.9803, lr_0 = 1.8846e-03
Loss = 1.4647e+00, PNorm = 34.0818, GNorm = 45.7736, lr_0 = 1.9776e-03
Loss = 1.4237e+00, PNorm = 34.0888, GNorm = 25.6269, lr_0 = 2.0705e-03
Loss = 1.2122e+00, PNorm = 34.1004, GNorm = 86.6175, lr_0 = 2.1635e-03
Loss = 1.4211e+00, PNorm = 34.1094, GNorm = 22.2008, lr_0 = 2.2564e-03
Loss = 1.3895e+00, PNorm = 34.1178, GNorm = 58.4873, lr_0 = 2.3494e-03
Loss = 1.2617e+00, PNorm = 34.1222, GNorm = 57.9046, lr_0 = 2.4423e-03
Loss = 1.0257e+00, PNorm = 34.1298, GNorm = 81.9020, lr_0 = 2.5353e-03
Loss = 9.8396e-01, PNorm = 34.1404, GNorm = 42.3728, lr_0 = 2.6282e-03
Loss = 1.0297e+00, PNorm = 34.1576, GNorm = 83.8030, lr_0 = 2.7212e-03
Loss = 1.1999e+00, PNorm = 34.1717, GNorm = 35.1199, lr_0 = 2.8141e-03
Loss = 1.1743e+00, PNorm = 34.1787, GNorm = 49.6614, lr_0 = 2.9071e-03
Loss = 9.0165e-01, PNorm = 34.1875, GNorm = 25.4654, lr_0 = 3.0000e-03
Validation rmse = 0.036565
Epoch 2
Loss = 9.7009e-01, PNorm = 34.1985, GNorm = 65.3542, lr_0 = 2.9684e-03
Loss = 1.0374e+00, PNorm = 34.2135, GNorm = 54.8466, lr_0 = 2.9400e-03
Loss = 8.6907e-01, PNorm = 34.2209, GNorm = 18.8134, lr_0 = 2.9118e-03
Loss = 8.7024e-01, PNorm = 34.2292, GNorm = 15.6062, lr_0 = 2.8840e-03
Loss = 7.7167e-01, PNorm = 34.2432, GNorm = 12.6715, lr_0 = 2.8563e-03
Loss = 8.6021e-01, PNorm = 34.2556, GNorm = 29.7134, lr_0 = 2.8290e-03
Loss = 8.8395e-01, PNorm = 34.2669, GNorm = 17.9503, lr_0 = 2.8019e-03
Loss = 9.1371e-01, PNorm = 34.2766, GNorm = 22.0002, lr_0 = 2.7751e-03
Loss = 8.5851e-01, PNorm = 34.2857, GNorm = 20.7409, lr_0 = 2.7485e-03
Loss = 6.1594e-01, PNorm = 34.2989, GNorm = 23.9918, lr_0 = 2.7222e-03
Loss = 6.6486e-01, PNorm = 34.3138, GNorm = 34.9888, lr_0 = 2.6961e-03
Loss = 7.2943e-01, PNorm = 34.3237, GNorm = 22.4445, lr_0 = 2.6703e-03
Loss = 6.9935e-01, PNorm = 34.3349, GNorm = 23.5218, lr_0 = 2.6447e-03
Loss = 6.7310e-01, PNorm = 34.3494, GNorm = 58.9724, lr_0 = 2.6194e-03
Loss = 7.4489e-01, PNorm = 34.3743, GNorm = 10.1192, lr_0 = 2.5943e-03
Validation rmse = 0.030196
Epoch 3
Loss = 7.8381e-01, PNorm = 34.3944, GNorm = 11.1077, lr_0 = 2.5670e-03
Loss = 7.6761e-01, PNorm = 34.3998, GNorm = 10.1202, lr_0 = 2.5424e-03
Loss = 6.0101e-01, PNorm = 34.4019, GNorm = 5.3998, lr_0 = 2.5181e-03
Loss = 6.8640e-01, PNorm = 34.4053, GNorm = 12.9439, lr_0 = 2.4940e-03
Loss = 7.7594e-01, PNorm = 34.4116, GNorm = 39.4590, lr_0 = 2.4701e-03
Loss = 8.3618e-01, PNorm = 34.4279, GNorm = 20.5999, lr_0 = 2.4464e-03
Loss = 8.0739e-01, PNorm = 34.4384, GNorm = 17.0081, lr_0 = 2.4230e-03
Loss = 7.4439e-01, PNorm = 34.4467, GNorm = 22.1210, lr_0 = 2.3998e-03
Loss = 7.6519e-01, PNorm = 34.4575, GNorm = 20.4152, lr_0 = 2.3768e-03
Loss = 8.0015e-01, PNorm = 34.4590, GNorm = 18.4964, lr_0 = 2.3541e-03
Loss = 6.4290e-01, PNorm = 34.4715, GNorm = 10.2013, lr_0 = 2.3315e-03
Loss = 5.2873e-01, PNorm = 34.4843, GNorm = 6.5100, lr_0 = 2.3092e-03
Loss = 5.7483e-01, PNorm = 34.5008, GNorm = 19.8538, lr_0 = 2.2871e-03
Loss = 5.9794e-01, PNorm = 34.5101, GNorm = 21.4157, lr_0 = 2.2652e-03
Loss = 5.7256e-01, PNorm = 34.5162, GNorm = 19.0967, lr_0 = 2.2435e-03
Loss = 5.4516e-01, PNorm = 34.5311, GNorm = 41.2702, lr_0 = 2.2220e-03
Validation rmse = 0.030110
Epoch 4
Loss = 7.2727e-01, PNorm = 34.5431, GNorm = 26.7014, lr_0 = 2.2007e-03
Loss = 5.2430e-01, PNorm = 34.5558, GNorm = 17.4420, lr_0 = 2.1797e-03
Loss = 5.7078e-01, PNorm = 34.5682, GNorm = 6.9171, lr_0 = 2.1588e-03
Loss = 5.5239e-01, PNorm = 34.5783, GNorm = 51.7809, lr_0 = 2.1381e-03
Loss = 6.0725e-01, PNorm = 34.5839, GNorm = 13.7710, lr_0 = 2.1176e-03
Loss = 6.4953e-01, PNorm = 34.5876, GNorm = 12.6755, lr_0 = 2.0974e-03
Loss = 5.6473e-01, PNorm = 34.5886, GNorm = 5.4805, lr_0 = 2.0773e-03
Loss = 5.1348e-01, PNorm = 34.5993, GNorm = 31.4206, lr_0 = 2.0574e-03
Loss = 7.4312e-01, PNorm = 34.6031, GNorm = 31.9383, lr_0 = 2.0377e-03
Loss = 8.9071e-01, PNorm = 34.6119, GNorm = 18.4405, lr_0 = 2.0182e-03
Loss = 5.5449e-01, PNorm = 34.6250, GNorm = 12.4359, lr_0 = 1.9989e-03
Loss = 5.5816e-01, PNorm = 34.6364, GNorm = 37.6368, lr_0 = 1.9797e-03
Loss = 6.4350e-01, PNorm = 34.6472, GNorm = 29.1927, lr_0 = 1.9608e-03
Loss = 5.7223e-01, PNorm = 34.6586, GNorm = 23.0348, lr_0 = 1.9420e-03
Loss = 5.8093e-01, PNorm = 34.6702, GNorm = 13.0205, lr_0 = 1.9234e-03
Loss = 5.6623e-01, PNorm = 34.6752, GNorm = 19.8992, lr_0 = 1.9050e-03
Validation rmse = 0.031349
Epoch 5
Loss = 5.0737e-01, PNorm = 34.6856, GNorm = 9.9755, lr_0 = 1.8849e-03
Loss = 4.2536e-01, PNorm = 34.7047, GNorm = 7.2084, lr_0 = 1.8669e-03
Loss = 5.2884e-01, PNorm = 34.7118, GNorm = 17.0744, lr_0 = 1.8490e-03
Loss = 4.1389e-01, PNorm = 34.7184, GNorm = 33.5186, lr_0 = 1.8313e-03
Loss = 4.3877e-01, PNorm = 34.7251, GNorm = 46.5831, lr_0 = 1.8137e-03
Loss = 5.7216e-01, PNorm = 34.7293, GNorm = 14.0683, lr_0 = 1.7964e-03
Loss = 4.8867e-01, PNorm = 34.7340, GNorm = 39.4376, lr_0 = 1.7792e-03
Loss = 4.2725e-01, PNorm = 34.7360, GNorm = 10.7932, lr_0 = 1.7621e-03
Loss = 4.8603e-01, PNorm = 34.7461, GNorm = 15.6841, lr_0 = 1.7453e-03
Loss = 4.5069e-01, PNorm = 34.7528, GNorm = 12.1645, lr_0 = 1.7286e-03
Loss = 4.1708e-01, PNorm = 34.7581, GNorm = 14.1346, lr_0 = 1.7120e-03
Loss = 3.5262e-01, PNorm = 34.7600, GNorm = 6.6945, lr_0 = 1.6956e-03
Loss = 5.2396e-01, PNorm = 34.7687, GNorm = 17.7548, lr_0 = 1.6794e-03
Loss = 3.8084e-01, PNorm = 34.7774, GNorm = 31.8544, lr_0 = 1.6633e-03
Loss = 3.9736e-01, PNorm = 34.7826, GNorm = 21.6241, lr_0 = 1.6474e-03
Validation rmse = 0.028079
Epoch 6
Loss = 5.6212e-01, PNorm = 34.7925, GNorm = 37.0190, lr_0 = 1.6300e-03
Loss = 5.0749e-01, PNorm = 34.8019, GNorm = 25.7638, lr_0 = 1.6144e-03
Loss = 3.9065e-01, PNorm = 34.8097, GNorm = 13.2583, lr_0 = 1.5990e-03
Loss = 3.3056e-01, PNorm = 34.8244, GNorm = 22.0327, lr_0 = 1.5836e-03
Loss = 3.8907e-01, PNorm = 34.8343, GNorm = 37.3597, lr_0 = 1.5685e-03
Loss = 3.6274e-01, PNorm = 34.8427, GNorm = 23.9855, lr_0 = 1.5535e-03
Loss = 3.1009e-01, PNorm = 34.8515, GNorm = 25.2616, lr_0 = 1.5386e-03
Loss = 4.1889e-01, PNorm = 34.8610, GNorm = 8.2843, lr_0 = 1.5238e-03
Loss = 3.9651e-01, PNorm = 34.8652, GNorm = 37.4279, lr_0 = 1.5093e-03
Loss = 3.9132e-01, PNorm = 34.8644, GNorm = 8.4160, lr_0 = 1.4948e-03
Loss = 4.1254e-01, PNorm = 34.8703, GNorm = 47.0983, lr_0 = 1.4805e-03
Loss = 4.9618e-01, PNorm = 34.8772, GNorm = 9.1751, lr_0 = 1.4663e-03
Loss = 3.2729e-01, PNorm = 34.8791, GNorm = 12.0198, lr_0 = 1.4523e-03
Loss = 2.7619e-01, PNorm = 34.8856, GNorm = 20.5907, lr_0 = 1.4384e-03
Loss = 3.8545e-01, PNorm = 34.8917, GNorm = 8.5211, lr_0 = 1.4246e-03
Loss = 2.9758e-01, PNorm = 34.8970, GNorm = 19.8940, lr_0 = 1.4110e-03
Validation rmse = 0.025891
Epoch 7
Loss = 2.8678e-01, PNorm = 34.9060, GNorm = 7.9077, lr_0 = 1.3961e-03
Loss = 3.2881e-01, PNorm = 34.9164, GNorm = 31.3182, lr_0 = 1.3827e-03
Loss = 2.7553e-01, PNorm = 34.9238, GNorm = 6.3567, lr_0 = 1.3695e-03
Loss = 3.3018e-01, PNorm = 34.9302, GNorm = 44.3709, lr_0 = 1.3564e-03
Loss = 3.5999e-01, PNorm = 34.9410, GNorm = 11.0873, lr_0 = 1.3434e-03
Loss = 2.8664e-01, PNorm = 34.9524, GNorm = 8.6417, lr_0 = 1.3305e-03
Loss = 3.6058e-01, PNorm = 34.9592, GNorm = 26.4338, lr_0 = 1.3178e-03
Loss = 2.7396e-01, PNorm = 34.9639, GNorm = 30.7893, lr_0 = 1.3052e-03
Loss = 3.6935e-01, PNorm = 34.9686, GNorm = 6.4467, lr_0 = 1.2927e-03
Loss = 3.2863e-01, PNorm = 34.9802, GNorm = 27.9953, lr_0 = 1.2803e-03
Loss = 3.0005e-01, PNorm = 34.9868, GNorm = 13.4249, lr_0 = 1.2680e-03
Loss = 3.7694e-01, PNorm = 34.9898, GNorm = 26.6205, lr_0 = 1.2559e-03
Loss = 2.5960e-01, PNorm = 34.9907, GNorm = 33.1362, lr_0 = 1.2439e-03
Loss = 4.4152e-01, PNorm = 34.9943, GNorm = 9.5855, lr_0 = 1.2320e-03
Loss = 3.5986e-01, PNorm = 35.0012, GNorm = 27.5499, lr_0 = 1.2202e-03
Loss = 1.7995e-01, PNorm = 35.0095, GNorm = 71.2868, lr_0 = 1.2085e-03
Validation rmse = 0.026354
Epoch 8
Loss = 3.7830e-01, PNorm = 35.0187, GNorm = 28.0898, lr_0 = 1.1969e-03
Loss = 3.3664e-01, PNorm = 35.0216, GNorm = 30.9349, lr_0 = 1.1854e-03
Loss = 2.7579e-01, PNorm = 35.0279, GNorm = 9.7909, lr_0 = 1.1741e-03
Loss = 2.4915e-01, PNorm = 35.0388, GNorm = 19.0825, lr_0 = 1.1628e-03
Loss = 2.8575e-01, PNorm = 35.0467, GNorm = 28.4826, lr_0 = 1.1517e-03
Loss = 2.3738e-01, PNorm = 35.0511, GNorm = 13.1817, lr_0 = 1.1407e-03
Loss = 3.0478e-01, PNorm = 35.0572, GNorm = 6.9223, lr_0 = 1.1298e-03
Loss = 3.7725e-01, PNorm = 35.0554, GNorm = 13.4489, lr_0 = 1.1189e-03
Loss = 2.7459e-01, PNorm = 35.0572, GNorm = 50.7981, lr_0 = 1.1082e-03
Loss = 2.7235e-01, PNorm = 35.0652, GNorm = 28.9015, lr_0 = 1.0976e-03
Loss = 2.3524e-01, PNorm = 35.0765, GNorm = 46.8365, lr_0 = 1.0871e-03
Loss = 2.5950e-01, PNorm = 35.0850, GNorm = 19.7227, lr_0 = 1.0767e-03
Loss = 3.4908e-01, PNorm = 35.0895, GNorm = 55.9768, lr_0 = 1.0664e-03
Loss = 2.6700e-01, PNorm = 35.0940, GNorm = 25.5741, lr_0 = 1.0562e-03
Loss = 2.4796e-01, PNorm = 35.0992, GNorm = 9.1917, lr_0 = 1.0461e-03
Validation rmse = 0.024031
Epoch 9
Loss = 4.4418e-01, PNorm = 35.1053, GNorm = 20.5026, lr_0 = 1.0350e-03
Loss = 3.5166e-01, PNorm = 35.1070, GNorm = 15.9378, lr_0 = 1.0251e-03
Loss = 3.9375e-01, PNorm = 35.1084, GNorm = 22.4859, lr_0 = 1.0153e-03
Loss = 4.1472e-01, PNorm = 35.1132, GNorm = 14.1338, lr_0 = 1.0056e-03
Loss = 2.3241e-01, PNorm = 35.1178, GNorm = 21.0221, lr_0 = 9.9597e-04
Loss = 1.5029e-01, PNorm = 35.1253, GNorm = 16.9229, lr_0 = 9.8643e-04
Loss = 1.7438e-01, PNorm = 35.1339, GNorm = 10.6355, lr_0 = 9.7698e-04
Loss = 1.9015e-01, PNorm = 35.1393, GNorm = 13.5545, lr_0 = 9.6763e-04
Loss = 2.2788e-01, PNorm = 35.1471, GNorm = 17.6719, lr_0 = 9.5836e-04
Loss = 2.5352e-01, PNorm = 35.1520, GNorm = 22.5434, lr_0 = 9.4919e-04
Loss = 2.0435e-01, PNorm = 35.1612, GNorm = 9.6688, lr_0 = 9.4010e-04
Loss = 2.0072e-01, PNorm = 35.1672, GNorm = 9.0426, lr_0 = 9.3109e-04
Loss = 1.4556e-01, PNorm = 35.1725, GNorm = 35.9833, lr_0 = 9.2218e-04
Loss = 1.6298e-01, PNorm = 35.1805, GNorm = 21.4476, lr_0 = 9.1335e-04
Loss = 2.1030e-01, PNorm = 35.1864, GNorm = 50.7040, lr_0 = 9.0460e-04
Loss = 1.8037e-01, PNorm = 35.1884, GNorm = 26.6587, lr_0 = 8.9594e-04
Validation rmse = 0.026734
Epoch 10
Loss = 3.5176e-01, PNorm = 35.1937, GNorm = 23.7176, lr_0 = 8.8651e-04
Loss = 1.4375e-01, PNorm = 35.1969, GNorm = 30.6162, lr_0 = 8.7802e-04
Loss = 1.9531e-01, PNorm = 35.2041, GNorm = 10.4833, lr_0 = 8.6961e-04
Loss = 1.9099e-01, PNorm = 35.2073, GNorm = 15.5414, lr_0 = 8.6128e-04
Loss = 1.7690e-01, PNorm = 35.2131, GNorm = 11.2059, lr_0 = 8.5304e-04
Loss = 1.4864e-01, PNorm = 35.2171, GNorm = 28.7529, lr_0 = 8.4487e-04
Loss = 3.0408e-01, PNorm = 35.2207, GNorm = 37.5045, lr_0 = 8.3678e-04
Loss = 2.7522e-01, PNorm = 35.2249, GNorm = 11.9368, lr_0 = 8.2877e-04
Loss = 1.5875e-01, PNorm = 35.2279, GNorm = 11.0661, lr_0 = 8.2083e-04
Loss = 1.7024e-01, PNorm = 35.2348, GNorm = 25.1787, lr_0 = 8.1297e-04
Loss = 1.3624e-01, PNorm = 35.2404, GNorm = 8.7981, lr_0 = 8.0519e-04
Loss = 7.8959e-03, PNorm = 35.2449, GNorm = 16.0497, lr_0 = 7.9747e-04
Loss = 1.1739e-01, PNorm = 35.2497, GNorm = 18.0333, lr_0 = 7.8984e-04
Loss = 1.1414e-01, PNorm = 35.2528, GNorm = 16.9752, lr_0 = 7.8228e-04
Loss = 4.6083e-02, PNorm = 35.2580, GNorm = 28.9273, lr_0 = 7.7478e-04
Validation rmse = 0.023574
Epoch 11
Loss = 5.6102e-02, PNorm = 35.2637, GNorm = 21.8435, lr_0 = 7.6663e-04
Loss = 2.5564e-01, PNorm = 35.2666, GNorm = 41.3764, lr_0 = 7.5929e-04
Loss = 2.7009e-01, PNorm = 35.2700, GNorm = 29.8579, lr_0 = 7.5202e-04
Loss = 2.7762e-02, PNorm = 35.2735, GNorm = 11.1212, lr_0 = 7.4482e-04
Loss = 7.4748e-02, PNorm = 35.2786, GNorm = 22.6066, lr_0 = 7.3768e-04
Loss = 5.5178e-02, PNorm = 35.2841, GNorm = 33.1121, lr_0 = 7.3062e-04
Loss = 1.6259e-01, PNorm = 35.2901, GNorm = 43.5009, lr_0 = 7.2362e-04
Loss = 3.2096e-01, PNorm = 35.2929, GNorm = 21.9769, lr_0 = 7.1669e-04
Loss = 1.8990e-01, PNorm = 35.2946, GNorm = 19.6334, lr_0 = 7.0983e-04
Loss = 1.3245e-01, PNorm = 35.3001, GNorm = 34.8805, lr_0 = 7.0303e-04
Loss = 9.2854e-02, PNorm = 35.3023, GNorm = 9.2305, lr_0 = 6.9630e-04
Loss = 1.7035e-01, PNorm = 35.3084, GNorm = 14.3518, lr_0 = 6.8963e-04
Loss = 5.4512e-02, PNorm = 35.3144, GNorm = 12.0535, lr_0 = 6.8303e-04
Loss = -1.6183e-02, PNorm = 35.3204, GNorm = 38.1659, lr_0 = 6.7649e-04
Loss = 1.3734e-01, PNorm = 35.3264, GNorm = 51.7409, lr_0 = 6.7001e-04
Loss = 1.7901e-01, PNorm = 35.3279, GNorm = 23.3186, lr_0 = 6.6360e-04
Validation rmse = 0.023481
Epoch 12
Loss = 1.9777e-01, PNorm = 35.3295, GNorm = 30.5652, lr_0 = 6.5724e-04
Loss = 8.2161e-02, PNorm = 35.3293, GNorm = 13.0995, lr_0 = 6.5095e-04
Loss = 1.5707e-01, PNorm = 35.3331, GNorm = 40.3494, lr_0 = 6.4472e-04
Loss = 1.2704e-01, PNorm = 35.3347, GNorm = 22.5438, lr_0 = 6.3854e-04
Loss = 1.6721e-01, PNorm = 35.3394, GNorm = 14.4627, lr_0 = 6.3243e-04
Loss = 5.2194e-02, PNorm = 35.3425, GNorm = 34.5096, lr_0 = 6.2637e-04
Loss = 1.1541e-01, PNorm = 35.3493, GNorm = 21.4835, lr_0 = 6.2037e-04
Loss = -6.8699e-03, PNorm = 35.3535, GNorm = 8.1534, lr_0 = 6.1443e-04
Loss = 2.8134e-02, PNorm = 35.3608, GNorm = 46.1515, lr_0 = 6.0855e-04
Loss = 4.0637e-02, PNorm = 35.3635, GNorm = 36.5397, lr_0 = 6.0272e-04
Loss = 4.1351e-02, PNorm = 35.3688, GNorm = 48.3541, lr_0 = 5.9695e-04
Loss = 5.4724e-02, PNorm = 35.3744, GNorm = 24.0907, lr_0 = 5.9124e-04
Loss = 6.7475e-02, PNorm = 35.3769, GNorm = 20.1928, lr_0 = 5.8557e-04
Loss = 9.1165e-02, PNorm = 35.3798, GNorm = 15.1709, lr_0 = 5.7997e-04
Loss = -7.8448e-03, PNorm = 35.3870, GNorm = 53.0473, lr_0 = 5.7441e-04
Loss = 5.0943e-02, PNorm = 35.3927, GNorm = 29.3021, lr_0 = 5.6891e-04
Validation rmse = 0.022022
Epoch 13
Loss = -9.0939e-02, PNorm = 35.3990, GNorm = 39.8441, lr_0 = 5.6292e-04
Loss = 1.4464e-01, PNorm = 35.4027, GNorm = 31.8449, lr_0 = 5.5753e-04
Loss = 5.5982e-02, PNorm = 35.4025, GNorm = 22.6911, lr_0 = 5.5219e-04
Loss = 3.2183e-02, PNorm = 35.4093, GNorm = 21.1266, lr_0 = 5.4691e-04
Loss = 1.8758e-02, PNorm = 35.4145, GNorm = 19.2664, lr_0 = 5.4167e-04
Loss = 7.4329e-03, PNorm = 35.4186, GNorm = 15.9424, lr_0 = 5.3648e-04
Loss = 1.1610e-01, PNorm = 35.4211, GNorm = 14.1073, lr_0 = 5.3135e-04
Loss = 8.4965e-02, PNorm = 35.4248, GNorm = 20.4709, lr_0 = 5.2626e-04
Loss = 1.5317e-01, PNorm = 35.4287, GNorm = 27.0693, lr_0 = 5.2122e-04
Loss = 2.5363e-02, PNorm = 35.4349, GNorm = 10.1835, lr_0 = 5.1623e-04
Loss = -1.9816e-02, PNorm = 35.4409, GNorm = 12.9094, lr_0 = 5.1128e-04
Loss = 6.5226e-03, PNorm = 35.4449, GNorm = 33.1041, lr_0 = 5.0639e-04
Loss = 1.5550e-02, PNorm = 35.4480, GNorm = 44.9681, lr_0 = 5.0154e-04
Loss = -6.9783e-02, PNorm = 35.4513, GNorm = 26.8001, lr_0 = 4.9674e-04
Loss = 1.5831e-02, PNorm = 35.4549, GNorm = 11.9162, lr_0 = 4.9198e-04
Validation rmse = 0.021786
Epoch 14
Loss = -2.1008e-02, PNorm = 35.4548, GNorm = 23.3592, lr_0 = 4.8680e-04
Loss = -2.8814e-02, PNorm = 35.4563, GNorm = 19.9957, lr_0 = 4.8214e-04
Loss = -3.9711e-02, PNorm = 35.4598, GNorm = 27.7599, lr_0 = 4.7752e-04
Loss = -6.6049e-03, PNorm = 35.4647, GNorm = 28.5050, lr_0 = 4.7295e-04
Loss = 1.0374e-02, PNorm = 35.4683, GNorm = 18.3946, lr_0 = 4.6842e-04
Loss = -5.7839e-03, PNorm = 35.4724, GNorm = 65.0256, lr_0 = 4.6394e-04
Loss = -1.3537e-01, PNorm = 35.4758, GNorm = 45.3813, lr_0 = 4.5949e-04
Loss = -6.3359e-02, PNorm = 35.4804, GNorm = 41.8893, lr_0 = 4.5509e-04
Loss = -7.8129e-02, PNorm = 35.4851, GNorm = 18.3750, lr_0 = 4.5074e-04
Loss = 2.0484e-02, PNorm = 35.4876, GNorm = 85.5459, lr_0 = 4.4642e-04
Loss = 6.9834e-02, PNorm = 35.4878, GNorm = 28.9438, lr_0 = 4.4214e-04
Loss = -1.2908e-02, PNorm = 35.4892, GNorm = 18.3376, lr_0 = 4.3791e-04
Loss = -2.2887e-02, PNorm = 35.4921, GNorm = 11.4233, lr_0 = 4.3372e-04
Loss = -3.3661e-03, PNorm = 35.4935, GNorm = 35.4820, lr_0 = 4.2956e-04
Loss = 1.7166e-03, PNorm = 35.4974, GNorm = 12.0261, lr_0 = 4.2545e-04
Loss = -1.2013e-01, PNorm = 35.5005, GNorm = 24.5741, lr_0 = 4.2138e-04
Validation rmse = 0.021158
Epoch 15
Loss = -1.6011e-01, PNorm = 35.5049, GNorm = 30.0759, lr_0 = 4.1694e-04
Loss = -5.8541e-02, PNorm = 35.5081, GNorm = 32.1422, lr_0 = 4.1295e-04
Loss = -2.2508e-02, PNorm = 35.5112, GNorm = 13.0775, lr_0 = 4.0899e-04
Loss = -7.2285e-02, PNorm = 35.5128, GNorm = 14.4208, lr_0 = 4.0508e-04
Loss = -2.6382e-02, PNorm = 35.5159, GNorm = 18.0820, lr_0 = 4.0120e-04
Loss = 8.3843e-03, PNorm = 35.5180, GNorm = 13.6833, lr_0 = 3.9736e-04
Loss = -3.5862e-02, PNorm = 35.5193, GNorm = 32.6609, lr_0 = 3.9355e-04
Loss = -8.7644e-02, PNorm = 35.5255, GNorm = 32.9747, lr_0 = 3.8978e-04
Loss = -8.9752e-02, PNorm = 35.5305, GNorm = 38.4806, lr_0 = 3.8605e-04
Loss = -2.6833e-02, PNorm = 35.5330, GNorm = 41.2886, lr_0 = 3.8235e-04
Loss = -2.9639e-02, PNorm = 35.5361, GNorm = 34.5058, lr_0 = 3.7869e-04
Loss = -4.1905e-02, PNorm = 35.5357, GNorm = 37.3851, lr_0 = 3.7507e-04
Loss = -1.5834e-01, PNorm = 35.5376, GNorm = 20.3008, lr_0 = 3.7148e-04
Loss = -8.1691e-02, PNorm = 35.5421, GNorm = 10.8136, lr_0 = 3.6792e-04
Loss = -8.2749e-02, PNorm = 35.5444, GNorm = 15.9057, lr_0 = 3.6440e-04
Loss = 2.2766e-02, PNorm = 35.5462, GNorm = 63.5020, lr_0 = 3.6091e-04
Validation rmse = 0.021710
Epoch 16
Loss = -7.9748e-02, PNorm = 35.5486, GNorm = 13.4844, lr_0 = 3.5745e-04
Loss = -1.4743e-01, PNorm = 35.5513, GNorm = 23.9738, lr_0 = 3.5403e-04
Loss = -1.6953e-01, PNorm = 35.5542, GNorm = 51.4646, lr_0 = 3.5064e-04
Loss = -2.0354e-01, PNorm = 35.5571, GNorm = 19.2985, lr_0 = 3.4728e-04
Loss = -1.1072e-01, PNorm = 35.5599, GNorm = 38.0450, lr_0 = 3.4395e-04
Loss = -6.7542e-02, PNorm = 35.5631, GNorm = 23.8413, lr_0 = 3.4066e-04
Loss = -7.6406e-02, PNorm = 35.5661, GNorm = 36.2795, lr_0 = 3.3740e-04
Loss = -1.5143e-01, PNorm = 35.5691, GNorm = 48.2294, lr_0 = 3.3417e-04
Loss = -6.6803e-02, PNorm = 35.5728, GNorm = 25.5685, lr_0 = 3.3097e-04
Loss = -7.3429e-02, PNorm = 35.5743, GNorm = 45.8725, lr_0 = 3.2780e-04
Loss = -1.3290e-01, PNorm = 35.5780, GNorm = 16.4209, lr_0 = 3.2466e-04
Loss = -1.0965e-01, PNorm = 35.5816, GNorm = 41.8191, lr_0 = 3.2155e-04
Loss = -6.2147e-02, PNorm = 35.5825, GNorm = 13.6636, lr_0 = 3.1847e-04
Loss = 4.5179e-03, PNorm = 35.5859, GNorm = 35.2372, lr_0 = 3.1542e-04
Loss = -1.1112e-01, PNorm = 35.5895, GNorm = 16.3210, lr_0 = 3.1240e-04
Validation rmse = 0.020611
Epoch 17
Loss = -2.6929e-01, PNorm = 35.5932, GNorm = 20.7576, lr_0 = 3.0911e-04
Loss = -1.8660e-01, PNorm = 35.5961, GNorm = 58.5961, lr_0 = 3.0615e-04
Loss = -2.4296e-01, PNorm = 35.5996, GNorm = 76.8776, lr_0 = 3.0322e-04
Loss = -3.5907e-02, PNorm = 35.6032, GNorm = 68.5394, lr_0 = 3.0032e-04
Loss = -4.9775e-02, PNorm = 35.6048, GNorm = 12.7420, lr_0 = 2.9744e-04
Loss = -2.7538e-01, PNorm = 35.6080, GNorm = 19.3281, lr_0 = 2.9459e-04
Loss = -2.5444e-01, PNorm = 35.6102, GNorm = 47.2928, lr_0 = 2.9177e-04
Loss = -2.3029e-01, PNorm = 35.6121, GNorm = 15.1300, lr_0 = 2.8898e-04
Loss = -1.7193e-01, PNorm = 35.6157, GNorm = 36.3834, lr_0 = 2.8621e-04
Loss = -1.4154e-01, PNorm = 35.6179, GNorm = 58.2712, lr_0 = 2.8347e-04
Loss = -2.4241e-01, PNorm = 35.6197, GNorm = 11.6981, lr_0 = 2.8076e-04
Loss = -1.7832e-01, PNorm = 35.6214, GNorm = 23.5506, lr_0 = 2.7807e-04
Loss = -1.5580e-01, PNorm = 35.6246, GNorm = 23.5178, lr_0 = 2.7541e-04
Loss = -3.1035e-02, PNorm = 35.6266, GNorm = 50.3190, lr_0 = 2.7277e-04
Loss = -1.0321e-01, PNorm = 35.6275, GNorm = 19.5089, lr_0 = 2.7016e-04
Loss = -9.8296e-02, PNorm = 35.6280, GNorm = 27.2317, lr_0 = 2.6757e-04
Validation rmse = 0.020860
Epoch 18
Loss = -2.0714e-01, PNorm = 35.6312, GNorm = 41.1315, lr_0 = 2.6475e-04
Loss = -1.3273e-01, PNorm = 35.6346, GNorm = 14.9046, lr_0 = 2.6222e-04
Loss = -2.6288e-01, PNorm = 35.6364, GNorm = 14.9344, lr_0 = 2.5971e-04
Loss = -1.9825e-01, PNorm = 35.6398, GNorm = 14.6656, lr_0 = 2.5722e-04
Loss = -2.0556e-01, PNorm = 35.6416, GNorm = 21.0500, lr_0 = 2.5476e-04
Loss = -2.1427e-01, PNorm = 35.6438, GNorm = 25.4576, lr_0 = 2.5232e-04
Loss = -1.8464e-01, PNorm = 35.6469, GNorm = 40.9676, lr_0 = 2.4990e-04
Loss = -2.3243e-01, PNorm = 35.6482, GNorm = 16.2124, lr_0 = 2.4751e-04
Loss = -1.6365e-01, PNorm = 35.6508, GNorm = 32.9470, lr_0 = 2.4514e-04
Loss = -2.5981e-01, PNorm = 35.6513, GNorm = 21.3634, lr_0 = 2.4279e-04
Loss = -2.2972e-01, PNorm = 35.6530, GNorm = 18.8613, lr_0 = 2.4047e-04
Loss = -1.6844e-01, PNorm = 35.6558, GNorm = 14.3426, lr_0 = 2.3816e-04
Loss = -1.9960e-01, PNorm = 35.6587, GNorm = 71.7632, lr_0 = 2.3588e-04
Loss = -2.0237e-01, PNorm = 35.6600, GNorm = 10.4600, lr_0 = 2.3362e-04
Loss = -1.8466e-01, PNorm = 35.6609, GNorm = 23.5513, lr_0 = 2.3139e-04
Validation rmse = 0.020067
Epoch 19
Loss = -3.2848e-01, PNorm = 35.6624, GNorm = 21.3231, lr_0 = 2.2895e-04
Loss = -2.9849e-01, PNorm = 35.6642, GNorm = 16.2310, lr_0 = 2.2676e-04
Loss = -2.1450e-01, PNorm = 35.6669, GNorm = 23.4658, lr_0 = 2.2459e-04
Loss = -2.2509e-01, PNorm = 35.6697, GNorm = 21.6750, lr_0 = 2.2244e-04
Loss = -2.3139e-01, PNorm = 35.6716, GNorm = 46.4632, lr_0 = 2.2031e-04
Loss = -2.4241e-01, PNorm = 35.6741, GNorm = 32.3915, lr_0 = 2.1820e-04
Loss = -2.4307e-01, PNorm = 35.6770, GNorm = 16.0666, lr_0 = 2.1611e-04
Loss = -2.7133e-01, PNorm = 35.6783, GNorm = 23.2924, lr_0 = 2.1404e-04
Loss = -2.5818e-01, PNorm = 35.6808, GNorm = 76.1930, lr_0 = 2.1199e-04
Loss = -2.6390e-01, PNorm = 35.6822, GNorm = 61.3698, lr_0 = 2.0996e-04
Loss = -1.8910e-01, PNorm = 35.6841, GNorm = 29.6715, lr_0 = 2.0795e-04
Loss = -2.1242e-01, PNorm = 35.6860, GNorm = 22.5535, lr_0 = 2.0596e-04
Loss = -2.4680e-01, PNorm = 35.6883, GNorm = 36.2510, lr_0 = 2.0398e-04
Loss = -2.6780e-01, PNorm = 35.6890, GNorm = 24.4430, lr_0 = 2.0203e-04
Loss = -2.7614e-01, PNorm = 35.6897, GNorm = 24.3618, lr_0 = 2.0010e-04
Loss = -2.5039e-01, PNorm = 35.6914, GNorm = 13.5174, lr_0 = 1.9818e-04
Validation rmse = 0.020276
Epoch 20
Loss = -2.1820e-01, PNorm = 35.6916, GNorm = 34.9009, lr_0 = 1.9628e-04
Loss = -1.9591e-01, PNorm = 35.6933, GNorm = 22.6442, lr_0 = 1.9440e-04
Loss = -2.7917e-01, PNorm = 35.6960, GNorm = 21.9160, lr_0 = 1.9254e-04
Loss = -2.2124e-01, PNorm = 35.6980, GNorm = 54.1484, lr_0 = 1.9070e-04
Loss = -2.5398e-01, PNorm = 35.6994, GNorm = 14.3356, lr_0 = 1.8887e-04
Loss = -2.7772e-01, PNorm = 35.7011, GNorm = 34.5878, lr_0 = 1.8706e-04
Loss = -3.3400e-01, PNorm = 35.7022, GNorm = 16.7379, lr_0 = 1.8527e-04
Loss = -2.8837e-01, PNorm = 35.7042, GNorm = 20.5831, lr_0 = 1.8350e-04
Loss = -2.8879e-01, PNorm = 35.7064, GNorm = 14.3663, lr_0 = 1.8174e-04
Loss = -2.4854e-01, PNorm = 35.7086, GNorm = 43.0765, lr_0 = 1.8000e-04
Loss = -3.0020e-01, PNorm = 35.7096, GNorm = 69.2944, lr_0 = 1.7828e-04
Loss = -3.6300e-01, PNorm = 35.7111, GNorm = 25.6611, lr_0 = 1.7657e-04
Loss = -2.7694e-01, PNorm = 35.7134, GNorm = 20.1349, lr_0 = 1.7488e-04
Loss = -3.1814e-01, PNorm = 35.7150, GNorm = 46.5294, lr_0 = 1.7321e-04
Loss = -3.3045e-01, PNorm = 35.7174, GNorm = 15.0963, lr_0 = 1.7155e-04
Loss = -2.9906e-01, PNorm = 35.7183, GNorm = 22.3182, lr_0 = 1.6990e-04
Validation rmse = 0.019506
Epoch 21
Loss = -2.7295e-01, PNorm = 35.7192, GNorm = 21.2944, lr_0 = 1.6812e-04
Loss = -3.8429e-01, PNorm = 35.7206, GNorm = 30.4239, lr_0 = 1.6651e-04
Loss = -3.4541e-01, PNorm = 35.7221, GNorm = 26.6673, lr_0 = 1.6491e-04
Loss = -2.4823e-01, PNorm = 35.7233, GNorm = 22.9459, lr_0 = 1.6333e-04
Loss = -3.1430e-01, PNorm = 35.7250, GNorm = 20.2955, lr_0 = 1.6177e-04
Loss = -3.1131e-01, PNorm = 35.7262, GNorm = 20.9674, lr_0 = 1.6022e-04
Loss = -3.0188e-01, PNorm = 35.7271, GNorm = 27.2676, lr_0 = 1.5868e-04
Loss = -3.4302e-01, PNorm = 35.7290, GNorm = 25.7624, lr_0 = 1.5717e-04
Loss = -3.4159e-01, PNorm = 35.7313, GNorm = 15.4901, lr_0 = 1.5566e-04
Loss = -2.7343e-01, PNorm = 35.7327, GNorm = 18.2218, lr_0 = 1.5417e-04
Loss = -3.6293e-01, PNorm = 35.7351, GNorm = 59.6465, lr_0 = 1.5269e-04
Loss = -3.6223e-01, PNorm = 35.7367, GNorm = 22.1775, lr_0 = 1.5123e-04
Loss = -2.8134e-01, PNorm = 35.7383, GNorm = 48.7393, lr_0 = 1.4978e-04
Loss = -3.3567e-01, PNorm = 35.7394, GNorm = 56.5565, lr_0 = 1.4835e-04
Loss = -3.5751e-01, PNorm = 35.7408, GNorm = 19.0487, lr_0 = 1.4693e-04
Validation rmse = 0.019573
Epoch 22
Loss = -2.6552e-01, PNorm = 35.7421, GNorm = 34.9306, lr_0 = 1.4538e-04
Loss = -3.4391e-01, PNorm = 35.7435, GNorm = 70.3507, lr_0 = 1.4399e-04
Loss = -3.9239e-01, PNorm = 35.7452, GNorm = 34.3379, lr_0 = 1.4261e-04
Loss = -3.7187e-01, PNorm = 35.7475, GNorm = 84.3765, lr_0 = 1.4124e-04
Loss = -3.2976e-01, PNorm = 35.7494, GNorm = 42.4415, lr_0 = 1.3989e-04
Loss = -3.2700e-01, PNorm = 35.7503, GNorm = 52.9947, lr_0 = 1.3855e-04
Loss = -3.9683e-01, PNorm = 35.7513, GNorm = 72.8152, lr_0 = 1.3723e-04
Loss = -2.6820e-01, PNorm = 35.7528, GNorm = 20.0514, lr_0 = 1.3591e-04
Loss = -3.3328e-01, PNorm = 35.7530, GNorm = 29.2461, lr_0 = 1.3461e-04
Loss = -4.2367e-01, PNorm = 35.7538, GNorm = 53.2935, lr_0 = 1.3332e-04
Loss = -2.7379e-01, PNorm = 35.7555, GNorm = 25.1982, lr_0 = 1.3204e-04
Loss = -3.8717e-01, PNorm = 35.7572, GNorm = 25.4511, lr_0 = 1.3078e-04
Loss = -3.7061e-01, PNorm = 35.7581, GNorm = 27.7903, lr_0 = 1.2953e-04
Loss = -3.3926e-01, PNorm = 35.7594, GNorm = 48.5542, lr_0 = 1.2829e-04
Loss = -4.0560e-01, PNorm = 35.7604, GNorm = 48.9468, lr_0 = 1.2706e-04
Loss = -3.3597e-01, PNorm = 35.7613, GNorm = 57.8899, lr_0 = 1.2584e-04
Validation rmse = 0.019341
Epoch 23
Loss = -4.2419e-01, PNorm = 35.7627, GNorm = 34.2059, lr_0 = 1.2452e-04
Loss = -3.7942e-01, PNorm = 35.7633, GNorm = 29.6858, lr_0 = 1.2333e-04
Loss = -4.2237e-01, PNorm = 35.7649, GNorm = 36.3426, lr_0 = 1.2214e-04
Loss = -2.5301e-01, PNorm = 35.7658, GNorm = 17.8530, lr_0 = 1.2098e-04
Loss = -3.7313e-01, PNorm = 35.7659, GNorm = 59.8609, lr_0 = 1.1982e-04
Loss = -4.0881e-01, PNorm = 35.7671, GNorm = 21.8057, lr_0 = 1.1867e-04
Loss = -4.1987e-01, PNorm = 35.7680, GNorm = 60.0361, lr_0 = 1.1753e-04
Loss = -3.0451e-01, PNorm = 35.7695, GNorm = 22.7702, lr_0 = 1.1641e-04
Loss = -3.4320e-01, PNorm = 35.7704, GNorm = 61.2527, lr_0 = 1.1529e-04
Loss = -3.2999e-01, PNorm = 35.7709, GNorm = 17.4345, lr_0 = 1.1419e-04
Loss = -4.0687e-01, PNorm = 35.7715, GNorm = 18.7256, lr_0 = 1.1310e-04
Loss = -4.8359e-01, PNorm = 35.7725, GNorm = 25.4105, lr_0 = 1.1201e-04
Loss = -3.7967e-01, PNorm = 35.7739, GNorm = 23.8374, lr_0 = 1.1094e-04
Loss = -4.1352e-01, PNorm = 35.7757, GNorm = 53.1525, lr_0 = 1.0988e-04
Loss = -4.2750e-01, PNorm = 35.7763, GNorm = 49.2581, lr_0 = 1.0883e-04
Loss = -3.2632e-01, PNorm = 35.7773, GNorm = 38.5370, lr_0 = 1.0778e-04
Validation rmse = 0.019488
Epoch 24
Loss = -3.6918e-01, PNorm = 35.7786, GNorm = 21.9118, lr_0 = 1.0675e-04
Loss = -4.0585e-01, PNorm = 35.7804, GNorm = 51.5029, lr_0 = 1.0573e-04
Loss = -5.3202e-01, PNorm = 35.7818, GNorm = 25.7457, lr_0 = 1.0472e-04
Loss = -5.3337e-01, PNorm = 35.7831, GNorm = 25.6146, lr_0 = 1.0371e-04
Loss = -4.5250e-01, PNorm = 35.7839, GNorm = 23.3223, lr_0 = 1.0272e-04
Loss = -4.5243e-01, PNorm = 35.7854, GNorm = 19.8803, lr_0 = 1.0174e-04
Loss = -3.6728e-01, PNorm = 35.7860, GNorm = 33.5134, lr_0 = 1.0076e-04
Loss = -4.6159e-01, PNorm = 35.7869, GNorm = 30.7634, lr_0 = 9.9798e-05
Loss = -4.1087e-01, PNorm = 35.7881, GNorm = 21.0476, lr_0 = 9.8842e-05
Loss = -4.7124e-01, PNorm = 35.7893, GNorm = 32.0209, lr_0 = 9.7896e-05
Loss = -4.6474e-01, PNorm = 35.7903, GNorm = 27.7786, lr_0 = 9.6959e-05
Loss = -3.8516e-01, PNorm = 35.7913, GNorm = 24.8470, lr_0 = 9.6030e-05
Loss = -4.2231e-01, PNorm = 35.7922, GNorm = 32.4680, lr_0 = 9.5111e-05
Loss = -3.9000e-01, PNorm = 35.7930, GNorm = 34.8309, lr_0 = 9.4200e-05
Loss = -4.8037e-01, PNorm = 35.7936, GNorm = 27.4403, lr_0 = 9.3298e-05
Validation rmse = 0.019008
Epoch 25
Loss = -5.3027e-01, PNorm = 35.7954, GNorm = 20.7476, lr_0 = 9.2316e-05
Loss = -4.3663e-01, PNorm = 35.7970, GNorm = 33.3127, lr_0 = 9.1432e-05
Loss = -5.0759e-01, PNorm = 35.7980, GNorm = 15.8705, lr_0 = 9.0556e-05
Loss = -5.1289e-01, PNorm = 35.7990, GNorm = 35.3829, lr_0 = 8.9689e-05
Loss = -4.6999e-01, PNorm = 35.7998, GNorm = 44.9852, lr_0 = 8.8830e-05
Loss = -4.5902e-01, PNorm = 35.8008, GNorm = 17.8078, lr_0 = 8.7980e-05
Loss = -4.4753e-01, PNorm = 35.8021, GNorm = 41.7501, lr_0 = 8.7137e-05
Loss = -4.1588e-01, PNorm = 35.8030, GNorm = 34.4763, lr_0 = 8.6303e-05
Loss = -4.6283e-01, PNorm = 35.8037, GNorm = 33.2711, lr_0 = 8.5476e-05
Loss = -4.4406e-01, PNorm = 35.8046, GNorm = 25.4584, lr_0 = 8.4658e-05
Loss = -4.8357e-01, PNorm = 35.8052, GNorm = 40.5520, lr_0 = 8.3847e-05
Loss = -4.7382e-01, PNorm = 35.8058, GNorm = 41.0995, lr_0 = 8.3044e-05
Loss = -4.4171e-01, PNorm = 35.8066, GNorm = 62.0841, lr_0 = 8.2249e-05
Loss = -4.0055e-01, PNorm = 35.8072, GNorm = 22.8508, lr_0 = 8.1461e-05
Loss = -4.9010e-01, PNorm = 35.8081, GNorm = 18.0354, lr_0 = 8.0681e-05
Loss = -5.0631e-01, PNorm = 35.8088, GNorm = 18.2838, lr_0 = 7.9909e-05
Validation rmse = 0.019571
Epoch 26
Loss = -4.5349e-01, PNorm = 35.8094, GNorm = 32.3067, lr_0 = 7.9068e-05
Loss = -4.2726e-01, PNorm = 35.8102, GNorm = 82.5083, lr_0 = 7.8310e-05
Loss = -4.5452e-01, PNorm = 35.8111, GNorm = 51.7837, lr_0 = 7.7561e-05
Loss = -5.0704e-01, PNorm = 35.8120, GNorm = 34.0722, lr_0 = 7.6818e-05
Loss = -5.0475e-01, PNorm = 35.8130, GNorm = 15.9485, lr_0 = 7.6082e-05
Loss = -5.0326e-01, PNorm = 35.8138, GNorm = 31.4106, lr_0 = 7.5354e-05
Loss = -6.2977e-01, PNorm = 35.8148, GNorm = 33.3844, lr_0 = 7.4632e-05
Loss = -5.0427e-01, PNorm = 35.8163, GNorm = 20.6614, lr_0 = 7.3918e-05
Loss = -5.3129e-01, PNorm = 35.8163, GNorm = 23.6200, lr_0 = 7.3210e-05
Loss = -4.0052e-01, PNorm = 35.8166, GNorm = 53.1385, lr_0 = 7.2509e-05
Loss = -4.6061e-01, PNorm = 35.8168, GNorm = 26.0519, lr_0 = 7.1814e-05
Loss = -4.5052e-01, PNorm = 35.8172, GNorm = 31.9307, lr_0 = 7.1127e-05
Loss = -4.9154e-01, PNorm = 35.8179, GNorm = 37.1080, lr_0 = 7.0446e-05
Loss = -5.7959e-01, PNorm = 35.8186, GNorm = 23.9008, lr_0 = 6.9771e-05
Loss = -3.6848e-01, PNorm = 35.8194, GNorm = 39.6901, lr_0 = 6.9103e-05
Validation rmse = 0.018712
Epoch 27
Loss = -6.0572e-01, PNorm = 35.8200, GNorm = 23.8008, lr_0 = 6.8375e-05
Loss = -5.5862e-01, PNorm = 35.8210, GNorm = 36.2195, lr_0 = 6.7721e-05
Loss = -4.9311e-01, PNorm = 35.8218, GNorm = 59.6090, lr_0 = 6.7072e-05
Loss = -5.5130e-01, PNorm = 35.8228, GNorm = 59.4176, lr_0 = 6.6430e-05
Loss = -4.3574e-01, PNorm = 35.8234, GNorm = 35.4453, lr_0 = 6.5794e-05
Loss = -4.6114e-01, PNorm = 35.8240, GNorm = 25.4249, lr_0 = 6.5164e-05
Loss = -4.3205e-01, PNorm = 35.8243, GNorm = 36.7189, lr_0 = 6.4540e-05
Loss = -5.0403e-01, PNorm = 35.8248, GNorm = 33.9573, lr_0 = 6.3922e-05
Loss = -5.1211e-01, PNorm = 35.8253, GNorm = 21.8607, lr_0 = 6.3310e-05
Loss = -5.1265e-01, PNorm = 35.8259, GNorm = 22.8751, lr_0 = 6.2704e-05
Loss = -4.3315e-01, PNorm = 35.8268, GNorm = 23.5055, lr_0 = 6.2103e-05
Loss = -5.6013e-01, PNorm = 35.8275, GNorm = 41.6688, lr_0 = 6.1508e-05
Loss = -5.2388e-01, PNorm = 35.8285, GNorm = 27.9622, lr_0 = 6.0919e-05
Loss = -5.3944e-01, PNorm = 35.8293, GNorm = 24.1939, lr_0 = 6.0336e-05
Loss = -4.9810e-01, PNorm = 35.8302, GNorm = 41.3458, lr_0 = 5.9758e-05
Loss = -5.7079e-01, PNorm = 35.8305, GNorm = 16.4857, lr_0 = 5.9186e-05
Validation rmse = 0.018780
Epoch 28
Loss = -5.1183e-01, PNorm = 35.8308, GNorm = 33.5454, lr_0 = 5.8619e-05
Loss = -6.4123e-01, PNorm = 35.8316, GNorm = 61.9730, lr_0 = 5.8058e-05
Loss = -5.5928e-01, PNorm = 35.8319, GNorm = 30.4977, lr_0 = 5.7502e-05
Loss = -4.8173e-01, PNorm = 35.8325, GNorm = 28.7217, lr_0 = 5.6952e-05
Loss = -4.8537e-01, PNorm = 35.8334, GNorm = 25.0628, lr_0 = 5.6406e-05
Loss = -6.0356e-01, PNorm = 35.8340, GNorm = 28.5441, lr_0 = 5.5866e-05
Loss = -5.3439e-01, PNorm = 35.8349, GNorm = 53.6737, lr_0 = 5.5331e-05
Loss = -5.2166e-01, PNorm = 35.8357, GNorm = 66.1564, lr_0 = 5.4801e-05
Loss = -5.4621e-01, PNorm = 35.8365, GNorm = 18.4846, lr_0 = 5.4277e-05
Loss = -6.1667e-01, PNorm = 35.8364, GNorm = 28.4669, lr_0 = 5.3757e-05
Loss = -5.2959e-01, PNorm = 35.8366, GNorm = 29.4989, lr_0 = 5.3242e-05
Loss = -5.8169e-01, PNorm = 35.8370, GNorm = 26.6625, lr_0 = 5.2732e-05
Loss = -5.3855e-01, PNorm = 35.8374, GNorm = 19.6618, lr_0 = 5.2227e-05
Loss = -4.8216e-01, PNorm = 35.8382, GNorm = 32.2984, lr_0 = 5.1727e-05
Loss = -5.4900e-01, PNorm = 35.8388, GNorm = 29.4181, lr_0 = 5.1232e-05
Loss = -6.2671e-01, PNorm = 35.8392, GNorm = 26.8575, lr_0 = 5.0741e-05
Validation rmse = 0.018919
Epoch 29
Loss = -6.0292e-01, PNorm = 35.8400, GNorm = 65.8279, lr_0 = 5.0207e-05
Loss = -5.0344e-01, PNorm = 35.8403, GNorm = 52.0290, lr_0 = 4.9726e-05
Loss = -6.5750e-01, PNorm = 35.8408, GNorm = 23.7726, lr_0 = 4.9250e-05
Loss = -6.7004e-01, PNorm = 35.8414, GNorm = 48.0427, lr_0 = 4.8779e-05
Loss = -5.0503e-01, PNorm = 35.8420, GNorm = 25.7955, lr_0 = 4.8311e-05
Loss = -6.1914e-01, PNorm = 35.8426, GNorm = 23.0249, lr_0 = 4.7849e-05
Loss = -5.4404e-01, PNorm = 35.8433, GNorm = 72.4915, lr_0 = 4.7391e-05
Loss = -5.8856e-01, PNorm = 35.8437, GNorm = 31.8256, lr_0 = 4.6937e-05
Loss = -5.7664e-01, PNorm = 35.8442, GNorm = 31.7195, lr_0 = 4.6487e-05
Loss = -5.3417e-01, PNorm = 35.8450, GNorm = 27.6841, lr_0 = 4.6042e-05
Loss = -5.7008e-01, PNorm = 35.8454, GNorm = 59.5650, lr_0 = 4.5601e-05
Loss = -5.2927e-01, PNorm = 35.8461, GNorm = 30.2255, lr_0 = 4.5165e-05
Loss = -6.0552e-01, PNorm = 35.8462, GNorm = 17.8327, lr_0 = 4.4732e-05
Loss = -4.9556e-01, PNorm = 35.8464, GNorm = 45.0335, lr_0 = 4.4304e-05
Loss = -5.3052e-01, PNorm = 35.8469, GNorm = 37.2500, lr_0 = 4.3880e-05
Validation rmse = 0.018714
Epoch 30
Loss = -5.3119e-01, PNorm = 35.8477, GNorm = 26.8580, lr_0 = 4.3418e-05
Loss = -6.0709e-01, PNorm = 35.8480, GNorm = 48.2734, lr_0 = 4.3002e-05
Loss = -6.2506e-01, PNorm = 35.8486, GNorm = 17.8589, lr_0 = 4.2590e-05
Loss = -6.4069e-01, PNorm = 35.8490, GNorm = 24.3672, lr_0 = 4.2182e-05
Loss = -5.3840e-01, PNorm = 35.8492, GNorm = 45.3890, lr_0 = 4.1778e-05
Loss = -5.7343e-01, PNorm = 35.8498, GNorm = 19.2139, lr_0 = 4.1378e-05
Loss = -5.7651e-01, PNorm = 35.8504, GNorm = 22.0943, lr_0 = 4.0982e-05
Loss = -6.0869e-01, PNorm = 35.8509, GNorm = 25.9497, lr_0 = 4.0590e-05
Loss = -5.7426e-01, PNorm = 35.8515, GNorm = 72.0444, lr_0 = 4.0201e-05
Loss = -6.6937e-01, PNorm = 35.8518, GNorm = 40.2675, lr_0 = 3.9816e-05
Loss = -6.0502e-01, PNorm = 35.8523, GNorm = 40.6235, lr_0 = 3.9435e-05
Loss = -5.5274e-01, PNorm = 35.8525, GNorm = 26.3201, lr_0 = 3.9057e-05
Loss = -5.5149e-01, PNorm = 35.8528, GNorm = 25.7036, lr_0 = 3.8683e-05
Loss = -5.7894e-01, PNorm = 35.8537, GNorm = 36.0060, lr_0 = 3.8313e-05
Loss = -6.3592e-01, PNorm = 35.8539, GNorm = 56.9896, lr_0 = 3.7946e-05
Loss = -6.1289e-01, PNorm = 35.8541, GNorm = 55.9224, lr_0 = 3.7583e-05
Validation rmse = 0.018565
Epoch 31
Loss = -5.7108e-01, PNorm = 35.8545, GNorm = 37.6812, lr_0 = 3.7187e-05
Loss = -6.2092e-01, PNorm = 35.8547, GNorm = 41.3591, lr_0 = 3.6831e-05
Loss = -5.5854e-01, PNorm = 35.8549, GNorm = 40.7831, lr_0 = 3.6478e-05
Loss = -5.7707e-01, PNorm = 35.8555, GNorm = 32.6823, lr_0 = 3.6129e-05
Loss = -6.1949e-01, PNorm = 35.8559, GNorm = 40.4257, lr_0 = 3.5783e-05
Loss = -5.4920e-01, PNorm = 35.8563, GNorm = 35.2396, lr_0 = 3.5440e-05
Loss = -6.5276e-01, PNorm = 35.8568, GNorm = 25.7011, lr_0 = 3.5101e-05
Loss = -5.6395e-01, PNorm = 35.8573, GNorm = 20.2250, lr_0 = 3.4765e-05
Loss = -6.4553e-01, PNorm = 35.8577, GNorm = 31.8837, lr_0 = 3.4432e-05
Loss = -6.5389e-01, PNorm = 35.8578, GNorm = 27.6588, lr_0 = 3.4102e-05
Loss = -6.0600e-01, PNorm = 35.8582, GNorm = 54.2491, lr_0 = 3.3776e-05
Loss = -6.4610e-01, PNorm = 35.8586, GNorm = 55.7386, lr_0 = 3.3452e-05
Loss = -6.4506e-01, PNorm = 35.8589, GNorm = 33.5973, lr_0 = 3.3132e-05
Loss = -5.8063e-01, PNorm = 35.8593, GNorm = 40.0676, lr_0 = 3.2815e-05
Loss = -6.5299e-01, PNorm = 35.8595, GNorm = 44.6247, lr_0 = 3.2500e-05
Loss = -6.0189e-01, PNorm = 35.8599, GNorm = 62.7134, lr_0 = 3.2189e-05
Validation rmse = 0.018540
Epoch 32
Loss = -6.9180e-01, PNorm = 35.8600, GNorm = 62.9032, lr_0 = 3.1881e-05
Loss = -6.5362e-01, PNorm = 35.8606, GNorm = 35.3311, lr_0 = 3.1576e-05
Loss = -6.1010e-01, PNorm = 35.8605, GNorm = 121.9955, lr_0 = 3.1273e-05
Loss = -6.0099e-01, PNorm = 35.8609, GNorm = 22.5930, lr_0 = 3.0974e-05
Loss = -6.4647e-01, PNorm = 35.8613, GNorm = 62.5710, lr_0 = 3.0677e-05
Loss = -6.1604e-01, PNorm = 35.8616, GNorm = 40.7632, lr_0 = 3.0383e-05
Loss = -6.2229e-01, PNorm = 35.8622, GNorm = 38.3724, lr_0 = 3.0093e-05
Loss = -5.4799e-01, PNorm = 35.8625, GNorm = 48.5657, lr_0 = 2.9804e-05
Loss = -5.7829e-01, PNorm = 35.8627, GNorm = 36.4216, lr_0 = 2.9519e-05
Loss = -6.0815e-01, PNorm = 35.8629, GNorm = 27.0216, lr_0 = 2.9236e-05
Loss = -6.4074e-01, PNorm = 35.8633, GNorm = 98.3165, lr_0 = 2.8956e-05
Loss = -6.4412e-01, PNorm = 35.8634, GNorm = 66.9096, lr_0 = 2.8679e-05
Loss = -6.0381e-01, PNorm = 35.8637, GNorm = 87.9041, lr_0 = 2.8404e-05
Loss = -5.7888e-01, PNorm = 35.8640, GNorm = 34.6670, lr_0 = 2.8132e-05
Loss = -6.1847e-01, PNorm = 35.8645, GNorm = 24.1149, lr_0 = 2.7863e-05
Validation rmse = 0.018929
Epoch 33
Loss = -6.7618e-01, PNorm = 35.8648, GNorm = 46.9038, lr_0 = 2.7570e-05
Loss = -5.6110e-01, PNorm = 35.8653, GNorm = 90.0754, lr_0 = 2.7306e-05
Loss = -6.7869e-01, PNorm = 35.8655, GNorm = 26.7327, lr_0 = 2.7044e-05
Loss = -6.3549e-01, PNorm = 35.8659, GNorm = 22.9242, lr_0 = 2.6785e-05
Loss = -6.9408e-01, PNorm = 35.8662, GNorm = 34.8761, lr_0 = 2.6529e-05
Loss = -6.3502e-01, PNorm = 35.8664, GNorm = 35.4689, lr_0 = 2.6275e-05
Loss = -6.8511e-01, PNorm = 35.8668, GNorm = 83.5257, lr_0 = 2.6023e-05
Loss = -6.3971e-01, PNorm = 35.8671, GNorm = 65.8100, lr_0 = 2.5774e-05
Loss = -6.6065e-01, PNorm = 35.8675, GNorm = 49.7847, lr_0 = 2.5527e-05
Loss = -6.3662e-01, PNorm = 35.8677, GNorm = 38.3442, lr_0 = 2.5283e-05
Loss = -6.3824e-01, PNorm = 35.8682, GNorm = 49.3972, lr_0 = 2.5041e-05
Loss = -7.3853e-01, PNorm = 35.8684, GNorm = 38.0498, lr_0 = 2.4801e-05
Loss = -6.5733e-01, PNorm = 35.8689, GNorm = 130.5336, lr_0 = 2.4563e-05
Loss = -7.0492e-01, PNorm = 35.8691, GNorm = 53.4162, lr_0 = 2.4328e-05
Loss = -5.8175e-01, PNorm = 35.8692, GNorm = 40.7461, lr_0 = 2.4095e-05
Loss = -6.1182e-01, PNorm = 35.8693, GNorm = 50.9734, lr_0 = 2.3865e-05
Validation rmse = 0.018812
Epoch 34
Loss = -7.6354e-01, PNorm = 35.8695, GNorm = 99.9178, lr_0 = 2.3613e-05
Loss = -6.7575e-01, PNorm = 35.8698, GNorm = 46.5359, lr_0 = 2.3387e-05
Loss = -7.3974e-01, PNorm = 35.8700, GNorm = 26.6016, lr_0 = 2.3163e-05
Loss = -6.6794e-01, PNorm = 35.8704, GNorm = 75.9475, lr_0 = 2.2941e-05
Loss = -5.8649e-01, PNorm = 35.8706, GNorm = 46.2193, lr_0 = 2.2722e-05
Loss = -6.6110e-01, PNorm = 35.8710, GNorm = 62.4088, lr_0 = 2.2504e-05
Loss = -6.5063e-01, PNorm = 35.8713, GNorm = 82.4271, lr_0 = 2.2289e-05
Loss = -7.2816e-01, PNorm = 35.8714, GNorm = 47.8079, lr_0 = 2.2075e-05
Loss = -6.0425e-01, PNorm = 35.8718, GNorm = 21.5894, lr_0 = 2.1864e-05
Loss = -5.8184e-01, PNorm = 35.8720, GNorm = 24.7487, lr_0 = 2.1654e-05
Loss = -6.8464e-01, PNorm = 35.8721, GNorm = 22.9558, lr_0 = 2.1447e-05
Loss = -7.9313e-01, PNorm = 35.8724, GNorm = 28.3228, lr_0 = 2.1242e-05
Loss = -6.5210e-01, PNorm = 35.8727, GNorm = 61.8873, lr_0 = 2.1038e-05
Loss = -6.6920e-01, PNorm = 35.8729, GNorm = 33.2485, lr_0 = 2.0837e-05
Loss = -5.9194e-01, PNorm = 35.8732, GNorm = 23.0865, lr_0 = 2.0637e-05
Validation rmse = 0.018538
Epoch 35
Loss = -5.9647e-01, PNorm = 35.8735, GNorm = 32.1500, lr_0 = 2.0420e-05
Loss = -7.8094e-01, PNorm = 35.8735, GNorm = 40.3655, lr_0 = 2.0225e-05
Loss = -6.8430e-01, PNorm = 35.8738, GNorm = 38.6873, lr_0 = 2.0031e-05
Loss = -7.3436e-01, PNorm = 35.8740, GNorm = 95.0640, lr_0 = 1.9839e-05
Loss = -6.8075e-01, PNorm = 35.8741, GNorm = 56.0976, lr_0 = 1.9649e-05
Loss = -6.3827e-01, PNorm = 35.8743, GNorm = 107.9579, lr_0 = 1.9461e-05
Loss = -6.4700e-01, PNorm = 35.8745, GNorm = 59.6406, lr_0 = 1.9275e-05
Loss = -6.3423e-01, PNorm = 35.8746, GNorm = 32.0879, lr_0 = 1.9090e-05
Loss = -6.9720e-01, PNorm = 35.8748, GNorm = 55.6845, lr_0 = 1.8907e-05
Loss = -6.7213e-01, PNorm = 35.8750, GNorm = 47.5160, lr_0 = 1.8726e-05
Loss = -6.7515e-01, PNorm = 35.8754, GNorm = 31.3270, lr_0 = 1.8547e-05
Loss = -6.9086e-01, PNorm = 35.8758, GNorm = 33.6762, lr_0 = 1.8369e-05
Loss = -6.5818e-01, PNorm = 35.8761, GNorm = 72.5196, lr_0 = 1.8193e-05
Loss = -6.3908e-01, PNorm = 35.8762, GNorm = 22.0155, lr_0 = 1.8019e-05
Loss = -7.1077e-01, PNorm = 35.8764, GNorm = 37.4577, lr_0 = 1.7847e-05
Loss = -6.7091e-01, PNorm = 35.8765, GNorm = 39.9775, lr_0 = 1.7676e-05
Validation rmse = 0.018580
Epoch 36
Loss = -6.0866e-01, PNorm = 35.8768, GNorm = 46.5704, lr_0 = 1.7506e-05
Loss = -7.1361e-01, PNorm = 35.8768, GNorm = 26.7146, lr_0 = 1.7339e-05
Loss = -6.8880e-01, PNorm = 35.8770, GNorm = 67.6071, lr_0 = 1.7173e-05
Loss = -6.7857e-01, PNorm = 35.8771, GNorm = 38.1131, lr_0 = 1.7008e-05
Loss = -7.3302e-01, PNorm = 35.8774, GNorm = 95.3807, lr_0 = 1.6846e-05
Loss = -7.5747e-01, PNorm = 35.8776, GNorm = 87.6688, lr_0 = 1.6684e-05
Loss = -5.9578e-01, PNorm = 35.8779, GNorm = 35.9113, lr_0 = 1.6524e-05
Loss = -7.0433e-01, PNorm = 35.8781, GNorm = 38.7911, lr_0 = 1.6366e-05
Loss = -7.1366e-01, PNorm = 35.8782, GNorm = 33.9592, lr_0 = 1.6210e-05
Loss = -6.5212e-01, PNorm = 35.8784, GNorm = 23.3791, lr_0 = 1.6054e-05
Loss = -6.8682e-01, PNorm = 35.8786, GNorm = 49.3985, lr_0 = 1.5901e-05
Loss = -7.4503e-01, PNorm = 35.8788, GNorm = 73.2646, lr_0 = 1.5748e-05
Loss = -6.5874e-01, PNorm = 35.8792, GNorm = 40.9070, lr_0 = 1.5598e-05
Loss = -6.5388e-01, PNorm = 35.8792, GNorm = 51.1826, lr_0 = 1.5448e-05
Loss = -7.4438e-01, PNorm = 35.8795, GNorm = 34.5618, lr_0 = 1.5300e-05
Loss = -6.6931e-01, PNorm = 35.8795, GNorm = 45.4781, lr_0 = 1.5154e-05
Validation rmse = 0.018478
Epoch 37
Loss = -7.1809e-01, PNorm = 35.8797, GNorm = 23.2152, lr_0 = 1.4994e-05
Loss = -7.3757e-01, PNorm = 35.8798, GNorm = 39.9251, lr_0 = 1.4851e-05
Loss = -7.8204e-01, PNorm = 35.8801, GNorm = 22.3436, lr_0 = 1.4708e-05
Loss = -7.6896e-01, PNorm = 35.8803, GNorm = 75.5740, lr_0 = 1.4568e-05
Loss = -6.2793e-01, PNorm = 35.8804, GNorm = 29.9411, lr_0 = 1.4428e-05
Loss = -6.9376e-01, PNorm = 35.8805, GNorm = 44.0499, lr_0 = 1.4290e-05
Loss = -5.7693e-01, PNorm = 35.8806, GNorm = 51.4082, lr_0 = 1.4153e-05
Loss = -7.1628e-01, PNorm = 35.8808, GNorm = 82.0294, lr_0 = 1.4018e-05
Loss = -7.1462e-01, PNorm = 35.8808, GNorm = 30.1084, lr_0 = 1.3883e-05
Loss = -7.0748e-01, PNorm = 35.8810, GNorm = 35.8297, lr_0 = 1.3750e-05
Loss = -7.4820e-01, PNorm = 35.8812, GNorm = 52.6212, lr_0 = 1.3619e-05
Loss = -7.1387e-01, PNorm = 35.8814, GNorm = 22.1887, lr_0 = 1.3488e-05
Loss = -7.1400e-01, PNorm = 35.8815, GNorm = 66.4328, lr_0 = 1.3359e-05
Loss = -6.4150e-01, PNorm = 35.8818, GNorm = 29.5861, lr_0 = 1.3231e-05
Loss = -6.5175e-01, PNorm = 35.8822, GNorm = 32.8817, lr_0 = 1.3105e-05
Validation rmse = 0.018480
Epoch 38
Loss = -7.3472e-01, PNorm = 35.8824, GNorm = 39.4429, lr_0 = 1.2967e-05
Loss = -7.1097e-01, PNorm = 35.8825, GNorm = 53.5602, lr_0 = 1.2842e-05
Loss = -6.8611e-01, PNorm = 35.8826, GNorm = 27.9581, lr_0 = 1.2719e-05
Loss = -7.8135e-01, PNorm = 35.8827, GNorm = 45.9488, lr_0 = 1.2598e-05
Loss = -6.9287e-01, PNorm = 35.8829, GNorm = 71.8301, lr_0 = 1.2477e-05
Loss = -7.0937e-01, PNorm = 35.8830, GNorm = 37.5203, lr_0 = 1.2358e-05
Loss = -6.9422e-01, PNorm = 35.8833, GNorm = 28.5274, lr_0 = 1.2239e-05
Loss = -7.5912e-01, PNorm = 35.8834, GNorm = 36.3539, lr_0 = 1.2122e-05
Loss = -7.6604e-01, PNorm = 35.8835, GNorm = 36.4131, lr_0 = 1.2006e-05
Loss = -7.2552e-01, PNorm = 35.8836, GNorm = 23.8459, lr_0 = 1.1891e-05
Loss = -6.2924e-01, PNorm = 35.8836, GNorm = 33.5342, lr_0 = 1.1777e-05
Loss = -8.5910e-01, PNorm = 35.8838, GNorm = 42.9894, lr_0 = 1.1664e-05
Loss = -6.8211e-01, PNorm = 35.8839, GNorm = 33.5327, lr_0 = 1.1553e-05
Loss = -6.5470e-01, PNorm = 35.8840, GNorm = 68.4572, lr_0 = 1.1442e-05
Loss = -6.9759e-01, PNorm = 35.8841, GNorm = 37.5726, lr_0 = 1.1332e-05
Loss = -7.1093e-01, PNorm = 35.8843, GNorm = 28.7987, lr_0 = 1.1224e-05
Validation rmse = 0.018520
Epoch 39
Loss = -6.9029e-01, PNorm = 35.8845, GNorm = 48.2317, lr_0 = 1.1106e-05
Loss = -7.5415e-01, PNorm = 35.8847, GNorm = 77.8193, lr_0 = 1.0999e-05
Loss = -7.0224e-01, PNorm = 35.8847, GNorm = 37.4178, lr_0 = 1.0894e-05
Loss = -7.7935e-01, PNorm = 35.8848, GNorm = 36.9084, lr_0 = 1.0790e-05
Loss = -7.3203e-01, PNorm = 35.8850, GNorm = 44.0136, lr_0 = 1.0686e-05
Loss = -7.2802e-01, PNorm = 35.8851, GNorm = 21.8152, lr_0 = 1.0584e-05
Loss = -7.6700e-01, PNorm = 35.8853, GNorm = 26.0276, lr_0 = 1.0483e-05
Loss = -7.9972e-01, PNorm = 35.8854, GNorm = 50.3278, lr_0 = 1.0382e-05
Loss = -7.1943e-01, PNorm = 35.8856, GNorm = 27.7751, lr_0 = 1.0283e-05
Loss = -6.5796e-01, PNorm = 35.8857, GNorm = 25.8499, lr_0 = 1.0184e-05
Loss = -7.2601e-01, PNorm = 35.8857, GNorm = 56.4812, lr_0 = 1.0087e-05
Loss = -6.6377e-01, PNorm = 35.8860, GNorm = 35.8757, lr_0 = 1.0000e-05
Loss = -6.2468e-01, PNorm = 35.8862, GNorm = 59.2569, lr_0 = 1.0000e-05
Loss = -7.0561e-01, PNorm = 35.8861, GNorm = 26.5997, lr_0 = 1.0000e-05
Loss = -7.1555e-01, PNorm = 35.8863, GNorm = 41.0968, lr_0 = 1.0000e-05
Loss = -6.8116e-01, PNorm = 35.8863, GNorm = 108.1446, lr_0 = 1.0000e-05
Validation rmse = 0.018532
Model 0 best validation rmse = 0.018478 on epoch 36
Loading pretrained parameter "encoder.encoder.0.cached_zero_vector".
Loading pretrained parameter "encoder.encoder.0.W_i.weight".
Loading pretrained parameter "encoder.encoder.0.W_h.weight".
Loading pretrained parameter "encoder.encoder.0.W_o.weight".
Loading pretrained parameter "encoder.encoder.0.W_o.bias".
Loading pretrained parameter "ffn.1.weight".
Loading pretrained parameter "ffn.1.bias".
Loading pretrained parameter "ffn.4.weight".
Loading pretrained parameter "ffn.4.bias".
Moving model to cuda
Model 0 test rmse = 0.018578
Ensemble test rmse = 0.018578
1-fold cross validation
	Seed 0 ==> test rmse = 0.018578
Overall test rmse = 0.018578 +/- 0.000000
Elapsed time = 0:14:32
