Command line
python /home/lungyi/anaconda3/envs/uncmoo/bin/chemprop_train --smiles_columns smiles --data_path guacamol_benchmark/guacamol_dataset/guacamol_sample_train.csv --separate_val_path guacamol_benchmark/guacamol_dataset/guacamol_sample_valid.csv --separate_test_path guacamol_benchmark/guacamol_dataset/guacamol_sample_test.csv --dataset_type regression --num_workers 1 --target_columns similarity_Mestranol --save_dir chemprop_unc/save_models/guacamol/similarity_Mestranol/trial_30 --warmup_epochs 2 --epochs 40 --max_lr 3e-3 --init_lr 1e-4 --batch_size 64 --final_lr 1e-5 --dropout 0.15 --hidden_size 300 --ffn_num_layers 2 --save_preds --aggregation sum --activation PReLU --gpu 0 --loss_function evidential --evidential_regularization 0.005
Args
{'activation': 'PReLU',
 'adding_h': False,
 'aggregation': 'sum',
 'aggregation_norm': 100,
 'atom_descriptor_scaling': True,
 'atom_descriptors': None,
 'atom_descriptors_path': None,
 'atom_descriptors_size': 0,
 'atom_features_size': 0,
 'atom_messages': False,
 'batch_size': 64,
 'bias': False,
 'bias_solvent': False,
 'bond_feature_scaling': True,
 'bond_features_path': None,
 'bond_features_size': 0,
 'cache_cutoff': 10000,
 'checkpoint_dir': None,
 'checkpoint_frzn': None,
 'checkpoint_path': None,
 'checkpoint_paths': None,
 'class_balance': False,
 'config_path': None,
 'crossval_index_dir': None,
 'crossval_index_file': None,
 'crossval_index_sets': None,
 'cuda': True,
 'data_path': 'guacamol_benchmark/guacamol_dataset/guacamol_sample_train.csv',
 'data_weights_path': None,
 'dataset_type': 'regression',
 'depth': 3,
 'depth_solvent': 3,
 'device': device(type='cuda', index=0),
 'dropout': 0.15,
 'empty_cache': False,
 'ensemble_size': 1,
 'epochs': 40,
 'evidential_regularization': 0.005,
 'explicit_h': False,
 'extra_metrics': [],
 'features_generator': None,
 'features_only': False,
 'features_path': None,
 'features_scaling': True,
 'features_size': None,
 'ffn_hidden_size': 300,
 'ffn_num_layers': 2,
 'final_lr': 1e-05,
 'folds_file': None,
 'freeze_first_only': False,
 'frzn_ffn_layers': 0,
 'gpu': 0,
 'grad_clip': None,
 'hidden_size': 300,
 'hidden_size_solvent': 300,
 'ignore_columns': None,
 'init_lr': 0.0001,
 'log_frequency': 10,
 'loss_function': 'evidential',
 'max_data_size': None,
 'max_lr': 0.003,
 'metric': 'rmse',
 'metrics': ['rmse'],
 'minimize_score': True,
 'mpn_shared': False,
 'multiclass_num_classes': 3,
 'no_atom_descriptor_scaling': False,
 'no_bond_features_scaling': False,
 'no_cache_mol': False,
 'no_cuda': False,
 'no_features_scaling': False,
 'num_folds': 1,
 'num_lrs': 1,
 'num_tasks': 1,
 'num_workers': 1,
 'number_of_molecules': 1,
 'overwrite_default_atom_features': False,
 'overwrite_default_bond_features': False,
 'phase_features_path': None,
 'pytorch_seed': 0,
 'quiet': False,
 'reaction': False,
 'reaction_mode': 'reac_diff',
 'reaction_solvent': False,
 'resume_experiment': False,
 'save_dir': 'chemprop_unc/save_models/guacamol/similarity_Mestranol/trial_30',
 'save_preds': True,
 'save_smiles_splits': False,
 'seed': 0,
 'separate_test_atom_descriptors_path': None,
 'separate_test_bond_features_path': None,
 'separate_test_features_path': None,
 'separate_test_path': 'guacamol_benchmark/guacamol_dataset/guacamol_sample_test.csv',
 'separate_test_phase_features_path': None,
 'separate_val_atom_descriptors_path': None,
 'separate_val_bond_features_path': None,
 'separate_val_features_path': None,
 'separate_val_path': 'guacamol_benchmark/guacamol_dataset/guacamol_sample_valid.csv',
 'separate_val_phase_features_path': None,
 'show_individual_scores': False,
 'smiles_columns': ['smiles'],
 'spectra_activation': 'exp',
 'spectra_phase_mask_path': None,
 'spectra_target_floor': 1e-08,
 'split_key_molecule': 0,
 'split_sizes': [1.0, 0.0, 0.0],
 'split_type': 'random',
 'target_columns': ['similarity_Mestranol'],
 'target_weights': None,
 'task_names': ['similarity_Mestranol'],
 'test': False,
 'test_fold_index': None,
 'train_data_size': None,
 'undirected': False,
 'use_input_features': False,
 'val_fold_index': None,
 'warmup_epochs': 2.0}
Setting molecule featurization parameters to default.
Loading data
Number of tasks = 1
Fold 0
Splitting data with seed 0
Total size = 10,000 | train size = 10,000 | val size = 2,000 | test size = 10,000
Fitting scaler
Building model 0
MoleculeModel(
  (softplus): Softplus(beta=1, threshold=20)
  (encoder): MPN(
    (encoder): ModuleList(
      (0): MPNEncoder(
        (dropout_layer): Dropout(p=0.15, inplace=False)
        (act_func): PReLU(num_parameters=1)
        (W_i): Linear(in_features=147, out_features=300, bias=False)
        (W_h): Linear(in_features=300, out_features=300, bias=False)
        (W_o): Linear(in_features=433, out_features=300, bias=True)
      )
    )
  )
  (ffn): Sequential(
    (0): Dropout(p=0.15, inplace=False)
    (1): Linear(in_features=300, out_features=300, bias=True)
    (2): PReLU(num_parameters=1)
    (3): Dropout(p=0.15, inplace=False)
    (4): Linear(in_features=300, out_features=4, bias=True)
  )
)
Number of parameters = 356,106
Moving model to cuda
Epoch 0
Loss = 1.7077e+01, PNorm = 34.0505, GNorm = 54.8481, lr_0 = 2.0224e-04
Loss = 4.6498e+00, PNorm = 34.0547, GNorm = 40.8364, lr_0 = 2.9519e-04
Loss = 4.5062e+00, PNorm = 34.0558, GNorm = 19.6419, lr_0 = 3.8814e-04
Loss = 4.1479e+00, PNorm = 34.0565, GNorm = 11.6652, lr_0 = 4.8109e-04
Loss = 3.8426e+00, PNorm = 34.0573, GNorm = 18.0217, lr_0 = 5.7404e-04
Loss = 3.5855e+00, PNorm = 34.0590, GNorm = 11.5972, lr_0 = 6.6699e-04
Loss = 3.3535e+00, PNorm = 34.0624, GNorm = 8.5136, lr_0 = 7.5994e-04
Loss = 2.9238e+00, PNorm = 34.0693, GNorm = 28.0546, lr_0 = 8.5288e-04
Loss = 2.6698e+00, PNorm = 34.0797, GNorm = 6.9807, lr_0 = 9.4583e-04
Loss = 2.3982e+00, PNorm = 34.0925, GNorm = 17.3323, lr_0 = 1.0388e-03
Loss = 2.1049e+00, PNorm = 34.1131, GNorm = 30.5446, lr_0 = 1.1317e-03
Loss = 1.7812e+00, PNorm = 34.1404, GNorm = 19.7382, lr_0 = 1.2247e-03
Loss = 1.6567e+00, PNorm = 34.1695, GNorm = 12.8109, lr_0 = 1.3176e-03
Loss = 1.3928e+00, PNorm = 34.1969, GNorm = 15.2696, lr_0 = 1.4106e-03
Loss = 1.2454e+00, PNorm = 34.2247, GNorm = 8.4633, lr_0 = 1.5035e-03
Validation rmse = 0.032468
Epoch 1
Loss = 1.1498e+00, PNorm = 34.2596, GNorm = 11.0359, lr_0 = 1.6058e-03
Loss = 1.1188e+00, PNorm = 34.2929, GNorm = 10.4921, lr_0 = 1.6987e-03
Loss = 1.3937e+00, PNorm = 34.3336, GNorm = 7.7567, lr_0 = 1.7917e-03
Loss = 1.2281e+00, PNorm = 34.3765, GNorm = 5.9969, lr_0 = 1.8846e-03
Loss = 1.1239e+00, PNorm = 34.4246, GNorm = 7.6543, lr_0 = 1.9776e-03
Loss = 1.1262e+00, PNorm = 34.4666, GNorm = 7.1716, lr_0 = 2.0705e-03
Loss = 1.0117e+00, PNorm = 34.5009, GNorm = 4.9551, lr_0 = 2.1635e-03
Loss = 9.7612e-01, PNorm = 34.5390, GNorm = 7.8997, lr_0 = 2.2564e-03
Loss = 1.0676e+00, PNorm = 34.5712, GNorm = 11.3688, lr_0 = 2.3494e-03
Loss = 9.4515e-01, PNorm = 34.6009, GNorm = 15.8000, lr_0 = 2.4423e-03
Loss = 9.4456e-01, PNorm = 34.6321, GNorm = 18.5514, lr_0 = 2.5353e-03
Loss = 9.7254e-01, PNorm = 34.6696, GNorm = 14.7804, lr_0 = 2.6282e-03
Loss = 9.2216e-01, PNorm = 34.7158, GNorm = 5.9241, lr_0 = 2.7212e-03
Loss = 9.9132e-01, PNorm = 34.7543, GNorm = 23.0836, lr_0 = 2.8141e-03
Loss = 1.0640e+00, PNorm = 34.7915, GNorm = 14.0763, lr_0 = 2.9071e-03
Loss = 1.0561e+00, PNorm = 34.8315, GNorm = 7.2487, lr_0 = 3.0000e-03
Validation rmse = 0.028577
Epoch 2
Loss = 9.2456e-01, PNorm = 34.8744, GNorm = 10.1378, lr_0 = 2.9684e-03
Loss = 8.9329e-01, PNorm = 34.9114, GNorm = 7.5898, lr_0 = 2.9400e-03
Loss = 9.1808e-01, PNorm = 34.9474, GNorm = 11.4357, lr_0 = 2.9118e-03
Loss = 8.8110e-01, PNorm = 34.9868, GNorm = 3.9303, lr_0 = 2.8840e-03
Loss = 8.8889e-01, PNorm = 35.0221, GNorm = 3.2967, lr_0 = 2.8563e-03
Loss = 8.8523e-01, PNorm = 35.0567, GNorm = 8.0136, lr_0 = 2.8290e-03
Loss = 8.2797e-01, PNorm = 35.0846, GNorm = 7.7231, lr_0 = 2.8019e-03
Loss = 7.9963e-01, PNorm = 35.1164, GNorm = 7.9381, lr_0 = 2.7751e-03
Loss = 7.4597e-01, PNorm = 35.1469, GNorm = 11.1229, lr_0 = 2.7485e-03
Loss = 7.4854e-01, PNorm = 35.1777, GNorm = 8.0788, lr_0 = 2.7222e-03
Loss = 8.0297e-01, PNorm = 35.2090, GNorm = 6.9652, lr_0 = 2.6961e-03
Loss = 7.6900e-01, PNorm = 35.2350, GNorm = 7.5590, lr_0 = 2.6703e-03
Loss = 8.1142e-01, PNorm = 35.2582, GNorm = 9.1555, lr_0 = 2.6447e-03
Loss = 8.3584e-01, PNorm = 35.2776, GNorm = 3.6876, lr_0 = 2.6194e-03
Loss = 8.0122e-01, PNorm = 35.3046, GNorm = 6.0227, lr_0 = 2.5943e-03
Validation rmse = 0.026325
Epoch 3
Loss = 8.8530e-01, PNorm = 35.3303, GNorm = 4.7356, lr_0 = 2.5670e-03
Loss = 7.6413e-01, PNorm = 35.3663, GNorm = 7.8428, lr_0 = 2.5424e-03
Loss = 7.4627e-01, PNorm = 35.4040, GNorm = 8.9238, lr_0 = 2.5181e-03
Loss = 8.6165e-01, PNorm = 35.4422, GNorm = 5.8680, lr_0 = 2.4940e-03
Loss = 8.1461e-01, PNorm = 35.4653, GNorm = 13.9460, lr_0 = 2.4701e-03
Loss = 7.3656e-01, PNorm = 35.4887, GNorm = 9.6013, lr_0 = 2.4464e-03
Loss = 7.0464e-01, PNorm = 35.5199, GNorm = 4.8696, lr_0 = 2.4230e-03
Loss = 7.1736e-01, PNorm = 35.5487, GNorm = 17.1614, lr_0 = 2.3998e-03
Loss = 7.1205e-01, PNorm = 35.5760, GNorm = 7.4607, lr_0 = 2.3768e-03
Loss = 6.6171e-01, PNorm = 35.6082, GNorm = 6.4487, lr_0 = 2.3541e-03
Loss = 6.5586e-01, PNorm = 35.6470, GNorm = 9.7080, lr_0 = 2.3315e-03
Loss = 6.7990e-01, PNorm = 35.6726, GNorm = 13.8373, lr_0 = 2.3092e-03
Loss = 7.3602e-01, PNorm = 35.7059, GNorm = 8.2313, lr_0 = 2.2871e-03
Loss = 6.9542e-01, PNorm = 35.7463, GNorm = 24.9885, lr_0 = 2.2652e-03
Loss = 6.9583e-01, PNorm = 35.7884, GNorm = 5.3425, lr_0 = 2.2435e-03
Loss = 7.0831e-01, PNorm = 35.8307, GNorm = 6.0366, lr_0 = 2.2220e-03
Validation rmse = 0.024472
Epoch 4
Loss = 6.9029e-01, PNorm = 35.8669, GNorm = 13.4928, lr_0 = 2.2007e-03
Loss = 6.6462e-01, PNorm = 35.9021, GNorm = 8.5880, lr_0 = 2.1797e-03
Loss = 6.2484e-01, PNorm = 35.9356, GNorm = 5.4665, lr_0 = 2.1588e-03
Loss = 6.1013e-01, PNorm = 35.9667, GNorm = 10.4149, lr_0 = 2.1381e-03
Loss = 6.6718e-01, PNorm = 35.9940, GNorm = 4.9992, lr_0 = 2.1176e-03
Loss = 7.1905e-01, PNorm = 36.0210, GNorm = 8.2792, lr_0 = 2.0974e-03
Loss = 6.3017e-01, PNorm = 36.0498, GNorm = 8.2318, lr_0 = 2.0773e-03
Loss = 6.1260e-01, PNorm = 36.0865, GNorm = 7.6857, lr_0 = 2.0574e-03
Loss = 6.6030e-01, PNorm = 36.1195, GNorm = 7.1197, lr_0 = 2.0377e-03
Loss = 5.7262e-01, PNorm = 36.1545, GNorm = 7.6326, lr_0 = 2.0182e-03
Loss = 6.8490e-01, PNorm = 36.1893, GNorm = 3.6466, lr_0 = 1.9989e-03
Loss = 6.8572e-01, PNorm = 36.2345, GNorm = 10.9498, lr_0 = 1.9797e-03
Loss = 6.2767e-01, PNorm = 36.2812, GNorm = 6.1349, lr_0 = 1.9608e-03
Loss = 6.0343e-01, PNorm = 36.3209, GNorm = 28.1835, lr_0 = 1.9420e-03
Loss = 6.7818e-01, PNorm = 36.3533, GNorm = 5.7817, lr_0 = 1.9234e-03
Loss = 6.0984e-01, PNorm = 36.3836, GNorm = 5.8415, lr_0 = 1.9050e-03
Validation rmse = 0.021847
Epoch 5
Loss = 5.9357e-01, PNorm = 36.4173, GNorm = 9.1393, lr_0 = 1.8849e-03
Loss = 5.8769e-01, PNorm = 36.4424, GNorm = 9.8170, lr_0 = 1.8669e-03
Loss = 5.8523e-01, PNorm = 36.4611, GNorm = 11.1808, lr_0 = 1.8490e-03
Loss = 6.7225e-01, PNorm = 36.4752, GNorm = 4.7489, lr_0 = 1.8313e-03
Loss = 5.8583e-01, PNorm = 36.5043, GNorm = 5.1031, lr_0 = 1.8137e-03
Loss = 5.6419e-01, PNorm = 36.5245, GNorm = 13.6516, lr_0 = 1.7964e-03
Loss = 5.4845e-01, PNorm = 36.5492, GNorm = 30.2583, lr_0 = 1.7792e-03
Loss = 5.6462e-01, PNorm = 36.5737, GNorm = 11.0572, lr_0 = 1.7621e-03
Loss = 6.0317e-01, PNorm = 36.5949, GNorm = 4.8448, lr_0 = 1.7453e-03
Loss = 4.9364e-01, PNorm = 36.6147, GNorm = 8.1689, lr_0 = 1.7286e-03
Loss = 5.2925e-01, PNorm = 36.6298, GNorm = 6.6335, lr_0 = 1.7120e-03
Loss = 5.4663e-01, PNorm = 36.6530, GNorm = 6.0524, lr_0 = 1.6956e-03
Loss = 5.5973e-01, PNorm = 36.6802, GNorm = 5.7063, lr_0 = 1.6794e-03
Loss = 5.4207e-01, PNorm = 36.7108, GNorm = 9.5998, lr_0 = 1.6633e-03
Loss = 5.1176e-01, PNorm = 36.7338, GNorm = 16.2450, lr_0 = 1.6474e-03
Validation rmse = 0.021567
Epoch 6
Loss = 5.6240e-01, PNorm = 36.7611, GNorm = 10.7589, lr_0 = 1.6300e-03
Loss = 5.5593e-01, PNorm = 36.7936, GNorm = 7.0485, lr_0 = 1.6144e-03
Loss = 4.8651e-01, PNorm = 36.8182, GNorm = 8.4398, lr_0 = 1.5990e-03
Loss = 4.9587e-01, PNorm = 36.8427, GNorm = 7.1102, lr_0 = 1.5836e-03
Loss = 4.8620e-01, PNorm = 36.8625, GNorm = 8.5693, lr_0 = 1.5685e-03
Loss = 4.9016e-01, PNorm = 36.8835, GNorm = 4.2761, lr_0 = 1.5535e-03
Loss = 4.9891e-01, PNorm = 36.9056, GNorm = 28.5502, lr_0 = 1.5386e-03
Loss = 5.4010e-01, PNorm = 36.9296, GNorm = 19.0079, lr_0 = 1.5238e-03
Loss = 5.8088e-01, PNorm = 36.9521, GNorm = 14.4813, lr_0 = 1.5093e-03
Loss = 5.6021e-01, PNorm = 36.9818, GNorm = 14.2225, lr_0 = 1.4948e-03
Loss = 4.3221e-01, PNorm = 37.0080, GNorm = 12.2148, lr_0 = 1.4805e-03
Loss = 5.3223e-01, PNorm = 37.0338, GNorm = 5.0603, lr_0 = 1.4663e-03
Loss = 5.1152e-01, PNorm = 37.0566, GNorm = 9.4705, lr_0 = 1.4523e-03
Loss = 5.1702e-01, PNorm = 37.0766, GNorm = 4.3516, lr_0 = 1.4384e-03
Loss = 5.1830e-01, PNorm = 37.0945, GNorm = 6.8622, lr_0 = 1.4246e-03
Loss = 5.4263e-01, PNorm = 37.1120, GNorm = 9.3706, lr_0 = 1.4110e-03
Validation rmse = 0.020480
Epoch 7
Loss = 4.7770e-01, PNorm = 37.1355, GNorm = 12.4012, lr_0 = 1.3961e-03
Loss = 5.2939e-01, PNorm = 37.1602, GNorm = 15.6867, lr_0 = 1.3827e-03
Loss = 4.8966e-01, PNorm = 37.1889, GNorm = 5.1732, lr_0 = 1.3695e-03
Loss = 4.6872e-01, PNorm = 37.2141, GNorm = 6.5938, lr_0 = 1.3564e-03
Loss = 4.5213e-01, PNorm = 37.2366, GNorm = 12.3531, lr_0 = 1.3434e-03
Loss = 4.6213e-01, PNorm = 37.2568, GNorm = 20.3878, lr_0 = 1.3305e-03
Loss = 4.8282e-01, PNorm = 37.2719, GNorm = 10.7980, lr_0 = 1.3178e-03
Loss = 4.7009e-01, PNorm = 37.2898, GNorm = 5.5318, lr_0 = 1.3052e-03
Loss = 4.8189e-01, PNorm = 37.3066, GNorm = 11.5477, lr_0 = 1.2927e-03
Loss = 5.4312e-01, PNorm = 37.3206, GNorm = 13.7838, lr_0 = 1.2803e-03
Loss = 4.2615e-01, PNorm = 37.3395, GNorm = 6.7196, lr_0 = 1.2680e-03
Loss = 4.8498e-01, PNorm = 37.3606, GNorm = 10.5643, lr_0 = 1.2559e-03
Loss = 4.0512e-01, PNorm = 37.3771, GNorm = 10.7633, lr_0 = 1.2439e-03
Loss = 4.1985e-01, PNorm = 37.3913, GNorm = 7.3032, lr_0 = 1.2320e-03
Loss = 4.3472e-01, PNorm = 37.4091, GNorm = 9.3768, lr_0 = 1.2202e-03
Loss = 3.9621e-01, PNorm = 37.4313, GNorm = 12.4470, lr_0 = 1.2085e-03
Validation rmse = 0.019497
Epoch 8
Loss = 4.1581e-01, PNorm = 37.4564, GNorm = 11.7427, lr_0 = 1.1969e-03
Loss = 3.4813e-01, PNorm = 37.4763, GNorm = 15.3880, lr_0 = 1.1854e-03
Loss = 4.1673e-01, PNorm = 37.4835, GNorm = 5.0505, lr_0 = 1.1741e-03
Loss = 4.4634e-01, PNorm = 37.4968, GNorm = 22.8996, lr_0 = 1.1628e-03
Loss = 4.1196e-01, PNorm = 37.5135, GNorm = 7.3788, lr_0 = 1.1517e-03
Loss = 3.5811e-01, PNorm = 37.5329, GNorm = 10.6864, lr_0 = 1.1407e-03
Loss = 4.3363e-01, PNorm = 37.5517, GNorm = 16.9082, lr_0 = 1.1298e-03
Loss = 4.1329e-01, PNorm = 37.5669, GNorm = 9.8041, lr_0 = 1.1189e-03
Loss = 3.8312e-01, PNorm = 37.5819, GNorm = 10.4779, lr_0 = 1.1082e-03
Loss = 4.1500e-01, PNorm = 37.5967, GNorm = 37.8280, lr_0 = 1.0976e-03
Loss = 4.6289e-01, PNorm = 37.6118, GNorm = 17.1271, lr_0 = 1.0871e-03
Loss = 4.0355e-01, PNorm = 37.6283, GNorm = 12.1514, lr_0 = 1.0767e-03
Loss = 4.0573e-01, PNorm = 37.6448, GNorm = 17.9728, lr_0 = 1.0664e-03
Loss = 3.9079e-01, PNorm = 37.6625, GNorm = 5.7975, lr_0 = 1.0562e-03
Loss = 4.1315e-01, PNorm = 37.6765, GNorm = 5.5241, lr_0 = 1.0461e-03
Validation rmse = 0.018760
Epoch 9
Loss = 3.6051e-01, PNorm = 37.6928, GNorm = 6.8420, lr_0 = 1.0350e-03
Loss = 3.9453e-01, PNorm = 37.7072, GNorm = 26.9626, lr_0 = 1.0251e-03
Loss = 4.3396e-01, PNorm = 37.7216, GNorm = 11.5012, lr_0 = 1.0153e-03
Loss = 3.5882e-01, PNorm = 37.7380, GNorm = 11.3725, lr_0 = 1.0056e-03
Loss = 3.8772e-01, PNorm = 37.7526, GNorm = 4.4736, lr_0 = 9.9597e-04
Loss = 3.2689e-01, PNorm = 37.7669, GNorm = 15.5258, lr_0 = 9.8643e-04
Loss = 3.3217e-01, PNorm = 37.7787, GNorm = 11.8375, lr_0 = 9.7698e-04
Loss = 3.2995e-01, PNorm = 37.7910, GNorm = 17.4141, lr_0 = 9.6763e-04
Loss = 3.3807e-01, PNorm = 37.8044, GNorm = 7.6090, lr_0 = 9.5836e-04
Loss = 3.2257e-01, PNorm = 37.8160, GNorm = 7.3834, lr_0 = 9.4919e-04
Loss = 3.3496e-01, PNorm = 37.8215, GNorm = 11.0863, lr_0 = 9.4010e-04
Loss = 3.2181e-01, PNorm = 37.8332, GNorm = 12.3138, lr_0 = 9.3109e-04
Loss = 3.3116e-01, PNorm = 37.8456, GNorm = 31.1097, lr_0 = 9.2218e-04
Loss = 3.9744e-01, PNorm = 37.8595, GNorm = 20.6539, lr_0 = 9.1335e-04
Loss = 4.0037e-01, PNorm = 37.8673, GNorm = 11.2481, lr_0 = 9.0460e-04
Loss = 3.8261e-01, PNorm = 37.8806, GNorm = 7.3415, lr_0 = 8.9594e-04
Validation rmse = 0.018143
Epoch 10
Loss = 3.2022e-01, PNorm = 37.8952, GNorm = 6.0849, lr_0 = 8.8651e-04
Loss = 3.5434e-01, PNorm = 37.9077, GNorm = 14.1085, lr_0 = 8.7802e-04
Loss = 3.9545e-01, PNorm = 37.9194, GNorm = 10.3257, lr_0 = 8.6961e-04
Loss = 3.6715e-01, PNorm = 37.9288, GNorm = 9.2448, lr_0 = 8.6128e-04
Loss = 3.7512e-01, PNorm = 37.9403, GNorm = 5.5833, lr_0 = 8.5304e-04
Loss = 3.0199e-01, PNorm = 37.9596, GNorm = 17.9268, lr_0 = 8.4487e-04
Loss = 3.3839e-01, PNorm = 37.9717, GNorm = 16.2170, lr_0 = 8.3678e-04
Loss = 4.0504e-01, PNorm = 37.9796, GNorm = 49.1550, lr_0 = 8.2877e-04
Loss = 3.6259e-01, PNorm = 37.9923, GNorm = 6.4622, lr_0 = 8.2083e-04
Loss = 2.9642e-01, PNorm = 38.0082, GNorm = 5.0533, lr_0 = 8.1297e-04
Loss = 3.2198e-01, PNorm = 38.0193, GNorm = 6.1402, lr_0 = 8.0519e-04
Loss = 2.6939e-01, PNorm = 38.0272, GNorm = 20.7349, lr_0 = 7.9747e-04
Loss = 3.4541e-01, PNorm = 38.0369, GNorm = 10.8849, lr_0 = 7.8984e-04
Loss = 3.9588e-01, PNorm = 38.0489, GNorm = 35.0833, lr_0 = 7.8228e-04
Loss = 3.5595e-01, PNorm = 38.0579, GNorm = 26.7400, lr_0 = 7.7478e-04
Validation rmse = 0.017517
Epoch 11
Loss = 2.5397e-01, PNorm = 38.0698, GNorm = 12.5333, lr_0 = 7.6663e-04
Loss = 2.6640e-01, PNorm = 38.0808, GNorm = 14.5747, lr_0 = 7.5929e-04
Loss = 3.0760e-01, PNorm = 38.0904, GNorm = 8.9400, lr_0 = 7.5202e-04
Loss = 2.5631e-01, PNorm = 38.1005, GNorm = 7.3277, lr_0 = 7.4482e-04
Loss = 2.8929e-01, PNorm = 38.1141, GNorm = 21.3437, lr_0 = 7.3768e-04
Loss = 2.0390e-01, PNorm = 38.1250, GNorm = 28.7025, lr_0 = 7.3062e-04
Loss = 2.5474e-01, PNorm = 38.1348, GNorm = 7.8779, lr_0 = 7.2362e-04
Loss = 3.1525e-01, PNorm = 38.1405, GNorm = 13.1059, lr_0 = 7.1669e-04
Loss = 3.2117e-01, PNorm = 38.1479, GNorm = 12.1213, lr_0 = 7.0983e-04
Loss = 2.8534e-01, PNorm = 38.1561, GNorm = 7.8130, lr_0 = 7.0303e-04
Loss = 2.8092e-01, PNorm = 38.1684, GNorm = 5.1032, lr_0 = 6.9630e-04
Loss = 3.2701e-01, PNorm = 38.1795, GNorm = 5.5817, lr_0 = 6.8963e-04
Loss = 2.8221e-01, PNorm = 38.1908, GNorm = 16.2886, lr_0 = 6.8303e-04
Loss = 2.1672e-01, PNorm = 38.2015, GNorm = 27.2132, lr_0 = 6.7649e-04
Loss = 2.4563e-01, PNorm = 38.2071, GNorm = 7.5729, lr_0 = 6.7001e-04
Loss = 3.1904e-01, PNorm = 38.2143, GNorm = 19.9714, lr_0 = 6.6360e-04
Validation rmse = 0.016525
Epoch 12
Loss = 1.5624e-01, PNorm = 38.2215, GNorm = 8.1200, lr_0 = 6.5724e-04
Loss = 2.7031e-01, PNorm = 38.2298, GNorm = 6.5349, lr_0 = 6.5095e-04
Loss = 2.7681e-01, PNorm = 38.2418, GNorm = 27.0143, lr_0 = 6.4472e-04
Loss = 2.6848e-01, PNorm = 38.2496, GNorm = 7.6011, lr_0 = 6.3854e-04
Loss = 2.6097e-01, PNorm = 38.2597, GNorm = 16.3049, lr_0 = 6.3243e-04
Loss = 3.1458e-01, PNorm = 38.2634, GNorm = 20.9689, lr_0 = 6.2637e-04
Loss = 3.0849e-01, PNorm = 38.2720, GNorm = 14.1478, lr_0 = 6.2037e-04
Loss = 2.2853e-01, PNorm = 38.2859, GNorm = 15.0629, lr_0 = 6.1443e-04
Loss = 2.5011e-01, PNorm = 38.2957, GNorm = 11.6043, lr_0 = 6.0855e-04
Loss = 2.4188e-01, PNorm = 38.3002, GNorm = 12.6064, lr_0 = 6.0272e-04
Loss = 3.2077e-01, PNorm = 38.3069, GNorm = 28.9836, lr_0 = 5.9695e-04
Loss = 2.7961e-01, PNorm = 38.3118, GNorm = 23.4604, lr_0 = 5.9124e-04
Loss = 2.5638e-01, PNorm = 38.3184, GNorm = 5.8247, lr_0 = 5.8557e-04
Loss = 3.1626e-01, PNorm = 38.3258, GNorm = 13.7960, lr_0 = 5.7997e-04
Loss = 2.5515e-01, PNorm = 38.3323, GNorm = 17.9135, lr_0 = 5.7441e-04
Loss = 2.3873e-01, PNorm = 38.3396, GNorm = 6.5821, lr_0 = 5.6891e-04
Validation rmse = 0.016599
Epoch 13
Loss = 2.4823e-01, PNorm = 38.3421, GNorm = 17.6085, lr_0 = 5.6292e-04
Loss = 1.9886e-01, PNorm = 38.3488, GNorm = 21.0936, lr_0 = 5.5753e-04
Loss = 1.7595e-01, PNorm = 38.3610, GNorm = 10.7787, lr_0 = 5.5219e-04
Loss = 2.3337e-01, PNorm = 38.3712, GNorm = 4.1217, lr_0 = 5.4691e-04
Loss = 2.4105e-01, PNorm = 38.3775, GNorm = 10.0359, lr_0 = 5.4167e-04
Loss = 1.8212e-01, PNorm = 38.3836, GNorm = 13.5312, lr_0 = 5.3648e-04
Loss = 2.2676e-01, PNorm = 38.3892, GNorm = 8.9589, lr_0 = 5.3135e-04
Loss = 2.1614e-01, PNorm = 38.3960, GNorm = 23.6255, lr_0 = 5.2626e-04
Loss = 1.7781e-01, PNorm = 38.4043, GNorm = 9.2181, lr_0 = 5.2122e-04
Loss = 2.2287e-01, PNorm = 38.4101, GNorm = 15.6376, lr_0 = 5.1623e-04
Loss = 2.4049e-01, PNorm = 38.4137, GNorm = 12.2826, lr_0 = 5.1128e-04
Loss = 1.7944e-01, PNorm = 38.4174, GNorm = 24.5372, lr_0 = 5.0639e-04
Loss = 1.3898e-01, PNorm = 38.4218, GNorm = 14.0527, lr_0 = 5.0154e-04
Loss = 2.9032e-01, PNorm = 38.4257, GNorm = 9.0175, lr_0 = 4.9674e-04
Loss = 2.4149e-01, PNorm = 38.4300, GNorm = 16.3951, lr_0 = 4.9198e-04
Validation rmse = 0.015738
Epoch 14
Loss = 1.9796e-01, PNorm = 38.4322, GNorm = 15.7062, lr_0 = 4.8680e-04
Loss = 2.0420e-01, PNorm = 38.4378, GNorm = 7.1277, lr_0 = 4.8214e-04
Loss = 2.0231e-01, PNorm = 38.4430, GNorm = 6.8404, lr_0 = 4.7752e-04
Loss = 2.8952e-01, PNorm = 38.4458, GNorm = 5.7179, lr_0 = 4.7295e-04
Loss = 1.6277e-01, PNorm = 38.4488, GNorm = 21.5703, lr_0 = 4.6842e-04
Loss = 2.3536e-01, PNorm = 38.4556, GNorm = 6.5059, lr_0 = 4.6394e-04
Loss = 1.7401e-01, PNorm = 38.4620, GNorm = 27.8968, lr_0 = 4.5949e-04
Loss = 2.0837e-01, PNorm = 38.4674, GNorm = 30.5910, lr_0 = 4.5509e-04
Loss = 1.6236e-01, PNorm = 38.4738, GNorm = 5.3926, lr_0 = 4.5074e-04
Loss = 1.7957e-01, PNorm = 38.4776, GNorm = 6.3017, lr_0 = 4.4642e-04
Loss = 2.1870e-01, PNorm = 38.4821, GNorm = 26.9363, lr_0 = 4.4214e-04
Loss = 2.2275e-01, PNorm = 38.4884, GNorm = 10.9635, lr_0 = 4.3791e-04
Loss = 2.2356e-01, PNorm = 38.4931, GNorm = 18.6605, lr_0 = 4.3372e-04
Loss = 1.8497e-01, PNorm = 38.4949, GNorm = 26.1957, lr_0 = 4.2956e-04
Loss = 2.0031e-01, PNorm = 38.5008, GNorm = 6.4927, lr_0 = 4.2545e-04
Loss = 2.0631e-01, PNorm = 38.5063, GNorm = 17.2831, lr_0 = 4.2138e-04
Validation rmse = 0.015230
Epoch 15
Loss = 1.9055e-01, PNorm = 38.5114, GNorm = 19.8404, lr_0 = 4.1694e-04
Loss = 1.6940e-01, PNorm = 38.5174, GNorm = 19.9241, lr_0 = 4.1295e-04
Loss = 1.7693e-01, PNorm = 38.5209, GNorm = 9.1366, lr_0 = 4.0899e-04
Loss = 1.8022e-01, PNorm = 38.5262, GNorm = 18.3495, lr_0 = 4.0508e-04
Loss = 1.6962e-01, PNorm = 38.5316, GNorm = 38.2015, lr_0 = 4.0120e-04
Loss = 1.4264e-01, PNorm = 38.5352, GNorm = 33.7598, lr_0 = 3.9736e-04
Loss = 1.4815e-01, PNorm = 38.5365, GNorm = 10.6431, lr_0 = 3.9355e-04
Loss = 2.0477e-01, PNorm = 38.5420, GNorm = 27.3520, lr_0 = 3.8978e-04
Loss = 1.8599e-01, PNorm = 38.5469, GNorm = 19.1288, lr_0 = 3.8605e-04
Loss = 2.3747e-01, PNorm = 38.5495, GNorm = 27.9036, lr_0 = 3.8235e-04
Loss = 1.2234e-01, PNorm = 38.5541, GNorm = 5.8570, lr_0 = 3.7869e-04
Loss = 1.8603e-01, PNorm = 38.5579, GNorm = 9.1718, lr_0 = 3.7507e-04
Loss = 2.1603e-01, PNorm = 38.5606, GNorm = 22.7981, lr_0 = 3.7148e-04
Loss = 1.9086e-01, PNorm = 38.5645, GNorm = 15.6655, lr_0 = 3.6792e-04
Loss = 1.1196e-01, PNorm = 38.5687, GNorm = 8.6833, lr_0 = 3.6440e-04
Loss = 1.7811e-01, PNorm = 38.5743, GNorm = 9.4012, lr_0 = 3.6091e-04
Validation rmse = 0.015300
Epoch 16
Loss = 1.9505e-01, PNorm = 38.5774, GNorm = 27.2384, lr_0 = 3.5745e-04
Loss = 1.1037e-01, PNorm = 38.5807, GNorm = 16.4919, lr_0 = 3.5403e-04
Loss = 1.4894e-01, PNorm = 38.5857, GNorm = 13.0779, lr_0 = 3.5064e-04
Loss = 6.0296e-02, PNorm = 38.5915, GNorm = 7.3351, lr_0 = 3.4728e-04
Loss = 2.0077e-01, PNorm = 38.5970, GNorm = 34.8439, lr_0 = 3.4395e-04
Loss = 1.3074e-01, PNorm = 38.6000, GNorm = 16.2450, lr_0 = 3.4066e-04
Loss = 1.7990e-01, PNorm = 38.6042, GNorm = 28.7464, lr_0 = 3.3740e-04
Loss = 1.4048e-01, PNorm = 38.6064, GNorm = 13.5023, lr_0 = 3.3417e-04
Loss = 1.9623e-01, PNorm = 38.6088, GNorm = 15.8796, lr_0 = 3.3097e-04
Loss = 1.4576e-01, PNorm = 38.6105, GNorm = 26.7066, lr_0 = 3.2780e-04
Loss = 1.6641e-01, PNorm = 38.6168, GNorm = 6.2621, lr_0 = 3.2466e-04
Loss = 1.6443e-01, PNorm = 38.6207, GNorm = 7.4059, lr_0 = 3.2155e-04
Loss = 1.6157e-01, PNorm = 38.6212, GNorm = 13.2976, lr_0 = 3.1847e-04
Loss = 1.4999e-01, PNorm = 38.6233, GNorm = 9.1679, lr_0 = 3.1542e-04
Loss = 1.2516e-01, PNorm = 38.6257, GNorm = 11.1624, lr_0 = 3.1240e-04
Validation rmse = 0.015012
Epoch 17
Loss = 1.2264e-01, PNorm = 38.6287, GNorm = 19.1668, lr_0 = 3.0911e-04
Loss = 1.6424e-01, PNorm = 38.6324, GNorm = 15.1986, lr_0 = 3.0615e-04
Loss = 1.3337e-01, PNorm = 38.6359, GNorm = 7.4427, lr_0 = 3.0322e-04
Loss = 9.3971e-02, PNorm = 38.6372, GNorm = 26.7833, lr_0 = 3.0032e-04
Loss = 1.4324e-01, PNorm = 38.6413, GNorm = 21.8611, lr_0 = 2.9744e-04
Loss = 1.6091e-01, PNorm = 38.6450, GNorm = 22.1916, lr_0 = 2.9459e-04
Loss = 8.3486e-02, PNorm = 38.6491, GNorm = 23.8775, lr_0 = 2.9177e-04
Loss = 1.0023e-01, PNorm = 38.6522, GNorm = 61.6712, lr_0 = 2.8898e-04
Loss = 9.5880e-02, PNorm = 38.6580, GNorm = 8.3517, lr_0 = 2.8621e-04
Loss = 2.2568e-01, PNorm = 38.6635, GNorm = 9.8958, lr_0 = 2.8347e-04
Loss = 6.3405e-02, PNorm = 38.6671, GNorm = 5.2574, lr_0 = 2.8076e-04
Loss = 1.5018e-01, PNorm = 38.6716, GNorm = 15.6587, lr_0 = 2.7807e-04
Loss = 7.5955e-02, PNorm = 38.6744, GNorm = 20.9695, lr_0 = 2.7541e-04
Loss = 1.6807e-01, PNorm = 38.6752, GNorm = 11.5119, lr_0 = 2.7277e-04
Loss = 1.1726e-01, PNorm = 38.6759, GNorm = 24.4825, lr_0 = 2.7016e-04
Loss = 1.9330e-01, PNorm = 38.6790, GNorm = 8.3452, lr_0 = 2.6757e-04
Validation rmse = 0.014794
Epoch 18
Loss = 5.2339e-02, PNorm = 38.6827, GNorm = 14.3454, lr_0 = 2.6475e-04
Loss = 1.0575e-01, PNorm = 38.6861, GNorm = 16.7942, lr_0 = 2.6222e-04
Loss = 4.2709e-02, PNorm = 38.6888, GNorm = 12.4887, lr_0 = 2.5971e-04
Loss = 1.2102e-01, PNorm = 38.6912, GNorm = 17.4868, lr_0 = 2.5722e-04
Loss = 1.8304e-01, PNorm = 38.6920, GNorm = 12.9723, lr_0 = 2.5476e-04
Loss = 1.4454e-01, PNorm = 38.6934, GNorm = 30.2150, lr_0 = 2.5232e-04
Loss = 1.4183e-01, PNorm = 38.6954, GNorm = 46.7321, lr_0 = 2.4990e-04
Loss = 1.1702e-01, PNorm = 38.6984, GNorm = 19.8323, lr_0 = 2.4751e-04
Loss = 8.7439e-02, PNorm = 38.7019, GNorm = 24.6892, lr_0 = 2.4514e-04
Loss = 1.0927e-01, PNorm = 38.7048, GNorm = 43.5953, lr_0 = 2.4279e-04
Loss = 1.4928e-01, PNorm = 38.7072, GNorm = 13.1967, lr_0 = 2.4047e-04
Loss = 6.2412e-02, PNorm = 38.7104, GNorm = 7.3763, lr_0 = 2.3816e-04
Loss = 1.0754e-01, PNorm = 38.7124, GNorm = 6.9157, lr_0 = 2.3588e-04
Loss = 7.4992e-02, PNorm = 38.7148, GNorm = 8.8831, lr_0 = 2.3362e-04
Loss = 1.0467e-01, PNorm = 38.7175, GNorm = 22.5018, lr_0 = 2.3139e-04
Validation rmse = 0.014353
Epoch 19
Loss = 3.2955e-01, PNorm = 38.7198, GNorm = 7.3945, lr_0 = 2.2895e-04
Loss = 1.3219e-01, PNorm = 38.7213, GNorm = 14.8128, lr_0 = 2.2676e-04
Loss = 1.2258e-01, PNorm = 38.7245, GNorm = 18.2045, lr_0 = 2.2459e-04
Loss = 1.1168e-01, PNorm = 38.7276, GNorm = 11.0631, lr_0 = 2.2244e-04
Loss = 1.3880e-01, PNorm = 38.7294, GNorm = 14.4456, lr_0 = 2.2031e-04
Loss = 6.3770e-02, PNorm = 38.7329, GNorm = 39.5172, lr_0 = 2.1820e-04
Loss = 4.0208e-02, PNorm = 38.7357, GNorm = 13.1895, lr_0 = 2.1611e-04
Loss = 8.4820e-02, PNorm = 38.7375, GNorm = 20.7019, lr_0 = 2.1404e-04
Loss = 9.0274e-02, PNorm = 38.7398, GNorm = 13.2742, lr_0 = 2.1199e-04
Loss = 1.7979e-01, PNorm = 38.7401, GNorm = 11.0377, lr_0 = 2.0996e-04
Loss = 9.9519e-02, PNorm = 38.7422, GNorm = 26.6082, lr_0 = 2.0795e-04
Loss = 9.5311e-02, PNorm = 38.7445, GNorm = 28.8812, lr_0 = 2.0596e-04
Loss = 1.0268e-01, PNorm = 38.7462, GNorm = 24.7085, lr_0 = 2.0398e-04
Loss = 1.4084e-01, PNorm = 38.7489, GNorm = 22.7982, lr_0 = 2.0203e-04
Loss = 2.6365e-02, PNorm = 38.7497, GNorm = 7.0709, lr_0 = 2.0010e-04
Loss = 1.4274e-01, PNorm = 38.7503, GNorm = 9.8422, lr_0 = 1.9818e-04
Validation rmse = 0.014193
Epoch 20
Loss = 1.3544e-01, PNorm = 38.7530, GNorm = 14.6739, lr_0 = 1.9628e-04
Loss = 8.3572e-02, PNorm = 38.7560, GNorm = 8.9073, lr_0 = 1.9440e-04
Loss = 1.2446e-01, PNorm = 38.7594, GNorm = 6.5570, lr_0 = 1.9254e-04
Loss = 8.8216e-02, PNorm = 38.7600, GNorm = 44.2283, lr_0 = 1.9070e-04
Loss = 1.2535e-01, PNorm = 38.7598, GNorm = 8.2438, lr_0 = 1.8887e-04
Loss = 7.9061e-02, PNorm = 38.7598, GNorm = 7.4798, lr_0 = 1.8706e-04
Loss = 9.9431e-02, PNorm = 38.7600, GNorm = 39.3481, lr_0 = 1.8527e-04
Loss = 8.5724e-02, PNorm = 38.7622, GNorm = 19.5840, lr_0 = 1.8350e-04
Loss = 6.8280e-02, PNorm = 38.7652, GNorm = 7.1550, lr_0 = 1.8174e-04
Loss = 8.6357e-02, PNorm = 38.7681, GNorm = 23.4374, lr_0 = 1.8000e-04
Loss = 1.2354e-01, PNorm = 38.7690, GNorm = 7.7241, lr_0 = 1.7828e-04
Loss = 1.7523e-02, PNorm = 38.7682, GNorm = 26.6610, lr_0 = 1.7657e-04
Loss = 8.0494e-02, PNorm = 38.7688, GNorm = 21.1574, lr_0 = 1.7488e-04
Loss = 2.3278e-02, PNorm = 38.7695, GNorm = 34.5912, lr_0 = 1.7321e-04
Loss = 9.8827e-02, PNorm = 38.7718, GNorm = 28.8306, lr_0 = 1.7155e-04
Loss = 4.6777e-02, PNorm = 38.7730, GNorm = 9.9794, lr_0 = 1.6990e-04
Validation rmse = 0.014549
Epoch 21
Loss = 1.3643e-01, PNorm = 38.7749, GNorm = 22.7161, lr_0 = 1.6812e-04
Loss = 8.3906e-02, PNorm = 38.7769, GNorm = 11.0112, lr_0 = 1.6651e-04
Loss = 6.4961e-02, PNorm = 38.7781, GNorm = 10.7049, lr_0 = 1.6491e-04
Loss = 1.1202e-01, PNorm = 38.7792, GNorm = 31.7669, lr_0 = 1.6333e-04
Loss = 7.3455e-02, PNorm = 38.7796, GNorm = 36.1072, lr_0 = 1.6177e-04
Loss = 4.0777e-02, PNorm = 38.7802, GNorm = 10.1049, lr_0 = 1.6022e-04
Loss = 7.0900e-02, PNorm = 38.7819, GNorm = 21.5617, lr_0 = 1.5868e-04
Loss = 5.0374e-02, PNorm = 38.7830, GNorm = 9.6230, lr_0 = 1.5717e-04
Loss = 4.0601e-03, PNorm = 38.7847, GNorm = 6.0762, lr_0 = 1.5566e-04
Loss = 1.4091e-01, PNorm = 38.7862, GNorm = 14.5320, lr_0 = 1.5417e-04
Loss = 8.2626e-02, PNorm = 38.7880, GNorm = 11.2024, lr_0 = 1.5269e-04
Loss = 2.6659e-02, PNorm = 38.7889, GNorm = 7.0905, lr_0 = 1.5123e-04
Loss = 6.8391e-02, PNorm = 38.7895, GNorm = 8.5476, lr_0 = 1.4978e-04
Loss = 1.3342e-01, PNorm = 38.7910, GNorm = 24.0087, lr_0 = 1.4835e-04
Loss = 9.5935e-02, PNorm = 38.7929, GNorm = 16.5023, lr_0 = 1.4693e-04
Validation rmse = 0.014155
Epoch 22
Loss = 1.5131e-01, PNorm = 38.7934, GNorm = 9.9430, lr_0 = 1.4538e-04
Loss = 8.6974e-02, PNorm = 38.7940, GNorm = 14.6615, lr_0 = 1.4399e-04
Loss = 1.0199e-01, PNorm = 38.7947, GNorm = 15.6003, lr_0 = 1.4261e-04
Loss = 7.0446e-02, PNorm = 38.7970, GNorm = 6.5677, lr_0 = 1.4124e-04
Loss = 1.2001e-01, PNorm = 38.7982, GNorm = 22.8878, lr_0 = 1.3989e-04
Loss = 7.8168e-02, PNorm = 38.7987, GNorm = 18.5140, lr_0 = 1.3855e-04
Loss = 4.9213e-02, PNorm = 38.7999, GNorm = 20.4467, lr_0 = 1.3723e-04
Loss = 9.6558e-02, PNorm = 38.8003, GNorm = 11.8837, lr_0 = 1.3591e-04
Loss = 7.9983e-02, PNorm = 38.8015, GNorm = 6.2801, lr_0 = 1.3461e-04
Loss = 4.4507e-02, PNorm = 38.8038, GNorm = 6.8202, lr_0 = 1.3332e-04
Loss = 4.2105e-02, PNorm = 38.8055, GNorm = 7.6881, lr_0 = 1.3204e-04
Loss = 1.0099e-01, PNorm = 38.8068, GNorm = 8.2592, lr_0 = 1.3078e-04
Loss = 4.9628e-02, PNorm = 38.8067, GNorm = 30.0313, lr_0 = 1.2953e-04
Loss = 4.6645e-02, PNorm = 38.8077, GNorm = 7.1335, lr_0 = 1.2829e-04
Loss = 7.3861e-02, PNorm = 38.8089, GNorm = 11.2698, lr_0 = 1.2706e-04
Loss = 8.1681e-02, PNorm = 38.8093, GNorm = 14.0267, lr_0 = 1.2584e-04
Validation rmse = 0.015399
Epoch 23
Loss = 6.5008e-02, PNorm = 38.8079, GNorm = 19.1366, lr_0 = 1.2452e-04
Loss = 9.8757e-02, PNorm = 38.8086, GNorm = 39.0516, lr_0 = 1.2333e-04
Loss = 4.0048e-02, PNorm = 38.8097, GNorm = 7.3683, lr_0 = 1.2214e-04
Loss = 1.3456e-01, PNorm = 38.8096, GNorm = 19.3868, lr_0 = 1.2098e-04
Loss = 1.9161e-02, PNorm = 38.8111, GNorm = 10.4056, lr_0 = 1.1982e-04
Loss = 4.6134e-02, PNorm = 38.8132, GNorm = 11.8755, lr_0 = 1.1867e-04
Loss = 4.2250e-03, PNorm = 38.8158, GNorm = 19.6284, lr_0 = 1.1753e-04
Loss = 6.7887e-02, PNorm = 38.8174, GNorm = 15.4178, lr_0 = 1.1641e-04
Loss = 7.3151e-02, PNorm = 38.8178, GNorm = 15.1437, lr_0 = 1.1529e-04
Loss = 1.2893e-02, PNorm = 38.8185, GNorm = 12.4374, lr_0 = 1.1419e-04
Loss = 3.5847e-02, PNorm = 38.8197, GNorm = 16.8816, lr_0 = 1.1310e-04
Loss = 2.7494e-02, PNorm = 38.8203, GNorm = 14.2536, lr_0 = 1.1201e-04
Loss = 7.5168e-02, PNorm = 38.8210, GNorm = 18.6179, lr_0 = 1.1094e-04
Loss = 5.6780e-02, PNorm = 38.8221, GNorm = 11.4695, lr_0 = 1.0988e-04
Loss = 8.5875e-02, PNorm = 38.8232, GNorm = 28.8739, lr_0 = 1.0883e-04
Loss = 9.1158e-02, PNorm = 38.8231, GNorm = 11.3957, lr_0 = 1.0778e-04
Validation rmse = 0.013881
Epoch 24
Loss = 3.9556e-02, PNorm = 38.8231, GNorm = 9.3715, lr_0 = 1.0675e-04
Loss = 9.9093e-02, PNorm = 38.8246, GNorm = 6.6073, lr_0 = 1.0573e-04
Loss = 1.5214e-02, PNorm = 38.8252, GNorm = 14.8567, lr_0 = 1.0472e-04
Loss = 3.1963e-02, PNorm = 38.8255, GNorm = 16.0349, lr_0 = 1.0371e-04
Loss = 6.7888e-02, PNorm = 38.8261, GNorm = 19.4480, lr_0 = 1.0272e-04
Loss = 6.4900e-02, PNorm = 38.8267, GNorm = 15.6322, lr_0 = 1.0174e-04
Loss = 4.1600e-02, PNorm = 38.8274, GNorm = 11.6450, lr_0 = 1.0076e-04
Loss = 6.2810e-02, PNorm = 38.8282, GNorm = 22.3578, lr_0 = 9.9798e-05
Loss = -4.7938e-03, PNorm = 38.8288, GNorm = 18.1962, lr_0 = 9.8842e-05
Loss = 5.1787e-03, PNorm = 38.8298, GNorm = 22.9125, lr_0 = 9.7896e-05
Loss = 4.2261e-02, PNorm = 38.8312, GNorm = 23.2925, lr_0 = 9.6959e-05
Loss = 7.4980e-02, PNorm = 38.8333, GNorm = 8.6172, lr_0 = 9.6030e-05
Loss = 6.8667e-02, PNorm = 38.8339, GNorm = 35.9110, lr_0 = 9.5111e-05
Loss = 5.5175e-02, PNorm = 38.8347, GNorm = 9.9424, lr_0 = 9.4200e-05
Loss = 3.3794e-02, PNorm = 38.8356, GNorm = 16.8630, lr_0 = 9.3298e-05
Validation rmse = 0.013791
Epoch 25
Loss = -1.5921e-02, PNorm = 38.8372, GNorm = 34.6581, lr_0 = 9.2316e-05
Loss = 4.7423e-02, PNorm = 38.8373, GNorm = 41.6527, lr_0 = 9.1432e-05
Loss = 9.8073e-03, PNorm = 38.8376, GNorm = 7.7348, lr_0 = 9.0556e-05
Loss = 9.6557e-02, PNorm = 38.8374, GNorm = 13.4870, lr_0 = 8.9689e-05
Loss = -1.6573e-02, PNorm = 38.8381, GNorm = 22.1956, lr_0 = 8.8830e-05
Loss = 1.6247e-02, PNorm = 38.8389, GNorm = 18.0907, lr_0 = 8.7980e-05
Loss = 3.1935e-02, PNorm = 38.8392, GNorm = 25.1298, lr_0 = 8.7137e-05
Loss = 8.0450e-03, PNorm = 38.8399, GNorm = 17.4869, lr_0 = 8.6303e-05
Loss = 6.1541e-02, PNorm = 38.8408, GNorm = 9.3862, lr_0 = 8.5476e-05
Loss = 6.8326e-02, PNorm = 38.8413, GNorm = 5.9267, lr_0 = 8.4658e-05
Loss = 7.6727e-02, PNorm = 38.8412, GNorm = 29.0270, lr_0 = 8.3847e-05
Loss = 4.5915e-03, PNorm = 38.8418, GNorm = 21.6412, lr_0 = 8.3044e-05
Loss = 3.8015e-02, PNorm = 38.8427, GNorm = 18.2217, lr_0 = 8.2249e-05
Loss = -2.5782e-02, PNorm = 38.8437, GNorm = 6.9661, lr_0 = 8.1461e-05
Loss = 3.0656e-02, PNorm = 38.8440, GNorm = 13.4399, lr_0 = 8.0681e-05
Loss = 8.4431e-02, PNorm = 38.8443, GNorm = 10.1772, lr_0 = 7.9909e-05
Validation rmse = 0.013868
Epoch 26
Loss = -8.7720e-03, PNorm = 38.8451, GNorm = 6.5423, lr_0 = 7.9068e-05
Loss = 2.3041e-02, PNorm = 38.8453, GNorm = 30.7016, lr_0 = 7.8310e-05
Loss = 9.2296e-02, PNorm = 38.8466, GNorm = 20.0736, lr_0 = 7.7561e-05
Loss = 3.3754e-02, PNorm = 38.8474, GNorm = 8.5618, lr_0 = 7.6818e-05
Loss = -1.0531e-02, PNorm = 38.8472, GNorm = 28.4141, lr_0 = 7.6082e-05
Loss = 2.0900e-02, PNorm = 38.8473, GNorm = 8.5816, lr_0 = 7.5354e-05
Loss = -5.3653e-02, PNorm = 38.8471, GNorm = 16.0811, lr_0 = 7.4632e-05
Loss = 1.8354e-02, PNorm = 38.8483, GNorm = 7.4360, lr_0 = 7.3918e-05
Loss = -1.0883e-02, PNorm = 38.8495, GNorm = 32.3122, lr_0 = 7.3210e-05
Loss = 5.4548e-02, PNorm = 38.8504, GNorm = 10.7977, lr_0 = 7.2509e-05
Loss = 1.0130e-01, PNorm = 38.8505, GNorm = 24.0615, lr_0 = 7.1814e-05
Loss = 8.7981e-02, PNorm = 38.8508, GNorm = 10.6617, lr_0 = 7.1127e-05
Loss = 9.4026e-03, PNorm = 38.8506, GNorm = 19.0203, lr_0 = 7.0446e-05
Loss = 4.8120e-02, PNorm = 38.8510, GNorm = 8.5369, lr_0 = 6.9771e-05
Loss = 4.8319e-02, PNorm = 38.8520, GNorm = 26.3055, lr_0 = 6.9103e-05
Validation rmse = 0.013585
Epoch 27
Loss = -6.9474e-02, PNorm = 38.8535, GNorm = 9.4800, lr_0 = 6.8375e-05
Loss = 7.3645e-02, PNorm = 38.8535, GNorm = 38.8302, lr_0 = 6.7721e-05
Loss = 5.6576e-02, PNorm = 38.8540, GNorm = 17.0149, lr_0 = 6.7072e-05
Loss = -2.6632e-02, PNorm = 38.8536, GNorm = 13.5371, lr_0 = 6.6430e-05
Loss = 3.5570e-02, PNorm = 38.8542, GNorm = 10.8841, lr_0 = 6.5794e-05
Loss = -2.8556e-02, PNorm = 38.8545, GNorm = 12.6954, lr_0 = 6.5164e-05
Loss = 7.1754e-02, PNorm = 38.8548, GNorm = 12.4869, lr_0 = 6.4540e-05
Loss = 2.9688e-02, PNorm = 38.8551, GNorm = 26.3714, lr_0 = 6.3922e-05
Loss = 1.2491e-02, PNorm = 38.8553, GNorm = 11.4830, lr_0 = 6.3310e-05
Loss = 4.3611e-03, PNorm = 38.8561, GNorm = 65.2598, lr_0 = 6.2704e-05
Loss = 5.2687e-03, PNorm = 38.8572, GNorm = 11.8410, lr_0 = 6.2103e-05
Loss = -1.7062e-02, PNorm = 38.8578, GNorm = 6.8664, lr_0 = 6.1508e-05
Loss = 4.2676e-02, PNorm = 38.8578, GNorm = 8.8990, lr_0 = 6.0919e-05
Loss = 9.2517e-02, PNorm = 38.8580, GNorm = 10.9216, lr_0 = 6.0336e-05
Loss = 2.5627e-02, PNorm = 38.8578, GNorm = 8.2925, lr_0 = 5.9758e-05
Loss = -4.9213e-02, PNorm = 38.8584, GNorm = 12.1257, lr_0 = 5.9186e-05
Validation rmse = 0.013646
Epoch 28
Loss = 8.0220e-05, PNorm = 38.8595, GNorm = 21.3477, lr_0 = 5.8619e-05
Loss = 2.2139e-02, PNorm = 38.8596, GNorm = 16.9689, lr_0 = 5.8058e-05
Loss = 3.0575e-03, PNorm = 38.8596, GNorm = 7.0649, lr_0 = 5.7502e-05
Loss = 3.0904e-02, PNorm = 38.8598, GNorm = 32.8777, lr_0 = 5.6952e-05
Loss = 3.0003e-02, PNorm = 38.8603, GNorm = 36.2299, lr_0 = 5.6406e-05
Loss = 1.0200e-03, PNorm = 38.8609, GNorm = 6.5301, lr_0 = 5.5866e-05
Loss = 1.8421e-02, PNorm = 38.8618, GNorm = 22.8385, lr_0 = 5.5331e-05
Loss = 9.9518e-03, PNorm = 38.8616, GNorm = 8.8034, lr_0 = 5.4801e-05
Loss = 6.1423e-02, PNorm = 38.8620, GNorm = 15.0690, lr_0 = 5.4277e-05
Loss = -5.2966e-02, PNorm = 38.8621, GNorm = 8.8986, lr_0 = 5.3757e-05
Loss = 3.5497e-03, PNorm = 38.8622, GNorm = 7.0690, lr_0 = 5.3242e-05
Loss = 1.8091e-02, PNorm = 38.8626, GNorm = 11.1861, lr_0 = 5.2732e-05
Loss = 1.7502e-03, PNorm = 38.8636, GNorm = 19.7566, lr_0 = 5.2227e-05
Loss = 6.3241e-02, PNorm = 38.8638, GNorm = 32.9044, lr_0 = 5.1727e-05
Loss = 2.2349e-02, PNorm = 38.8647, GNorm = 10.9038, lr_0 = 5.1232e-05
Loss = 2.1383e-02, PNorm = 38.8654, GNorm = 14.7863, lr_0 = 5.0741e-05
Validation rmse = 0.013888
Epoch 29
Loss = 6.4223e-02, PNorm = 38.8668, GNorm = 12.4410, lr_0 = 5.0207e-05
Loss = -2.8262e-02, PNorm = 38.8670, GNorm = 11.6130, lr_0 = 4.9726e-05
Loss = 1.5364e-02, PNorm = 38.8671, GNorm = 16.2679, lr_0 = 4.9250e-05
Loss = 1.0981e-02, PNorm = 38.8673, GNorm = 17.5073, lr_0 = 4.8779e-05
Loss = 6.6925e-03, PNorm = 38.8678, GNorm = 7.3221, lr_0 = 4.8311e-05
Loss = 3.1394e-02, PNorm = 38.8677, GNorm = 7.6433, lr_0 = 4.7849e-05
Loss = 5.5860e-02, PNorm = 38.8677, GNorm = 12.8839, lr_0 = 4.7391e-05
Loss = 3.1237e-02, PNorm = 38.8678, GNorm = 7.2914, lr_0 = 4.6937e-05
Loss = -7.9644e-03, PNorm = 38.8685, GNorm = 13.5844, lr_0 = 4.6487e-05
Loss = 3.0458e-02, PNorm = 38.8688, GNorm = 44.3874, lr_0 = 4.6042e-05
Loss = 4.6392e-02, PNorm = 38.8686, GNorm = 5.8051, lr_0 = 4.5601e-05
Loss = -2.1153e-02, PNorm = 38.8689, GNorm = 11.9859, lr_0 = 4.5165e-05
Loss = -5.0370e-02, PNorm = 38.8692, GNorm = 29.8526, lr_0 = 4.4732e-05
Loss = 6.8845e-02, PNorm = 38.8696, GNorm = 7.4050, lr_0 = 4.4304e-05
Loss = 7.5606e-02, PNorm = 38.8697, GNorm = 15.9960, lr_0 = 4.3880e-05
Validation rmse = 0.013506
Epoch 30
Loss = -2.0993e-02, PNorm = 38.8700, GNorm = 9.8413, lr_0 = 4.3418e-05
Loss = -2.1966e-02, PNorm = 38.8704, GNorm = 17.0312, lr_0 = 4.3002e-05
Loss = -4.0570e-02, PNorm = 38.8710, GNorm = 29.5844, lr_0 = 4.2590e-05
Loss = 4.2307e-02, PNorm = 38.8710, GNorm = 23.7244, lr_0 = 4.2182e-05
Loss = 5.2544e-02, PNorm = 38.8711, GNorm = 28.2279, lr_0 = 4.1778e-05
Loss = 1.2944e-02, PNorm = 38.8712, GNorm = 38.7698, lr_0 = 4.1378e-05
Loss = 4.2636e-02, PNorm = 38.8715, GNorm = 9.6475, lr_0 = 4.0982e-05
Loss = 1.8630e-02, PNorm = 38.8717, GNorm = 15.3592, lr_0 = 4.0590e-05
Loss = -3.5860e-03, PNorm = 38.8716, GNorm = 31.6735, lr_0 = 4.0201e-05
Loss = 1.2154e-02, PNorm = 38.8720, GNorm = 16.3811, lr_0 = 3.9816e-05
Loss = -6.6223e-02, PNorm = 38.8723, GNorm = 10.6181, lr_0 = 3.9435e-05
Loss = 3.1731e-02, PNorm = 38.8726, GNorm = 13.9472, lr_0 = 3.9057e-05
Loss = 1.5665e-03, PNorm = 38.8729, GNorm = 25.8110, lr_0 = 3.8683e-05
Loss = 1.0499e-01, PNorm = 38.8732, GNorm = 18.2168, lr_0 = 3.8313e-05
Loss = -1.2224e-02, PNorm = 38.8734, GNorm = 18.9391, lr_0 = 3.7946e-05
Loss = 6.3893e-02, PNorm = 38.8736, GNorm = 28.3768, lr_0 = 3.7583e-05
Validation rmse = 0.013634
Epoch 31
Loss = -1.0275e-03, PNorm = 38.8741, GNorm = 18.6809, lr_0 = 3.7187e-05
Loss = 5.2106e-02, PNorm = 38.8740, GNorm = 15.2802, lr_0 = 3.6831e-05
Loss = 2.2451e-02, PNorm = 38.8738, GNorm = 17.8434, lr_0 = 3.6478e-05
Loss = 2.7514e-02, PNorm = 38.8746, GNorm = 7.3720, lr_0 = 3.6129e-05
Loss = 6.5089e-03, PNorm = 38.8748, GNorm = 8.9505, lr_0 = 3.5783e-05
Loss = 3.0963e-02, PNorm = 38.8746, GNorm = 23.0022, lr_0 = 3.5440e-05
Loss = -4.0840e-03, PNorm = 38.8754, GNorm = 6.9227, lr_0 = 3.5101e-05
Loss = 3.2604e-02, PNorm = 38.8762, GNorm = 11.6373, lr_0 = 3.4765e-05
Loss = -1.3684e-02, PNorm = 38.8761, GNorm = 14.7410, lr_0 = 3.4432e-05
Loss = -4.8491e-02, PNorm = 38.8761, GNorm = 17.8106, lr_0 = 3.4102e-05
Loss = 2.7592e-02, PNorm = 38.8763, GNorm = 9.1310, lr_0 = 3.3776e-05
Loss = 5.2772e-02, PNorm = 38.8766, GNorm = 9.1041, lr_0 = 3.3452e-05
Loss = 4.4433e-02, PNorm = 38.8768, GNorm = 8.0439, lr_0 = 3.3132e-05
Loss = 5.5094e-03, PNorm = 38.8767, GNorm = 12.8113, lr_0 = 3.2815e-05
Loss = -1.5297e-02, PNorm = 38.8769, GNorm = 8.7855, lr_0 = 3.2500e-05
Loss = 3.4218e-02, PNorm = 38.8771, GNorm = 24.6725, lr_0 = 3.2189e-05
Validation rmse = 0.013817
Epoch 32
Loss = 1.2278e-02, PNorm = 38.8773, GNorm = 23.7272, lr_0 = 3.1881e-05
Loss = 5.3820e-02, PNorm = 38.8775, GNorm = 7.4639, lr_0 = 3.1576e-05
Loss = 2.2387e-02, PNorm = 38.8777, GNorm = 5.9271, lr_0 = 3.1273e-05
Loss = 1.6042e-02, PNorm = 38.8780, GNorm = 15.5679, lr_0 = 3.0974e-05
Loss = -1.5284e-02, PNorm = 38.8784, GNorm = 7.4988, lr_0 = 3.0677e-05
Loss = -7.4417e-03, PNorm = 38.8787, GNorm = 8.0647, lr_0 = 3.0383e-05
Loss = -1.6999e-02, PNorm = 38.8789, GNorm = 25.4030, lr_0 = 3.0093e-05
Loss = -2.4697e-02, PNorm = 38.8791, GNorm = 31.4688, lr_0 = 2.9804e-05
Loss = -2.6243e-02, PNorm = 38.8790, GNorm = 11.9724, lr_0 = 2.9519e-05
Loss = 1.7313e-02, PNorm = 38.8794, GNorm = 8.8700, lr_0 = 2.9236e-05
Loss = -2.4855e-03, PNorm = 38.8799, GNorm = 7.9051, lr_0 = 2.8956e-05
Loss = -2.1968e-02, PNorm = 38.8801, GNorm = 13.2889, lr_0 = 2.8679e-05
Loss = -1.7906e-02, PNorm = 38.8804, GNorm = 19.0571, lr_0 = 2.8404e-05
Loss = 6.4007e-02, PNorm = 38.8807, GNorm = 19.5553, lr_0 = 2.8132e-05
Loss = 1.9520e-02, PNorm = 38.8808, GNorm = 7.5704, lr_0 = 2.7863e-05
Validation rmse = 0.013604
Epoch 33
Loss = -2.3203e-02, PNorm = 38.8809, GNorm = 30.8159, lr_0 = 2.7570e-05
Loss = 4.1176e-02, PNorm = 38.8811, GNorm = 13.2204, lr_0 = 2.7306e-05
Loss = 4.3149e-02, PNorm = 38.8812, GNorm = 22.5834, lr_0 = 2.7044e-05
Loss = 1.5423e-02, PNorm = 38.8813, GNorm = 34.8240, lr_0 = 2.6785e-05
Loss = 5.0366e-02, PNorm = 38.8813, GNorm = 26.8376, lr_0 = 2.6529e-05
Loss = 2.4387e-02, PNorm = 38.8813, GNorm = 7.6793, lr_0 = 2.6275e-05
Loss = -9.1295e-03, PNorm = 38.8814, GNorm = 6.7843, lr_0 = 2.6023e-05
Loss = 1.1713e-02, PNorm = 38.8816, GNorm = 9.6512, lr_0 = 2.5774e-05
Loss = 2.3187e-02, PNorm = 38.8817, GNorm = 10.2821, lr_0 = 2.5527e-05
Loss = -3.1798e-02, PNorm = 38.8818, GNorm = 17.5220, lr_0 = 2.5283e-05
Loss = -8.4841e-04, PNorm = 38.8819, GNorm = 7.4570, lr_0 = 2.5041e-05
Loss = 2.8844e-03, PNorm = 38.8820, GNorm = 7.4217, lr_0 = 2.4801e-05
Loss = 1.1922e-02, PNorm = 38.8821, GNorm = 19.2660, lr_0 = 2.4563e-05
Loss = -1.8980e-02, PNorm = 38.8821, GNorm = 21.0602, lr_0 = 2.4328e-05
Loss = 7.4256e-03, PNorm = 38.8823, GNorm = 10.1899, lr_0 = 2.4095e-05
Loss = -1.3442e-02, PNorm = 38.8826, GNorm = 27.5474, lr_0 = 2.3865e-05
Validation rmse = 0.013819
Epoch 34
Loss = 1.7836e-02, PNorm = 38.8830, GNorm = 14.7206, lr_0 = 2.3613e-05
Loss = 5.6308e-02, PNorm = 38.8831, GNorm = 21.2043, lr_0 = 2.3387e-05
Loss = -4.6983e-02, PNorm = 38.8830, GNorm = 14.6567, lr_0 = 2.3163e-05
Loss = 3.0823e-03, PNorm = 38.8830, GNorm = 18.1945, lr_0 = 2.2941e-05
Loss = 2.1721e-02, PNorm = 38.8830, GNorm = 28.8640, lr_0 = 2.2722e-05
Loss = 2.5634e-02, PNorm = 38.8834, GNorm = 5.2395, lr_0 = 2.2504e-05
Loss = 1.3453e-02, PNorm = 38.8839, GNorm = 67.6686, lr_0 = 2.2289e-05
Loss = 8.0649e-03, PNorm = 38.8841, GNorm = 19.5512, lr_0 = 2.2075e-05
Loss = -1.7947e-02, PNorm = 38.8842, GNorm = 10.1203, lr_0 = 2.1864e-05
Loss = -4.1978e-02, PNorm = 38.8842, GNorm = 6.3925, lr_0 = 2.1654e-05
Loss = -1.5427e-02, PNorm = 38.8846, GNorm = 14.2526, lr_0 = 2.1447e-05
Loss = -2.2794e-02, PNorm = 38.8847, GNorm = 14.2055, lr_0 = 2.1242e-05
Loss = 4.0457e-02, PNorm = 38.8846, GNorm = 17.3849, lr_0 = 2.1038e-05
Loss = 4.7662e-03, PNorm = 38.8846, GNorm = 25.8096, lr_0 = 2.0837e-05
Loss = 2.6497e-02, PNorm = 38.8846, GNorm = 29.9288, lr_0 = 2.0637e-05
Validation rmse = 0.013534
Epoch 35
Loss = -1.2912e-02, PNorm = 38.8848, GNorm = 24.0993, lr_0 = 2.0420e-05
Loss = -3.0900e-02, PNorm = 38.8849, GNorm = 40.8525, lr_0 = 2.0225e-05
Loss = -4.0429e-03, PNorm = 38.8851, GNorm = 20.3428, lr_0 = 2.0031e-05
Loss = 4.2579e-02, PNorm = 38.8852, GNorm = 9.4583, lr_0 = 1.9839e-05
Loss = -2.3148e-02, PNorm = 38.8854, GNorm = 5.7026, lr_0 = 1.9649e-05
Loss = 1.7370e-02, PNorm = 38.8856, GNorm = 18.6337, lr_0 = 1.9461e-05
Loss = -2.5551e-02, PNorm = 38.8856, GNorm = 17.5336, lr_0 = 1.9275e-05
Loss = 2.5827e-02, PNorm = 38.8858, GNorm = 9.3260, lr_0 = 1.9090e-05
Loss = 9.6105e-03, PNorm = 38.8858, GNorm = 22.8255, lr_0 = 1.8907e-05
Loss = 2.1945e-02, PNorm = 38.8857, GNorm = 9.5997, lr_0 = 1.8726e-05
Loss = -4.6420e-02, PNorm = 38.8856, GNorm = 21.2348, lr_0 = 1.8547e-05
Loss = -4.7434e-02, PNorm = 38.8858, GNorm = 31.3519, lr_0 = 1.8369e-05
Loss = 2.7923e-02, PNorm = 38.8859, GNorm = 31.6106, lr_0 = 1.8193e-05
Loss = 1.8683e-02, PNorm = 38.8860, GNorm = 13.6161, lr_0 = 1.8019e-05
Loss = -9.9689e-03, PNorm = 38.8862, GNorm = 9.4649, lr_0 = 1.7847e-05
Loss = -2.7903e-03, PNorm = 38.8864, GNorm = 20.9304, lr_0 = 1.7676e-05
Validation rmse = 0.013810
Epoch 36
Loss = 2.3715e-02, PNorm = 38.8866, GNorm = 12.9974, lr_0 = 1.7506e-05
Loss = 3.4114e-03, PNorm = 38.8869, GNorm = 63.0569, lr_0 = 1.7339e-05
Loss = 8.6035e-03, PNorm = 38.8870, GNorm = 28.4660, lr_0 = 1.7173e-05
Loss = -6.8073e-03, PNorm = 38.8869, GNorm = 17.2579, lr_0 = 1.7008e-05
Loss = -6.4137e-02, PNorm = 38.8869, GNorm = 17.7771, lr_0 = 1.6846e-05
Loss = 5.3602e-02, PNorm = 38.8870, GNorm = 11.1855, lr_0 = 1.6684e-05
Loss = 1.8706e-02, PNorm = 38.8870, GNorm = 34.0125, lr_0 = 1.6524e-05
Loss = -5.6334e-02, PNorm = 38.8870, GNorm = 17.3084, lr_0 = 1.6366e-05
Loss = -8.9006e-03, PNorm = 38.8871, GNorm = 11.9321, lr_0 = 1.6210e-05
Loss = 9.7595e-03, PNorm = 38.8874, GNorm = 19.1433, lr_0 = 1.6054e-05
Loss = -4.7337e-02, PNorm = 38.8878, GNorm = 11.2441, lr_0 = 1.5901e-05
Loss = -3.4017e-02, PNorm = 38.8878, GNorm = 6.5123, lr_0 = 1.5748e-05
Loss = -1.4158e-02, PNorm = 38.8880, GNorm = 13.4552, lr_0 = 1.5598e-05
Loss = -3.1816e-02, PNorm = 38.8882, GNorm = 7.7340, lr_0 = 1.5448e-05
Loss = -4.9344e-02, PNorm = 38.8883, GNorm = 18.5631, lr_0 = 1.5300e-05
Loss = -1.5084e-02, PNorm = 38.8883, GNorm = 31.0150, lr_0 = 1.5154e-05
Validation rmse = 0.013470
Epoch 37
Loss = -9.2803e-02, PNorm = 38.8883, GNorm = 13.8498, lr_0 = 1.4994e-05
Loss = 9.3395e-03, PNorm = 38.8884, GNorm = 35.7725, lr_0 = 1.4851e-05
Loss = -1.8188e-02, PNorm = 38.8883, GNorm = 11.0334, lr_0 = 1.4708e-05
Loss = -7.8103e-02, PNorm = 38.8885, GNorm = 16.6959, lr_0 = 1.4568e-05
Loss = 3.9876e-02, PNorm = 38.8885, GNorm = 11.1027, lr_0 = 1.4428e-05
Loss = -1.2441e-02, PNorm = 38.8885, GNorm = 15.2858, lr_0 = 1.4290e-05
Loss = 6.5115e-03, PNorm = 38.8886, GNorm = 7.6817, lr_0 = 1.4153e-05
Loss = 8.9625e-02, PNorm = 38.8887, GNorm = 8.3027, lr_0 = 1.4018e-05
Loss = -2.5421e-02, PNorm = 38.8889, GNorm = 21.5506, lr_0 = 1.3883e-05
Loss = 4.2179e-02, PNorm = 38.8891, GNorm = 22.0849, lr_0 = 1.3750e-05
Loss = 2.4326e-03, PNorm = 38.8892, GNorm = 15.2399, lr_0 = 1.3619e-05
Loss = 1.2151e-02, PNorm = 38.8892, GNorm = 16.1428, lr_0 = 1.3488e-05
Loss = 2.7005e-02, PNorm = 38.8892, GNorm = 6.3513, lr_0 = 1.3359e-05
Loss = 2.2733e-02, PNorm = 38.8891, GNorm = 15.9494, lr_0 = 1.3231e-05
Loss = 3.2345e-02, PNorm = 38.8891, GNorm = 12.0539, lr_0 = 1.3105e-05
Validation rmse = 0.013726
Epoch 38
Loss = 5.2436e-03, PNorm = 38.8891, GNorm = 36.8501, lr_0 = 1.2967e-05
Loss = 1.2658e-02, PNorm = 38.8892, GNorm = 8.7265, lr_0 = 1.2842e-05
Loss = 8.9850e-02, PNorm = 38.8893, GNorm = 10.0998, lr_0 = 1.2719e-05
Loss = -1.1934e-03, PNorm = 38.8893, GNorm = 17.5805, lr_0 = 1.2598e-05
Loss = -2.4914e-03, PNorm = 38.8895, GNorm = 13.6562, lr_0 = 1.2477e-05
Loss = 3.6746e-02, PNorm = 38.8896, GNorm = 20.7002, lr_0 = 1.2358e-05
Loss = -1.4831e-02, PNorm = 38.8895, GNorm = 14.8362, lr_0 = 1.2239e-05
Loss = -6.7937e-03, PNorm = 38.8894, GNorm = 21.3348, lr_0 = 1.2122e-05
Loss = -2.5518e-02, PNorm = 38.8894, GNorm = 17.7872, lr_0 = 1.2006e-05
Loss = 5.7991e-03, PNorm = 38.8895, GNorm = 7.0657, lr_0 = 1.1891e-05
Loss = 5.8158e-03, PNorm = 38.8896, GNorm = 18.0695, lr_0 = 1.1777e-05
Loss = -8.3354e-02, PNorm = 38.8898, GNorm = 43.5878, lr_0 = 1.1664e-05
Loss = 1.9424e-02, PNorm = 38.8898, GNorm = 10.3550, lr_0 = 1.1553e-05
Loss = -2.8181e-02, PNorm = 38.8898, GNorm = 6.3206, lr_0 = 1.1442e-05
Loss = 1.1973e-02, PNorm = 38.8899, GNorm = 5.4476, lr_0 = 1.1332e-05
Loss = -1.8326e-03, PNorm = 38.8899, GNorm = 12.0462, lr_0 = 1.1224e-05
Validation rmse = 0.013561
Epoch 39
Loss = 6.4178e-04, PNorm = 38.8898, GNorm = 33.8794, lr_0 = 1.1106e-05
Loss = 1.7373e-02, PNorm = 38.8899, GNorm = 13.8465, lr_0 = 1.0999e-05
Loss = 1.3820e-03, PNorm = 38.8900, GNorm = 32.7772, lr_0 = 1.0894e-05
Loss = 2.0486e-02, PNorm = 38.8900, GNorm = 9.8803, lr_0 = 1.0790e-05
Loss = -6.6290e-02, PNorm = 38.8901, GNorm = 10.3895, lr_0 = 1.0686e-05
Loss = -3.8926e-02, PNorm = 38.8901, GNorm = 13.4791, lr_0 = 1.0584e-05
Loss = -2.9842e-02, PNorm = 38.8901, GNorm = 17.3761, lr_0 = 1.0483e-05
Loss = 8.9243e-03, PNorm = 38.8900, GNorm = 31.3144, lr_0 = 1.0382e-05
Loss = 1.1478e-04, PNorm = 38.8901, GNorm = 16.4019, lr_0 = 1.0283e-05
Loss = 4.1540e-02, PNorm = 38.8903, GNorm = 40.5074, lr_0 = 1.0184e-05
Loss = 3.2490e-02, PNorm = 38.8904, GNorm = 7.6580, lr_0 = 1.0087e-05
Loss = 1.0802e-02, PNorm = 38.8906, GNorm = 7.9979, lr_0 = 1.0000e-05
Loss = -2.9271e-02, PNorm = 38.8906, GNorm = 41.1897, lr_0 = 1.0000e-05
Loss = -1.5823e-02, PNorm = 38.8907, GNorm = 5.9232, lr_0 = 1.0000e-05
Loss = -2.6013e-03, PNorm = 38.8908, GNorm = 7.9465, lr_0 = 1.0000e-05
Loss = -3.2957e-02, PNorm = 38.8907, GNorm = 25.2071, lr_0 = 1.0000e-05
Validation rmse = 0.013504
Model 0 best validation rmse = 0.013470 on epoch 36
Loading pretrained parameter "encoder.encoder.0.cached_zero_vector".
Loading pretrained parameter "encoder.encoder.0.act_func.weight".
Loading pretrained parameter "encoder.encoder.0.W_i.weight".
Loading pretrained parameter "encoder.encoder.0.W_h.weight".
Loading pretrained parameter "encoder.encoder.0.W_o.weight".
Loading pretrained parameter "encoder.encoder.0.W_o.bias".
Loading pretrained parameter "ffn.1.weight".
Loading pretrained parameter "ffn.1.bias".
Loading pretrained parameter "ffn.2.weight".
Loading pretrained parameter "ffn.4.weight".
Loading pretrained parameter "ffn.4.bias".
Moving model to cuda
Model 0 test rmse = 0.014951
Ensemble test rmse = 0.014951
1-fold cross validation
	Seed 0 ==> test rmse = 0.014951
Overall test rmse = 0.014951 +/- 0.000000
Elapsed time = 0:14:02
