Command line
python /home/lungyi/anaconda3/envs/uncmoo/bin/chemprop_train --smiles_columns smiles --data_path guacamol_benchmark/guacamol_dataset/guacamol_sample_train.csv --separate_val_path guacamol_benchmark/guacamol_dataset/guacamol_sample_valid.csv --separate_test_path guacamol_benchmark/guacamol_dataset/guacamol_sample_test.csv --dataset_type regression --num_workers 1 --target_columns tpsa --save_dir chemprop_unc/save_models/guacamol/tpsa/trial_24 --warmup_epochs 2 --epochs 40 --max_lr 3e-3 --init_lr 1e-4 --batch_size 64 --final_lr 1e-5 --dropout 0 --hidden_size 300 --ffn_num_layers 2 --save_preds --aggregation sum --activation PReLU --gpu 0 --loss_function evidential --evidential_regularization 0.005
Args
{'activation': 'PReLU',
 'adding_h': False,
 'aggregation': 'sum',
 'aggregation_norm': 100,
 'atom_descriptor_scaling': True,
 'atom_descriptors': None,
 'atom_descriptors_path': None,
 'atom_descriptors_size': 0,
 'atom_features_size': 0,
 'atom_messages': False,
 'batch_size': 64,
 'bias': False,
 'bias_solvent': False,
 'bond_feature_scaling': True,
 'bond_features_path': None,
 'bond_features_size': 0,
 'cache_cutoff': 10000,
 'checkpoint_dir': None,
 'checkpoint_frzn': None,
 'checkpoint_path': None,
 'checkpoint_paths': None,
 'class_balance': False,
 'config_path': None,
 'crossval_index_dir': None,
 'crossval_index_file': None,
 'crossval_index_sets': None,
 'cuda': True,
 'data_path': 'guacamol_benchmark/guacamol_dataset/guacamol_sample_train.csv',
 'data_weights_path': None,
 'dataset_type': 'regression',
 'depth': 3,
 'depth_solvent': 3,
 'device': device(type='cuda', index=0),
 'dropout': 0.0,
 'empty_cache': False,
 'ensemble_size': 1,
 'epochs': 40,
 'evidential_regularization': 0.005,
 'explicit_h': False,
 'extra_metrics': [],
 'features_generator': None,
 'features_only': False,
 'features_path': None,
 'features_scaling': True,
 'features_size': None,
 'ffn_hidden_size': 300,
 'ffn_num_layers': 2,
 'final_lr': 1e-05,
 'folds_file': None,
 'freeze_first_only': False,
 'frzn_ffn_layers': 0,
 'gpu': 0,
 'grad_clip': None,
 'hidden_size': 300,
 'hidden_size_solvent': 300,
 'ignore_columns': None,
 'init_lr': 0.0001,
 'log_frequency': 10,
 'loss_function': 'evidential',
 'max_data_size': None,
 'max_lr': 0.003,
 'metric': 'rmse',
 'metrics': ['rmse'],
 'minimize_score': True,
 'mpn_shared': False,
 'multiclass_num_classes': 3,
 'no_atom_descriptor_scaling': False,
 'no_bond_features_scaling': False,
 'no_cache_mol': False,
 'no_cuda': False,
 'no_features_scaling': False,
 'num_folds': 1,
 'num_lrs': 1,
 'num_tasks': 1,
 'num_workers': 1,
 'number_of_molecules': 1,
 'overwrite_default_atom_features': False,
 'overwrite_default_bond_features': False,
 'phase_features_path': None,
 'pytorch_seed': 0,
 'quiet': False,
 'reaction': False,
 'reaction_mode': 'reac_diff',
 'reaction_solvent': False,
 'resume_experiment': False,
 'save_dir': 'chemprop_unc/save_models/guacamol/tpsa/trial_24',
 'save_preds': True,
 'save_smiles_splits': False,
 'seed': 0,
 'separate_test_atom_descriptors_path': None,
 'separate_test_bond_features_path': None,
 'separate_test_features_path': None,
 'separate_test_path': 'guacamol_benchmark/guacamol_dataset/guacamol_sample_test.csv',
 'separate_test_phase_features_path': None,
 'separate_val_atom_descriptors_path': None,
 'separate_val_bond_features_path': None,
 'separate_val_features_path': None,
 'separate_val_path': 'guacamol_benchmark/guacamol_dataset/guacamol_sample_valid.csv',
 'separate_val_phase_features_path': None,
 'show_individual_scores': False,
 'smiles_columns': ['smiles'],
 'spectra_activation': 'exp',
 'spectra_phase_mask_path': None,
 'spectra_target_floor': 1e-08,
 'split_key_molecule': 0,
 'split_sizes': [1.0, 0.0, 0.0],
 'split_type': 'random',
 'target_columns': ['tpsa'],
 'target_weights': None,
 'task_names': ['tpsa'],
 'test': False,
 'test_fold_index': None,
 'train_data_size': None,
 'undirected': False,
 'use_input_features': False,
 'val_fold_index': None,
 'warmup_epochs': 2.0}
Setting molecule featurization parameters to default.
Loading data
Number of tasks = 1
Fold 0
Splitting data with seed 0
Total size = 10,000 | train size = 10,000 | val size = 2,000 | test size = 10,000
Fitting scaler
Building model 0
MoleculeModel(
  (softplus): Softplus(beta=1, threshold=20)
  (encoder): MPN(
    (encoder): ModuleList(
      (0): MPNEncoder(
        (dropout_layer): Dropout(p=0.0, inplace=False)
        (act_func): PReLU(num_parameters=1)
        (W_i): Linear(in_features=147, out_features=300, bias=False)
        (W_h): Linear(in_features=300, out_features=300, bias=False)
        (W_o): Linear(in_features=433, out_features=300, bias=True)
      )
    )
  )
  (ffn): Sequential(
    (0): Dropout(p=0.0, inplace=False)
    (1): Linear(in_features=300, out_features=300, bias=True)
    (2): PReLU(num_parameters=1)
    (3): Dropout(p=0.0, inplace=False)
    (4): Linear(in_features=300, out_features=4, bias=True)
  )
)
Number of parameters = 356,106
Moving model to cuda
Epoch 0
Loss = 1.3183e+01, PNorm = 34.0501, GNorm = 86.0644, lr_0 = 2.0224e-04
Loss = 3.8900e+00, PNorm = 34.0533, GNorm = 65.5004, lr_0 = 2.9519e-04
Loss = 3.6962e+00, PNorm = 34.0528, GNorm = 34.7042, lr_0 = 3.8814e-04
Loss = 3.2358e+00, PNorm = 34.0531, GNorm = 21.8485, lr_0 = 4.8109e-04
Loss = 3.0130e+00, PNorm = 34.0534, GNorm = 16.6058, lr_0 = 5.7404e-04
Loss = 2.7908e+00, PNorm = 34.0556, GNorm = 17.2007, lr_0 = 6.6699e-04
Loss = 3.6701e+00, PNorm = 34.0600, GNorm = 73.1290, lr_0 = 7.5994e-04
Loss = 5.6349e+00, PNorm = 34.0689, GNorm = 75.7038, lr_0 = 8.5288e-04
Loss = 3.9836e+00, PNorm = 34.0801, GNorm = 38.7320, lr_0 = 9.4583e-04
Loss = 3.1729e+00, PNorm = 34.0865, GNorm = 7.7162, lr_0 = 1.0388e-03
Loss = 2.9356e+00, PNorm = 34.0917, GNorm = 8.9094, lr_0 = 1.1317e-03
Loss = 2.7275e+00, PNorm = 34.0996, GNorm = 10.4571, lr_0 = 1.2247e-03
Loss = 2.6253e+00, PNorm = 34.1088, GNorm = 56.2190, lr_0 = 1.3176e-03
Loss = 2.5094e+00, PNorm = 34.1181, GNorm = 8.0165, lr_0 = 1.4106e-03
Loss = 2.2463e+00, PNorm = 34.1371, GNorm = 19.8642, lr_0 = 1.5035e-03
Validation rmse = 651.654579
Epoch 1
Loss = 4.6605e+00, PNorm = 34.2072, GNorm = 31.6773, lr_0 = 1.6058e-03
Loss = 3.3751e+00, PNorm = 34.2952, GNorm = 65.0734, lr_0 = 1.6987e-03
Loss = 2.9722e+00, PNorm = 34.3521, GNorm = 6.7630, lr_0 = 1.7917e-03
Loss = 3.9860e+00, PNorm = 34.3917, GNorm = 65.2041, lr_0 = 1.8846e-03
Loss = 3.4914e+00, PNorm = 34.4473, GNorm = 29.1672, lr_0 = 1.9776e-03
Loss = 3.1104e+00, PNorm = 34.5090, GNorm = 16.3916, lr_0 = 2.0705e-03
Loss = 2.8980e+00, PNorm = 34.5570, GNorm = 9.4168, lr_0 = 2.1635e-03
Loss = 2.8657e+00, PNorm = 34.6000, GNorm = 50.0069, lr_0 = 2.2564e-03
Loss = 2.7040e+00, PNorm = 34.6644, GNorm = 13.1994, lr_0 = 2.3494e-03
Loss = 2.6259e+00, PNorm = 34.7156, GNorm = 4.7173, lr_0 = 2.4423e-03
Loss = 2.2285e+00, PNorm = 34.7655, GNorm = 19.7389, lr_0 = 2.5353e-03
Loss = 2.5189e+00, PNorm = 34.7903, GNorm = 3.8232, lr_0 = 2.6282e-03
Loss = 2.4249e+00, PNorm = 34.8356, GNorm = 5.6904, lr_0 = 2.7212e-03
Loss = 2.1627e+00, PNorm = 34.8849, GNorm = 6.0162, lr_0 = 2.8141e-03
Loss = 1.8406e+00, PNorm = 34.9516, GNorm = 5.4947, lr_0 = 2.9071e-03
Loss = 1.4406e+00, PNorm = 35.0348, GNorm = 23.7801, lr_0 = 3.0000e-03
Validation rmse = 29.995407
Epoch 2
Loss = 1.1463e+00, PNorm = 35.0980, GNorm = 16.3260, lr_0 = 2.9684e-03
Loss = 1.0624e+00, PNorm = 35.1350, GNorm = 17.9921, lr_0 = 2.9400e-03
Loss = 8.6660e-01, PNorm = 35.1797, GNorm = 4.0564, lr_0 = 2.9118e-03
Loss = 6.4091e-01, PNorm = 35.2185, GNorm = 15.8781, lr_0 = 2.8840e-03
Loss = 5.3108e-01, PNorm = 35.2556, GNorm = 9.5614, lr_0 = 2.8563e-03
Loss = 7.7412e-01, PNorm = 35.2787, GNorm = 19.8023, lr_0 = 2.8290e-03
Loss = 5.4711e-01, PNorm = 35.3241, GNorm = 10.3479, lr_0 = 2.8019e-03
Loss = 7.4193e-01, PNorm = 35.3325, GNorm = 8.0864, lr_0 = 2.7751e-03
Loss = 5.1868e-01, PNorm = 35.3629, GNorm = 29.2743, lr_0 = 2.7485e-03
Loss = 4.9025e-01, PNorm = 35.3867, GNorm = 28.8960, lr_0 = 2.7222e-03
Loss = 3.4258e-01, PNorm = 35.4128, GNorm = 23.0742, lr_0 = 2.6961e-03
Loss = 3.0811e-01, PNorm = 35.4420, GNorm = 12.0750, lr_0 = 2.6703e-03
Loss = 2.1630e-01, PNorm = 35.4745, GNorm = 16.0912, lr_0 = 2.6447e-03
Loss = 1.6622e-01, PNorm = 35.4999, GNorm = 23.5217, lr_0 = 2.6194e-03
Loss = 4.8605e-02, PNorm = 35.5407, GNorm = 10.8498, lr_0 = 2.5943e-03
Validation rmse = 15.134551
Epoch 3
Loss = 6.9634e-01, PNorm = 35.5751, GNorm = 24.9851, lr_0 = 2.5670e-03
Loss = 3.3001e-01, PNorm = 35.6185, GNorm = 63.7079, lr_0 = 2.5424e-03
Loss = -1.6190e-01, PNorm = 35.6751, GNorm = 123.4681, lr_0 = 2.5181e-03
Loss = 3.7756e-01, PNorm = 35.6824, GNorm = 18.2621, lr_0 = 2.4940e-03
Loss = 1.7798e-02, PNorm = 35.7523, GNorm = 112.2698, lr_0 = 2.4701e-03
Loss = -2.9862e-01, PNorm = 35.8542, GNorm = 66.7146, lr_0 = 2.4464e-03
Loss = 7.7036e-01, PNorm = 35.8834, GNorm = 21.7028, lr_0 = 2.4230e-03
Loss = 8.6307e-01, PNorm = 35.9338, GNorm = 179.8624, lr_0 = 2.3998e-03
Loss = 7.8865e-01, PNorm = 36.0552, GNorm = 15.6074, lr_0 = 2.3768e-03
Loss = 5.2094e-01, PNorm = 36.1862, GNorm = 53.7583, lr_0 = 2.3541e-03
Loss = 1.8724e-01, PNorm = 36.3050, GNorm = 71.2397, lr_0 = 2.3315e-03
Loss = -1.3100e-01, PNorm = 36.4162, GNorm = 23.1827, lr_0 = 2.3092e-03
Loss = 1.0994e-01, PNorm = 36.4715, GNorm = 14.4560, lr_0 = 2.2871e-03
Loss = 2.9658e-02, PNorm = 36.5190, GNorm = 23.1125, lr_0 = 2.2652e-03
Loss = -4.4125e-01, PNorm = 36.5618, GNorm = 145.8476, lr_0 = 2.2435e-03
Loss = -4.4388e-01, PNorm = 36.5839, GNorm = 102.6326, lr_0 = 2.2220e-03
Validation rmse = 5.184405
Epoch 4
Loss = -4.5313e-01, PNorm = 36.6141, GNorm = 96.1528, lr_0 = 2.2007e-03
Loss = -5.5660e-01, PNorm = 36.6412, GNorm = 173.2362, lr_0 = 2.1797e-03
Loss = -2.6917e-01, PNorm = 36.6384, GNorm = 63.9005, lr_0 = 2.1588e-03
Loss = -3.6819e-01, PNorm = 36.6566, GNorm = 43.5769, lr_0 = 2.1381e-03
Loss = -7.1105e-01, PNorm = 36.6781, GNorm = 121.9151, lr_0 = 2.1176e-03
Loss = -6.5668e-01, PNorm = 36.6847, GNorm = 54.9998, lr_0 = 2.0974e-03
Loss = -7.9845e-01, PNorm = 36.7079, GNorm = 109.4581, lr_0 = 2.0773e-03
Loss = -7.3709e-01, PNorm = 36.7167, GNorm = 96.7728, lr_0 = 2.0574e-03
Loss = -8.5240e-01, PNorm = 36.7317, GNorm = 34.1780, lr_0 = 2.0377e-03
Loss = -7.7523e-01, PNorm = 36.7478, GNorm = 245.1898, lr_0 = 2.0182e-03
Loss = -3.2515e-01, PNorm = 36.7446, GNorm = 55.0481, lr_0 = 1.9989e-03
Loss = -4.6764e-01, PNorm = 36.7456, GNorm = 49.0267, lr_0 = 1.9797e-03
Loss = -1.0308e+00, PNorm = 36.7615, GNorm = 232.5619, lr_0 = 1.9608e-03
Loss = -1.7944e-01, PNorm = 36.7483, GNorm = 111.3585, lr_0 = 1.9420e-03
Loss = -5.8879e-01, PNorm = 36.7617, GNorm = 32.5343, lr_0 = 1.9234e-03
Loss = -8.3375e-01, PNorm = 36.7836, GNorm = 139.7126, lr_0 = 1.9050e-03
Validation rmse = 2.473304
Epoch 5
Loss = -1.0568e+00, PNorm = 36.7957, GNorm = 184.2182, lr_0 = 1.8849e-03
Loss = -7.5365e-01, PNorm = 36.8046, GNorm = 64.6844, lr_0 = 1.8669e-03
Loss = -1.0864e+00, PNorm = 36.8052, GNorm = 46.2767, lr_0 = 1.8490e-03
Loss = -1.2393e+00, PNorm = 36.8140, GNorm = 130.4096, lr_0 = 1.8313e-03
Loss = -1.2274e+00, PNorm = 36.8184, GNorm = 98.4110, lr_0 = 1.8137e-03
Loss = -1.1710e+00, PNorm = 36.8279, GNorm = 270.4142, lr_0 = 1.7964e-03
Loss = -1.7672e-01, PNorm = 36.8278, GNorm = 6.7572, lr_0 = 1.7792e-03
Loss = -4.0602e-01, PNorm = 36.8485, GNorm = 27.7888, lr_0 = 1.7621e-03
Loss = -7.6373e-01, PNorm = 36.8960, GNorm = 41.5977, lr_0 = 1.7453e-03
Loss = -1.2490e+00, PNorm = 36.9307, GNorm = 66.9422, lr_0 = 1.7286e-03
Loss = -7.3095e-01, PNorm = 36.9385, GNorm = 104.0740, lr_0 = 1.7120e-03
Loss = -9.3302e-01, PNorm = 36.9245, GNorm = 60.7700, lr_0 = 1.6956e-03
Loss = -1.3295e+00, PNorm = 36.9220, GNorm = 77.6449, lr_0 = 1.6794e-03
Loss = -1.4716e+00, PNorm = 36.9272, GNorm = 88.0538, lr_0 = 1.6633e-03
Loss = -1.4728e+00, PNorm = 36.9304, GNorm = 80.1778, lr_0 = 1.6474e-03
Validation rmse = 3.065530
Epoch 6
Loss = -1.1182e+00, PNorm = 36.9352, GNorm = 171.3463, lr_0 = 1.6300e-03
Loss = -1.4548e+00, PNorm = 36.9447, GNorm = 32.3702, lr_0 = 1.6144e-03
Loss = -1.3474e+00, PNorm = 36.9481, GNorm = 233.6169, lr_0 = 1.5990e-03
Loss = -1.0410e+00, PNorm = 36.9461, GNorm = 86.4079, lr_0 = 1.5836e-03
Loss = -1.3909e+00, PNorm = 36.9513, GNorm = 90.3267, lr_0 = 1.5685e-03
Loss = -1.7175e+00, PNorm = 36.9608, GNorm = 145.9116, lr_0 = 1.5535e-03
Loss = -8.1236e-01, PNorm = 36.9654, GNorm = 245.2549, lr_0 = 1.5386e-03
Loss = -6.2834e-01, PNorm = 36.9663, GNorm = 41.1591, lr_0 = 1.5238e-03
Loss = -8.5942e-01, PNorm = 36.9732, GNorm = 30.2153, lr_0 = 1.5093e-03
Loss = -1.1176e+00, PNorm = 36.9857, GNorm = 25.5213, lr_0 = 1.4948e-03
Loss = -1.4609e+00, PNorm = 37.0014, GNorm = 36.9904, lr_0 = 1.4805e-03
Loss = -1.6216e+00, PNorm = 37.0174, GNorm = 223.8415, lr_0 = 1.4663e-03
Loss = -9.1068e-01, PNorm = 37.0089, GNorm = 106.0163, lr_0 = 1.4523e-03
Loss = -1.4905e+00, PNorm = 37.0066, GNorm = 20.9391, lr_0 = 1.4384e-03
Loss = -1.7481e+00, PNorm = 37.0159, GNorm = 158.2500, lr_0 = 1.4246e-03
Loss = -1.7324e+00, PNorm = 37.0249, GNorm = 306.7396, lr_0 = 1.4110e-03
Validation rmse = 1.548357
Epoch 7
Loss = -8.2172e-01, PNorm = 37.0210, GNorm = 41.7013, lr_0 = 1.3961e-03
Loss = -1.1278e+00, PNorm = 37.0231, GNorm = 101.7604, lr_0 = 1.3827e-03
Loss = -1.4046e+00, PNorm = 37.0305, GNorm = 91.8226, lr_0 = 1.3695e-03
Loss = -1.7914e+00, PNorm = 37.0505, GNorm = 35.6419, lr_0 = 1.3564e-03
Loss = -1.6473e+00, PNorm = 37.0625, GNorm = 187.9054, lr_0 = 1.3434e-03
Loss = -1.3616e+00, PNorm = 37.0452, GNorm = 138.1993, lr_0 = 1.3305e-03
Loss = -1.5136e+00, PNorm = 37.0349, GNorm = 141.0353, lr_0 = 1.3178e-03
Loss = -1.8229e+00, PNorm = 37.0390, GNorm = 23.1988, lr_0 = 1.3052e-03
Loss = -1.5325e+00, PNorm = 37.0515, GNorm = 354.3634, lr_0 = 1.2927e-03
Loss = -8.8863e-01, PNorm = 37.0520, GNorm = 90.3657, lr_0 = 1.2803e-03
Loss = -1.3048e+00, PNorm = 37.0545, GNorm = 95.1889, lr_0 = 1.2680e-03
Loss = -1.5641e+00, PNorm = 37.0591, GNorm = 70.2507, lr_0 = 1.2559e-03
Loss = -1.9154e+00, PNorm = 37.0699, GNorm = 43.3301, lr_0 = 1.2439e-03
Loss = -2.0507e+00, PNorm = 37.0765, GNorm = 28.1235, lr_0 = 1.2320e-03
Loss = -2.1623e+00, PNorm = 37.0846, GNorm = 472.7326, lr_0 = 1.2202e-03
Loss = -2.0747e+00, PNorm = 37.0866, GNorm = 159.7545, lr_0 = 1.2085e-03
Validation rmse = 0.723260
Epoch 8
Loss = -2.3152e+00, PNorm = 37.0932, GNorm = 69.6815, lr_0 = 1.1969e-03
Loss = -9.7343e-01, PNorm = 37.0949, GNorm = 312.5185, lr_0 = 1.1854e-03
Loss = -1.1072e+00, PNorm = 37.0843, GNorm = 62.0589, lr_0 = 1.1741e-03
Loss = -1.5409e+00, PNorm = 37.0674, GNorm = 60.6535, lr_0 = 1.1628e-03
Loss = -2.0312e+00, PNorm = 37.0705, GNorm = 117.6751, lr_0 = 1.1517e-03
Loss = -2.3399e+00, PNorm = 37.0780, GNorm = 540.8620, lr_0 = 1.1407e-03
Loss = -1.7995e+00, PNorm = 37.0858, GNorm = 497.7814, lr_0 = 1.1298e-03
Loss = -1.3632e+00, PNorm = 37.0842, GNorm = 282.4292, lr_0 = 1.1189e-03
Loss = -1.6321e+00, PNorm = 37.0838, GNorm = 166.2499, lr_0 = 1.1082e-03
Loss = -1.9071e+00, PNorm = 37.0862, GNorm = 131.8199, lr_0 = 1.0976e-03
Loss = -2.2207e+00, PNorm = 37.0943, GNorm = 171.3719, lr_0 = 1.0871e-03
Loss = -2.0107e+00, PNorm = 37.1015, GNorm = 524.2433, lr_0 = 1.0767e-03
Loss = -1.9312e+00, PNorm = 37.1030, GNorm = 228.9078, lr_0 = 1.0664e-03
Loss = -2.0942e+00, PNorm = 37.1084, GNorm = 121.3937, lr_0 = 1.0562e-03
Loss = -2.3146e+00, PNorm = 37.1152, GNorm = 175.7642, lr_0 = 1.0461e-03
Validation rmse = 1.164968
Epoch 9
Loss = -1.9487e+00, PNorm = 37.1244, GNorm = 46.1869, lr_0 = 1.0350e-03
Loss = -1.9935e+00, PNorm = 37.1270, GNorm = 230.3984, lr_0 = 1.0251e-03
Loss = -2.2815e+00, PNorm = 37.1305, GNorm = 191.3359, lr_0 = 1.0153e-03
Loss = -2.5364e+00, PNorm = 37.1359, GNorm = 372.1068, lr_0 = 1.0056e-03
Loss = -2.4452e+00, PNorm = 37.1413, GNorm = 465.0019, lr_0 = 9.9597e-04
Loss = -1.5310e+00, PNorm = 37.1436, GNorm = 513.8382, lr_0 = 9.8643e-04
Loss = -1.4927e+00, PNorm = 37.1403, GNorm = 250.3591, lr_0 = 9.7698e-04
Loss = -1.8733e+00, PNorm = 37.1419, GNorm = 77.1017, lr_0 = 9.6763e-04
Loss = -2.0514e+00, PNorm = 37.1436, GNorm = 115.2630, lr_0 = 9.5836e-04
Loss = -2.3813e+00, PNorm = 37.1466, GNorm = 144.4813, lr_0 = 9.4919e-04
Loss = -2.4183e+00, PNorm = 37.1533, GNorm = 491.0598, lr_0 = 9.4010e-04
Loss = -2.6071e+00, PNorm = 37.1576, GNorm = 51.6164, lr_0 = 9.3109e-04
Loss = -2.7405e+00, PNorm = 37.1646, GNorm = 535.3187, lr_0 = 9.2218e-04
Loss = -2.4764e+00, PNorm = 37.1686, GNorm = 74.3016, lr_0 = 9.1335e-04
Loss = -2.6067e+00, PNorm = 37.1746, GNorm = 145.7454, lr_0 = 9.0460e-04
Loss = -2.5198e+00, PNorm = 37.1785, GNorm = 561.3175, lr_0 = 8.9594e-04
Validation rmse = 0.785723
Epoch 10
Loss = -2.5472e+00, PNorm = 37.1799, GNorm = 49.9404, lr_0 = 8.8651e-04
Loss = -2.6627e+00, PNorm = 37.1840, GNorm = 273.9109, lr_0 = 8.7802e-04
Loss = -2.4703e+00, PNorm = 37.1856, GNorm = 184.2077, lr_0 = 8.6961e-04
Loss = -2.7981e+00, PNorm = 37.1897, GNorm = 339.9909, lr_0 = 8.6128e-04
Loss = -2.5707e+00, PNorm = 37.1949, GNorm = 64.1870, lr_0 = 8.5304e-04
Loss = -2.1214e+00, PNorm = 37.1964, GNorm = 503.2853, lr_0 = 8.4487e-04
Loss = -2.3773e+00, PNorm = 37.1951, GNorm = 277.0330, lr_0 = 8.3678e-04
Loss = -2.6247e+00, PNorm = 37.1962, GNorm = 59.9453, lr_0 = 8.2877e-04
Loss = -2.7322e+00, PNorm = 37.2008, GNorm = 197.8312, lr_0 = 8.2083e-04
Loss = -2.7077e+00, PNorm = 37.2068, GNorm = 905.1359, lr_0 = 8.1297e-04
Loss = -2.7699e+00, PNorm = 37.2078, GNorm = 180.8254, lr_0 = 8.0519e-04
Loss = -2.9259e+00, PNorm = 37.2113, GNorm = 210.4536, lr_0 = 7.9747e-04
Loss = -2.6252e+00, PNorm = 37.2146, GNorm = 666.7634, lr_0 = 7.8984e-04
Loss = -2.8625e+00, PNorm = 37.2175, GNorm = 427.2155, lr_0 = 7.8228e-04
Loss = -2.6246e+00, PNorm = 37.2213, GNorm = 212.0377, lr_0 = 7.7478e-04
Validation rmse = 0.780723
Epoch 11
Loss = -2.7370e+00, PNorm = 37.2254, GNorm = 194.5307, lr_0 = 7.6663e-04
Loss = -2.7983e+00, PNorm = 37.2279, GNorm = 269.5504, lr_0 = 7.5929e-04
Loss = -2.9135e+00, PNorm = 37.2315, GNorm = 238.6378, lr_0 = 7.5202e-04
Loss = -2.8560e+00, PNorm = 37.2375, GNorm = 422.2493, lr_0 = 7.4482e-04
Loss = -2.9023e+00, PNorm = 37.2387, GNorm = 455.2415, lr_0 = 7.3768e-04
Loss = -2.9093e+00, PNorm = 37.2422, GNorm = 78.2779, lr_0 = 7.3062e-04
Loss = -2.1759e+00, PNorm = 37.2415, GNorm = 802.3382, lr_0 = 7.2362e-04
Loss = -1.6678e+00, PNorm = 37.2335, GNorm = 499.6854, lr_0 = 7.1669e-04
Loss = -2.2949e+00, PNorm = 37.2300, GNorm = 229.8670, lr_0 = 7.0983e-04
Loss = -2.4498e+00, PNorm = 37.2298, GNorm = 370.3442, lr_0 = 7.0303e-04
Loss = -2.7105e+00, PNorm = 37.2325, GNorm = 115.8576, lr_0 = 6.9630e-04
Loss = -2.8532e+00, PNorm = 37.2401, GNorm = 469.6879, lr_0 = 6.8963e-04
Loss = -2.9441e+00, PNorm = 37.2451, GNorm = 387.7988, lr_0 = 6.8303e-04
Loss = -3.1308e+00, PNorm = 37.2533, GNorm = 241.0988, lr_0 = 6.7649e-04
Loss = -2.7055e+00, PNorm = 37.2561, GNorm = 610.7249, lr_0 = 6.7001e-04
Loss = -2.7567e+00, PNorm = 37.2578, GNorm = 233.6051, lr_0 = 6.6360e-04
Validation rmse = 0.519564
Epoch 12
Loss = -2.8883e+00, PNorm = 37.2611, GNorm = 808.4851, lr_0 = 6.5724e-04
Loss = -3.1907e+00, PNorm = 37.2619, GNorm = 161.9181, lr_0 = 6.5095e-04
Loss = -3.0211e+00, PNorm = 37.2656, GNorm = 241.8753, lr_0 = 6.4472e-04
Loss = -2.9557e+00, PNorm = 37.2695, GNorm = 648.7670, lr_0 = 6.3854e-04
Loss = -3.1229e+00, PNorm = 37.2738, GNorm = 539.3414, lr_0 = 6.3243e-04
Loss = -3.1256e+00, PNorm = 37.2774, GNorm = 457.7201, lr_0 = 6.2637e-04
Loss = -3.2756e+00, PNorm = 37.2830, GNorm = 852.7692, lr_0 = 6.2037e-04
Loss = -2.9017e+00, PNorm = 37.2845, GNorm = 251.8217, lr_0 = 6.1443e-04
Loss = -3.3249e+00, PNorm = 37.2883, GNorm = 210.5785, lr_0 = 6.0855e-04
Loss = -2.9165e+00, PNorm = 37.2885, GNorm = 410.2819, lr_0 = 6.0272e-04
Loss = -3.0702e+00, PNorm = 37.2893, GNorm = 406.2446, lr_0 = 5.9695e-04
Loss = -3.1560e+00, PNorm = 37.2911, GNorm = 225.5059, lr_0 = 5.9124e-04
Loss = -3.0586e+00, PNorm = 37.2921, GNorm = 223.0034, lr_0 = 5.8557e-04
Loss = -2.3661e+00, PNorm = 37.2897, GNorm = 636.1425, lr_0 = 5.7997e-04
Loss = -2.8533e+00, PNorm = 37.2877, GNorm = 262.8357, lr_0 = 5.7441e-04
Loss = -3.1174e+00, PNorm = 37.2898, GNorm = 292.5820, lr_0 = 5.6891e-04
Validation rmse = 0.428810
Epoch 13
Loss = -3.1784e+00, PNorm = 37.2943, GNorm = 682.7897, lr_0 = 5.6292e-04
Loss = -3.1825e+00, PNorm = 37.2963, GNorm = 1107.9183, lr_0 = 5.5753e-04
Loss = -3.0258e+00, PNorm = 37.2977, GNorm = 617.9325, lr_0 = 5.5219e-04
Loss = -3.1190e+00, PNorm = 37.2995, GNorm = 881.2772, lr_0 = 5.4691e-04
Loss = -3.2451e+00, PNorm = 37.3026, GNorm = 1012.5993, lr_0 = 5.4167e-04
Loss = -2.5408e+00, PNorm = 37.3007, GNorm = 806.8949, lr_0 = 5.3648e-04
Loss = -2.4434e+00, PNorm = 37.2976, GNorm = 346.9006, lr_0 = 5.3135e-04
Loss = -2.8740e+00, PNorm = 37.2957, GNorm = 137.5640, lr_0 = 5.2626e-04
Loss = -3.2167e+00, PNorm = 37.2976, GNorm = 426.1592, lr_0 = 5.2122e-04
Loss = -3.1921e+00, PNorm = 37.3010, GNorm = 1146.6801, lr_0 = 5.1623e-04
Loss = -3.2126e+00, PNorm = 37.3023, GNorm = 341.2830, lr_0 = 5.1128e-04
Loss = -3.3250e+00, PNorm = 37.3050, GNorm = 736.4653, lr_0 = 5.0639e-04
Loss = -3.4202e+00, PNorm = 37.3092, GNorm = 260.3729, lr_0 = 5.0154e-04
Loss = -3.2400e+00, PNorm = 37.3116, GNorm = 595.6083, lr_0 = 4.9674e-04
Loss = -3.2372e+00, PNorm = 37.3129, GNorm = 169.3047, lr_0 = 4.9198e-04
Validation rmse = 0.355140
Epoch 14
Loss = -3.3655e+00, PNorm = 37.3146, GNorm = 92.3986, lr_0 = 4.8680e-04
Loss = -3.4503e+00, PNorm = 37.3176, GNorm = 519.5359, lr_0 = 4.8214e-04
Loss = -3.0480e+00, PNorm = 37.3179, GNorm = 1112.1969, lr_0 = 4.7752e-04
Loss = -3.0951e+00, PNorm = 37.3178, GNorm = 155.5209, lr_0 = 4.7295e-04
Loss = -3.3427e+00, PNorm = 37.3197, GNorm = 294.6852, lr_0 = 4.6842e-04
Loss = -3.5800e+00, PNorm = 37.3239, GNorm = 1160.0527, lr_0 = 4.6394e-04
Loss = -2.9867e+00, PNorm = 37.3253, GNorm = 1603.8697, lr_0 = 4.5949e-04
Loss = -2.5734e+00, PNorm = 37.3230, GNorm = 887.0715, lr_0 = 4.5509e-04
Loss = -3.0133e+00, PNorm = 37.3213, GNorm = 72.2367, lr_0 = 4.5074e-04
Loss = -3.2567e+00, PNorm = 37.3222, GNorm = 58.8859, lr_0 = 4.4642e-04
Loss = -3.6248e+00, PNorm = 37.3249, GNorm = 121.3688, lr_0 = 4.4214e-04
Loss = -3.3476e+00, PNorm = 37.3269, GNorm = 140.7529, lr_0 = 4.3791e-04
Loss = -3.6375e+00, PNorm = 37.3292, GNorm = 411.5871, lr_0 = 4.3372e-04
Loss = -3.5352e+00, PNorm = 37.3327, GNorm = 676.3226, lr_0 = 4.2956e-04
Loss = -3.3840e+00, PNorm = 37.3347, GNorm = 351.1130, lr_0 = 4.2545e-04
Loss = -3.4849e+00, PNorm = 37.3368, GNorm = 116.5346, lr_0 = 4.2138e-04
Validation rmse = 0.443056
Epoch 15
Loss = -3.3556e+00, PNorm = 37.3389, GNorm = 930.9703, lr_0 = 4.1694e-04
Loss = -3.6804e+00, PNorm = 37.3409, GNorm = 631.4199, lr_0 = 4.1295e-04
Loss = -3.6550e+00, PNorm = 37.3433, GNorm = 1302.3278, lr_0 = 4.0899e-04
Loss = -3.6039e+00, PNorm = 37.3448, GNorm = 1165.9585, lr_0 = 4.0508e-04
Loss = -3.1246e+00, PNorm = 37.3457, GNorm = 1782.8159, lr_0 = 4.0120e-04
Loss = -2.5672e+00, PNorm = 37.3426, GNorm = 1086.8836, lr_0 = 3.9736e-04
Loss = -3.1203e+00, PNorm = 37.3407, GNorm = 104.7289, lr_0 = 3.9355e-04
Loss = -3.3891e+00, PNorm = 37.3409, GNorm = 397.2838, lr_0 = 3.8978e-04
Loss = -3.6715e+00, PNorm = 37.3431, GNorm = 558.0583, lr_0 = 3.8605e-04
Loss = -3.6861e+00, PNorm = 37.3463, GNorm = 1168.4326, lr_0 = 3.8235e-04
Loss = -3.7156e+00, PNorm = 37.3487, GNorm = 494.4494, lr_0 = 3.7869e-04
Loss = -3.7157e+00, PNorm = 37.3521, GNorm = 492.6443, lr_0 = 3.7507e-04
Loss = -3.8254e+00, PNorm = 37.3552, GNorm = 1027.9641, lr_0 = 3.7148e-04
Loss = -3.4351e+00, PNorm = 37.3580, GNorm = 1263.9150, lr_0 = 3.6792e-04
Loss = -3.4682e+00, PNorm = 37.3598, GNorm = 353.8935, lr_0 = 3.6440e-04
Loss = -3.7202e+00, PNorm = 37.3624, GNorm = 1674.4331, lr_0 = 3.6091e-04
Validation rmse = 0.467289
Epoch 16
Loss = -3.6185e+00, PNorm = 37.3648, GNorm = 1393.8927, lr_0 = 3.5745e-04
Loss = -3.7668e+00, PNorm = 37.3669, GNorm = 382.9933, lr_0 = 3.5403e-04
Loss = -3.7023e+00, PNorm = 37.3684, GNorm = 1046.2152, lr_0 = 3.5064e-04
Loss = -3.8267e+00, PNorm = 37.3701, GNorm = 994.4037, lr_0 = 3.4728e-04
Loss = -3.5810e+00, PNorm = 37.3723, GNorm = 1654.3809, lr_0 = 3.4395e-04
Loss = -3.4022e+00, PNorm = 37.3723, GNorm = 686.6498, lr_0 = 3.4066e-04
Loss = -3.4365e+00, PNorm = 37.3725, GNorm = 849.9244, lr_0 = 3.3740e-04
Loss = -3.8114e+00, PNorm = 37.3741, GNorm = 462.5797, lr_0 = 3.3417e-04
Loss = -3.7577e+00, PNorm = 37.3765, GNorm = 1153.8448, lr_0 = 3.3097e-04
Loss = -3.7088e+00, PNorm = 37.3775, GNorm = 241.0397, lr_0 = 3.2780e-04
Loss = -3.0320e+00, PNorm = 37.3763, GNorm = 1171.4537, lr_0 = 3.2466e-04
Loss = -3.3405e+00, PNorm = 37.3755, GNorm = 977.1543, lr_0 = 3.2155e-04
Loss = -3.5147e+00, PNorm = 37.3754, GNorm = 960.3102, lr_0 = 3.1847e-04
Loss = -3.6712e+00, PNorm = 37.3766, GNorm = 114.6179, lr_0 = 3.1542e-04
Loss = -3.9293e+00, PNorm = 37.3791, GNorm = 215.4854, lr_0 = 3.1240e-04
Validation rmse = 0.274465
Epoch 17
Loss = -3.7914e+00, PNorm = 37.3814, GNorm = 1345.2457, lr_0 = 3.0911e-04
Loss = -3.9043e+00, PNorm = 37.3835, GNorm = 2135.1381, lr_0 = 3.0615e-04
Loss = -3.7787e+00, PNorm = 37.3846, GNorm = 451.5663, lr_0 = 3.0322e-04
Loss = -3.6513e+00, PNorm = 37.3860, GNorm = 1714.2217, lr_0 = 3.0032e-04
Loss = -3.7994e+00, PNorm = 37.3879, GNorm = 1264.5857, lr_0 = 2.9744e-04
Loss = -3.7559e+00, PNorm = 37.3899, GNorm = 1202.0330, lr_0 = 2.9459e-04
Loss = -3.9614e+00, PNorm = 37.3916, GNorm = 617.7304, lr_0 = 2.9177e-04
Loss = -3.9784e+00, PNorm = 37.3925, GNorm = 862.8774, lr_0 = 2.8898e-04
Loss = -3.6374e+00, PNorm = 37.3942, GNorm = 1120.1530, lr_0 = 2.8621e-04
Loss = -3.5514e+00, PNorm = 37.3951, GNorm = 2022.7042, lr_0 = 2.8347e-04
Loss = -3.5333e+00, PNorm = 37.3956, GNorm = 968.6813, lr_0 = 2.8076e-04
Loss = -3.8583e+00, PNorm = 37.3963, GNorm = 282.1919, lr_0 = 2.7807e-04
Loss = -3.9997e+00, PNorm = 37.3982, GNorm = 282.8166, lr_0 = 2.7541e-04
Loss = -4.0876e+00, PNorm = 37.4005, GNorm = 708.5131, lr_0 = 2.7277e-04
Loss = -3.6373e+00, PNorm = 37.4008, GNorm = 765.2509, lr_0 = 2.7016e-04
Loss = -4.1182e+00, PNorm = 37.4015, GNorm = 561.9894, lr_0 = 2.6757e-04
Validation rmse = 0.261177
Epoch 18
Loss = -3.8804e+00, PNorm = 37.4032, GNorm = 1465.7182, lr_0 = 2.6475e-04
Loss = -3.7471e+00, PNorm = 37.4036, GNorm = 212.9631, lr_0 = 2.6222e-04
Loss = -3.9300e+00, PNorm = 37.4050, GNorm = 550.0739, lr_0 = 2.5971e-04
Loss = -3.9324e+00, PNorm = 37.4061, GNorm = 239.3118, lr_0 = 2.5722e-04
Loss = -3.9532e+00, PNorm = 37.4072, GNorm = 685.7315, lr_0 = 2.5476e-04
Loss = -4.0622e+00, PNorm = 37.4095, GNorm = 2122.3619, lr_0 = 2.5232e-04
Loss = -3.8611e+00, PNorm = 37.4099, GNorm = 275.8880, lr_0 = 2.4990e-04
Loss = -4.1060e+00, PNorm = 37.4115, GNorm = 1069.6284, lr_0 = 2.4751e-04
Loss = -3.9974e+00, PNorm = 37.4131, GNorm = 691.6705, lr_0 = 2.4514e-04
Loss = -4.1837e+00, PNorm = 37.4145, GNorm = 688.2997, lr_0 = 2.4279e-04
Loss = -4.1417e+00, PNorm = 37.4170, GNorm = 518.4430, lr_0 = 2.4047e-04
Loss = -4.1497e+00, PNorm = 37.4187, GNorm = 1646.7318, lr_0 = 2.3816e-04
Loss = -3.9266e+00, PNorm = 37.4196, GNorm = 504.0297, lr_0 = 2.3588e-04
Loss = -4.1429e+00, PNorm = 37.4208, GNorm = 186.1917, lr_0 = 2.3362e-04
Loss = -4.0719e+00, PNorm = 37.4227, GNorm = 1996.8104, lr_0 = 2.3139e-04
Validation rmse = 0.367930
Epoch 19
Loss = -3.4876e+00, PNorm = 37.4220, GNorm = 571.1938, lr_0 = 2.2895e-04
Loss = -3.6792e+00, PNorm = 37.4212, GNorm = 1736.4482, lr_0 = 2.2676e-04
Loss = -3.7624e+00, PNorm = 37.4210, GNorm = 1317.5566, lr_0 = 2.2459e-04
Loss = -3.8958e+00, PNorm = 37.4216, GNorm = 640.8763, lr_0 = 2.2244e-04
Loss = -4.0067e+00, PNorm = 37.4230, GNorm = 1153.4504, lr_0 = 2.2031e-04
Loss = -3.7237e+00, PNorm = 37.4233, GNorm = 1021.7682, lr_0 = 2.1820e-04
Loss = -3.7227e+00, PNorm = 37.4232, GNorm = 1477.9763, lr_0 = 2.1611e-04
Loss = -4.0680e+00, PNorm = 37.4242, GNorm = 128.1205, lr_0 = 2.1404e-04
Loss = -4.1398e+00, PNorm = 37.4260, GNorm = 830.3790, lr_0 = 2.1199e-04
Loss = -4.1991e+00, PNorm = 37.4280, GNorm = 372.9993, lr_0 = 2.0996e-04
Loss = -4.0734e+00, PNorm = 37.4290, GNorm = 937.5721, lr_0 = 2.0795e-04
Loss = -4.0572e+00, PNorm = 37.4297, GNorm = 273.6852, lr_0 = 2.0596e-04
Loss = -4.1913e+00, PNorm = 37.4305, GNorm = 210.4532, lr_0 = 2.0398e-04
Loss = -4.3129e+00, PNorm = 37.4325, GNorm = 1878.8588, lr_0 = 2.0203e-04
Loss = -4.1875e+00, PNorm = 37.4341, GNorm = 223.7937, lr_0 = 2.0010e-04
Loss = -4.1551e+00, PNorm = 37.4355, GNorm = 1922.4618, lr_0 = 1.9818e-04
Validation rmse = 0.251654
Epoch 20
Loss = -4.2544e+00, PNorm = 37.4370, GNorm = 147.6158, lr_0 = 1.9628e-04
Loss = -4.4111e+00, PNorm = 37.4388, GNorm = 314.6372, lr_0 = 1.9440e-04
Loss = -4.1094e+00, PNorm = 37.4397, GNorm = 3126.3826, lr_0 = 1.9254e-04
Loss = -3.9521e+00, PNorm = 37.4396, GNorm = 1609.6121, lr_0 = 1.9070e-04
Loss = -4.1739e+00, PNorm = 37.4399, GNorm = 1986.2658, lr_0 = 1.8887e-04
Loss = -4.2419e+00, PNorm = 37.4409, GNorm = 948.9004, lr_0 = 1.8706e-04
Loss = -4.2952e+00, PNorm = 37.4424, GNorm = 518.6149, lr_0 = 1.8527e-04
Loss = -4.3543e+00, PNorm = 37.4441, GNorm = 2898.6308, lr_0 = 1.8350e-04
Loss = -3.7158e+00, PNorm = 37.4435, GNorm = 2527.7796, lr_0 = 1.8174e-04
Loss = -4.0223e+00, PNorm = 37.4435, GNorm = 2304.3915, lr_0 = 1.8000e-04
Loss = -3.8191e+00, PNorm = 37.4431, GNorm = 946.7306, lr_0 = 1.7828e-04
Loss = -4.1909e+00, PNorm = 37.4436, GNorm = 2287.0397, lr_0 = 1.7657e-04
Loss = -4.2670e+00, PNorm = 37.4444, GNorm = 399.2117, lr_0 = 1.7488e-04
Loss = -4.2550e+00, PNorm = 37.4458, GNorm = 1838.4749, lr_0 = 1.7321e-04
Loss = -3.9324e+00, PNorm = 37.4463, GNorm = 180.5730, lr_0 = 1.7155e-04
Loss = -4.1526e+00, PNorm = 37.4468, GNorm = 1149.2953, lr_0 = 1.6990e-04
Validation rmse = 0.233267
Epoch 21
Loss = -4.2941e+00, PNorm = 37.4484, GNorm = 1627.0742, lr_0 = 1.6812e-04
Loss = -4.3253e+00, PNorm = 37.4501, GNorm = 2321.9123, lr_0 = 1.6651e-04
Loss = -4.4185e+00, PNorm = 37.4516, GNorm = 321.5390, lr_0 = 1.6491e-04
Loss = -4.0531e+00, PNorm = 37.4520, GNorm = 2501.1510, lr_0 = 1.6333e-04
Loss = -4.1422e+00, PNorm = 37.4525, GNorm = 197.9747, lr_0 = 1.6177e-04
Loss = -4.2864e+00, PNorm = 37.4535, GNorm = 2136.3309, lr_0 = 1.6022e-04
Loss = -4.2524e+00, PNorm = 37.4541, GNorm = 303.2643, lr_0 = 1.5868e-04
Loss = -4.3570e+00, PNorm = 37.4545, GNorm = 841.8917, lr_0 = 1.5717e-04
Loss = -4.4657e+00, PNorm = 37.4558, GNorm = 504.6251, lr_0 = 1.5566e-04
Loss = -4.3115e+00, PNorm = 37.4570, GNorm = 3830.9226, lr_0 = 1.5417e-04
Loss = -4.2892e+00, PNorm = 37.4576, GNorm = 2441.7134, lr_0 = 1.5269e-04
Loss = -4.4521e+00, PNorm = 37.4587, GNorm = 324.7589, lr_0 = 1.5123e-04
Loss = -4.4331e+00, PNorm = 37.4599, GNorm = 326.4312, lr_0 = 1.4978e-04
Loss = -4.4475e+00, PNorm = 37.4609, GNorm = 398.9152, lr_0 = 1.4835e-04
Loss = -4.3636e+00, PNorm = 37.4624, GNorm = 1308.9343, lr_0 = 1.4693e-04
Validation rmse = 0.283235
Epoch 22
Loss = -4.1724e+00, PNorm = 37.4640, GNorm = 821.8458, lr_0 = 1.4538e-04
Loss = -4.4355e+00, PNorm = 37.4646, GNorm = 1313.7176, lr_0 = 1.4399e-04
Loss = -4.5065e+00, PNorm = 37.4655, GNorm = 925.3878, lr_0 = 1.4261e-04
Loss = -4.5197e+00, PNorm = 37.4673, GNorm = 522.4811, lr_0 = 1.4124e-04
Loss = -4.6118e+00, PNorm = 37.4695, GNorm = 303.9512, lr_0 = 1.3989e-04
Loss = -4.2755e+00, PNorm = 37.4706, GNorm = 3202.7267, lr_0 = 1.3855e-04
Loss = -4.2280e+00, PNorm = 37.4714, GNorm = 2312.0843, lr_0 = 1.3723e-04
Loss = -4.4676e+00, PNorm = 37.4721, GNorm = 1203.2166, lr_0 = 1.3591e-04
Loss = -4.4833e+00, PNorm = 37.4730, GNorm = 2524.2246, lr_0 = 1.3461e-04
Loss = -4.3923e+00, PNorm = 37.4733, GNorm = 1585.2342, lr_0 = 1.3332e-04
Loss = -4.5360e+00, PNorm = 37.4738, GNorm = 1935.4868, lr_0 = 1.3204e-04
Loss = -4.2945e+00, PNorm = 37.4745, GNorm = 531.0373, lr_0 = 1.3078e-04
Loss = -4.4009e+00, PNorm = 37.4747, GNorm = 1255.5524, lr_0 = 1.2953e-04
Loss = -4.4567e+00, PNorm = 37.4751, GNorm = 2755.8397, lr_0 = 1.2829e-04
Loss = -4.4528e+00, PNorm = 37.4762, GNorm = 714.0672, lr_0 = 1.2706e-04
Loss = -4.4321e+00, PNorm = 37.4768, GNorm = 900.1428, lr_0 = 1.2584e-04
Validation rmse = 0.235535
Epoch 23
Loss = -4.5319e+00, PNorm = 37.4779, GNorm = 3629.4895, lr_0 = 1.2452e-04
Loss = -3.7358e+00, PNorm = 37.4773, GNorm = 3926.9813, lr_0 = 1.2333e-04
Loss = -4.0178e+00, PNorm = 37.4767, GNorm = 1873.8127, lr_0 = 1.2214e-04
Loss = -4.3747e+00, PNorm = 37.4766, GNorm = 954.5353, lr_0 = 1.2098e-04
Loss = -4.5166e+00, PNorm = 37.4773, GNorm = 761.1305, lr_0 = 1.1982e-04
Loss = -4.4143e+00, PNorm = 37.4781, GNorm = 340.3878, lr_0 = 1.1867e-04
Loss = -4.6799e+00, PNorm = 37.4794, GNorm = 1081.7580, lr_0 = 1.1753e-04
Loss = -4.5609e+00, PNorm = 37.4805, GNorm = 2436.8691, lr_0 = 1.1641e-04
Loss = -4.5770e+00, PNorm = 37.4813, GNorm = 1175.7506, lr_0 = 1.1529e-04
Loss = -4.6256e+00, PNorm = 37.4828, GNorm = 1361.4607, lr_0 = 1.1419e-04
Loss = -4.4964e+00, PNorm = 37.4842, GNorm = 1549.7792, lr_0 = 1.1310e-04
Loss = -4.6489e+00, PNorm = 37.4855, GNorm = 384.5691, lr_0 = 1.1201e-04
Loss = -4.5928e+00, PNorm = 37.4865, GNorm = 227.9853, lr_0 = 1.1094e-04
Loss = -4.3433e+00, PNorm = 37.4869, GNorm = 4726.6050, lr_0 = 1.0988e-04
Loss = -4.2409e+00, PNorm = 37.4866, GNorm = 397.7892, lr_0 = 1.0883e-04
Loss = -4.3580e+00, PNorm = 37.4871, GNorm = 2741.4565, lr_0 = 1.0778e-04
Validation rmse = 0.229562
Epoch 24
Loss = -4.3844e+00, PNorm = 37.4874, GNorm = 1399.1318, lr_0 = 1.0675e-04
Loss = -4.5236e+00, PNorm = 37.4882, GNorm = 1406.9649, lr_0 = 1.0573e-04
Loss = -4.6012e+00, PNorm = 37.4892, GNorm = 1635.9503, lr_0 = 1.0472e-04
Loss = -4.7276e+00, PNorm = 37.4903, GNorm = 1213.9296, lr_0 = 1.0371e-04
Loss = -4.6493e+00, PNorm = 37.4915, GNorm = 832.3777, lr_0 = 1.0272e-04
Loss = -4.6723e+00, PNorm = 37.4928, GNorm = 383.0998, lr_0 = 1.0174e-04
Loss = -4.6990e+00, PNorm = 37.4941, GNorm = 2339.3205, lr_0 = 1.0076e-04
Loss = -4.6964e+00, PNorm = 37.4947, GNorm = 532.0735, lr_0 = 9.9798e-05
Loss = -4.8541e+00, PNorm = 37.4956, GNorm = 2067.9788, lr_0 = 9.8842e-05
Loss = -4.7241e+00, PNorm = 37.4970, GNorm = 3012.9966, lr_0 = 9.7896e-05
Loss = -4.2940e+00, PNorm = 37.4975, GNorm = 5145.6176, lr_0 = 9.6959e-05
Loss = -4.2286e+00, PNorm = 37.4970, GNorm = 1174.9268, lr_0 = 9.6030e-05
Loss = -4.4121e+00, PNorm = 37.4966, GNorm = 1602.6330, lr_0 = 9.5111e-05
Loss = -4.5900e+00, PNorm = 37.4971, GNorm = 2475.3866, lr_0 = 9.4200e-05
Loss = -4.6488e+00, PNorm = 37.4977, GNorm = 2282.0230, lr_0 = 9.3298e-05
Validation rmse = 0.250999
Epoch 25
Loss = -4.5168e+00, PNorm = 37.4983, GNorm = 5154.3362, lr_0 = 9.2316e-05
Loss = -4.3466e+00, PNorm = 37.4982, GNorm = 2125.7029, lr_0 = 9.1432e-05
Loss = -4.4503e+00, PNorm = 37.4983, GNorm = 4146.7202, lr_0 = 9.0556e-05
Loss = -4.4948e+00, PNorm = 37.4984, GNorm = 1736.8454, lr_0 = 8.9689e-05
Loss = -4.7729e+00, PNorm = 37.4991, GNorm = 1399.4249, lr_0 = 8.8830e-05
Loss = -4.7756e+00, PNorm = 37.4999, GNorm = 921.5164, lr_0 = 8.7980e-05
Loss = -4.7563e+00, PNorm = 37.5010, GNorm = 1841.8945, lr_0 = 8.7137e-05
Loss = -4.6927e+00, PNorm = 37.5020, GNorm = 3842.7278, lr_0 = 8.6303e-05
Loss = -4.4941e+00, PNorm = 37.5025, GNorm = 2862.6043, lr_0 = 8.5476e-05
Loss = -4.4691e+00, PNorm = 37.5026, GNorm = 1528.2454, lr_0 = 8.4658e-05
Loss = -4.8210e+00, PNorm = 37.5032, GNorm = 165.5454, lr_0 = 8.3847e-05
Loss = -4.7595e+00, PNorm = 37.5043, GNorm = 2218.1213, lr_0 = 8.3044e-05
Loss = -4.7057e+00, PNorm = 37.5053, GNorm = 1618.0448, lr_0 = 8.2249e-05
Loss = -4.5115e+00, PNorm = 37.5059, GNorm = 3797.4213, lr_0 = 8.1461e-05
Loss = -4.6634e+00, PNorm = 37.5061, GNorm = 154.9061, lr_0 = 8.0681e-05
Loss = -4.6743e+00, PNorm = 37.5063, GNorm = 536.0626, lr_0 = 7.9909e-05
Validation rmse = 0.229610
Epoch 26
Loss = -4.7272e+00, PNorm = 37.5072, GNorm = 1005.0380, lr_0 = 7.9068e-05
Loss = -4.7296e+00, PNorm = 37.5080, GNorm = 940.7941, lr_0 = 7.8310e-05
Loss = -4.7808e+00, PNorm = 37.5087, GNorm = 2922.2649, lr_0 = 7.7561e-05
Loss = -4.6616e+00, PNorm = 37.5091, GNorm = 1487.6507, lr_0 = 7.6818e-05
Loss = -4.8430e+00, PNorm = 37.5099, GNorm = 405.7024, lr_0 = 7.6082e-05
Loss = -4.8829e+00, PNorm = 37.5109, GNorm = 4300.7794, lr_0 = 7.5354e-05
Loss = -4.5819e+00, PNorm = 37.5115, GNorm = 4723.4619, lr_0 = 7.4632e-05
Loss = -4.3294e+00, PNorm = 37.5111, GNorm = 2685.9928, lr_0 = 7.3918e-05
Loss = -4.5424e+00, PNorm = 37.5112, GNorm = 3627.7275, lr_0 = 7.3210e-05
Loss = -4.7291e+00, PNorm = 37.5116, GNorm = 2920.8217, lr_0 = 7.2509e-05
Loss = -4.6988e+00, PNorm = 37.5122, GNorm = 2109.3811, lr_0 = 7.1814e-05
Loss = -4.8583e+00, PNorm = 37.5128, GNorm = 1563.3821, lr_0 = 7.1127e-05
Loss = -4.8690e+00, PNorm = 37.5138, GNorm = 2260.5896, lr_0 = 7.0446e-05
Loss = -4.8742e+00, PNorm = 37.5146, GNorm = 1557.4096, lr_0 = 6.9771e-05
Loss = -4.8073e+00, PNorm = 37.5157, GNorm = 2963.6678, lr_0 = 6.9103e-05
Validation rmse = 0.231672
Epoch 27
Loss = -4.8697e+00, PNorm = 37.5166, GNorm = 629.7502, lr_0 = 6.8375e-05
Loss = -4.8965e+00, PNorm = 37.5170, GNorm = 1518.8132, lr_0 = 6.7721e-05
Loss = -4.7779e+00, PNorm = 37.5175, GNorm = 4950.3227, lr_0 = 6.7072e-05
Loss = -4.9391e+00, PNorm = 37.5179, GNorm = 1120.9088, lr_0 = 6.6430e-05
Loss = -4.9417e+00, PNorm = 37.5184, GNorm = 609.2555, lr_0 = 6.5794e-05
Loss = -4.9322e+00, PNorm = 37.5193, GNorm = 3368.3264, lr_0 = 6.5164e-05
Loss = -4.6745e+00, PNorm = 37.5199, GNorm = 1357.1113, lr_0 = 6.4540e-05
Loss = -4.6754e+00, PNorm = 37.5202, GNorm = 4147.6128, lr_0 = 6.3922e-05
Loss = -4.6859e+00, PNorm = 37.5204, GNorm = 2228.6802, lr_0 = 6.3310e-05
Loss = -4.7225e+00, PNorm = 37.5207, GNorm = 3814.5304, lr_0 = 6.2704e-05
Loss = -4.8943e+00, PNorm = 37.5213, GNorm = 914.9381, lr_0 = 6.2103e-05
Loss = -4.8652e+00, PNorm = 37.5220, GNorm = 1383.6051, lr_0 = 6.1508e-05
Loss = -4.7261e+00, PNorm = 37.5222, GNorm = 3963.1092, lr_0 = 6.0919e-05
Loss = -4.5525e+00, PNorm = 37.5223, GNorm = 1027.7723, lr_0 = 6.0336e-05
Loss = -4.9370e+00, PNorm = 37.5229, GNorm = 1353.7594, lr_0 = 5.9758e-05
Loss = -4.8006e+00, PNorm = 37.5237, GNorm = 144.0876, lr_0 = 5.9186e-05
Validation rmse = 0.225175
Epoch 28
Loss = -4.7955e+00, PNorm = 37.5242, GNorm = 2668.7487, lr_0 = 5.8619e-05
Loss = -4.9405e+00, PNorm = 37.5248, GNorm = 419.9772, lr_0 = 5.8058e-05
Loss = -4.9419e+00, PNorm = 37.5254, GNorm = 435.4038, lr_0 = 5.7502e-05
Loss = -4.9773e+00, PNorm = 37.5260, GNorm = 3828.8580, lr_0 = 5.6952e-05
Loss = -5.0357e+00, PNorm = 37.5266, GNorm = 2272.8849, lr_0 = 5.6406e-05
Loss = -4.9815e+00, PNorm = 37.5271, GNorm = 2955.4311, lr_0 = 5.5866e-05
Loss = -4.7964e+00, PNorm = 37.5275, GNorm = 3261.4512, lr_0 = 5.5331e-05
Loss = -4.7289e+00, PNorm = 37.5276, GNorm = 3093.8658, lr_0 = 5.4801e-05
Loss = -4.6718e+00, PNorm = 37.5276, GNorm = 1414.4277, lr_0 = 5.4277e-05
Loss = -4.8722e+00, PNorm = 37.5280, GNorm = 1178.2703, lr_0 = 5.3757e-05
Loss = -4.8929e+00, PNorm = 37.5287, GNorm = 2888.0211, lr_0 = 5.3242e-05
Loss = -4.8903e+00, PNorm = 37.5292, GNorm = 499.4810, lr_0 = 5.2732e-05
Loss = -4.9249e+00, PNorm = 37.5297, GNorm = 3665.8191, lr_0 = 5.2227e-05
Loss = -4.8055e+00, PNorm = 37.5304, GNorm = 2884.1252, lr_0 = 5.1727e-05
Loss = -4.7688e+00, PNorm = 37.5308, GNorm = 2395.6322, lr_0 = 5.1232e-05
Loss = -4.9494e+00, PNorm = 37.5312, GNorm = 2796.5048, lr_0 = 5.0741e-05
Validation rmse = 0.221381
Epoch 29
Loss = -4.8496e+00, PNorm = 37.5319, GNorm = 291.0187, lr_0 = 5.0207e-05
Loss = -4.7388e+00, PNorm = 37.5324, GNorm = 4564.9586, lr_0 = 4.9726e-05
Loss = -4.8226e+00, PNorm = 37.5327, GNorm = 5903.7394, lr_0 = 4.9250e-05
Loss = -4.7816e+00, PNorm = 37.5327, GNorm = 2494.8120, lr_0 = 4.8779e-05
Loss = -5.0049e+00, PNorm = 37.5331, GNorm = 1494.0769, lr_0 = 4.8311e-05
Loss = -4.8628e+00, PNorm = 37.5336, GNorm = 2538.0927, lr_0 = 4.7849e-05
Loss = -4.9034e+00, PNorm = 37.5341, GNorm = 4429.6841, lr_0 = 4.7391e-05
Loss = -5.0192e+00, PNorm = 37.5346, GNorm = 1877.8887, lr_0 = 4.6937e-05
Loss = -5.0309e+00, PNorm = 37.5351, GNorm = 957.8487, lr_0 = 4.6487e-05
Loss = -4.9190e+00, PNorm = 37.5356, GNorm = 2574.9261, lr_0 = 4.6042e-05
Loss = -4.9252e+00, PNorm = 37.5361, GNorm = 1201.8255, lr_0 = 4.5601e-05
Loss = -5.0542e+00, PNorm = 37.5366, GNorm = 3235.7109, lr_0 = 4.5165e-05
Loss = -5.0395e+00, PNorm = 37.5369, GNorm = 243.2567, lr_0 = 4.4732e-05
Loss = -4.9603e+00, PNorm = 37.5373, GNorm = 2533.0060, lr_0 = 4.4304e-05
Loss = -4.9717e+00, PNorm = 37.5378, GNorm = 854.0061, lr_0 = 4.3880e-05
Validation rmse = 0.221113
Epoch 30
Loss = -5.0538e+00, PNorm = 37.5385, GNorm = 2322.6038, lr_0 = 4.3418e-05
Loss = -4.9921e+00, PNorm = 37.5390, GNorm = 899.0065, lr_0 = 4.3002e-05
Loss = -5.0929e+00, PNorm = 37.5394, GNorm = 1866.0294, lr_0 = 4.2590e-05
Loss = -4.9632e+00, PNorm = 37.5399, GNorm = 1352.7215, lr_0 = 4.2182e-05
Loss = -5.0754e+00, PNorm = 37.5403, GNorm = 1675.9131, lr_0 = 4.1778e-05
Loss = -5.1011e+00, PNorm = 37.5410, GNorm = 1404.4329, lr_0 = 4.1378e-05
Loss = -4.9567e+00, PNorm = 37.5414, GNorm = 5395.9737, lr_0 = 4.0982e-05
Loss = -4.9766e+00, PNorm = 37.5421, GNorm = 1093.9497, lr_0 = 4.0590e-05
Loss = -4.9889e+00, PNorm = 37.5423, GNorm = 2565.1811, lr_0 = 4.0201e-05
Loss = -4.9678e+00, PNorm = 37.5427, GNorm = 1066.5365, lr_0 = 3.9816e-05
Loss = -5.0402e+00, PNorm = 37.5432, GNorm = 2676.5102, lr_0 = 3.9435e-05
Loss = -4.8816e+00, PNorm = 37.5438, GNorm = 4467.3511, lr_0 = 3.9057e-05
Loss = -5.0231e+00, PNorm = 37.5441, GNorm = 812.8693, lr_0 = 3.8683e-05
Loss = -5.0200e+00, PNorm = 37.5443, GNorm = 2130.8734, lr_0 = 3.8313e-05
Loss = -5.0470e+00, PNorm = 37.5447, GNorm = 758.9758, lr_0 = 3.7946e-05
Loss = -5.0801e+00, PNorm = 37.5452, GNorm = 460.2584, lr_0 = 3.7583e-05
Validation rmse = 0.222993
Epoch 31
Loss = -4.9692e+00, PNorm = 37.5455, GNorm = 2977.8679, lr_0 = 3.7187e-05
Loss = -4.9839e+00, PNorm = 37.5459, GNorm = 1129.9082, lr_0 = 3.6831e-05
Loss = -5.2104e+00, PNorm = 37.5462, GNorm = 2151.0158, lr_0 = 3.6478e-05
Loss = -5.0618e+00, PNorm = 37.5466, GNorm = 689.5037, lr_0 = 3.6129e-05
Loss = -5.0766e+00, PNorm = 37.5469, GNorm = 1573.6939, lr_0 = 3.5783e-05
Loss = -5.0594e+00, PNorm = 37.5474, GNorm = 1615.3894, lr_0 = 3.5440e-05
Loss = -5.0129e+00, PNorm = 37.5478, GNorm = 1022.6807, lr_0 = 3.5101e-05
Loss = -5.0334e+00, PNorm = 37.5481, GNorm = 729.2920, lr_0 = 3.4765e-05
Loss = -5.1293e+00, PNorm = 37.5485, GNorm = 626.4827, lr_0 = 3.4432e-05
Loss = -5.1224e+00, PNorm = 37.5488, GNorm = 3702.0188, lr_0 = 3.4102e-05
Loss = -4.9912e+00, PNorm = 37.5492, GNorm = 5832.6390, lr_0 = 3.3776e-05
Loss = -5.0409e+00, PNorm = 37.5494, GNorm = 563.7275, lr_0 = 3.3452e-05
Loss = -4.8747e+00, PNorm = 37.5493, GNorm = 4568.4349, lr_0 = 3.3132e-05
Loss = -4.8364e+00, PNorm = 37.5493, GNorm = 444.4361, lr_0 = 3.2815e-05
Loss = -4.9575e+00, PNorm = 37.5494, GNorm = 3614.9149, lr_0 = 3.2500e-05
Loss = -5.1041e+00, PNorm = 37.5497, GNorm = 3213.8852, lr_0 = 3.2189e-05
Validation rmse = 0.220353
Epoch 32
Loss = -5.0802e+00, PNorm = 37.5501, GNorm = 1848.7657, lr_0 = 3.1881e-05
Loss = -4.9215e+00, PNorm = 37.5503, GNorm = 4017.7525, lr_0 = 3.1576e-05
Loss = -5.0699e+00, PNorm = 37.5505, GNorm = 3258.8258, lr_0 = 3.1273e-05
Loss = -5.0495e+00, PNorm = 37.5508, GNorm = 3482.4817, lr_0 = 3.0974e-05
Loss = -5.1157e+00, PNorm = 37.5512, GNorm = 447.2176, lr_0 = 3.0677e-05
Loss = -5.1245e+00, PNorm = 37.5516, GNorm = 2683.8838, lr_0 = 3.0383e-05
Loss = -5.1388e+00, PNorm = 37.5519, GNorm = 1849.5279, lr_0 = 3.0093e-05
Loss = -5.1947e+00, PNorm = 37.5523, GNorm = 4027.5521, lr_0 = 2.9804e-05
Loss = -5.1001e+00, PNorm = 37.5526, GNorm = 1166.0886, lr_0 = 2.9519e-05
Loss = -5.1783e+00, PNorm = 37.5529, GNorm = 1640.3750, lr_0 = 2.9236e-05
Loss = -4.8989e+00, PNorm = 37.5532, GNorm = 1724.3027, lr_0 = 2.8956e-05
Loss = -5.0113e+00, PNorm = 37.5535, GNorm = 3663.9002, lr_0 = 2.8679e-05
Loss = -5.1506e+00, PNorm = 37.5538, GNorm = 3984.6732, lr_0 = 2.8404e-05
Loss = -4.9904e+00, PNorm = 37.5540, GNorm = 787.8938, lr_0 = 2.8132e-05
Loss = -5.0294e+00, PNorm = 37.5541, GNorm = 4052.0953, lr_0 = 2.7863e-05
Validation rmse = 0.219069
Epoch 33
Loss = -5.2019e+00, PNorm = 37.5543, GNorm = 2456.2636, lr_0 = 2.7570e-05
Loss = -5.1719e+00, PNorm = 37.5546, GNorm = 1415.6491, lr_0 = 2.7306e-05
Loss = -5.2264e+00, PNorm = 37.5550, GNorm = 2990.2647, lr_0 = 2.7044e-05
Loss = -5.0556e+00, PNorm = 37.5553, GNorm = 353.7167, lr_0 = 2.6785e-05
Loss = -5.0804e+00, PNorm = 37.5556, GNorm = 1659.2171, lr_0 = 2.6529e-05
Loss = -5.2268e+00, PNorm = 37.5559, GNorm = 5324.4723, lr_0 = 2.6275e-05
Loss = -5.2634e+00, PNorm = 37.5562, GNorm = 2674.6348, lr_0 = 2.6023e-05
Loss = -4.9999e+00, PNorm = 37.5564, GNorm = 1780.5374, lr_0 = 2.5774e-05
Loss = -4.8689e+00, PNorm = 37.5565, GNorm = 3386.3908, lr_0 = 2.5527e-05
Loss = -5.1940e+00, PNorm = 37.5567, GNorm = 3098.9198, lr_0 = 2.5283e-05
Loss = -5.0976e+00, PNorm = 37.5568, GNorm = 4203.6706, lr_0 = 2.5041e-05
Loss = -4.9792e+00, PNorm = 37.5570, GNorm = 4365.3514, lr_0 = 2.4801e-05
Loss = -5.0712e+00, PNorm = 37.5571, GNorm = 1016.0760, lr_0 = 2.4563e-05
Loss = -5.0110e+00, PNorm = 37.5573, GNorm = 5802.9892, lr_0 = 2.4328e-05
Loss = -5.0800e+00, PNorm = 37.5574, GNorm = 2348.9535, lr_0 = 2.4095e-05
Loss = -4.8493e+00, PNorm = 37.5575, GNorm = 3874.8576, lr_0 = 2.3865e-05
Validation rmse = 0.220663
Epoch 34
Loss = -4.9951e+00, PNorm = 37.5578, GNorm = 350.0875, lr_0 = 2.3613e-05
Loss = -5.0914e+00, PNorm = 37.5581, GNorm = 3944.7773, lr_0 = 2.3387e-05
Loss = -5.1442e+00, PNorm = 37.5584, GNorm = 1767.4217, lr_0 = 2.3163e-05
Loss = -5.0946e+00, PNorm = 37.5587, GNorm = 568.2650, lr_0 = 2.2941e-05
Loss = -5.2425e+00, PNorm = 37.5590, GNorm = 1333.5418, lr_0 = 2.2722e-05
Loss = -5.2013e+00, PNorm = 37.5594, GNorm = 1530.6408, lr_0 = 2.2504e-05
Loss = -5.0100e+00, PNorm = 37.5597, GNorm = 3417.0582, lr_0 = 2.2289e-05
Loss = -5.0472e+00, PNorm = 37.5598, GNorm = 2985.8033, lr_0 = 2.2075e-05
Loss = -5.2054e+00, PNorm = 37.5599, GNorm = 4165.7476, lr_0 = 2.1864e-05
Loss = -5.1216e+00, PNorm = 37.5601, GNorm = 368.0980, lr_0 = 2.1654e-05
Loss = -5.1669e+00, PNorm = 37.5603, GNorm = 3875.4170, lr_0 = 2.1447e-05
Loss = -5.1491e+00, PNorm = 37.5606, GNorm = 1779.0263, lr_0 = 2.1242e-05
Loss = -5.2266e+00, PNorm = 37.5608, GNorm = 2202.6442, lr_0 = 2.1038e-05
Loss = -5.1865e+00, PNorm = 37.5610, GNorm = 801.2942, lr_0 = 2.0837e-05
Loss = -5.0743e+00, PNorm = 37.5613, GNorm = 5150.4594, lr_0 = 2.0637e-05
Validation rmse = 0.218801
Epoch 35
Loss = -4.9990e+00, PNorm = 37.5614, GNorm = 2988.4010, lr_0 = 2.0420e-05
Loss = -5.1310e+00, PNorm = 37.5616, GNorm = 3993.9593, lr_0 = 2.0225e-05
Loss = -5.1424e+00, PNorm = 37.5619, GNorm = 686.1535, lr_0 = 2.0031e-05
Loss = -5.1491e+00, PNorm = 37.5620, GNorm = 2562.4514, lr_0 = 1.9839e-05
Loss = -5.2782e+00, PNorm = 37.5623, GNorm = 938.7815, lr_0 = 1.9649e-05
Loss = -5.0948e+00, PNorm = 37.5625, GNorm = 4882.3868, lr_0 = 1.9461e-05
Loss = -5.2061e+00, PNorm = 37.5628, GNorm = 1801.2895, lr_0 = 1.9275e-05
Loss = -5.1274e+00, PNorm = 37.5630, GNorm = 1478.1492, lr_0 = 1.9090e-05
Loss = -5.2584e+00, PNorm = 37.5632, GNorm = 897.1612, lr_0 = 1.8907e-05
Loss = -5.0422e+00, PNorm = 37.5634, GNorm = 453.2155, lr_0 = 1.8726e-05
Loss = -5.1996e+00, PNorm = 37.5636, GNorm = 337.3400, lr_0 = 1.8547e-05
Loss = -5.2624e+00, PNorm = 37.5639, GNorm = 4531.9442, lr_0 = 1.8369e-05
Loss = -5.1955e+00, PNorm = 37.5641, GNorm = 4551.2256, lr_0 = 1.8193e-05
Loss = -5.1794e+00, PNorm = 37.5643, GNorm = 1196.8773, lr_0 = 1.8019e-05
Loss = -5.2817e+00, PNorm = 37.5646, GNorm = 1321.5194, lr_0 = 1.7847e-05
Loss = -5.1312e+00, PNorm = 37.5647, GNorm = 1072.5125, lr_0 = 1.7676e-05
Validation rmse = 0.218020
Epoch 36
Loss = -5.1714e+00, PNorm = 37.5648, GNorm = 4428.6036, lr_0 = 1.7506e-05
Loss = -5.2908e+00, PNorm = 37.5650, GNorm = 661.6933, lr_0 = 1.7339e-05
Loss = -5.1505e+00, PNorm = 37.5652, GNorm = 621.7467, lr_0 = 1.7173e-05
Loss = -5.2506e+00, PNorm = 37.5654, GNorm = 1367.3222, lr_0 = 1.7008e-05
Loss = -5.1297e+00, PNorm = 37.5656, GNorm = 1010.7808, lr_0 = 1.6846e-05
Loss = -5.1619e+00, PNorm = 37.5659, GNorm = 1032.2883, lr_0 = 1.6684e-05
Loss = -5.0607e+00, PNorm = 37.5660, GNorm = 2324.4615, lr_0 = 1.6524e-05
Loss = -5.1735e+00, PNorm = 37.5661, GNorm = 3715.5887, lr_0 = 1.6366e-05
Loss = -5.1116e+00, PNorm = 37.5663, GNorm = 2509.5317, lr_0 = 1.6210e-05
Loss = -5.2184e+00, PNorm = 37.5664, GNorm = 2930.6673, lr_0 = 1.6054e-05
Loss = -5.0021e+00, PNorm = 37.5666, GNorm = 2154.3484, lr_0 = 1.5901e-05
Loss = -5.2864e+00, PNorm = 37.5667, GNorm = 4008.8647, lr_0 = 1.5748e-05
Loss = -5.2259e+00, PNorm = 37.5669, GNorm = 2066.4155, lr_0 = 1.5598e-05
Loss = -5.3059e+00, PNorm = 37.5671, GNorm = 3169.2530, lr_0 = 1.5448e-05
Loss = -5.3570e+00, PNorm = 37.5674, GNorm = 709.7329, lr_0 = 1.5300e-05
Loss = -5.1738e+00, PNorm = 37.5677, GNorm = 1817.5719, lr_0 = 1.5154e-05
Validation rmse = 0.217883
Epoch 37
Loss = -5.1751e+00, PNorm = 37.5679, GNorm = 2115.5858, lr_0 = 1.4994e-05
Loss = -5.1995e+00, PNorm = 37.5681, GNorm = 3622.8988, lr_0 = 1.4851e-05
Loss = -5.2703e+00, PNorm = 37.5682, GNorm = 1591.4509, lr_0 = 1.4708e-05
Loss = -5.2746e+00, PNorm = 37.5683, GNorm = 3261.6038, lr_0 = 1.4568e-05
Loss = -5.1436e+00, PNorm = 37.5685, GNorm = 3603.8724, lr_0 = 1.4428e-05
Loss = -5.0389e+00, PNorm = 37.5687, GNorm = 1726.3132, lr_0 = 1.4290e-05
Loss = -5.1900e+00, PNorm = 37.5689, GNorm = 1241.4751, lr_0 = 1.4153e-05
Loss = -5.2561e+00, PNorm = 37.5691, GNorm = 2137.2709, lr_0 = 1.4018e-05
Loss = -5.1918e+00, PNorm = 37.5692, GNorm = 2384.6292, lr_0 = 1.3883e-05
Loss = -5.2455e+00, PNorm = 37.5694, GNorm = 1429.7249, lr_0 = 1.3750e-05
Loss = -5.2230e+00, PNorm = 37.5695, GNorm = 3490.5592, lr_0 = 1.3619e-05
Loss = -5.0968e+00, PNorm = 37.5696, GNorm = 1996.9150, lr_0 = 1.3488e-05
Loss = -5.2854e+00, PNorm = 37.5698, GNorm = 3042.6079, lr_0 = 1.3359e-05
Loss = -5.3280e+00, PNorm = 37.5699, GNorm = 1200.7180, lr_0 = 1.3231e-05
Loss = -5.3092e+00, PNorm = 37.5701, GNorm = 1789.3249, lr_0 = 1.3105e-05
Validation rmse = 0.220254
Epoch 38
Loss = -5.0961e+00, PNorm = 37.5703, GNorm = 5031.6884, lr_0 = 1.2967e-05
Loss = -5.1787e+00, PNorm = 37.5704, GNorm = 1647.2826, lr_0 = 1.2842e-05
Loss = -5.0965e+00, PNorm = 37.5705, GNorm = 1011.7535, lr_0 = 1.2719e-05
Loss = -5.2181e+00, PNorm = 37.5707, GNorm = 2413.9761, lr_0 = 1.2598e-05
Loss = -5.1885e+00, PNorm = 37.5708, GNorm = 728.2352, lr_0 = 1.2477e-05
Loss = -5.2661e+00, PNorm = 37.5709, GNorm = 2957.3187, lr_0 = 1.2358e-05
Loss = -5.2909e+00, PNorm = 37.5710, GNorm = 2994.0956, lr_0 = 1.2239e-05
Loss = -5.3005e+00, PNorm = 37.5712, GNorm = 5605.0207, lr_0 = 1.2122e-05
Loss = -5.2442e+00, PNorm = 37.5714, GNorm = 1566.7202, lr_0 = 1.2006e-05
Loss = -5.3053e+00, PNorm = 37.5715, GNorm = 3289.7953, lr_0 = 1.1891e-05
Loss = -5.1070e+00, PNorm = 37.5716, GNorm = 4223.0792, lr_0 = 1.1777e-05
Loss = -5.2770e+00, PNorm = 37.5718, GNorm = 2234.6031, lr_0 = 1.1664e-05
Loss = -5.2377e+00, PNorm = 37.5720, GNorm = 2532.9684, lr_0 = 1.1553e-05
Loss = -5.2858e+00, PNorm = 37.5721, GNorm = 1853.7545, lr_0 = 1.1442e-05
Loss = -5.1727e+00, PNorm = 37.5723, GNorm = 718.1480, lr_0 = 1.1332e-05
Loss = -5.3587e+00, PNorm = 37.5724, GNorm = 643.4668, lr_0 = 1.1224e-05
Validation rmse = 0.218480
Epoch 39
Loss = -5.3445e+00, PNorm = 37.5726, GNorm = 1084.6269, lr_0 = 1.1106e-05
Loss = -5.3438e+00, PNorm = 37.5727, GNorm = 699.2191, lr_0 = 1.0999e-05
Loss = -5.2021e+00, PNorm = 37.5729, GNorm = 3023.8845, lr_0 = 1.0894e-05
Loss = -5.0436e+00, PNorm = 37.5729, GNorm = 6122.1752, lr_0 = 1.0790e-05
Loss = -5.3448e+00, PNorm = 37.5730, GNorm = 1833.6017, lr_0 = 1.0686e-05
Loss = -5.3425e+00, PNorm = 37.5731, GNorm = 1029.5118, lr_0 = 1.0584e-05
Loss = -5.1073e+00, PNorm = 37.5733, GNorm = 438.1778, lr_0 = 1.0483e-05
Loss = -5.3024e+00, PNorm = 37.5734, GNorm = 1308.9746, lr_0 = 1.0382e-05
Loss = -5.2492e+00, PNorm = 37.5735, GNorm = 4177.6760, lr_0 = 1.0283e-05
Loss = -5.1962e+00, PNorm = 37.5736, GNorm = 934.7379, lr_0 = 1.0184e-05
Loss = -5.2591e+00, PNorm = 37.5737, GNorm = 2838.1685, lr_0 = 1.0087e-05
Loss = -5.3018e+00, PNorm = 37.5738, GNorm = 1058.9886, lr_0 = 1.0000e-05
Loss = -5.0906e+00, PNorm = 37.5739, GNorm = 1937.8169, lr_0 = 1.0000e-05
Loss = -5.3407e+00, PNorm = 37.5741, GNorm = 1754.4685, lr_0 = 1.0000e-05
Loss = -5.2068e+00, PNorm = 37.5742, GNorm = 3534.8323, lr_0 = 1.0000e-05
Loss = -5.3422e+00, PNorm = 37.5744, GNorm = 940.9297, lr_0 = 1.0000e-05
Validation rmse = 0.218679
Model 0 best validation rmse = 0.217883 on epoch 36
Loading pretrained parameter "encoder.encoder.0.cached_zero_vector".
Loading pretrained parameter "encoder.encoder.0.act_func.weight".
Loading pretrained parameter "encoder.encoder.0.W_i.weight".
Loading pretrained parameter "encoder.encoder.0.W_h.weight".
Loading pretrained parameter "encoder.encoder.0.W_o.weight".
Loading pretrained parameter "encoder.encoder.0.W_o.bias".
Loading pretrained parameter "ffn.1.weight".
Loading pretrained parameter "ffn.1.bias".
Loading pretrained parameter "ffn.2.weight".
Loading pretrained parameter "ffn.4.weight".
Loading pretrained parameter "ffn.4.bias".
Moving model to cuda
Model 0 test rmse = 0.445631
Ensemble test rmse = 0.445631
1-fold cross validation
	Seed 0 ==> test rmse = 0.445631
Overall test rmse = 0.445631 +/- 0.000000
Elapsed time = 0:14:14
